#
# There is insufficient memory for the Java Runtime Environment to continue.
# Native memory allocation (malloc) failed to allocate 32744 bytes for Chunk::new
# Possible reasons:
#   The system is out of physical RAM or swap space
#   The process is running with CompressedOops enabled, and the Java Heap may be blocking the growth of the native heap
# Possible solutions:
#   Reduce memory load on the system
#   Increase physical memory or swap space
#   Check if swap backing store is full
#   Decrease Java heap size (-Xmx/-Xms)
#   Decrease number of Java threads
#   Decrease Java thread stack sizes (-Xss)
#   Set larger code cache with -XX:ReservedCodeCacheSize=
#   JVM is running with Unscaled Compressed Oops mode in which the Java heap is
#     placed in the first 4GB address space. The Java Heap base address is the
#     maximum limit for the native heap growth. Please use -XX:HeapBaseMinAddress
#     to set the Java Heap base and to place the Java Heap above 4GB virtual address.
# This output file may be truncated or incomplete.
#
#  Out of Memory Error (arena.cpp:168), pid=4456, tid=12152
#
# JRE version: Java(TM) SE Runtime Environment (21.0.9+7) (build 21.0.9+7-LTS-338)
# Java VM: Java HotSpot(TM) 64-Bit Server VM (21.0.9+7-LTS-338, mixed mode, sharing, tiered, compressed oops, compressed class ptrs, g1 gc, windows-amd64)
# No core dump will be written. Minidumps are not enabled by default on client versions of Windows
#

---------------  S U M M A R Y ------------

Command Line: -javaagent:C:\Program Files\JetBrains\IntelliJ IDEA Community Edition 2025.2.4\lib\idea_rt.jar=51845 -Dfile.encoding=UTF-8 -Dsun.stdout.encoding=UTF-8 -Dsun.stderr.encoding=UTF-8 com.techroom.roommanagement.RoomManagementSystemApplication

Host: Intel(R) Core(TM) i7-10750H CPU @ 2.60GHz, 12 cores, 7G,  Windows 10 , 64 bit Build 19041 (10.0.19041.5915)
Time: Fri Dec 19 13:05:53 2025 SE Asia Standard Time elapsed time: 21.882819 seconds (0d 0h 0m 21s)

---------------  T H R E A D  ---------------

Current thread (0x00000200d62b62f0):  JavaThread "C2 CompilerThread1" daemon [_thread_in_native, id=12152, stack(0x000000d2f1300000,0x000000d2f1400000) (1024K)]


Current CompileTask:
C2:  21882 10149       4       sun.net.www.protocol.jar.Handler::parseURL (173 bytes)

Stack: [0x000000d2f1300000,0x000000d2f1400000]
Native frames: (J=compiled Java code, j=interpreted, Vv=VM code, C=native code)
V  [jvm.dll+0x6cbf89]
V  [jvm.dll+0x858421]
V  [jvm.dll+0x85a94e]
V  [jvm.dll+0x85b023]
V  [jvm.dll+0x27ebc6]
V  [jvm.dll+0xc4f4d]
V  [jvm.dll+0xc5483]
V  [jvm.dll+0x6a7bdd]
V  [jvm.dll+0x394033]
V  [jvm.dll+0x39c332]
V  [jvm.dll+0x6dda0e]
V  [jvm.dll+0x6de429]
V  [jvm.dll+0x6dd8de]
V  [jvm.dll+0x6dbafc]
V  [jvm.dll+0x1caafc]
V  [jvm.dll+0x1cb67c]
V  [jvm.dll+0x2f119f]
V  [jvm.dll+0x6e61e8]
V  [jvm.dll+0x6de415]
V  [jvm.dll+0x6dd8de]
V  [jvm.dll+0x6dbafc]
V  [jvm.dll+0x1caafc]
V  [jvm.dll+0x1cb67c]
V  [jvm.dll+0x2f119f]
V  [jvm.dll+0x6e61e8]
V  [jvm.dll+0x6de415]
V  [jvm.dll+0x6dd8de]
V  [jvm.dll+0x6dbafc]
V  [jvm.dll+0x1caafc]
V  [jvm.dll+0x1cb67c]
V  [jvm.dll+0x2f119f]
V  [jvm.dll+0x6e61e8]
V  [jvm.dll+0x6de415]
V  [jvm.dll+0x6dd8de]
V  [jvm.dll+0x6dbafc]
V  [jvm.dll+0x1caafc]
V  [jvm.dll+0x1cb67c]
V  [jvm.dll+0x2f119f]
V  [jvm.dll+0x6e61e8]
V  [jvm.dll+0x6de415]
V  [jvm.dll+0x6dd8de]
V  [jvm.dll+0x6dbafc]
V  [jvm.dll+0x1caafc]
V  [jvm.dll+0x24678e]
V  [jvm.dll+0x1c7a3e]
V  [jvm.dll+0x256329]
V  [jvm.dll+0x2548ba]
V  [jvm.dll+0x3efdee]
V  [jvm.dll+0x80265b]
V  [jvm.dll+0x6ca66d]
C  [ucrtbase.dll+0x21bb2]
C  [KERNEL32.DLL+0x17374]
C  [ntdll.dll+0x4cc91]


---------------  P R O C E S S  ---------------

Threads class SMR info:
_java_thread_list=0x00000200ff844b10, length=32, elements={
0x00000200fefa2540, 0x00000200fefa7620, 0x00000200fefab4b0, 0x00000200fefac190,
0x00000200fefaeb70, 0x00000200fefb00d0, 0x00000200fefc27e0, 0x00000200fefc4ea0,
0x00000200ff29be30, 0x00000200ff29cb50, 0x00000200ff29b7a0, 0x00000200d5240bf0,
0x00000200d5243350, 0x00000200d5244700, 0x00000200d5241280, 0x00000200d523fed0,
0x00000200d52439e0, 0x00000200d5244d90, 0x00000200d5246140, 0x00000200d5241910,
0x00000200d523f840, 0x00000200d5242630, 0x00000200d48fb130, 0x00000200d48f9060,
0x00000200d48ff960, 0x00000200d48faaa0, 0x00000200d48f89d0, 0x00000200d48f96f0,
0x00000200d48fd890, 0x00000200d48fe5b0, 0x00000200d48fec40, 0x00000200d62b62f0
}

Java Threads: ( => current thread )
  0x00000200fefa2540 JavaThread "Reference Handler"          daemon [_thread_blocked, id=13180, stack(0x000000d2f0a00000,0x000000d2f0b00000) (1024K)]
  0x00000200fefa7620 JavaThread "Finalizer"                  daemon [_thread_blocked, id=9416, stack(0x000000d2f0b00000,0x000000d2f0c00000) (1024K)]
  0x00000200fefab4b0 JavaThread "Signal Dispatcher"          daemon [_thread_blocked, id=3968, stack(0x000000d2f0c00000,0x000000d2f0d00000) (1024K)]
  0x00000200fefac190 JavaThread "Attach Listener"            daemon [_thread_blocked, id=10584, stack(0x000000d2f0d00000,0x000000d2f0e00000) (1024K)]
  0x00000200fefaeb70 JavaThread "Service Thread"             daemon [_thread_blocked, id=4208, stack(0x000000d2f0e00000,0x000000d2f0f00000) (1024K)]
  0x00000200fefb00d0 JavaThread "Monitor Deflation Thread"   daemon [_thread_blocked, id=5856, stack(0x000000d2f0f00000,0x000000d2f1000000) (1024K)]
  0x00000200fefc27e0 JavaThread "C2 CompilerThread0"         daemon [_thread_blocked, id=5760, stack(0x000000d2f1000000,0x000000d2f1100000) (1024K)]
  0x00000200fefc4ea0 JavaThread "C1 CompilerThread0"         daemon [_thread_blocked, id=12488, stack(0x000000d2f1100000,0x000000d2f1200000) (1024K)]
  0x00000200ff29be30 JavaThread "Common-Cleaner"             daemon [_thread_blocked, id=9200, stack(0x000000d2f1200000,0x000000d2f1300000) (1024K)]
  0x00000200ff29cb50 JavaThread "Monitor Ctrl-Break"         daemon [_thread_in_native, id=9952, stack(0x000000d2f1500000,0x000000d2f1600000) (1024K)]
  0x00000200ff29b7a0 JavaThread "Notification Thread"        daemon [_thread_blocked, id=10948, stack(0x000000d2f1600000,0x000000d2f1700000) (1024K)]
  0x00000200d5240bf0 JavaThread "mysql-cj-abandoned-connection-cleanup" daemon [_thread_blocked, id=9348, stack(0x000000d2f1e00000,0x000000d2f1f00000) (1024K)]
  0x00000200d5243350 JavaThread "HikariPool-1:housekeeper"   daemon [_thread_blocked, id=13704, stack(0x000000d2f2600000,0x000000d2f2700000) (1024K)]
  0x00000200d5244700 JavaThread "Catalina-utility-1"                [_thread_blocked, id=13316, stack(0x000000d2f2800000,0x000000d2f2900000) (1024K)]
  0x00000200d5241280 JavaThread "Catalina-utility-2"                [_thread_blocked, id=9064, stack(0x000000d2f2900000,0x000000d2f2a00000) (1024K)]
  0x00000200d523fed0 JavaThread "container-0"                       [_thread_blocked, id=4608, stack(0x000000d2f2a00000,0x000000d2f2b00000) (1024K)]
  0x00000200d52439e0 JavaThread "File Watcher"               daemon [_thread_blocked, id=8328, stack(0x000000d2f2b00000,0x000000d2f2c00000) (1024K)]
  0x00000200d5244d90 JavaThread "Live Reload Server"         daemon [_thread_in_native, id=7488, stack(0x000000d2f2d00000,0x000000d2f2e00000) (1024K)]
  0x00000200d5246140 JavaThread "http-nio-8081-exec-1"       daemon [_thread_blocked, id=13088, stack(0x000000d2f2c00000,0x000000d2f2d00000) (1024K)]
  0x00000200d5241910 JavaThread "http-nio-8081-exec-2"       daemon [_thread_blocked, id=12724, stack(0x000000d2f2e00000,0x000000d2f2f00000) (1024K)]
  0x00000200d523f840 JavaThread "http-nio-8081-exec-3"       daemon [_thread_blocked, id=6932, stack(0x000000d2f2f00000,0x000000d2f3000000) (1024K)]
  0x00000200d5242630 JavaThread "http-nio-8081-exec-4"       daemon [_thread_blocked, id=8268, stack(0x000000d2f3000000,0x000000d2f3100000) (1024K)]
  0x00000200d48fb130 JavaThread "http-nio-8081-exec-5"       daemon [_thread_blocked, id=1068, stack(0x000000d2f3100000,0x000000d2f3200000) (1024K)]
  0x00000200d48f9060 JavaThread "http-nio-8081-exec-6"       daemon [_thread_blocked, id=10936, stack(0x000000d2f3200000,0x000000d2f3300000) (1024K)]
  0x00000200d48ff960 JavaThread "http-nio-8081-exec-7"       daemon [_thread_blocked, id=3104, stack(0x000000d2f3300000,0x000000d2f3400000) (1024K)]
  0x00000200d48faaa0 JavaThread "http-nio-8081-exec-8"       daemon [_thread_blocked, id=6660, stack(0x000000d2f3400000,0x000000d2f3500000) (1024K)]
  0x00000200d48f89d0 JavaThread "http-nio-8081-exec-9"       daemon [_thread_blocked, id=6904, stack(0x000000d2f3500000,0x000000d2f3600000) (1024K)]
  0x00000200d48f96f0 JavaThread "http-nio-8081-exec-10"      daemon [_thread_blocked, id=2556, stack(0x000000d2f3600000,0x000000d2f3700000) (1024K)]
  0x00000200d48fd890 JavaThread "http-nio-8081-Poller"       daemon [_thread_in_native, id=14300, stack(0x000000d2f3700000,0x000000d2f3800000) (1024K)]
  0x00000200d48fe5b0 JavaThread "http-nio-8081-Acceptor"     daemon [_thread_in_native, id=3152, stack(0x000000d2f3800000,0x000000d2f3900000) (1024K)]
  0x00000200d48fec40 JavaThread "DestroyJavaVM"                     [_thread_blocked, id=9040, stack(0x000000d2f0200000,0x000000d2f0300000) (1024K)]
=>0x00000200d62b62f0 JavaThread "C2 CompilerThread1"         daemon [_thread_in_native, id=12152, stack(0x000000d2f1300000,0x000000d2f1400000) (1024K)]
Total: 32

Other Threads:
  0x00000200fef85da0 VMThread "VM Thread"                           [id=1324, stack(0x000000d2f0900000,0x000000d2f0a00000) (1024K)]
  0x00000200fef74860 WatcherThread "VM Periodic Task Thread"        [id=11372, stack(0x000000d2f0800000,0x000000d2f0900000) (1024K)]
  0x00000200f125d0c0 WorkerThread "GC Thread#0"                     [id=14092, stack(0x000000d2f0300000,0x000000d2f0400000) (1024K)]
  0x00000200ffcf4a40 WorkerThread "GC Thread#1"                     [id=8524, stack(0x000000d2f1900000,0x000000d2f1a00000) (1024K)]
  0x00000200d402be80 WorkerThread "GC Thread#2"                     [id=3224, stack(0x000000d2f1a00000,0x000000d2f1b00000) (1024K)]
  0x00000200d402c230 WorkerThread "GC Thread#3"                     [id=10516, stack(0x000000d2f1b00000,0x000000d2f1c00000) (1024K)]
  0x00000200ff864130 WorkerThread "GC Thread#4"                     [id=13640, stack(0x000000d2f1c00000,0x000000d2f1d00000) (1024K)]
  0x00000200ff8644e0 WorkerThread "GC Thread#5"                     [id=5936, stack(0x000000d2f1d00000,0x000000d2f1e00000) (1024K)]
  0x00000200d44ff060 WorkerThread "GC Thread#6"                     [id=8960, stack(0x000000d2f1f00000,0x000000d2f2000000) (1024K)]
  0x00000200d44ff7c0 WorkerThread "GC Thread#7"                     [id=14196, stack(0x000000d2f2000000,0x000000d2f2100000) (1024K)]
  0x00000200d44fe900 WorkerThread "GC Thread#8"                     [id=13908, stack(0x000000d2f2100000,0x000000d2f2200000) (1024K)]
  0x00000200d44fff20 WorkerThread "GC Thread#9"                     [id=5252, stack(0x000000d2f2200000,0x000000d2f2300000) (1024K)]
  0x00000200f126f410 ConcurrentGCThread "G1 Main Marker"            [id=2148, stack(0x000000d2f0400000,0x000000d2f0500000) (1024K)]
  0x00000200f126fe30 WorkerThread "G1 Conc#0"                       [id=12704, stack(0x000000d2f0500000,0x000000d2f0600000) (1024K)]
  0x00000200d44ff410 WorkerThread "G1 Conc#1"                       [id=3608, stack(0x000000d2f2400000,0x000000d2f2500000) (1024K)]
  0x00000200d44ffb70 WorkerThread "G1 Conc#2"                       [id=5976, stack(0x000000d2f2500000,0x000000d2f2600000) (1024K)]
  0x00000200f12ce580 ConcurrentGCThread "G1 Refine#0"               [id=6120, stack(0x000000d2f0600000,0x000000d2f0700000) (1024K)]
  0x00000200fee432e0 ConcurrentGCThread "G1 Service"                [id=10392, stack(0x000000d2f0700000,0x000000d2f0800000) (1024K)]
Total: 18

Threads with active compile tasks:
C2 CompilerThread1    21909 10149       4       sun.net.www.protocol.jar.Handler::parseURL (173 bytes)
Total: 1

VM state: not at safepoint (normal execution)

VM Mutex/Monitor currently owned by a thread: None

Heap address: 0x0000000082c00000, size: 2004 MB, Compressed Oops mode: 32-bit

CDS archive(s) mapped at: [0x000002008f000000-0x000002008fc90000-0x000002008fc90000), size 13172736, SharedBaseAddress: 0x000002008f000000, ArchiveRelocationMode: 1.
Compressed class space mapped at: 0x0000020090000000-0x00000200d0000000, reserved size: 1073741824
Narrow klass base: 0x000002008f000000, Narrow klass shift: 0, Narrow klass range: 0x100000000

GC Precious Log:
 CardTable entry size: 512
 Card Set container configuration: InlinePtr #cards 5 size 8 Array Of Cards #cards 12 size 40 Howl #buckets 4 coarsen threshold 1843 Howl Bitmap #cards 512 size 80 coarsen threshold 460 Card regions per heap region 1 cards per card region 2048
 CPUs: 12 total, 12 available
 Memory: 8013M
 Large Page Support: Disabled
 NUMA Support: Disabled
 Compressed Oops: Enabled (32-bit)
 Heap Region Size: 1M
 Heap Min Capacity: 8M
 Heap Initial Capacity: 126M
 Heap Max Capacity: 2004M
 Pre-touch: Disabled
 Parallel Workers: 10
 Concurrent Workers: 3
 Concurrent Refinement Workers: 10
 Periodic GC: Disabled

Heap:
 garbage-first heap   total 192512K, used 91451K [0x0000000082c00000, 0x0000000100000000)
  region size 1024K, 49 young (50176K), 12 survivors (12288K)
 Metaspace       used 86121K, committed 86976K, reserved 1179648K
  class space    used 11861K, committed 12224K, reserved 1048576K

Heap Regions: E=young(eden), S=young(survivor), O=old, HS=humongous(starts), HC=humongous(continues), CS=collection set, F=free, TAMS=top-at-mark-start, PB=parsable bottom
|   0|0x0000000082c00000, 0x0000000082d00000, 0x0000000082d00000|100%|HS|  |TAMS 0x0000000082c00000| PB 0x0000000082c00000| Complete 
|   1|0x0000000082d00000, 0x0000000082e00000, 0x0000000082e00000|100%|HS|  |TAMS 0x0000000082d00000| PB 0x0000000082d00000| Complete 
|   2|0x0000000082e00000, 0x0000000082f00000, 0x0000000082f00000|100%| O|  |TAMS 0x0000000082e00000| PB 0x0000000082e00000| Untracked 
|   3|0x0000000082f00000, 0x0000000083000000, 0x0000000083000000|100%| O|  |TAMS 0x0000000082f00000| PB 0x0000000082f00000| Untracked 
|   4|0x0000000083000000, 0x0000000083100000, 0x0000000083100000|100%| O|  |TAMS 0x0000000083000000| PB 0x0000000083000000| Untracked 
|   5|0x0000000083100000, 0x0000000083200000, 0x0000000083200000|100%| O|  |TAMS 0x0000000083100000| PB 0x0000000083100000| Untracked 
|   6|0x0000000083200000, 0x0000000083300000, 0x0000000083300000|100%| O|  |TAMS 0x0000000083200000| PB 0x0000000083200000| Untracked 
|   7|0x0000000083300000, 0x0000000083400000, 0x0000000083400000|100%| O|  |TAMS 0x0000000083300000| PB 0x0000000083300000| Untracked 
|   8|0x0000000083400000, 0x0000000083500000, 0x0000000083500000|100%| O|  |TAMS 0x0000000083400000| PB 0x0000000083400000| Untracked 
|   9|0x0000000083500000, 0x0000000083600000, 0x0000000083600000|100%| O|  |TAMS 0x0000000083500000| PB 0x0000000083500000| Untracked 
|  10|0x0000000083600000, 0x0000000083700000, 0x0000000083700000|100%| O|  |TAMS 0x0000000083600000| PB 0x0000000083600000| Untracked 
|  11|0x0000000083700000, 0x0000000083800000, 0x0000000083800000|100%| O|  |TAMS 0x0000000083700000| PB 0x0000000083700000| Untracked 
|  12|0x0000000083800000, 0x0000000083900000, 0x0000000083900000|100%| O|  |TAMS 0x0000000083800000| PB 0x0000000083800000| Untracked 
|  13|0x0000000083900000, 0x0000000083a00000, 0x0000000083a00000|100%| O|  |TAMS 0x0000000083900000| PB 0x0000000083900000| Untracked 
|  14|0x0000000083a00000, 0x0000000083b00000, 0x0000000083b00000|100%| O|  |TAMS 0x0000000083a00000| PB 0x0000000083a00000| Untracked 
|  15|0x0000000083b00000, 0x0000000083c00000, 0x0000000083c00000|100%| O|  |TAMS 0x0000000083b00000| PB 0x0000000083b00000| Untracked 
|  16|0x0000000083c00000, 0x0000000083d00000, 0x0000000083d00000|100%| O|  |TAMS 0x0000000083c00000| PB 0x0000000083c00000| Untracked 
|  17|0x0000000083d00000, 0x0000000083e00000, 0x0000000083e00000|100%| O|  |TAMS 0x0000000083d00000| PB 0x0000000083d00000| Untracked 
|  18|0x0000000083e00000, 0x0000000083f00000, 0x0000000083f00000|100%| O|  |TAMS 0x0000000083e00000| PB 0x0000000083e00000| Untracked 
|  19|0x0000000083f00000, 0x0000000084000000, 0x0000000084000000|100%| O|  |TAMS 0x0000000083f00000| PB 0x0000000083f00000| Untracked 
|  20|0x0000000084000000, 0x0000000084100000, 0x0000000084100000|100%| O|  |TAMS 0x0000000084000000| PB 0x0000000084000000| Untracked 
|  21|0x0000000084100000, 0x0000000084200000, 0x0000000084200000|100%| O|  |TAMS 0x0000000084100000| PB 0x0000000084100000| Untracked 
|  22|0x0000000084200000, 0x0000000084300000, 0x0000000084300000|100%| O|  |TAMS 0x0000000084200000| PB 0x0000000084200000| Untracked 
|  23|0x0000000084300000, 0x0000000084400000, 0x0000000084400000|100%| O|  |TAMS 0x0000000084300000| PB 0x0000000084300000| Untracked 
|  24|0x0000000084400000, 0x0000000084500000, 0x0000000084500000|100%| O|  |TAMS 0x0000000084400000| PB 0x0000000084400000| Untracked 
|  25|0x0000000084500000, 0x0000000084600000, 0x0000000084600000|100%| O|  |TAMS 0x0000000084500000| PB 0x0000000084500000| Untracked 
|  26|0x0000000084600000, 0x0000000084632700, 0x0000000084700000| 19%| O|  |TAMS 0x0000000084600000| PB 0x0000000084600000| Untracked 
|  27|0x0000000084700000, 0x0000000084800000, 0x0000000084800000|100%| O|  |TAMS 0x0000000084700000| PB 0x0000000084700000| Untracked 
|  28|0x0000000084800000, 0x0000000084900000, 0x0000000084900000|100%| O|  |TAMS 0x0000000084800000| PB 0x0000000084800000| Untracked 
|  29|0x0000000084900000, 0x0000000084a00000, 0x0000000084a00000|100%| O|  |TAMS 0x0000000084900000| PB 0x0000000084900000| Untracked 
|  30|0x0000000084a00000, 0x0000000084b00000, 0x0000000084b00000|100%| O|  |TAMS 0x0000000084a00000| PB 0x0000000084a00000| Untracked 
|  31|0x0000000084b00000, 0x0000000084c00000, 0x0000000084c00000|100%| O|  |TAMS 0x0000000084b00000| PB 0x0000000084b00000| Untracked 
|  32|0x0000000084c00000, 0x0000000084d00000, 0x0000000084d00000|100%| O|  |TAMS 0x0000000084c00000| PB 0x0000000084c00000| Untracked 
|  33|0x0000000084d00000, 0x0000000084d00000, 0x0000000084e00000|  0%| F|  |TAMS 0x0000000084d00000| PB 0x0000000084d00000| Untracked 
|  34|0x0000000084e00000, 0x0000000084e00000, 0x0000000084f00000|  0%| F|  |TAMS 0x0000000084e00000| PB 0x0000000084e00000| Untracked 
|  35|0x0000000084f00000, 0x0000000084f00000, 0x0000000085000000|  0%| F|  |TAMS 0x0000000084f00000| PB 0x0000000084f00000| Untracked 
|  36|0x0000000085000000, 0x0000000085000000, 0x0000000085100000|  0%| F|  |TAMS 0x0000000085000000| PB 0x0000000085000000| Untracked 
|  37|0x0000000085100000, 0x0000000085200000, 0x0000000085200000|100%| O|  |TAMS 0x0000000085100000| PB 0x0000000085100000| Untracked 
|  38|0x0000000085200000, 0x0000000085200000, 0x0000000085300000|  0%| F|  |TAMS 0x0000000085200000| PB 0x0000000085200000| Untracked 
|  39|0x0000000085300000, 0x0000000085300000, 0x0000000085400000|  0%| F|  |TAMS 0x0000000085300000| PB 0x0000000085300000| Untracked 
|  40|0x0000000085400000, 0x0000000085500000, 0x0000000085500000|100%| O|  |TAMS 0x0000000085400000| PB 0x0000000085400000| Untracked 
|  41|0x0000000085500000, 0x0000000085600000, 0x0000000085600000|100%| O|  |TAMS 0x0000000085500000| PB 0x0000000085500000| Untracked 
|  42|0x0000000085600000, 0x0000000085600000, 0x0000000085700000|  0%| F|  |TAMS 0x0000000085600000| PB 0x0000000085600000| Untracked 
|  43|0x0000000085700000, 0x0000000085700000, 0x0000000085800000|  0%| F|  |TAMS 0x0000000085700000| PB 0x0000000085700000| Untracked 
|  44|0x0000000085800000, 0x0000000085800000, 0x0000000085900000|  0%| F|  |TAMS 0x0000000085800000| PB 0x0000000085800000| Untracked 
|  45|0x0000000085900000, 0x0000000085900000, 0x0000000085a00000|  0%| F|  |TAMS 0x0000000085900000| PB 0x0000000085900000| Untracked 
|  46|0x0000000085a00000, 0x0000000085a00000, 0x0000000085b00000|  0%| F|  |TAMS 0x0000000085a00000| PB 0x0000000085a00000| Untracked 
|  47|0x0000000085b00000, 0x0000000085b00000, 0x0000000085c00000|  0%| F|  |TAMS 0x0000000085b00000| PB 0x0000000085b00000| Untracked 
|  48|0x0000000085c00000, 0x0000000085c00000, 0x0000000085d00000|  0%| F|  |TAMS 0x0000000085c00000| PB 0x0000000085c00000| Untracked 
|  49|0x0000000085d00000, 0x0000000085e00000, 0x0000000085e00000|100%| O|  |TAMS 0x0000000085d00000| PB 0x0000000085d00000| Untracked 
|  50|0x0000000085e00000, 0x0000000085f00000, 0x0000000085f00000|100%| O|  |TAMS 0x0000000085e00000| PB 0x0000000085e00000| Untracked 
|  51|0x0000000085f00000, 0x0000000085f00000, 0x0000000086000000|  0%| F|  |TAMS 0x0000000085f00000| PB 0x0000000085f00000| Untracked 
|  52|0x0000000086000000, 0x0000000086000000, 0x0000000086100000|  0%| F|  |TAMS 0x0000000086000000| PB 0x0000000086000000| Untracked 
|  53|0x0000000086100000, 0x0000000086100000, 0x0000000086200000|  0%| F|  |TAMS 0x0000000086100000| PB 0x0000000086100000| Untracked 
|  54|0x0000000086200000, 0x0000000086200000, 0x0000000086300000|  0%| F|  |TAMS 0x0000000086200000| PB 0x0000000086200000| Untracked 
|  55|0x0000000086300000, 0x0000000086300000, 0x0000000086400000|  0%| F|  |TAMS 0x0000000086300000| PB 0x0000000086300000| Untracked 
|  56|0x0000000086400000, 0x0000000086400000, 0x0000000086500000|  0%| F|  |TAMS 0x0000000086400000| PB 0x0000000086400000| Untracked 
|  57|0x0000000086500000, 0x0000000086600000, 0x0000000086600000|100%| O|  |TAMS 0x0000000086500000| PB 0x0000000086500000| Untracked 
|  58|0x0000000086600000, 0x0000000086600000, 0x0000000086700000|  0%| F|  |TAMS 0x0000000086600000| PB 0x0000000086600000| Untracked 
|  59|0x0000000086700000, 0x000000008671c628, 0x0000000086800000| 11%| S|CS|TAMS 0x0000000086700000| PB 0x0000000086700000| Complete 
|  60|0x0000000086800000, 0x0000000086900000, 0x0000000086900000|100%| S|CS|TAMS 0x0000000086800000| PB 0x0000000086800000| Complete 
|  61|0x0000000086900000, 0x0000000086a00000, 0x0000000086a00000|100%| S|CS|TAMS 0x0000000086900000| PB 0x0000000086900000| Complete 
|  62|0x0000000086a00000, 0x0000000086b00000, 0x0000000086b00000|100%| S|CS|TAMS 0x0000000086a00000| PB 0x0000000086a00000| Complete 
|  63|0x0000000086b00000, 0x0000000086c00000, 0x0000000086c00000|100%| S|CS|TAMS 0x0000000086b00000| PB 0x0000000086b00000| Complete 
|  64|0x0000000086c00000, 0x0000000086d00000, 0x0000000086d00000|100%| S|CS|TAMS 0x0000000086c00000| PB 0x0000000086c00000| Complete 
|  65|0x0000000086d00000, 0x0000000086e00000, 0x0000000086e00000|100%| S|CS|TAMS 0x0000000086d00000| PB 0x0000000086d00000| Complete 
|  66|0x0000000086e00000, 0x0000000086f00000, 0x0000000086f00000|100%| S|CS|TAMS 0x0000000086e00000| PB 0x0000000086e00000| Complete 
|  67|0x0000000086f00000, 0x0000000087000000, 0x0000000087000000|100%| S|CS|TAMS 0x0000000086f00000| PB 0x0000000086f00000| Complete 
|  68|0x0000000087000000, 0x0000000087100000, 0x0000000087100000|100%| S|CS|TAMS 0x0000000087000000| PB 0x0000000087000000| Complete 
|  69|0x0000000087100000, 0x0000000087200000, 0x0000000087200000|100%| S|CS|TAMS 0x0000000087100000| PB 0x0000000087100000| Complete 
|  70|0x0000000087200000, 0x0000000087300000, 0x0000000087300000|100%| S|CS|TAMS 0x0000000087200000| PB 0x0000000087200000| Complete 
|  71|0x0000000087300000, 0x0000000087300000, 0x0000000087400000|  0%| F|  |TAMS 0x0000000087300000| PB 0x0000000087300000| Untracked 
|  72|0x0000000087400000, 0x0000000087400000, 0x0000000087500000|  0%| F|  |TAMS 0x0000000087400000| PB 0x0000000087400000| Untracked 
|  73|0x0000000087500000, 0x0000000087500000, 0x0000000087600000|  0%| F|  |TAMS 0x0000000087500000| PB 0x0000000087500000| Untracked 
|  74|0x0000000087600000, 0x0000000087600000, 0x0000000087700000|  0%| F|  |TAMS 0x0000000087600000| PB 0x0000000087600000| Untracked 
|  75|0x0000000087700000, 0x0000000087700000, 0x0000000087800000|  0%| F|  |TAMS 0x0000000087700000| PB 0x0000000087700000| Untracked 
|  76|0x0000000087800000, 0x0000000087800000, 0x0000000087900000|  0%| F|  |TAMS 0x0000000087800000| PB 0x0000000087800000| Untracked 
|  77|0x0000000087900000, 0x0000000087900000, 0x0000000087a00000|  0%| F|  |TAMS 0x0000000087900000| PB 0x0000000087900000| Untracked 
|  78|0x0000000087a00000, 0x0000000087a00000, 0x0000000087b00000|  0%| F|  |TAMS 0x0000000087a00000| PB 0x0000000087a00000| Untracked 
|  79|0x0000000087b00000, 0x0000000087b00000, 0x0000000087c00000|  0%| F|  |TAMS 0x0000000087b00000| PB 0x0000000087b00000| Untracked 
|  80|0x0000000087c00000, 0x0000000087c00000, 0x0000000087d00000|  0%| F|  |TAMS 0x0000000087c00000| PB 0x0000000087c00000| Untracked 
|  81|0x0000000087d00000, 0x0000000087d00000, 0x0000000087e00000|  0%| F|  |TAMS 0x0000000087d00000| PB 0x0000000087d00000| Untracked 
|  82|0x0000000087e00000, 0x0000000087e00000, 0x0000000087f00000|  0%| F|  |TAMS 0x0000000087e00000| PB 0x0000000087e00000| Untracked 
|  83|0x0000000087f00000, 0x0000000087f00000, 0x0000000088000000|  0%| F|  |TAMS 0x0000000087f00000| PB 0x0000000087f00000| Untracked 
|  84|0x0000000088000000, 0x0000000088000000, 0x0000000088100000|  0%| F|  |TAMS 0x0000000088000000| PB 0x0000000088000000| Untracked 
|  85|0x0000000088100000, 0x0000000088100000, 0x0000000088200000|  0%| F|  |TAMS 0x0000000088100000| PB 0x0000000088100000| Untracked 
|  86|0x0000000088200000, 0x0000000088200000, 0x0000000088300000|  0%| F|  |TAMS 0x0000000088200000| PB 0x0000000088200000| Untracked 
|  87|0x0000000088300000, 0x0000000088300000, 0x0000000088400000|  0%| F|  |TAMS 0x0000000088300000| PB 0x0000000088300000| Untracked 
|  88|0x0000000088400000, 0x0000000088400000, 0x0000000088500000|  0%| F|  |TAMS 0x0000000088400000| PB 0x0000000088400000| Untracked 
|  89|0x0000000088500000, 0x0000000088500000, 0x0000000088600000|  0%| F|  |TAMS 0x0000000088500000| PB 0x0000000088500000| Untracked 
|  90|0x0000000088600000, 0x0000000088600000, 0x0000000088700000|  0%| F|  |TAMS 0x0000000088600000| PB 0x0000000088600000| Untracked 
|  91|0x0000000088700000, 0x0000000088700000, 0x0000000088800000|  0%| F|  |TAMS 0x0000000088700000| PB 0x0000000088700000| Untracked 
|  92|0x0000000088800000, 0x0000000088800000, 0x0000000088900000|  0%| F|  |TAMS 0x0000000088800000| PB 0x0000000088800000| Untracked 
|  93|0x0000000088900000, 0x0000000088900000, 0x0000000088a00000|  0%| F|  |TAMS 0x0000000088900000| PB 0x0000000088900000| Untracked 
|  94|0x0000000088a00000, 0x0000000088a00000, 0x0000000088b00000|  0%| F|  |TAMS 0x0000000088a00000| PB 0x0000000088a00000| Untracked 
|  95|0x0000000088b00000, 0x0000000088b00000, 0x0000000088c00000|  0%| F|  |TAMS 0x0000000088b00000| PB 0x0000000088b00000| Untracked 
|  96|0x0000000088c00000, 0x0000000088c00000, 0x0000000088d00000|  0%| F|  |TAMS 0x0000000088c00000| PB 0x0000000088c00000| Untracked 
|  97|0x0000000088d00000, 0x0000000088d00000, 0x0000000088e00000|  0%| F|  |TAMS 0x0000000088d00000| PB 0x0000000088d00000| Untracked 
|  98|0x0000000088e00000, 0x0000000088e00000, 0x0000000088f00000|  0%| F|  |TAMS 0x0000000088e00000| PB 0x0000000088e00000| Untracked 
|  99|0x0000000088f00000, 0x0000000088f00000, 0x0000000089000000|  0%| F|  |TAMS 0x0000000088f00000| PB 0x0000000088f00000| Untracked 
| 100|0x0000000089000000, 0x0000000089000000, 0x0000000089100000|  0%| F|  |TAMS 0x0000000089000000| PB 0x0000000089000000| Untracked 
| 101|0x0000000089100000, 0x0000000089100000, 0x0000000089200000|  0%| F|  |TAMS 0x0000000089100000| PB 0x0000000089100000| Untracked 
| 102|0x0000000089200000, 0x0000000089200000, 0x0000000089300000|  0%| F|  |TAMS 0x0000000089200000| PB 0x0000000089200000| Untracked 
| 103|0x0000000089300000, 0x0000000089300000, 0x0000000089400000|  0%| F|  |TAMS 0x0000000089300000| PB 0x0000000089300000| Untracked 
| 104|0x0000000089400000, 0x0000000089400000, 0x0000000089500000|  0%| F|  |TAMS 0x0000000089400000| PB 0x0000000089400000| Untracked 
| 105|0x0000000089500000, 0x0000000089500000, 0x0000000089600000|  0%| F|  |TAMS 0x0000000089500000| PB 0x0000000089500000| Untracked 
| 106|0x0000000089600000, 0x0000000089600000, 0x0000000089700000|  0%| F|  |TAMS 0x0000000089600000| PB 0x0000000089600000| Untracked 
| 107|0x0000000089700000, 0x0000000089700000, 0x0000000089800000|  0%| F|  |TAMS 0x0000000089700000| PB 0x0000000089700000| Untracked 
| 108|0x0000000089800000, 0x0000000089800000, 0x0000000089900000|  0%| F|  |TAMS 0x0000000089800000| PB 0x0000000089800000| Untracked 
| 109|0x0000000089900000, 0x0000000089900000, 0x0000000089a00000|  0%| F|  |TAMS 0x0000000089900000| PB 0x0000000089900000| Untracked 
| 110|0x0000000089a00000, 0x0000000089a00000, 0x0000000089b00000|  0%| F|  |TAMS 0x0000000089a00000| PB 0x0000000089a00000| Untracked 
| 111|0x0000000089b00000, 0x0000000089b00000, 0x0000000089c00000|  0%| F|  |TAMS 0x0000000089b00000| PB 0x0000000089b00000| Untracked 
| 112|0x0000000089c00000, 0x0000000089c00000, 0x0000000089d00000|  0%| F|  |TAMS 0x0000000089c00000| PB 0x0000000089c00000| Untracked 
| 113|0x0000000089d00000, 0x0000000089d00000, 0x0000000089e00000|  0%| F|  |TAMS 0x0000000089d00000| PB 0x0000000089d00000| Untracked 
| 114|0x0000000089e00000, 0x0000000089e00000, 0x0000000089f00000|  0%| F|  |TAMS 0x0000000089e00000| PB 0x0000000089e00000| Untracked 
| 115|0x0000000089f00000, 0x0000000089f00000, 0x000000008a000000|  0%| F|  |TAMS 0x0000000089f00000| PB 0x0000000089f00000| Untracked 
| 116|0x000000008a000000, 0x000000008a000000, 0x000000008a100000|  0%| F|  |TAMS 0x000000008a000000| PB 0x000000008a000000| Untracked 
| 117|0x000000008a100000, 0x000000008a100000, 0x000000008a200000|  0%| F|  |TAMS 0x000000008a100000| PB 0x000000008a100000| Untracked 
| 118|0x000000008a200000, 0x000000008a200000, 0x000000008a300000|  0%| F|  |TAMS 0x000000008a200000| PB 0x000000008a200000| Untracked 
| 119|0x000000008a300000, 0x000000008a300000, 0x000000008a400000|  0%| F|  |TAMS 0x000000008a300000| PB 0x000000008a300000| Untracked 
| 120|0x000000008a400000, 0x000000008a400000, 0x000000008a500000|  0%| F|  |TAMS 0x000000008a400000| PB 0x000000008a400000| Untracked 
| 121|0x000000008a500000, 0x000000008a500000, 0x000000008a600000|  0%| F|  |TAMS 0x000000008a500000| PB 0x000000008a500000| Untracked 
| 122|0x000000008a600000, 0x000000008a600000, 0x000000008a700000|  0%| F|  |TAMS 0x000000008a600000| PB 0x000000008a600000| Untracked 
| 123|0x000000008a700000, 0x000000008a700000, 0x000000008a800000|  0%| F|  |TAMS 0x000000008a700000| PB 0x000000008a700000| Untracked 
| 124|0x000000008a800000, 0x000000008a800000, 0x000000008a900000|  0%| F|  |TAMS 0x000000008a800000| PB 0x000000008a800000| Untracked 
| 125|0x000000008a900000, 0x000000008a900000, 0x000000008aa00000|  0%| F|  |TAMS 0x000000008a900000| PB 0x000000008a900000| Untracked 
| 126|0x000000008aa00000, 0x000000008aa00000, 0x000000008ab00000|  0%| F|  |TAMS 0x000000008aa00000| PB 0x000000008aa00000| Untracked 
| 127|0x000000008ab00000, 0x000000008ab00000, 0x000000008ac00000|  0%| F|  |TAMS 0x000000008ab00000| PB 0x000000008ab00000| Untracked 
| 128|0x000000008ac00000, 0x000000008ac00000, 0x000000008ad00000|  0%| F|  |TAMS 0x000000008ac00000| PB 0x000000008ac00000| Untracked 
| 129|0x000000008ad00000, 0x000000008ad00000, 0x000000008ae00000|  0%| F|  |TAMS 0x000000008ad00000| PB 0x000000008ad00000| Untracked 
| 130|0x000000008ae00000, 0x000000008ae00000, 0x000000008af00000|  0%| F|  |TAMS 0x000000008ae00000| PB 0x000000008ae00000| Untracked 
| 131|0x000000008af00000, 0x000000008af00000, 0x000000008b000000|  0%| F|  |TAMS 0x000000008af00000| PB 0x000000008af00000| Untracked 
| 132|0x000000008b000000, 0x000000008b000000, 0x000000008b100000|  0%| F|  |TAMS 0x000000008b000000| PB 0x000000008b000000| Untracked 
| 133|0x000000008b100000, 0x000000008b100000, 0x000000008b200000|  0%| F|  |TAMS 0x000000008b100000| PB 0x000000008b100000| Untracked 
| 134|0x000000008b200000, 0x000000008b200000, 0x000000008b300000|  0%| F|  |TAMS 0x000000008b200000| PB 0x000000008b200000| Untracked 
| 135|0x000000008b300000, 0x000000008b300000, 0x000000008b400000|  0%| F|  |TAMS 0x000000008b300000| PB 0x000000008b300000| Untracked 
| 136|0x000000008b400000, 0x000000008b400000, 0x000000008b500000|  0%| F|  |TAMS 0x000000008b400000| PB 0x000000008b400000| Untracked 
| 137|0x000000008b500000, 0x000000008b500000, 0x000000008b600000|  0%| F|  |TAMS 0x000000008b500000| PB 0x000000008b500000| Untracked 
| 138|0x000000008b600000, 0x000000008b600000, 0x000000008b700000|  0%| F|  |TAMS 0x000000008b600000| PB 0x000000008b600000| Untracked 
| 139|0x000000008b700000, 0x000000008b700000, 0x000000008b800000|  0%| F|  |TAMS 0x000000008b700000| PB 0x000000008b700000| Untracked 
| 140|0x000000008b800000, 0x000000008b800000, 0x000000008b900000|  0%| F|  |TAMS 0x000000008b800000| PB 0x000000008b800000| Untracked 
| 141|0x000000008b900000, 0x000000008b900000, 0x000000008ba00000|  0%| F|  |TAMS 0x000000008b900000| PB 0x000000008b900000| Untracked 
| 142|0x000000008ba00000, 0x000000008ba00000, 0x000000008bb00000|  0%| F|  |TAMS 0x000000008ba00000| PB 0x000000008ba00000| Untracked 
| 143|0x000000008bb00000, 0x000000008bb00000, 0x000000008bc00000|  0%| F|  |TAMS 0x000000008bb00000| PB 0x000000008bb00000| Untracked 
| 144|0x000000008bc00000, 0x000000008bc00000, 0x000000008bd00000|  0%| F|  |TAMS 0x000000008bc00000| PB 0x000000008bc00000| Untracked 
| 145|0x000000008bd00000, 0x000000008bd00000, 0x000000008be00000|  0%| F|  |TAMS 0x000000008bd00000| PB 0x000000008bd00000| Untracked 
| 146|0x000000008be00000, 0x000000008be7d968, 0x000000008bf00000| 49%| E|  |TAMS 0x000000008be00000| PB 0x000000008be00000| Complete 
| 147|0x000000008bf00000, 0x000000008c000000, 0x000000008c000000|100%| E|CS|TAMS 0x000000008bf00000| PB 0x000000008bf00000| Complete 
| 148|0x000000008c000000, 0x000000008c100000, 0x000000008c100000|100%| E|CS|TAMS 0x000000008c000000| PB 0x000000008c000000| Complete 
| 149|0x000000008c100000, 0x000000008c200000, 0x000000008c200000|100%| E|CS|TAMS 0x000000008c100000| PB 0x000000008c100000| Complete 
| 150|0x000000008c200000, 0x000000008c300000, 0x000000008c300000|100%| E|CS|TAMS 0x000000008c200000| PB 0x000000008c200000| Complete 
| 151|0x000000008c300000, 0x000000008c400000, 0x000000008c400000|100%| E|CS|TAMS 0x000000008c300000| PB 0x000000008c300000| Complete 
| 152|0x000000008c400000, 0x000000008c500000, 0x000000008c500000|100%| E|CS|TAMS 0x000000008c400000| PB 0x000000008c400000| Complete 
| 153|0x000000008c500000, 0x000000008c600000, 0x000000008c600000|100%| E|CS|TAMS 0x000000008c500000| PB 0x000000008c500000| Complete 
| 154|0x000000008c600000, 0x000000008c700000, 0x000000008c700000|100%| E|CS|TAMS 0x000000008c600000| PB 0x000000008c600000| Complete 
| 155|0x000000008c700000, 0x000000008c800000, 0x000000008c800000|100%| E|CS|TAMS 0x000000008c700000| PB 0x000000008c700000| Complete 
| 156|0x000000008c800000, 0x000000008c900000, 0x000000008c900000|100%| E|CS|TAMS 0x000000008c800000| PB 0x000000008c800000| Complete 
| 157|0x000000008c900000, 0x000000008ca00000, 0x000000008ca00000|100%| E|CS|TAMS 0x000000008c900000| PB 0x000000008c900000| Complete 
| 158|0x000000008ca00000, 0x000000008cb00000, 0x000000008cb00000|100%| E|CS|TAMS 0x000000008ca00000| PB 0x000000008ca00000| Complete 
| 159|0x000000008cb00000, 0x000000008cc00000, 0x000000008cc00000|100%| E|CS|TAMS 0x000000008cb00000| PB 0x000000008cb00000| Complete 
| 160|0x000000008cc00000, 0x000000008cd00000, 0x000000008cd00000|100%| E|CS|TAMS 0x000000008cc00000| PB 0x000000008cc00000| Complete 
| 161|0x000000008cd00000, 0x000000008ce00000, 0x000000008ce00000|100%| E|CS|TAMS 0x000000008cd00000| PB 0x000000008cd00000| Complete 
| 162|0x000000008ce00000, 0x000000008cf00000, 0x000000008cf00000|100%| E|CS|TAMS 0x000000008ce00000| PB 0x000000008ce00000| Complete 
| 163|0x000000008cf00000, 0x000000008d000000, 0x000000008d000000|100%| E|CS|TAMS 0x000000008cf00000| PB 0x000000008cf00000| Complete 
| 164|0x000000008d000000, 0x000000008d100000, 0x000000008d100000|100%| E|  |TAMS 0x000000008d000000| PB 0x000000008d000000| Complete 
| 165|0x000000008d100000, 0x000000008d200000, 0x000000008d200000|100%| E|CS|TAMS 0x000000008d100000| PB 0x000000008d100000| Complete 
| 166|0x000000008d200000, 0x000000008d300000, 0x000000008d300000|100%| E|CS|TAMS 0x000000008d200000| PB 0x000000008d200000| Complete 
| 167|0x000000008d300000, 0x000000008d400000, 0x000000008d400000|100%| E|CS|TAMS 0x000000008d300000| PB 0x000000008d300000| Complete 
| 168|0x000000008d400000, 0x000000008d500000, 0x000000008d500000|100%| E|CS|TAMS 0x000000008d400000| PB 0x000000008d400000| Complete 
| 169|0x000000008d500000, 0x000000008d600000, 0x000000008d600000|100%| E|CS|TAMS 0x000000008d500000| PB 0x000000008d500000| Complete 
| 170|0x000000008d600000, 0x000000008d700000, 0x000000008d700000|100%| E|CS|TAMS 0x000000008d600000| PB 0x000000008d600000| Complete 
| 171|0x000000008d700000, 0x000000008d800000, 0x000000008d800000|100%| E|CS|TAMS 0x000000008d700000| PB 0x000000008d700000| Complete 
| 172|0x000000008d800000, 0x000000008d900000, 0x000000008d900000|100%| E|CS|TAMS 0x000000008d800000| PB 0x000000008d800000| Complete 
| 173|0x000000008d900000, 0x000000008da00000, 0x000000008da00000|100%| E|CS|TAMS 0x000000008d900000| PB 0x000000008d900000| Complete 
| 174|0x000000008da00000, 0x000000008db00000, 0x000000008db00000|100%| E|CS|TAMS 0x000000008da00000| PB 0x000000008da00000| Complete 
| 175|0x000000008db00000, 0x000000008dc00000, 0x000000008dc00000|100%| E|CS|TAMS 0x000000008db00000| PB 0x000000008db00000| Complete 
| 176|0x000000008dc00000, 0x000000008dd00000, 0x000000008dd00000|100%| E|CS|TAMS 0x000000008dc00000| PB 0x000000008dc00000| Complete 
| 177|0x000000008dd00000, 0x000000008de00000, 0x000000008de00000|100%| E|CS|TAMS 0x000000008dd00000| PB 0x000000008dd00000| Complete 
| 178|0x000000008de00000, 0x000000008df00000, 0x000000008df00000|100%| E|CS|TAMS 0x000000008de00000| PB 0x000000008de00000| Complete 
| 179|0x000000008df00000, 0x000000008e000000, 0x000000008e000000|100%| E|CS|TAMS 0x000000008df00000| PB 0x000000008df00000| Complete 
|1996|0x00000000ff800000, 0x00000000ff900000, 0x00000000ff900000|100%| O|  |TAMS 0x00000000ff800000| PB 0x00000000ff800000| Untracked 
|1997|0x00000000ff900000, 0x00000000ffa00000, 0x00000000ffa00000|100%| O|  |TAMS 0x00000000ff900000| PB 0x00000000ff900000| Untracked 
|1998|0x00000000ffa00000, 0x00000000ffb00000, 0x00000000ffb00000|100%| E|CS|TAMS 0x00000000ffa00000| PB 0x00000000ffa00000| Complete 
|1999|0x00000000ffb00000, 0x00000000ffc00000, 0x00000000ffc00000|100%| E|CS|TAMS 0x00000000ffb00000| PB 0x00000000ffb00000| Complete 
|2000|0x00000000ffc00000, 0x00000000ffd00000, 0x00000000ffd00000|100%| E|CS|TAMS 0x00000000ffc00000| PB 0x00000000ffc00000| Complete 
|2001|0x00000000ffd00000, 0x00000000ffe00000, 0x00000000ffe00000|100%| O|  |TAMS 0x00000000ffd00000| PB 0x00000000ffd00000| Untracked 
|2002|0x00000000ffe00000, 0x00000000fff00000, 0x00000000fff00000|100%| O|  |TAMS 0x00000000ffe00000| PB 0x00000000ffe00000| Untracked 
|2003|0x00000000fff00000, 0x0000000100000000, 0x0000000100000000|100%| O|  |TAMS 0x00000000fff00000| PB 0x00000000fff00000| Untracked 

Card table byte_map: [0x00000200fa000000,0x00000200fa3f0000] _byte_map_base: 0x00000200f9bea000

Marking Bits: (CMBitMap*) 0x00000200f125ef00
 Bits: [0x00000200fa3f0000, 0x00000200fc340000)

Polling page: 0x00000200eefb0000

Metaspace:

Usage:
  Non-class:     72.52 MB used.
      Class:     11.58 MB used.
       Both:     84.10 MB used.

Virtual space:
  Non-class space:      128.00 MB reserved,      73.00 MB ( 57%) committed,  2 nodes.
      Class space:        1.00 GB reserved,      11.94 MB (  1%) committed,  1 nodes.
             Both:        1.12 GB reserved,      84.94 MB (  7%) committed. 

Chunk freelists:
   Non-Class:  6.97 MB
       Class:  3.94 MB
        Both:  10.92 MB

MaxMetaspaceSize: unlimited
CompressedClassSpaceSize: 1.00 GB
Initial GC threshold: 21.00 MB
Current GC threshold: 118.38 MB
CDS: on
 - commit_granule_bytes: 65536.
 - commit_granule_words: 8192.
 - virtual_space_node_default_size: 8388608.
 - enlarge_chunks_in_place: 1.
 - use_allocation_guard: 0.


Internal statistics:

num_allocs_failed_limit: 9.
num_arena_births: 1212.
num_arena_deaths: 0.
num_vsnodes_births: 3.
num_vsnodes_deaths: 0.
num_space_committed: 1359.
num_space_uncommitted: 0.
num_chunks_returned_to_freelist: 9.
num_chunks_taken_from_freelist: 4515.
num_chunk_merges: 9.
num_chunk_splits: 3220.
num_chunks_enlarged: 2426.
num_inconsistent_stats: 0.

CodeHeap 'non-profiled nmethods': size=120000Kb used=6497Kb max_used=6497Kb free=113502Kb
 bounds [0x0000020087ad0000, 0x0000020088130000, 0x000002008f000000]
CodeHeap 'profiled nmethods': size=120000Kb used=16648Kb max_used=16648Kb free=103351Kb
 bounds [0x0000020080000000, 0x0000020081050000, 0x0000020087530000]
CodeHeap 'non-nmethods': size=5760Kb used=1726Kb max_used=1802Kb free=4033Kb
 bounds [0x0000020087530000, 0x00000200877a0000, 0x0000020087ad0000]
 total_blobs=9583 nmethods=8834 adapters=652
 compilation: enabled
              stopped_count=0, restarted_count=0
 full_count=0

Compilation events (20 events):
Event: 21.862 Thread 0x00000200fefc4ea0 10132       1       com.fasterxml.jackson.databind.JavaType::isArrayType (2 bytes)
Event: 21.862 Thread 0x00000200fefc4ea0 nmethod 10132 0x0000020088120310 code [0x00000200881204a0, 0x0000020088120568]
Event: 21.862 Thread 0x00000200fefc4ea0 10135       1       com.fasterxml.jackson.databind.AnnotationIntrospector::findSerializer (2 bytes)
Event: 21.862 Thread 0x00000200fefc4ea0 nmethod 10135 0x0000020088120610 code [0x00000200881207a0, 0x0000020088120870]
Event: 21.862 Thread 0x00000200fefc4ea0 10141       1       org.hibernate.query.spi.AbstractCommonQueryContract::getSession (5 bytes)
Event: 21.862 Thread 0x00000200fefc4ea0 nmethod 10141 0x0000020088120910 code [0x0000020088120aa0, 0x0000020088120b68]
Event: 21.862 Thread 0x00000200fefc4ea0 10147       1       org.springframework.security.web.header.Header::getName (5 bytes)
Event: 21.862 Thread 0x00000200fefc4ea0 nmethod 10147 0x0000020088120c10 code [0x0000020088120da0, 0x0000020088120e68]
Event: 21.873 Thread 0x00000200d62b62f0 nmethod 9999 0x0000020088120f10 code [0x00000200881210e0, 0x0000020088121770]
Event: 21.873 Thread 0x00000200d62b62f0 9934       4       java.lang.invoke.LambdaForm::internArgument (85 bytes)
Event: 21.875 Thread 0x00000200fefc4ea0 10148       3       com.mysql.cj.NativeQueryBindValue::<init> (100 bytes)
Event: 21.875 Thread 0x00000200fefc4ea0 nmethod 10148 0x000002008103c910 code [0x000002008103cb20, 0x000002008103d4d0]
Event: 21.875 Thread 0x00000200d62b62f0 nmethod 9934 0x0000020088121b10 code [0x0000020088121cc0, 0x0000020088121e78]
Event: 21.875 Thread 0x00000200d62b62f0 10123       4       com.fasterxml.jackson.databind.util.internal.PrivateMaxEntriesMap::readBufferIndex (7 bytes)
Event: 21.876 Thread 0x00000200d62b62f0 nmethod 10123 0x0000020088122010 code [0x0000020088122180, 0x00000200881221f0]
Event: 21.876 Thread 0x00000200d62b62f0 10086       4       java.lang.System::lineSeparator (4 bytes)
Event: 21.876 Thread 0x00000200d62b62f0 nmethod 10086 0x0000020088122310 code [0x00000200881224a0, 0x0000020088122520]
Event: 21.877 Thread 0x00000200d62b62f0 10149       4       sun.net.www.protocol.jar.Handler::parseURL (173 bytes)
Event: 21.881 Thread 0x00000200fefc27e0 nmethod 9929 0x0000020088122610 code [0x0000020088122aa0, 0x0000020088125c38]
Event: 21.881 Thread 0x00000200fefc27e0 10150       4       sun.net.www.protocol.jar.Handler::indexOfBangSlash (52 bytes)

GC Heap History (20 events):
Event: 4.474 GC heap before
{Heap before GC invocations=13 (full 0):
 garbage-first heap   total 66560K, used 59347K [0x0000000082c00000, 0x0000000100000000)
  region size 1024K, 31 young (31744K), 2 survivors (2048K)
 Metaspace       used 66153K, committed 66816K, reserved 1114112K
  class space    used 8846K, committed 9152K, reserved 1048576K
}
Event: 4.477 GC heap after
{Heap after GC invocations=14 (full 0):
 garbage-first heap   total 79872K, used 31744K [0x0000000082c00000, 0x0000000100000000)
  region size 1024K, 4 young (4096K), 4 survivors (4096K)
 Metaspace       used 66153K, committed 66816K, reserved 1114112K
  class space    used 8846K, committed 9152K, reserved 1048576K
}
Event: 4.689 GC heap before
{Heap before GC invocations=14 (full 0):
 garbage-first heap   total 79872K, used 70656K [0x0000000082c00000, 0x0000000100000000)
  region size 1024K, 42 young (43008K), 4 survivors (4096K)
 Metaspace       used 67736K, committed 68416K, reserved 1114112K
  class space    used 9207K, committed 9472K, reserved 1048576K
}
Event: 4.699 GC heap after
{Heap after GC invocations=15 (full 0):
 garbage-first heap   total 83968K, used 39429K [0x0000000082c00000, 0x0000000100000000)
  region size 1024K, 6 young (6144K), 6 survivors (6144K)
 Metaspace       used 67736K, committed 68416K, reserved 1114112K
  class space    used 9207K, committed 9472K, reserved 1048576K
}
Event: 4.876 GC heap before
{Heap before GC invocations=15 (full 0):
 garbage-first heap   total 83968K, used 70149K [0x0000000082c00000, 0x0000000100000000)
  region size 1024K, 37 young (37888K), 6 survivors (6144K)
 Metaspace       used 69551K, committed 70208K, reserved 1114112K
  class space    used 9586K, committed 9856K, reserved 1048576K
}
Event: 4.884 GC heap after
{Heap after GC invocations=16 (full 0):
 garbage-first heap   total 84992K, used 46238K [0x0000000082c00000, 0x0000000100000000)
  region size 1024K, 5 young (5120K), 5 survivors (5120K)
 Metaspace       used 69551K, committed 70208K, reserved 1114112K
  class space    used 9586K, committed 9856K, reserved 1048576K
}
Event: 4.916 GC heap before
{Heap before GC invocations=16 (full 0):
 garbage-first heap   total 84992K, used 70814K [0x0000000082c00000, 0x0000000100000000)
  region size 1024K, 29 young (29696K), 5 survivors (5120K)
 Metaspace       used 69569K, committed 70272K, reserved 1114112K
  class space    used 9586K, committed 9856K, reserved 1048576K
}
Event: 4.922 GC heap after
{Heap after GC invocations=17 (full 0):
 garbage-first heap   total 84992K, used 50808K [0x0000000082c00000, 0x0000000100000000)
  region size 1024K, 4 young (4096K), 4 survivors (4096K)
 Metaspace       used 69569K, committed 70272K, reserved 1114112K
  class space    used 9586K, committed 9856K, reserved 1048576K
}
Event: 4.950 GC heap before
{Heap before GC invocations=17 (full 0):
 garbage-first heap   total 117760K, used 71288K [0x0000000082c00000, 0x0000000100000000)
  region size 1024K, 24 young (24576K), 4 survivors (4096K)
 Metaspace       used 69569K, committed 70272K, reserved 1114112K
  class space    used 9586K, committed 9856K, reserved 1048576K
}
Event: 4.957 GC heap after
{Heap after GC invocations=18 (full 0):
 garbage-first heap   total 117760K, used 58368K [0x0000000082c00000, 0x0000000100000000)
  region size 1024K, 3 young (3072K), 3 survivors (3072K)
 Metaspace       used 69569K, committed 70272K, reserved 1114112K
  class space    used 9586K, committed 9856K, reserved 1048576K
}
Event: 5.014 GC heap before
{Heap before GC invocations=19 (full 0):
 garbage-first heap   total 117760K, used 99328K [0x0000000082c00000, 0x0000000100000000)
  region size 1024K, 43 young (44032K), 3 survivors (3072K)
 Metaspace       used 69569K, committed 70272K, reserved 1114112K
  class space    used 9586K, committed 9856K, reserved 1048576K
}
Event: 5.020 GC heap after
{Heap after GC invocations=20 (full 0):
 garbage-first heap   total 192512K, used 66553K [0x0000000082c00000, 0x0000000100000000)
  region size 1024K, 6 young (6144K), 6 survivors (6144K)
 Metaspace       used 69569K, committed 70272K, reserved 1114112K
  class space    used 9586K, committed 9856K, reserved 1048576K
}
Event: 5.265 GC heap before
{Heap before GC invocations=20 (full 0):
 garbage-first heap   total 192512K, used 126969K [0x0000000082c00000, 0x0000000100000000)
  region size 1024K, 66 young (67584K), 6 survivors (6144K)
 Metaspace       used 71819K, committed 72512K, reserved 1114112K
  class space    used 9928K, committed 10240K, reserved 1048576K
}
Event: 5.271 GC heap after
{Heap after GC invocations=21 (full 0):
 garbage-first heap   total 192512K, used 70628K [0x0000000082c00000, 0x0000000100000000)
  region size 1024K, 4 young (4096K), 4 survivors (4096K)
 Metaspace       used 71819K, committed 72512K, reserved 1114112K
  class space    used 9928K, committed 10240K, reserved 1048576K
}
Event: 5.392 GC heap before
{Heap before GC invocations=21 (full 0):
 garbage-first heap   total 192512K, used 144356K [0x0000000082c00000, 0x0000000100000000)
  region size 1024K, 76 young (77824K), 4 survivors (4096K)
 Metaspace       used 71960K, committed 72704K, reserved 1114112K
  class space    used 9944K, committed 10240K, reserved 1048576K
}
Event: 5.395 GC heap after
{Heap after GC invocations=22 (full 0):
 garbage-first heap   total 192512K, used 70628K [0x0000000082c00000, 0x0000000100000000)
  region size 1024K, 4 young (4096K), 4 survivors (4096K)
 Metaspace       used 71960K, committed 72704K, reserved 1114112K
  class space    used 9944K, committed 10240K, reserved 1048576K
}
Event: 5.660 GC heap before
{Heap before GC invocations=23 (full 0):
 garbage-first heap   total 192512K, used 162788K [0x0000000082c00000, 0x0000000100000000)
  region size 1024K, 103 young (105472K), 4 survivors (4096K)
 Metaspace       used 72909K, committed 73600K, reserved 1114112K
  class space    used 10086K, committed 10432K, reserved 1048576K
}
Event: 5.664 GC heap after
{Heap after GC invocations=24 (full 0):
 garbage-first heap   total 192512K, used 63460K [0x0000000082c00000, 0x0000000100000000)
  region size 1024K, 6 young (6144K), 6 survivors (6144K)
 Metaspace       used 72909K, committed 73600K, reserved 1114112K
  class space    used 10086K, committed 10432K, reserved 1048576K
}
Event: 12.892 GC heap before
{Heap before GC invocations=24 (full 0):
 garbage-first heap   total 192512K, used 172004K [0x0000000082c00000, 0x0000000100000000)
  region size 1024K, 112 young (114688K), 6 survivors (6144K)
 Metaspace       used 79343K, committed 80128K, reserved 1179648K
  class space    used 10922K, committed 11264K, reserved 1048576K
}
Event: 12.902 GC heap after
{Heap after GC invocations=25 (full 0):
 garbage-first heap   total 192512K, used 55611K [0x0000000082c00000, 0x0000000100000000)
  region size 1024K, 12 young (12288K), 12 survivors (12288K)
 Metaspace       used 79343K, committed 80128K, reserved 1179648K
  class space    used 10922K, committed 11264K, reserved 1048576K
}

Dll operation events (12 events):
Event: 0.007 Loaded shared library C:\Program Files\Java\jdk-21\bin\java.dll
Event: 0.047 Loaded shared library C:\Program Files\Java\jdk-21\bin\jsvml.dll
Event: 0.114 Loaded shared library C:\Program Files\Java\jdk-21\bin\zip.dll
Event: 0.117 Loaded shared library C:\Program Files\Java\jdk-21\bin\instrument.dll
Event: 0.120 Loaded shared library C:\Program Files\Java\jdk-21\bin\net.dll
Event: 0.121 Loaded shared library C:\Program Files\Java\jdk-21\bin\nio.dll
Event: 0.123 Loaded shared library C:\Program Files\Java\jdk-21\bin\zip.dll
Event: 0.181 Loaded shared library C:\Program Files\Java\jdk-21\bin\extnet.dll
Event: 0.202 Loaded shared library C:\Program Files\Java\jdk-21\bin\jimage.dll
Event: 0.355 Loaded shared library C:\Program Files\Java\jdk-21\bin\management.dll
Event: 0.358 Loaded shared library C:\Program Files\Java\jdk-21\bin\management_ext.dll
Event: 1.152 Loaded shared library C:\Program Files\Java\jdk-21\bin\sunmscapi.dll

Deoptimization events (20 events):
Event: 21.853 Thread 0x00000200d5241910 DEOPT PACKING pc=0x0000020087f1b5a4 sp=0x000000d2f2ef9070
Event: 21.854 Thread 0x00000200d5241910 DEOPT UNPACKING pc=0x00000200875846a2 sp=0x000000d2f2ef8f40 mode 2
Event: 21.856 Thread 0x00000200d523f840 DEOPT PACKING pc=0x0000020080f99554 sp=0x000000d2f2ffa600
Event: 21.856 Thread 0x00000200d523f840 DEOPT UNPACKING pc=0x0000020087584e42 sp=0x000000d2f2ff9aa0 mode 0
Event: 21.858 Thread 0x00000200d48faaa0 DEOPT PACKING pc=0x0000020080f58e55 sp=0x000000d2f34faf00
Event: 21.858 Thread 0x00000200d5242630 DEOPT PACKING pc=0x0000020080f58e55 sp=0x000000d2f30fb090
Event: 21.858 Thread 0x00000200d48faaa0 DEOPT UNPACKING pc=0x0000020087584e42 sp=0x000000d2f34fa370 mode 0
Event: 21.858 Thread 0x00000200d5242630 DEOPT UNPACKING pc=0x0000020087584e42 sp=0x000000d2f30fa500 mode 0
Event: 21.858 Thread 0x00000200d5242630 Uncommon trap: trap_request=0xffffffde fr.pc=0x00000200880809c0 relative=0x0000000000000f40
Event: 21.858 Thread 0x00000200d5242630 Uncommon trap: reason=class_check action=maybe_recompile pc=0x00000200880809c0 method=org.springframework.core.annotation.AnnotatedElementUtils.findMergedAnnotation(Ljava/lang/reflect/AnnotatedElement;Ljava/lang/Class;)Ljava/lang/annotation/Annotation; @ 
Event: 21.858 Thread 0x00000200d5242630 DEOPT PACKING pc=0x00000200880809c0 sp=0x000000d2f30fb7d0
Event: 21.858 Thread 0x00000200d5242630 DEOPT UNPACKING pc=0x00000200875846a2 sp=0x000000d2f30fb7b8 mode 2
Event: 21.859 Thread 0x00000200d48faaa0 Uncommon trap: trap_request=0xffffffde fr.pc=0x00000200880809c0 relative=0x0000000000000f40
Event: 21.859 Thread 0x00000200d48faaa0 Uncommon trap: reason=class_check action=maybe_recompile pc=0x00000200880809c0 method=org.springframework.core.annotation.AnnotatedElementUtils.findMergedAnnotation(Ljava/lang/reflect/AnnotatedElement;Ljava/lang/Class;)Ljava/lang/annotation/Annotation; @ 
Event: 21.859 Thread 0x00000200d48faaa0 DEOPT PACKING pc=0x00000200880809c0 sp=0x000000d2f34fb640
Event: 21.859 Thread 0x00000200d48faaa0 DEOPT UNPACKING pc=0x00000200875846a2 sp=0x000000d2f34fb628 mode 2
Event: 21.875 Thread 0x00000200d5241910 Uncommon trap: trap_request=0xffffff45 fr.pc=0x0000020087b7e4e4 relative=0x00000000000012a4
Event: 21.875 Thread 0x00000200d5241910 Uncommon trap: reason=unstable_if action=reinterpret pc=0x0000020087b7e4e4 method=com.mysql.cj.util.StringInspector.indexOfNextChar(Ljava/util/Set;)I @ 74 c2
Event: 21.875 Thread 0x00000200d5241910 DEOPT PACKING pc=0x0000020087b7e4e4 sp=0x000000d2f2ef9950
Event: 21.875 Thread 0x00000200d5241910 DEOPT UNPACKING pc=0x00000200875846a2 sp=0x000000d2f2ef98c8 mode 2

Classes loaded (20 events):
Event: 13.606 Loading class java/time/format/DateTimeFormatterBuilder$ReducedPrinterParser
Event: 13.606 Loading class java/time/format/DateTimeFormatterBuilder$ReducedPrinterParser done
Event: 13.636 Loading class java/util/stream/LongStream
Event: 13.636 Loading class java/util/stream/LongStream done
Event: 13.636 Loading class java/util/stream/DoubleStream
Event: 13.636 Loading class java/util/stream/DoubleStream done
Event: 13.646 Loading class org/w3c/dom/Node
Event: 13.647 Loading class org/w3c/dom/Node done
Event: 13.647 Loading class org/w3c/dom/Document
Event: 13.647 Loading class org/w3c/dom/Document done
Event: 13.672 Loading class java/math/BigDecimal$StringBuilderHelper
Event: 13.672 Loading class java/math/BigDecimal$StringBuilderHelper done
Event: 13.708 Loading class java/util/ArrayList$SubList$2
Event: 13.709 Loading class java/util/ArrayList$SubList$2 done
Event: 13.718 Loading class java/lang/Throwable$WrappedPrintStream
Event: 13.718 Loading class java/lang/Throwable$PrintStreamOrWriter
Event: 13.718 Loading class java/lang/Throwable$PrintStreamOrWriter done
Event: 13.718 Loading class java/lang/Throwable$WrappedPrintStream done
Event: 21.835 Loading class java/util/function/LongSupplier
Event: 21.836 Loading class java/util/function/LongSupplier done

Classes unloaded (0 events):
No events

Classes redefined (0 events):
No events

Internal exceptions (20 events):
Event: 13.499 Thread 0x00000200d523f840 Exception <a 'java/lang/NoSuchMethodError'{0x000000008d36ac08}: 'void java.lang.invoke.Invokers$Holder.invokeExact_MT(java.lang.Object, java.lang.Object, int, java.lang.Object)'> (0x000000008d36ac08) 
thrown [s\open\src\hotspot\share\interpreter\linkResolver.cpp, line 773]
Event: 13.499 Thread 0x00000200d5246140 Exception <a 'java/lang/NoSuchMethodError'{0x000000008d2438b0}: 'void java.lang.invoke.Invokers$Holder.invokeExact_MT(java.lang.Object, java.lang.Object, int, java.lang.Object)'> (0x000000008d2438b0) 
thrown [s\open\src\hotspot\share\interpreter\linkResolver.cpp, line 773]
Event: 13.585 Thread 0x00000200d5246140 Exception <a 'java/lang/IncompatibleClassChangeError'{0x000000008cf4b450}: Found class java.lang.Object, but interface was expected> (0x000000008cf4b450) 
thrown [s\open\src\hotspot\share\interpreter\linkResolver.cpp, line 840]
Event: 13.585 Thread 0x00000200d523f840 Exception <a 'java/lang/IncompatibleClassChangeError'{0x000000008cf97788}: Found class java.lang.Object, but interface was expected> (0x000000008cf97788) 
thrown [s\open\src\hotspot\share\interpreter\linkResolver.cpp, line 840]
Event: 13.585 Thread 0x00000200d5241910 Exception <a 'java/lang/IncompatibleClassChangeError'{0x000000008cf7dea8}: Found class java.lang.Object, but interface was expected> (0x000000008cf7dea8) 
thrown [s\open\src\hotspot\share\interpreter\linkResolver.cpp, line 840]
Event: 13.595 Thread 0x00000200d5241910 Exception <a 'java/lang/IncompatibleClassChangeError'{0x000000008ce01948}: Found class java.lang.Object, but interface was expected> (0x000000008ce01948) 
thrown [s\open\src\hotspot\share\interpreter\linkResolver.cpp, line 840]
Event: 13.602 Thread 0x00000200d5246140 Exception <a 'java/lang/IncompatibleClassChangeError'{0x000000008ce4ca78}: Found class java.lang.Object, but interface was expected> (0x000000008ce4ca78) 
thrown [s\open\src\hotspot\share\interpreter\linkResolver.cpp, line 840]
Event: 13.708 Thread 0x00000200d48f9060 Exception <a 'java/lang/NoSuchMethodError'{0x000000008c87e878}: 'java.lang.Object java.lang.invoke.DirectMethodHandle$Holder.invokeStatic(java.lang.Object, int, int)'> (0x000000008c87e878) 
thrown [s\open\src\hotspot\share\interpreter\linkResolver.cpp, line 773]
Event: 21.786 Thread 0x00000200d48f96f0 Exception <a 'java/lang/NoSuchMethodError'{0x000000008c5bc1b8}: 'java.lang.Object java.lang.invoke.DirectMethodHandle$Holder.invokeVirtual(java.lang.Object, java.lang.Object, int)'> (0x000000008c5bc1b8) 
thrown [s\open\src\hotspot\share\interpreter\linkResolver.cpp, line 773]
Event: 21.790 Thread 0x00000200d48f96f0 Exception <a 'java/lang/NoSuchMethodError'{0x000000008c5d6ae8}: 'java.lang.Object java.lang.invoke.DirectMethodHandle$Holder.invokeInterface(java.lang.Object, java.lang.Object, java.lang.Object, java.lang.Object, java.lang.Object)'> (0x000000008c5d6ae8) 
thrown [s\open\src\hotspot\share\interpreter\linkResolver.cpp, line 773]
Event: 21.793 Thread 0x00000200d523f840 Exception <a 'java/lang/NoSuchMethodError'{0x000000008c40aed0}: 'java.lang.Object java.lang.invoke.DelegatingMethodHandle$Holder.reinvoke_L(java.lang.Object, java.lang.Object, java.lang.Object, int, int, java.lang.Object)'> (0x000000008c40aed0) 
thrown [s\open\src\hotspot\share\interpreter\linkResolver.cpp, line 773]
Event: 21.815 Thread 0x00000200d523f840 Implicit null exception at 0x0000020087cb8092 to 0x0000020087cb88c0
Event: 21.844 Thread 0x00000200d48fb130 Exception <a 'java/net/SocketException'{0x000000008c9ac458}: Connection reset by peer: shutdown> (0x000000008c9ac458) 
thrown [s\open\src\hotspot\share\prims\jni.cpp, line 539]
Event: 21.844 Thread 0x00000200d48faaa0 Exception <a 'java/io/IOException'{0x000000008c2eb958}> (0x000000008c2eb958) 
thrown [s\open\src\hotspot\share\prims\jni.cpp, line 520]
Event: 21.844 Thread 0x00000200d5242630 Exception <a 'java/io/IOException'{0x000000008c182390}> (0x000000008c182390) 
thrown [s\open\src\hotspot\share\prims\jni.cpp, line 520]
Event: 21.854 Thread 0x00000200d523f840 Exception <a 'java/lang/IncompatibleClassChangeError'{0x000000008c032288}: Found class java.lang.Object, but interface was expected> (0x000000008c032288) 
thrown [s\open\src\hotspot\share\interpreter\linkResolver.cpp, line 840]
Event: 21.859 Thread 0x00000200d48faaa0 Exception <a 'java/io/IOException'{0x000000008bf56e20}> (0x000000008bf56e20) 
thrown [s\open\src\hotspot\share\prims\jni.cpp, line 520]
Event: 21.860 Thread 0x00000200d523f840 Exception <a 'java/lang/IncompatibleClassChangeError'{0x000000008c0d0478}: Found class java.lang.Object, but interface was expected> (0x000000008c0d0478) 
thrown [s\open\src\hotspot\share\interpreter\linkResolver.cpp, line 840]
Event: 21.860 Thread 0x00000200d523f840 Exception <a 'java/lang/IncompatibleClassChangeError'{0x000000008c0d1738}: Found class java.lang.Object, but interface was expected> (0x000000008c0d1738) 
thrown [s\open\src\hotspot\share\interpreter\linkResolver.cpp, line 840]
Event: 21.860 Thread 0x00000200d523f840 Exception <a 'java/lang/IncompatibleClassChangeError'{0x000000008c0d5068}: Found class java.lang.Object, but interface was expected> (0x000000008c0d5068) 
thrown [s\open\src\hotspot\share\interpreter\linkResolver.cpp, line 840]

ZGC Phase Switch (0 events):
No events

VM Operations (20 events):
Event: 13.612 Executing VM operation: HandshakeAllThreads (Deoptimize)
Event: 13.612 Executing VM operation: HandshakeAllThreads (Deoptimize) done
Event: 13.681 Executing VM operation: HandshakeAllThreads (Deoptimize)
Event: 13.681 Executing VM operation: HandshakeAllThreads (Deoptimize) done
Event: 13.707 Executing VM operation: ICBufferFull
Event: 13.707 Executing VM operation: ICBufferFull done
Event: 13.707 Executing VM operation: ICBufferFull
Event: 13.707 Executing VM operation: ICBufferFull done
Event: 13.707 Executing VM operation: ICBufferFull
Event: 13.707 Executing VM operation: ICBufferFull done
Event: 14.714 Executing VM operation: Cleanup
Event: 14.714 Executing VM operation: Cleanup done
Event: 15.723 Executing VM operation: Cleanup
Event: 15.723 Executing VM operation: Cleanup done
Event: 19.746 Executing VM operation: Cleanup
Event: 19.746 Executing VM operation: Cleanup done
Event: 21.855 Executing VM operation: HandshakeAllThreads (Deoptimize)
Event: 21.856 Executing VM operation: HandshakeAllThreads (Deoptimize) done
Event: 21.856 Executing VM operation: Cleanup
Event: 21.856 Executing VM operation: Cleanup done

Events (20 events):
Event: 6.457 Thread 0x00000200d48fb130 Thread added: 0x00000200d48fb130
Event: 6.457 Thread 0x00000200d48f9060 Thread added: 0x00000200d48f9060
Event: 6.457 Thread 0x00000200d48ff960 Thread added: 0x00000200d48ff960
Event: 6.457 Thread 0x00000200d48faaa0 Thread added: 0x00000200d48faaa0
Event: 6.457 Thread 0x00000200d48f89d0 Thread added: 0x00000200d48f89d0
Event: 6.458 Thread 0x00000200d48f96f0 Thread added: 0x00000200d48f96f0
Event: 6.467 Thread 0x00000200d48fd890 Thread added: 0x00000200d48fd890
Event: 6.468 Thread 0x00000200d48fe5b0 Thread added: 0x00000200d48fe5b0
Event: 6.493 Thread 0x00000200ff29e590 Thread exited: 0x00000200ff29e590
Event: 6.495 Thread 0x00000200ff29d870 Thread exited: 0x00000200ff29d870
Event: 6.495 Thread 0x00000200ef01ae30 Thread exited: 0x00000200ef01ae30
Event: 6.495 Thread 0x00000200d48fec40 Thread added: 0x00000200d48fec40
Event: 7.027 Thread 0x00000200d6cd3d40 Thread exited: 0x00000200d6cd3d40
Event: 7.029 Thread 0x00000200ff385ad0 Thread exited: 0x00000200ff385ad0
Event: 7.987 Thread 0x00000200d5244070 Thread exited: 0x00000200d5244070
Event: 12.907 Thread 0x00000200d9899ae0 Thread added: 0x00000200d9899ae0
Event: 13.473 Thread 0x00000200d48f9d80 Thread added: 0x00000200d48f9d80
Event: 14.589 Thread 0x00000200d9899ae0 Thread exited: 0x00000200d9899ae0
Event: 18.475 Thread 0x00000200d48f9d80 Thread exited: 0x00000200d48f9d80
Event: 21.805 Thread 0x00000200d62b62f0 Thread added: 0x00000200d62b62f0


Dynamic libraries:
0x00007ff7110f0000 - 0x00007ff711100000 	C:\Program Files\Java\jdk-21\bin\java.exe
0x00007ff80ef70000 - 0x00007ff80f168000 	C:\Windows\SYSTEM32\ntdll.dll
0x00007ff80d2f0000 - 0x00007ff80d3b2000 	C:\Windows\System32\KERNEL32.DLL
0x00007ff80c960000 - 0x00007ff80cc56000 	C:\Windows\System32\KERNELBASE.dll
0x00007ff80c740000 - 0x00007ff80c840000 	C:\Windows\System32\ucrtbase.dll
0x00007ff8054f0000 - 0x00007ff80550b000 	C:\Program Files\Java\jdk-21\bin\VCRUNTIME140.dll
0x00007ff8059f0000 - 0x00007ff805a09000 	C:\Program Files\Java\jdk-21\bin\jli.dll
0x00007ff80ec40000 - 0x00007ff80ecf1000 	C:\Windows\System32\ADVAPI32.dll
0x00007ff80eb20000 - 0x00007ff80ebbe000 	C:\Windows\System32\msvcrt.dll
0x00007ff80ee90000 - 0x00007ff80ef2f000 	C:\Windows\System32\sechost.dll
0x00007ff80d3c0000 - 0x00007ff80d4e3000 	C:\Windows\System32\RPCRT4.dll
0x00007ff80cf60000 - 0x00007ff80cf87000 	C:\Windows\System32\bcrypt.dll
0x00007ff80cf90000 - 0x00007ff80d12d000 	C:\Windows\System32\USER32.dll
0x00007ff80cc60000 - 0x00007ff80cc82000 	C:\Windows\System32\win32u.dll
0x00007ffff96f0000 - 0x00007ffff998a000 	C:\Windows\WinSxS\amd64_microsoft.windows.common-controls_6595b64144ccf1df_6.0.19041.5915_none_60b4b9d171f9c7c7\COMCTL32.dll
0x00007ff80e380000 - 0x00007ff80e3ab000 	C:\Windows\System32\GDI32.dll
0x00007ff80c840000 - 0x00007ff80c959000 	C:\Windows\System32\gdi32full.dll
0x00007ff80cce0000 - 0x00007ff80cd7d000 	C:\Windows\System32\msvcp_win.dll
0x00007ffffa3b0000 - 0x00007ffffa3ba000 	C:\Windows\SYSTEM32\VERSION.dll
0x00007ff80d4f0000 - 0x00007ff80d51f000 	C:\Windows\System32\IMM32.DLL
0x00007ff8080c0000 - 0x00007ff8080cc000 	C:\Program Files\Java\jdk-21\bin\vcruntime140_1.dll
0x00007ffff5670000 - 0x00007ffff56fe000 	C:\Program Files\Java\jdk-21\bin\msvcp140.dll
0x00007fffa3190000 - 0x00007fffa3ead000 	C:\Program Files\Java\jdk-21\bin\server\jvm.dll
0x00007ff80d760000 - 0x00007ff80d7cb000 	C:\Windows\System32\WS2_32.dll
0x00007ff80bb90000 - 0x00007ff80bbdb000 	C:\Windows\SYSTEM32\POWRPROF.dll
0x00007ffff9bf0000 - 0x00007ffff9c17000 	C:\Windows\SYSTEM32\WINMM.dll
0x00007ff80ba00000 - 0x00007ff80ba12000 	C:\Windows\SYSTEM32\UMPDC.dll
0x00007ff80a480000 - 0x00007ff80a492000 	C:\Windows\SYSTEM32\kernel.appcore.dll
0x00007ff8054b0000 - 0x00007ff8054ba000 	C:\Program Files\Java\jdk-21\bin\jimage.dll
0x00007ffffa150000 - 0x00007ffffa351000 	C:\Windows\SYSTEM32\DBGHELP.DLL
0x00007ffff7940000 - 0x00007ffff7974000 	C:\Windows\SYSTEM32\dbgcore.DLL
0x00007ff80c600000 - 0x00007ff80c682000 	C:\Windows\System32\bcryptPrimitives.dll
0x00007ff8054a0000 - 0x00007ff8054af000 	C:\Program Files\Java\jdk-21\bin\instrument.dll
0x00007ff805330000 - 0x00007ff80534f000 	C:\Program Files\Java\jdk-21\bin\java.dll
0x00007ff80e3b0000 - 0x00007ff80eb1e000 	C:\Windows\System32\SHELL32.dll
0x00007ff80a680000 - 0x00007ff80ae24000 	C:\Windows\SYSTEM32\windows.storage.dll
0x00007ff80dfc0000 - 0x00007ff80e313000 	C:\Windows\System32\combase.dll
0x00007ff80c030000 - 0x00007ff80c05b000 	C:\Windows\SYSTEM32\Wldp.dll
0x00007ff80d130000 - 0x00007ff80d1fd000 	C:\Windows\System32\OLEAUT32.dll
0x00007ff80d6b0000 - 0x00007ff80d75d000 	C:\Windows\System32\SHCORE.dll
0x00007ff80e320000 - 0x00007ff80e37b000 	C:\Windows\System32\shlwapi.dll
0x00007ff80c530000 - 0x00007ff80c554000 	C:\Windows\SYSTEM32\profapi.dll
0x00007fffe9480000 - 0x00007fffe9557000 	C:\Program Files\Java\jdk-21\bin\jsvml.dll
0x00007ffffbb40000 - 0x00007ffffbb58000 	C:\Program Files\Java\jdk-21\bin\zip.dll
0x00007ff805280000 - 0x00007ff805290000 	C:\Program Files\Java\jdk-21\bin\net.dll
0x00007ff805b20000 - 0x00007ff805c2a000 	C:\Windows\SYSTEM32\WINHTTP.dll
0x00007ff80bd90000 - 0x00007ff80bdfa000 	C:\Windows\system32\mswsock.dll
0x00007ff8048f0000 - 0x00007ff804906000 	C:\Program Files\Java\jdk-21\bin\nio.dll
0x00007ffffbb30000 - 0x00007ffffbb39000 	C:\Program Files\Java\jdk-21\bin\extnet.dll
0x00007ffffbb10000 - 0x00007ffffbb1a000 	C:\Program Files\Java\jdk-21\bin\management.dll
0x00007ffffbb00000 - 0x00007ffffbb0b000 	C:\Program Files\Java\jdk-21\bin\management_ext.dll
0x00007ff80d200000 - 0x00007ff80d208000 	C:\Windows\System32\PSAPI.DLL
0x00007ffffbb20000 - 0x00007ffffbb2e000 	C:\Program Files\Java\jdk-21\bin\sunmscapi.dll
0x00007ff80ce00000 - 0x00007ff80cf5d000 	C:\Windows\System32\CRYPT32.dll
0x00007ff80c0a0000 - 0x00007ff80c0c7000 	C:\Windows\SYSTEM32\ncrypt.dll
0x00007ff80c060000 - 0x00007ff80c09b000 	C:\Windows\SYSTEM32\NTASN1.dll
0x00007ff80bf90000 - 0x00007ff80bfa8000 	C:\Windows\SYSTEM32\CRYPTSP.dll
0x00007ff80b640000 - 0x00007ff80b678000 	C:\Windows\system32\rsaenh.dll
0x00007ff80c4b0000 - 0x00007ff80c4de000 	C:\Windows\SYSTEM32\USERENV.dll
0x00007ff80bf80000 - 0x00007ff80bf8c000 	C:\Windows\SYSTEM32\CRYPTBASE.dll
0x00007ff80ba20000 - 0x00007ff80ba5b000 	C:\Windows\SYSTEM32\IPHLPAPI.DLL
0x00007ff80ed00000 - 0x00007ff80ed08000 	C:\Windows\System32\NSI.dll
0x00007ff80ba60000 - 0x00007ff80bb2a000 	C:\Windows\SYSTEM32\DNSAPI.dll
0x00007ff805980000 - 0x00007ff80598a000 	C:\Windows\System32\rasadhlp.dll
0x00007ffffc180000 - 0x00007ffffc200000 	C:\Windows\System32\fwpuclnt.dll
0x00007ff807e70000 - 0x00007ff807e77000 	C:\Windows\system32\wshunix.dll

dbghelp: loaded successfully - version: 4.0.5 - missing functions: none
symbol engine: initialized successfully - sym options: 0x614 - pdb path: .;C:\Program Files\Java\jdk-21\bin;C:\Windows\SYSTEM32;C:\Windows\WinSxS\amd64_microsoft.windows.common-controls_6595b64144ccf1df_6.0.19041.5915_none_60b4b9d171f9c7c7;C:\Program Files\Java\jdk-21\bin\server

VM Arguments:
jvm_args: -javaagent:C:\Program Files\JetBrains\IntelliJ IDEA Community Edition 2025.2.4\lib\idea_rt.jar=51845 -Dfile.encoding=UTF-8 -Dsun.stdout.encoding=UTF-8 -Dsun.stderr.encoding=UTF-8 
java_command: com.techroom.roommanagement.RoomManagementSystemApplication
java_class_path (initial): D:\RMS\RoomManagementSystem\backend\target\classes;C:\Users\Administrator\.m2\repository\org\springframework\boot\spring-boot-starter-data-jpa\3.5.7\spring-boot-starter-data-jpa-3.5.7.jar;C:\Users\Administrator\.m2\repository\org\springframework\boot\spring-boot-starter\3.5.7\spring-boot-starter-3.5.7.jar;C:\Users\Administrator\.m2\repository\org\springframework\boot\spring-boot-starter-logging\3.5.7\spring-boot-starter-logging-3.5.7.jar;C:\Users\Administrator\.m2\repository\ch\qos\logback\logback-classic\1.5.20\logback-classic-1.5.20.jar;C:\Users\Administrator\.m2\repository\ch\qos\logback\logback-core\1.5.20\logback-core-1.5.20.jar;C:\Users\Administrator\.m2\repository\org\apache\logging\log4j\log4j-to-slf4j\2.24.3\log4j-to-slf4j-2.24.3.jar;C:\Users\Administrator\.m2\repository\org\apache\logging\log4j\log4j-api\2.24.3\log4j-api-2.24.3.jar;C:\Users\Administrator\.m2\repository\org\slf4j\jul-to-slf4j\2.0.17\jul-to-slf4j-2.0.17.jar;C:\Users\Administrator\.m2\repository\jakarta\annotation\jakarta.annotation-api\2.1.1\jakarta.annotation-api-2.1.1.jar;C:\Users\Administrator\.m2\repository\org\yaml\snakeyaml\2.4\snakeyaml-2.4.jar;C:\Users\Administrator\.m2\repository\org\springframework\boot\spring-boot-starter-jdbc\3.5.7\spring-boot-starter-jdbc-3.5.7.jar;C:\Users\Administrator\.m2\repository\com\zaxxer\HikariCP\6.3.3\HikariCP-6.3.3.jar;C:\Users\Administrator\.m2\repository\org\springframework\spring-jdbc\6.2.12\spring-jdbc-6.2.12.jar;C:\Users\Administrator\.m2\repository\org\hibernate\orm\hibernate-core\6.6.33.Final\hibernate-core-6.6.33.Final.jar;C:\Users\Administrator\.m2\repository\jakarta\persistence\jakarta.persistence-api\3.1.0\jakarta.persistence-api-3.1.0.jar;C:\Users\Administrator\.m2\repository\org\jboss\logging\jboss-logging\3.6.1.Final\jboss-logging-3.6.1.Final.jar;C:\Users\Administrator\.m2\repository\org\hibernate\common\hibernate-commons-annotations\7.0.3.Final\hibernate-commons-annotations-7.0.3.Final.jar;C:\Users\Administrator\.m2\repository\io\smallrye\jandex\3.2.0\jandex-3.2.0.jar;C:\Users\Administrator\.m2\repository\com\fasterxml\classmate\1.7.1\classmate-1.7.1.jar;C:\Users\Administrator\.m2\repository\net\bytebuddy\byte-buddy\1.17.8\byte-buddy-1.17.8.jar;C:\Users\Administrator\.m2\repository\org\glassfish\jaxb\jaxb-runtime\4.0.6\jaxb-runtime-4.0.6.jar;C:\Users\Administrator\.m2\repository\org\glassfish\jaxb\jaxb-core\4.0.6\jaxb-core-4.0.6.jar;C:\Users\Administrator\.m2\repository\org\eclipse\angus\angus-activation\2.0.3\angus-activation-2.0.3.jar;C:\Users\Administrator\.m2\repository\org\glassfish\jaxb\txw2\4.0.6\txw2-4.0.6.jar;C:\Users\Administrator\.m2\repository\com\sun\istack\istack-commons-runtime\4.1.2\istack-commons-runtime-4.1.2.jar;C:\Users\Administrator\.m2\repository\jakarta\inject\jakarta.inject-api\2.0.1\jakarta.inject-api-2.0.1.jar;C:\Users\Administrator\.m2\repository\org\antlr\antlr4-runtime\4.13.0\antlr4-runtime-4.13.0.jar;C:\Users\Administrator\.m2\repository\org\springframework\data\spring-data-jpa\3.5.5\spring-data-jpa-3.5.5.jar;C:\Users\Administrator\.m2\repository\org\springframework\data\spring-data-commons\3.5.5\spring-data-commons-3.5.5.jar;C:\Users\Administrator\.m2\repository\org\springframework\spring-orm\6.2.12\spring-orm-6.2.12.jar;C:\Users\Administrator\.m2\repository\org\springframework\spring-context\6.2.12\spring-context-6.2.12.jar;C:\Users\Administrator\.m2\repository\org\springframework\spring-tx\6.2.12\spring-tx-6.2.12.jar;C:\Users\Administrator\.m2\repository\org\springframework\spring-beans\6.2.12\spring-beans-6.2.12.jar;C:\Users\Administrator\.m2\repository\org\slf4j\slf4j-api\2.0.17\slf4j-api-2.0.17.jar;C:\Users\Administrator\.m2\repository\org\springframework\spring-aspects\6.2.12\spring-aspects-6.2.12.jar;C:\Users\Administrator\.m2\repository\org\aspectj\aspectjweaver\1.9.24\aspectjweaver-1.9.24.jar;C:\Users\Administrator\.m2\repository\org\springframework\boot\spring-boot-starter-web\3.5.7\spring-boot-starter-web-3.5.7.jar;C:\Users\Administrator\.m2\repository\org\springframework\boot\spring-boot-starter-json\3.5.7\spring-boot-starter-json-3.5.7.jar;C:\Users\Administrator\.m2\repository\com\fasterxml\jackson\datatype\jackson-datatype-jdk8\2.19.2\jackson-datatype-jdk8-2.19.2.jar;C:\Users\Administrator\.m2\repository\com\fasterxml\jackson\datatype\jackson-datatype-jsr310\2.19.2\jackson-datatype-jsr310-2.19.2.jar;C:\Users\Administrator\.m2\repository\com\fasterxml\jackson\module\jackson-module-parameter-names\2.19.2\jackson-module-parameter-names-2.19.2.jar;C:\Users\Administrator\.m2\repository\org\springframework\boot\spring-boot-starter-tomcat\3.5.7\spring-boot-starter-tomcat-3.5.7.jar;C:\Users\Administrator\.m2\repository\org\apache\tomcat\embed\tomcat-embed-core\10.1.48\tomcat-embed-core-10.1.48.jar;C:\Users\Administrator\.m2\repository\org\apache\tomcat\embed\tomcat-embed-websocket\10.1.48\tomcat-embed-websocket-10.1.48.jar;C:\Users\Administrator\.m2\repository\org\springframework\spring-web\6.2.12\spring-web-6.2.12.jar;C:\Users\Administrator\.m2\repository\io\micrometer\micrometer-observation\1.15.5\micrometer-observation-1.15.5.jar;C:\Users\Administrator\.m2\repository\io\micrometer\micrometer-commons\1.15.5\micrometer-commons-1.15.5.jar;C:\Users\Administrator\.m2\repository\org\springframework\spring-webmvc\6.2.12\spring-webmvc-6.2.12.jar;C:\Users\Administrator\.m2\repository\org\springframework\spring-expression\6.2.12\spring-expression-6.2.12.jar;C:\Users\Administrator\.m2\repository\org\springframework\boot\spring-boot-starter-validation\3.5.7\spring-boot-starter-validation-3.5.7.jar;C:\Users\Administrator\.m2\repository\org\apache\tomcat\embed\tomcat-embed-el\10.1.48\tomcat-embed-el-10.1.48.jar;C:\Users\Administrator\.m2\repository\org\hibernate\validator\hibernate-validator\8.0.3.Final\hibernate-validator-8.0.3.Final.jar;C:\Users\Administrator\.m2\repository\jakarta\validation\jakarta.validation-api\3.0.2\jakarta.validation-api-3.0.2.jar;C:\Users\Administrator\.m2\repository\org\springframework\boot\spring-boot-devtools\3.5.7\spring-boot-devtools-3.5.7.jar;C:\Users\Administrator\.m2\repository\org\springframework\boot\spring-boot\3.5.7\spring-boot-3.5.7.jar;C:\Users\Administrator\.m2\repository\org\springframework\boot\spring-boot-autoconfigure\3.5.7\spring-boot-autoconfigure-3.5.7.jar;C:\Users\Administrator\.m2\repository\com\mysql\mysql-connector-j\9.4.0\mysql-connector-j-9.4.0.jar;C:\Users\Administrator\.m2\repository\org\projectlombok\lombok\1.18.42\lombok-1.18.42.jar;C:\Users\Administrator\.m2\repository\jakarta\xml\bind\jakarta.xml.bind-api\4.0.4\jakarta.xml.bind-api-4.0.4.jar;C:\Users\Administrator\.m2\repository\jakarta\activation\jakarta.activation-api\2.1.4\jakarta.activation-api-2.1.4.jar;C:\Users\Administrator\.m2\repository\org\springframework\spring-core\6.2.12\spring-core-6.2.12.jar;C:\Users\Administrator\.m2\repository\org\springframework\spring-jcl\6.2.12\spring-jcl-6.2.12.jar;C:\Users\Administrator\.m2\repository\org\springframework\boot\spring-boot-starter-security\3.5.7\spring-boot-starter-security-3.5.7.jar;C:\Users\Administrator\.m2\repository\org\springframework\spring-aop\6.2.12\spring-aop-6.2.12.jar;C:\Users\Administrator\.m2\repository\org\springframework\security\spring-security-config\6.5.6\spring-security-config-6.5.6.jar;C:\Users\Administrator\.m2\repository\org\springframework\security\spring-security-core\6.5.6\spring-security-core-6.5.6.jar;C:\Users\Administrator\.m2\repository\org\springframework\security\spring-security-crypto\6.5.6\spring-security-crypto-6.5.6.jar;C:\Users\Administrator\.m2\repository\org\springframework\security\spring-security-web\6.5.6\spring-security-web-6.5.6.jar;C:\Users\Administrator\.m2\repository\io\jsonwebtoken\jjwt-api\0.11.5\jjwt-api-0.11.5.jar;C:\Users\Administrator\.m2\repository\io\jsonwebtoken\jjwt-impl\0.11.5\jjwt-impl-0.11.5.jar;C:\Users\Administrator\.m2\repository\io\jsonwebtoken\jjwt-jackson\0.11.5\jjwt-jackson-0.11.5.jar;C:\Users\Administrator\.m2\repository\com\fasterxml\jackson\core\jackson-databind\2.19.2\jackson-databind-2.19.2.jar;C:\Users\Administrator\.m2\repository\com\fasterxml\jackson\core\jackson-annotations\2.19.2\jackson-annotations-2.19.2.jar;C:\Users\Administrator\.m2\repository\com\fasterxml\jackson\core\jackson-core\2.19.2\jackson-core-2.19.2.jar;C:\Users\Administrator\.m2\repository\jakarta\transaction\jakarta.transaction-api\2.0.1\jakarta.transaction-api-2.0.1.jar
Launcher Type: SUN_STANDARD

[Global flags]
     intx CICompilerCount                          = 4                                         {product} {ergonomic}
     uint ConcGCThreads                            = 3                                         {product} {ergonomic}
     uint G1ConcRefinementThreads                  = 10                                        {product} {ergonomic}
   size_t G1HeapRegionSize                         = 1048576                                   {product} {ergonomic}
    uintx GCDrainStackTargetSize                   = 64                                        {product} {ergonomic}
   size_t InitialHeapSize                          = 132120576                                 {product} {ergonomic}
   size_t MarkStackSize                            = 4194304                                   {product} {ergonomic}
   size_t MaxHeapSize                              = 2101346304                                {product} {ergonomic}
   size_t MaxNewSize                               = 1260388352                                {product} {ergonomic}
   size_t MinHeapDeltaBytes                        = 1048576                                   {product} {ergonomic}
   size_t MinHeapSize                              = 8388608                                   {product} {ergonomic}
    uintx NonNMethodCodeHeapSize                   = 5839372                                {pd product} {ergonomic}
    uintx NonProfiledCodeHeapSize                  = 122909434                              {pd product} {ergonomic}
    uintx ProfiledCodeHeapSize                     = 122909434                              {pd product} {ergonomic}
    uintx ReservedCodeCacheSize                    = 251658240                              {pd product} {ergonomic}
     bool SegmentedCodeCache                       = true                                      {product} {ergonomic}
   size_t SoftMaxHeapSize                          = 2101346304                             {manageable} {ergonomic}
     bool UseCompressedOops                        = true                           {product lp64_product} {ergonomic}
     bool UseG1GC                                  = true                                      {product} {ergonomic}
     bool UseLargePagesIndividualAllocation        = false                                  {pd product} {ergonomic}

Logging:
Log output configuration:
 #0: stdout all=warning uptime,level,tags foldmultilines=false
 #1: stderr all=off uptime,level,tags foldmultilines=false

Environment Variables:
JAVA_HOME=C:\Program Files\Java\jdk-21
PATH=C:\Windows\system32;C:\Windows;C:\Windows\System32\Wbem;C:\Windows\System32\WindowsPowerShell\v1.0\;C:\Windows\System32\OpenSSH\;C:\Program Files (x86)\mingw-w64\i686-8.1.0-posix-dwarf-rt_v6-rev0\mingw32\bin;C:\Program Files\Microsoft SQL Server\Client SDK\ODBC\170\Tools\Binn\;C:\Program Files (x86)\Microsoft SQL Server\160\Tools\Binn\;C:\Program Files\Microsoft SQL Server\160\Tools\Binn\;C:\Program Files\Microsoft SQL Server\160\DTS\Binn\;C:\Program Files\MySQL\MySQL Server 5.7\bin;C:\Graphviz-12.2.1-win64\bin;C:\Program Files (x86)\Microsoft SQL Server\160\DTS\Binn\;C:\Program Files\Git\cmd;D:\flutter\flutter\bin;C:\Program Files\nodejs\;C:\Program Files\Java\jdk-21\bin;C:\apache-maven-3.9.11\bin;C:\Users\Administrator\AppData\Local\Microsoft\WindowsApps;C:\Users\Administrator\AppData\Local\Programs\Microsoft VS Code\bin;C:\Program Files\MySQL\MySQL Server 5.7\bin;C:\Users\Administrator\AppData\Roaming\npm;C:\Program Files\JetBrains\IntelliJ IDEA Community Edition 2025.2.4\bin
USERNAME=MSI
OS=Windows_NT
PROCESSOR_IDENTIFIER=Intel64 Family 6 Model 165 Stepping 2, GenuineIntel
TMP=C:\Users\ADMINI~1\AppData\Local\Temp
TEMP=C:\Users\ADMINI~1\AppData\Local\Temp




Periodic native trim disabled

---------------  S Y S T E M  ---------------

OS:
 Windows 10 , 64 bit Build 19041 (10.0.19041.5915)
OS uptime: 0 days 1:35 hours

CPU: total 12 (initial active 12) (6 cores per cpu, 2 threads per core) family 6 model 165 stepping 2 microcode 0xe2, cx8, cmov, fxsr, ht, mmx, 3dnowpref, sse, sse2, sse3, ssse3, sse4.1, sse4.2, popcnt, lzcnt, tsc, tscinvbit, avx, avx2, aes, erms, clmul, bmi1, bmi2, adx, fma, vzeroupper, clflush, clflushopt, rdtscp, f16c, pku
Processor Information for all 12 processors :
  Max Mhz: 2592, Current Mhz: 2592, Mhz Limit: 2592

Memory: 4k page, system-wide physical 8013M (471M free)
TotalPageFile size 12109M (AvailPageFile size 12M)
current process WorkingSet (physical memory assigned to process): 411M, peak: 427M
current process commit charge ("private bytes"): 456M, peak: 470M

vm_info: Java HotSpot(TM) 64-Bit Server VM (21.0.9+7-LTS-338) for windows-amd64 JRE (21.0.9+7-LTS-338), built on 2025-09-26T06:33:49Z by "mach5run" with MS VC++ 17.6 (VS2022)

END.
