#
# There is insufficient memory for the Java Runtime Environment to continue.
# Native memory allocation (mmap) failed to map 65536 bytes for Failed to commit metaspace.
# Possible reasons:
#   The system is out of physical RAM or swap space
#   The process is running with CompressedOops enabled, and the Java Heap may be blocking the growth of the native heap
# Possible solutions:
#   Reduce memory load on the system
#   Increase physical memory or swap space
#   Check if swap backing store is full
#   Decrease Java heap size (-Xmx/-Xms)
#   Decrease number of Java threads
#   Decrease Java thread stack sizes (-Xss)
#   Set larger code cache with -XX:ReservedCodeCacheSize=
#   JVM is running with Unscaled Compressed Oops mode in which the Java heap is
#     placed in the first 4GB address space. The Java Heap base address is the
#     maximum limit for the native heap growth. Please use -XX:HeapBaseMinAddress
#     to set the Java Heap base and to place the Java Heap above 4GB virtual address.
# This output file may be truncated or incomplete.
#
#  Out of Memory Error (virtualSpaceNode.cpp:112), pid=3320, tid=11984
#
# JRE version: Java(TM) SE Runtime Environment (21.0.9+7) (build 21.0.9+7-LTS-338)
# Java VM: Java HotSpot(TM) 64-Bit Server VM (21.0.9+7-LTS-338, mixed mode, sharing, tiered, compressed oops, compressed class ptrs, g1 gc, windows-amd64)
# No core dump will be written. Minidumps are not enabled by default on client versions of Windows
#

---------------  S U M M A R Y ------------

Command Line: -javaagent:C:\Program Files\JetBrains\IntelliJ IDEA Community Edition 2025.2.4\lib\idea_rt.jar=54974 -Dfile.encoding=UTF-8 -Dsun.stdout.encoding=UTF-8 -Dsun.stderr.encoding=UTF-8 com.techroom.roommanagement.RoomManagementSystemApplication

Host: Intel(R) Core(TM) i7-10750H CPU @ 2.60GHz, 12 cores, 7G,  Windows 10 , 64 bit Build 19041 (10.0.19041.5915)
Time: Sun Dec 21 15:34:10 2025 SE Asia Standard Time elapsed time: 126.322719 seconds (0d 0h 2m 6s)

---------------  T H R E A D  ---------------

Current thread (0x0000023d60da2e30):  JavaThread "C1 CompilerThread0" daemon [_thread_in_vm, id=11984, stack(0x000000915f600000,0x000000915f700000) (1024K)]


Current CompileTask:
C1: 126322 10423       3       org.hibernate.sql.results.graph.internal.AbstractInitializer::getData (11 bytes)

Stack: [0x000000915f600000,0x000000915f700000]
Native frames: (J=compiled Java code, j=interpreted, Vv=VM code, C=native code)
V  [jvm.dll+0x6cbf89]
V  [jvm.dll+0x858421]
V  [jvm.dll+0x85a94e]
V  [jvm.dll+0x85b023]
V  [jvm.dll+0x27ebc6]
V  [jvm.dll+0x85403e]
V  [jvm.dll+0x66fcf5]
V  [jvm.dll+0x1e4c4c]
V  [jvm.dll+0x1e4a1e]
V  [jvm.dll+0x672623]
V  [jvm.dll+0x672442]
V  [jvm.dll+0x6706ce]
V  [jvm.dll+0x681c9a]
V  [jvm.dll+0x67ad62]
V  [jvm.dll+0x1f2750]
V  [jvm.dll+0x1f2938]
V  [jvm.dll+0x153aae]
V  [jvm.dll+0x153df4]
V  [jvm.dll+0x153226]
V  [jvm.dll+0x154ffd]
V  [jvm.dll+0x256329]
V  [jvm.dll+0x2548ba]
V  [jvm.dll+0x3efdee]
V  [jvm.dll+0x80265b]
V  [jvm.dll+0x6ca66d]
C  [ucrtbase.dll+0x21bb2]
C  [KERNEL32.DLL+0x17374]
C  [ntdll.dll+0x4cc91]


---------------  P R O C E S S  ---------------

Threads class SMR info:
_java_thread_list=0x0000023d66a01c50, length=31, elements={
0x0000023d60d96130, 0x0000023d60d97000, 0x0000023d60d99390, 0x0000023d60d9c270,
0x0000023d60d99df0, 0x0000023d60d9a850, 0x0000023d60da0380, 0x0000023d60da2e30,
0x0000023d6515cc70, 0x0000023d652fc310, 0x0000023d652fc980, 0x0000023d692e9da0,
0x0000023d65f20fa0, 0x0000023d67b44790, 0x0000023d67b44e20, 0x0000023d6810de70,
0x0000023d6810e500, 0x0000023d6810f8b0, 0x0000023d68112010, 0x0000023d6810b710,
0x0000023d6810bda0, 0x0000023d6810d150, 0x0000023d6810d7e0, 0x0000023d681126a0,
0x0000023d6810c430, 0x0000023d6810eb90, 0x0000023d6810f220, 0x0000023d68112d30,
0x0000023d6810ff40, 0x0000023d6810cac0, 0x0000023d681105d0
}

Java Threads: ( => current thread )
  0x0000023d60d96130 JavaThread "Reference Handler"          daemon [_thread_blocked, id=1344, stack(0x000000915ef00000,0x000000915f000000) (1024K)]
  0x0000023d60d97000 JavaThread "Finalizer"                  daemon [_thread_blocked, id=15040, stack(0x000000915f000000,0x000000915f100000) (1024K)]
  0x0000023d60d99390 JavaThread "Signal Dispatcher"          daemon [_thread_blocked, id=4300, stack(0x000000915f100000,0x000000915f200000) (1024K)]
  0x0000023d60d9c270 JavaThread "Attach Listener"            daemon [_thread_blocked, id=12648, stack(0x000000915f200000,0x000000915f300000) (1024K)]
  0x0000023d60d99df0 JavaThread "Service Thread"             daemon [_thread_blocked, id=2192, stack(0x000000915f300000,0x000000915f400000) (1024K)]
  0x0000023d60d9a850 JavaThread "Monitor Deflation Thread"   daemon [_thread_blocked, id=12752, stack(0x000000915f400000,0x000000915f500000) (1024K)]
  0x0000023d60da0380 JavaThread "C2 CompilerThread0"         daemon [_thread_in_native, id=6852, stack(0x000000915f500000,0x000000915f600000) (1024K)]
=>0x0000023d60da2e30 JavaThread "C1 CompilerThread0"         daemon [_thread_in_vm, id=11984, stack(0x000000915f600000,0x000000915f700000) (1024K)]
  0x0000023d6515cc70 JavaThread "Common-Cleaner"             daemon [_thread_blocked, id=3268, stack(0x000000915f700000,0x000000915f800000) (1024K)]
  0x0000023d652fc310 JavaThread "Monitor Ctrl-Break"         daemon [_thread_in_native, id=4936, stack(0x000000915fa00000,0x000000915fb00000) (1024K)]
  0x0000023d652fc980 JavaThread "Notification Thread"        daemon [_thread_blocked, id=5864, stack(0x000000915fb00000,0x000000915fc00000) (1024K)]
  0x0000023d692e9da0 JavaThread "mysql-cj-abandoned-connection-cleanup" daemon [_thread_blocked, id=12680, stack(0x0000009160300000,0x0000009160400000) (1024K)]
  0x0000023d65f20fa0 JavaThread "HikariPool-1:housekeeper"   daemon [_thread_blocked, id=13288, stack(0x0000009160b00000,0x0000009160c00000) (1024K)]
  0x0000023d67b44790 JavaThread "Catalina-utility-1"                [_thread_blocked, id=13000, stack(0x0000009160d00000,0x0000009160e00000) (1024K)]
  0x0000023d67b44e20 JavaThread "Catalina-utility-2"                [_thread_blocked, id=5028, stack(0x0000009160e00000,0x0000009160f00000) (1024K)]
  0x0000023d6810de70 JavaThread "container-0"                       [_thread_blocked, id=1432, stack(0x0000009160f00000,0x0000009161000000) (1024K)]
  0x0000023d6810e500 JavaThread "File Watcher"               daemon [_thread_blocked, id=9476, stack(0x0000009161000000,0x0000009161100000) (1024K)]
  0x0000023d6810f8b0 JavaThread "Live Reload Server"         daemon [_thread_in_native, id=6412, stack(0x0000009161200000,0x0000009161300000) (1024K)]
  0x0000023d68112010 JavaThread "http-nio-8081-exec-1"       daemon [_thread_blocked, id=13020, stack(0x0000009161100000,0x0000009161200000) (1024K)]
  0x0000023d6810b710 JavaThread "http-nio-8081-exec-2"       daemon [_thread_blocked, id=4008, stack(0x0000009161300000,0x0000009161400000) (1024K)]
  0x0000023d6810bda0 JavaThread "http-nio-8081-exec-3"       daemon [_thread_blocked, id=12632, stack(0x0000009161400000,0x0000009161500000) (1024K)]
  0x0000023d6810d150 JavaThread "http-nio-8081-exec-4"       daemon [_thread_blocked, id=11032, stack(0x0000009161500000,0x0000009161600000) (1024K)]
  0x0000023d6810d7e0 JavaThread "http-nio-8081-exec-5"       daemon [_thread_blocked, id=7324, stack(0x0000009161600000,0x0000009161700000) (1024K)]
  0x0000023d681126a0 JavaThread "http-nio-8081-exec-6"       daemon [_thread_blocked, id=8784, stack(0x0000009161700000,0x0000009161800000) (1024K)]
  0x0000023d6810c430 JavaThread "http-nio-8081-exec-7"       daemon [_thread_blocked, id=5464, stack(0x0000009161800000,0x0000009161900000) (1024K)]
  0x0000023d6810eb90 JavaThread "http-nio-8081-exec-8"       daemon [_thread_blocked, id=8948, stack(0x0000009161900000,0x0000009161a00000) (1024K)]
  0x0000023d6810f220 JavaThread "http-nio-8081-exec-9"       daemon [_thread_blocked, id=13872, stack(0x0000009161a00000,0x0000009161b00000) (1024K)]
  0x0000023d68112d30 JavaThread "http-nio-8081-exec-10"      daemon [_thread_blocked, id=8560, stack(0x0000009161b00000,0x0000009161c00000) (1024K)]
  0x0000023d6810ff40 JavaThread "http-nio-8081-Poller"       daemon [_thread_in_native, id=14708, stack(0x0000009161c00000,0x0000009161d00000) (1024K)]
  0x0000023d6810cac0 JavaThread "http-nio-8081-Acceptor"     daemon [_thread_in_native, id=14688, stack(0x0000009161d00000,0x0000009161e00000) (1024K)]
  0x0000023d681105d0 JavaThread "DestroyJavaVM"                     [_thread_blocked, id=8328, stack(0x000000915e700000,0x000000915e800000) (1024K)]
Total: 31

Other Threads:
  0x0000023d60d7bb50 VMThread "VM Thread"                           [id=8288, stack(0x000000915ee00000,0x000000915ef00000) (1024K)]
  0x0000023d60d65c10 WatcherThread "VM Periodic Task Thread"        [id=10880, stack(0x000000915ed00000,0x000000915ee00000) (1024K)]
  0x0000023d44051f70 WorkerThread "GC Thread#0"                     [id=2980, stack(0x000000915e800000,0x000000915e900000) (1024K)]
  0x0000023d6592b6e0 WorkerThread "GC Thread#1"                     [id=2404, stack(0x000000915fe00000,0x000000915ff00000) (1024K)]
  0x0000023d65bd23f0 WorkerThread "GC Thread#2"                     [id=2976, stack(0x000000915ff00000,0x0000009160000000) (1024K)]
  0x0000023d65bd27a0 WorkerThread "GC Thread#3"                     [id=12668, stack(0x0000009160000000,0x0000009160100000) (1024K)]
  0x0000023d65760390 WorkerThread "GC Thread#4"                     [id=1284, stack(0x0000009160100000,0x0000009160200000) (1024K)]
  0x0000023d65760f60 WorkerThread "GC Thread#5"                     [id=8656, stack(0x0000009160200000,0x0000009160300000) (1024K)]
  0x0000023d662b3b60 WorkerThread "GC Thread#6"                     [id=7704, stack(0x0000009160400000,0x0000009160500000) (1024K)]
  0x0000023d66404980 WorkerThread "GC Thread#7"                     [id=3484, stack(0x0000009160500000,0x0000009160600000) (1024K)]
  0x0000023d65f3cea0 WorkerThread "GC Thread#8"                     [id=12484, stack(0x0000009160600000,0x0000009160700000) (1024K)]
  0x0000023d6630a9a0 WorkerThread "GC Thread#9"                     [id=9688, stack(0x0000009160700000,0x0000009160800000) (1024K)]
  0x0000023d440629a0 ConcurrentGCThread "G1 Main Marker"            [id=6264, stack(0x000000915e900000,0x000000915ea00000) (1024K)]
  0x0000023d44063a60 WorkerThread "G1 Conc#0"                       [id=13224, stack(0x000000915ea00000,0x000000915eb00000) (1024K)]
  0x0000023d666c0dd0 WorkerThread "G1 Conc#1"                       [id=9204, stack(0x0000009160900000,0x0000009160a00000) (1024K)]
  0x0000023d666c18e0 WorkerThread "G1 Conc#2"                       [id=5544, stack(0x0000009160a00000,0x0000009160b00000) (1024K)]
  0x0000023d60c365a0 ConcurrentGCThread "G1 Refine#0"               [id=7852, stack(0x000000915eb00000,0x000000915ec00000) (1024K)]
  0x0000023d60c36dd0 ConcurrentGCThread "G1 Service"                [id=15184, stack(0x000000915ec00000,0x000000915ed00000) (1024K)]
Total: 18

Threads with active compile tasks:
C2 CompilerThread0   126352 10438       4       org.springframework.transaction.interceptor.AbstractFallbackTransactionAttributeSource::getTransactionAttribute (176 bytes)
C1 CompilerThread0   126352 10423       3       org.hibernate.sql.results.graph.internal.AbstractInitializer::getData (11 bytes)
Total: 2

VM state: not at safepoint (normal execution)

VM Mutex/Monitor currently owned by a thread:  ([mutex/lock_event])
[0x00007ff8ffcdedf0] Metaspace_lock - owner thread: 0x0000023d60da2e30

Heap address: 0x0000000082c00000, size: 2004 MB, Compressed Oops mode: 32-bit

CDS archive(s) mapped at: [0x0000023d00000000-0x0000023d00c90000-0x0000023d00c90000), size 13172736, SharedBaseAddress: 0x0000023d00000000, ArchiveRelocationMode: 1.
Compressed class space mapped at: 0x0000023d01000000-0x0000023d41000000, reserved size: 1073741824
Narrow klass base: 0x0000023d00000000, Narrow klass shift: 0, Narrow klass range: 0x100000000

GC Precious Log:
 CardTable entry size: 512
 Card Set container configuration: InlinePtr #cards 5 size 8 Array Of Cards #cards 12 size 40 Howl #buckets 4 coarsen threshold 1843 Howl Bitmap #cards 512 size 80 coarsen threshold 460 Card regions per heap region 1 cards per card region 2048
 CPUs: 12 total, 12 available
 Memory: 8013M
 Large Page Support: Disabled
 NUMA Support: Disabled
 Compressed Oops: Enabled (32-bit)
 Heap Region Size: 1M
 Heap Min Capacity: 8M
 Heap Initial Capacity: 126M
 Heap Max Capacity: 2004M
 Pre-touch: Disabled
 Parallel Workers: 10
 Concurrent Workers: 3
 Concurrent Refinement Workers: 10
 Periodic GC: Disabled

Heap:
 garbage-first heap   total 216064K, used 93370K [0x0000000082c00000, 0x0000000100000000)
  region size 1024K, 27 young (27648K), 12 survivors (12288K)
 Metaspace       used 85990K, committed 86720K, reserved 1179648K
  class space    used 11755K, committed 12096K, reserved 1048576K

Heap Regions: E=young(eden), S=young(survivor), O=old, HS=humongous(starts), HC=humongous(continues), CS=collection set, F=free, TAMS=top-at-mark-start, PB=parsable bottom
|   0|0x0000000082c00000, 0x0000000082d00000, 0x0000000082d00000|100%|HS|  |TAMS 0x0000000082c00000| PB 0x0000000082c00000| Complete 
|   1|0x0000000082d00000, 0x0000000082e00000, 0x0000000082e00000|100%|HS|  |TAMS 0x0000000082d00000| PB 0x0000000082d00000| Complete 
|   2|0x0000000082e00000, 0x0000000082f00000, 0x0000000082f00000|100%| O|  |TAMS 0x0000000082e00000| PB 0x0000000082e00000| Untracked 
|   3|0x0000000082f00000, 0x0000000083000000, 0x0000000083000000|100%| O|  |TAMS 0x0000000082f00000| PB 0x0000000082f00000| Untracked 
|   4|0x0000000083000000, 0x0000000083100000, 0x0000000083100000|100%| O|  |TAMS 0x0000000083000000| PB 0x0000000083000000| Untracked 
|   5|0x0000000083100000, 0x0000000083200000, 0x0000000083200000|100%| O|  |TAMS 0x0000000083100000| PB 0x0000000083100000| Untracked 
|   6|0x0000000083200000, 0x0000000083300000, 0x0000000083300000|100%| O|  |TAMS 0x0000000083200000| PB 0x0000000083200000| Untracked 
|   7|0x0000000083300000, 0x0000000083400000, 0x0000000083400000|100%| O|  |TAMS 0x0000000083300000| PB 0x0000000083300000| Untracked 
|   8|0x0000000083400000, 0x0000000083500000, 0x0000000083500000|100%| O|  |TAMS 0x0000000083400000| PB 0x0000000083400000| Untracked 
|   9|0x0000000083500000, 0x0000000083600000, 0x0000000083600000|100%| O|  |TAMS 0x0000000083500000| PB 0x0000000083500000| Untracked 
|  10|0x0000000083600000, 0x0000000083700000, 0x0000000083700000|100%| O|  |TAMS 0x0000000083600000| PB 0x0000000083600000| Untracked 
|  11|0x0000000083700000, 0x0000000083800000, 0x0000000083800000|100%| O|  |TAMS 0x0000000083700000| PB 0x0000000083700000| Untracked 
|  12|0x0000000083800000, 0x0000000083900000, 0x0000000083900000|100%| O|  |TAMS 0x0000000083800000| PB 0x0000000083800000| Untracked 
|  13|0x0000000083900000, 0x0000000083a00000, 0x0000000083a00000|100%| O|  |TAMS 0x0000000083900000| PB 0x0000000083900000| Untracked 
|  14|0x0000000083a00000, 0x0000000083b00000, 0x0000000083b00000|100%| O|  |TAMS 0x0000000083a00000| PB 0x0000000083a00000| Untracked 
|  15|0x0000000083b00000, 0x0000000083c00000, 0x0000000083c00000|100%| O|  |TAMS 0x0000000083b00000| PB 0x0000000083b00000| Untracked 
|  16|0x0000000083c00000, 0x0000000083d00000, 0x0000000083d00000|100%| O|  |TAMS 0x0000000083c00000| PB 0x0000000083c00000| Untracked 
|  17|0x0000000083d00000, 0x0000000083e00000, 0x0000000083e00000|100%| O|  |TAMS 0x0000000083d00000| PB 0x0000000083d00000| Untracked 
|  18|0x0000000083e00000, 0x0000000083f00000, 0x0000000083f00000|100%| O|  |TAMS 0x0000000083e00000| PB 0x0000000083e00000| Untracked 
|  19|0x0000000083f00000, 0x0000000084000000, 0x0000000084000000|100%| O|  |TAMS 0x0000000083f00000| PB 0x0000000083f00000| Untracked 
|  20|0x0000000084000000, 0x0000000084100000, 0x0000000084100000|100%| O|  |TAMS 0x0000000084000000| PB 0x0000000084000000| Untracked 
|  21|0x0000000084100000, 0x0000000084200000, 0x0000000084200000|100%| O|  |TAMS 0x0000000084100000| PB 0x0000000084100000| Untracked 
|  22|0x0000000084200000, 0x0000000084300000, 0x0000000084300000|100%| O|  |TAMS 0x0000000084200000| PB 0x0000000084200000| Untracked 
|  23|0x0000000084300000, 0x0000000084400000, 0x0000000084400000|100%| O|  |TAMS 0x0000000084300000| PB 0x0000000084300000| Untracked 
|  24|0x0000000084400000, 0x0000000084500000, 0x0000000084500000|100%| O|  |TAMS 0x0000000084400000| PB 0x0000000084400000| Untracked 
|  25|0x0000000084500000, 0x0000000084500000, 0x0000000084600000|  0%| F|  |TAMS 0x0000000084500000| PB 0x0000000084500000| Untracked 
|  26|0x0000000084600000, 0x0000000084700000, 0x0000000084700000|100%| O|  |TAMS 0x0000000084600000| PB 0x0000000084600000| Untracked 
|  27|0x0000000084700000, 0x0000000084800000, 0x0000000084800000|100%| O|  |TAMS 0x0000000084700000| PB 0x0000000084700000| Untracked 
|  28|0x0000000084800000, 0x0000000084900000, 0x0000000084900000|100%| O|  |TAMS 0x0000000084800000| PB 0x0000000084800000| Untracked 
|  29|0x0000000084900000, 0x0000000084a00000, 0x0000000084a00000|100%| O|  |TAMS 0x0000000084900000| PB 0x0000000084900000| Untracked 
|  30|0x0000000084a00000, 0x0000000084b00000, 0x0000000084b00000|100%| O|  |TAMS 0x0000000084a00000| PB 0x0000000084a00000| Untracked 
|  31|0x0000000084b00000, 0x0000000084c00000, 0x0000000084c00000|100%| O|  |TAMS 0x0000000084b00000| PB 0x0000000084b00000| Untracked 
|  32|0x0000000084c00000, 0x0000000084c00000, 0x0000000084d00000|  0%| F|  |TAMS 0x0000000084c00000| PB 0x0000000084c00000| Untracked 
|  33|0x0000000084d00000, 0x0000000084e00000, 0x0000000084e00000|100%| O|  |TAMS 0x0000000084d00000| PB 0x0000000084d00000| Untracked 
|  34|0x0000000084e00000, 0x0000000084f00000, 0x0000000084f00000|100%| O|  |TAMS 0x0000000084e00000| PB 0x0000000084e00000| Untracked 
|  35|0x0000000084f00000, 0x0000000085000000, 0x0000000085000000|100%| O|  |TAMS 0x0000000084f00000| PB 0x0000000084f00000| Untracked 
|  36|0x0000000085000000, 0x0000000085000000, 0x0000000085100000|  0%| F|  |TAMS 0x0000000085000000| PB 0x0000000085000000| Untracked 
|  37|0x0000000085100000, 0x0000000085200000, 0x0000000085200000|100%| O|Cm|TAMS 0x0000000085100000| PB 0x0000000085100000| Complete 
|  38|0x0000000085200000, 0x0000000085300000, 0x0000000085300000|100%| O|Cm|TAMS 0x0000000085200000| PB 0x0000000085200000| Complete 
|  39|0x0000000085300000, 0x0000000085400000, 0x0000000085400000|100%| O|Cm|TAMS 0x0000000085300000| PB 0x0000000085300000| Complete 
|  40|0x0000000085400000, 0x0000000085500000, 0x0000000085500000|100%| O|Cm|TAMS 0x0000000085400000| PB 0x0000000085400000| Complete 
|  41|0x0000000085500000, 0x0000000085500000, 0x0000000085600000|  0%| F|  |TAMS 0x0000000085500000| PB 0x0000000085500000| Untracked 
|  42|0x0000000085600000, 0x0000000085700000, 0x0000000085700000|100%| O|Cm|TAMS 0x0000000085600000| PB 0x0000000085600000| Complete 
|  43|0x0000000085700000, 0x0000000085800000, 0x0000000085800000|100%| O|Cm|TAMS 0x0000000085700000| PB 0x0000000085700000| Complete 
|  44|0x0000000085800000, 0x0000000085900000, 0x0000000085900000|100%| O|Cm|TAMS 0x0000000085800000| PB 0x0000000085800000| Complete 
|  45|0x0000000085900000, 0x0000000085a00000, 0x0000000085a00000|100%| O|Cm|TAMS 0x0000000085900000| PB 0x0000000085900000| Complete 
|  46|0x0000000085a00000, 0x0000000085b00000, 0x0000000085b00000|100%| O|Cm|TAMS 0x0000000085a00000| PB 0x0000000085a00000| Complete 
|  47|0x0000000085b00000, 0x0000000085c00000, 0x0000000085c00000|100%| O|  |TAMS 0x0000000085b00000| PB 0x0000000085b00000| Untracked 
|  48|0x0000000085c00000, 0x0000000085d00000, 0x0000000085d00000|100%| O|  |TAMS 0x0000000085c00000| PB 0x0000000085c00000| Untracked 
|  49|0x0000000085d00000, 0x0000000085e00000, 0x0000000085e00000|100%| O|  |TAMS 0x0000000085d00000| PB 0x0000000085d00000| Untracked 
|  50|0x0000000085e00000, 0x0000000085f00000, 0x0000000085f00000|100%| O|  |TAMS 0x0000000085e00000| PB 0x0000000085e00000| Untracked 
|  51|0x0000000085f00000, 0x0000000086000000, 0x0000000086000000|100%| O|Cm|TAMS 0x0000000085f00000| PB 0x0000000085f00000| Complete 
|  52|0x0000000086000000, 0x0000000086000000, 0x0000000086100000|  0%| F|  |TAMS 0x0000000086000000| PB 0x0000000086000000| Untracked 
|  53|0x0000000086100000, 0x0000000086200000, 0x0000000086200000|100%| O|Cm|TAMS 0x0000000086100000| PB 0x0000000086100000| Complete 
|  54|0x0000000086200000, 0x0000000086300000, 0x0000000086300000|100%| O|Cm|TAMS 0x0000000086200000| PB 0x0000000086200000| Complete 
|  55|0x0000000086300000, 0x0000000086400000, 0x0000000086400000|100%| O|  |TAMS 0x0000000086300000| PB 0x0000000086300000| Untracked 
|  56|0x0000000086400000, 0x0000000086500000, 0x0000000086500000|100%| O|  |TAMS 0x0000000086400000| PB 0x0000000086400000| Untracked 
|  57|0x0000000086500000, 0x0000000086600000, 0x0000000086600000|100%| O|  |TAMS 0x0000000086500000| PB 0x0000000086500000| Untracked 
|  58|0x0000000086600000, 0x0000000086700000, 0x0000000086700000|100%| O|  |TAMS 0x0000000086600000| PB 0x0000000086600000| Untracked 
|  59|0x0000000086700000, 0x0000000086800000, 0x0000000086800000|100%| O|  |TAMS 0x0000000086700000| PB 0x0000000086700000| Untracked 
|  60|0x0000000086800000, 0x0000000086900000, 0x0000000086900000|100%| O|  |TAMS 0x0000000086800000| PB 0x0000000086800000| Untracked 
|  61|0x0000000086900000, 0x0000000086a00000, 0x0000000086a00000|100%| O|  |TAMS 0x0000000086900000| PB 0x0000000086900000| Untracked 
|  62|0x0000000086a00000, 0x0000000086b00000, 0x0000000086b00000|100%| O|  |TAMS 0x0000000086a00000| PB 0x0000000086a00000| Untracked 
|  63|0x0000000086b00000, 0x0000000086c00000, 0x0000000086c00000|100%| O|  |TAMS 0x0000000086b00000| PB 0x0000000086b00000| Untracked 
|  64|0x0000000086c00000, 0x0000000086d00000, 0x0000000086d00000|100%| O|  |TAMS 0x0000000086c00000| PB 0x0000000086c00000| Untracked 
|  65|0x0000000086d00000, 0x0000000086e00000, 0x0000000086e00000|100%| O|  |TAMS 0x0000000086d00000| PB 0x0000000086d00000| Untracked 
|  66|0x0000000086e00000, 0x0000000086f00000, 0x0000000086f00000|100%| O|Cm|TAMS 0x0000000086e00000| PB 0x0000000086e00000| Complete 
|  67|0x0000000086f00000, 0x0000000086f00000, 0x0000000087000000|  0%| F|  |TAMS 0x0000000086f00000| PB 0x0000000086f00000| Untracked 
|  68|0x0000000087000000, 0x0000000087000000, 0x0000000087100000|  0%| F|  |TAMS 0x0000000087000000| PB 0x0000000087000000| Untracked 
|  69|0x0000000087100000, 0x0000000087100000, 0x0000000087200000|  0%| F|  |TAMS 0x0000000087100000| PB 0x0000000087100000| Untracked 
|  70|0x0000000087200000, 0x0000000087200000, 0x0000000087300000|  0%| F|  |TAMS 0x0000000087200000| PB 0x0000000087200000| Untracked 
|  71|0x0000000087300000, 0x0000000087300000, 0x0000000087400000|  0%| F|  |TAMS 0x0000000087300000| PB 0x0000000087300000| Untracked 
|  72|0x0000000087400000, 0x0000000087400000, 0x0000000087500000|  0%| F|  |TAMS 0x0000000087400000| PB 0x0000000087400000| Untracked 
|  73|0x0000000087500000, 0x0000000087500000, 0x0000000087600000|  0%| F|  |TAMS 0x0000000087500000| PB 0x0000000087500000| Untracked 
|  74|0x0000000087600000, 0x0000000087600000, 0x0000000087700000|  0%| F|  |TAMS 0x0000000087600000| PB 0x0000000087600000| Untracked 
|  75|0x0000000087700000, 0x0000000087700000, 0x0000000087800000|  0%| F|  |TAMS 0x0000000087700000| PB 0x0000000087700000| Untracked 
|  76|0x0000000087800000, 0x0000000087800000, 0x0000000087900000|  0%| F|  |TAMS 0x0000000087800000| PB 0x0000000087800000| Untracked 
|  77|0x0000000087900000, 0x0000000087900000, 0x0000000087a00000|  0%| F|  |TAMS 0x0000000087900000| PB 0x0000000087900000| Untracked 
|  78|0x0000000087a00000, 0x0000000087a00000, 0x0000000087b00000|  0%| F|  |TAMS 0x0000000087a00000| PB 0x0000000087a00000| Untracked 
|  79|0x0000000087b00000, 0x0000000087b00000, 0x0000000087c00000|  0%| F|  |TAMS 0x0000000087b00000| PB 0x0000000087b00000| Untracked 
|  80|0x0000000087c00000, 0x0000000087c00000, 0x0000000087d00000|  0%| F|  |TAMS 0x0000000087c00000| PB 0x0000000087c00000| Untracked 
|  81|0x0000000087d00000, 0x0000000087d00000, 0x0000000087e00000|  0%| F|  |TAMS 0x0000000087d00000| PB 0x0000000087d00000| Untracked 
|  82|0x0000000087e00000, 0x0000000087e00000, 0x0000000087f00000|  0%| F|  |TAMS 0x0000000087e00000| PB 0x0000000087e00000| Untracked 
|  83|0x0000000087f00000, 0x0000000087f00000, 0x0000000088000000|  0%| F|  |TAMS 0x0000000087f00000| PB 0x0000000087f00000| Untracked 
|  84|0x0000000088000000, 0x0000000088000000, 0x0000000088100000|  0%| F|  |TAMS 0x0000000088000000| PB 0x0000000088000000| Untracked 
|  85|0x0000000088100000, 0x0000000088100000, 0x0000000088200000|  0%| F|  |TAMS 0x0000000088100000| PB 0x0000000088100000| Untracked 
|  86|0x0000000088200000, 0x0000000088200000, 0x0000000088300000|  0%| F|  |TAMS 0x0000000088200000| PB 0x0000000088200000| Untracked 
|  87|0x0000000088300000, 0x0000000088300000, 0x0000000088400000|  0%| F|  |TAMS 0x0000000088300000| PB 0x0000000088300000| Untracked 
|  88|0x0000000088400000, 0x0000000088400000, 0x0000000088500000|  0%| F|  |TAMS 0x0000000088400000| PB 0x0000000088400000| Untracked 
|  89|0x0000000088500000, 0x0000000088500000, 0x0000000088600000|  0%| F|  |TAMS 0x0000000088500000| PB 0x0000000088500000| Untracked 
|  90|0x0000000088600000, 0x0000000088600000, 0x0000000088700000|  0%| F|  |TAMS 0x0000000088600000| PB 0x0000000088600000| Untracked 
|  91|0x0000000088700000, 0x000000008872e850, 0x0000000088800000| 18%| S|CS|TAMS 0x0000000088700000| PB 0x0000000088700000| Complete 
|  92|0x0000000088800000, 0x0000000088900000, 0x0000000088900000|100%| S|CS|TAMS 0x0000000088800000| PB 0x0000000088800000| Complete 
|  93|0x0000000088900000, 0x0000000088a00000, 0x0000000088a00000|100%| S|CS|TAMS 0x0000000088900000| PB 0x0000000088900000| Complete 
|  94|0x0000000088a00000, 0x0000000088b00000, 0x0000000088b00000|100%| S|CS|TAMS 0x0000000088a00000| PB 0x0000000088a00000| Complete 
|  95|0x0000000088b00000, 0x0000000088c00000, 0x0000000088c00000|100%| S|CS|TAMS 0x0000000088b00000| PB 0x0000000088b00000| Complete 
|  96|0x0000000088c00000, 0x0000000088d00000, 0x0000000088d00000|100%| S|CS|TAMS 0x0000000088c00000| PB 0x0000000088c00000| Complete 
|  97|0x0000000088d00000, 0x0000000088e00000, 0x0000000088e00000|100%| S|CS|TAMS 0x0000000088d00000| PB 0x0000000088d00000| Complete 
|  98|0x0000000088e00000, 0x0000000088f00000, 0x0000000088f00000|100%| S|CS|TAMS 0x0000000088e00000| PB 0x0000000088e00000| Complete 
|  99|0x0000000088f00000, 0x0000000089000000, 0x0000000089000000|100%| S|CS|TAMS 0x0000000088f00000| PB 0x0000000088f00000| Complete 
| 100|0x0000000089000000, 0x0000000089100000, 0x0000000089100000|100%| S|CS|TAMS 0x0000000089000000| PB 0x0000000089000000| Complete 
| 101|0x0000000089100000, 0x0000000089100000, 0x0000000089200000|  0%| F|  |TAMS 0x0000000089100000| PB 0x0000000089100000| Untracked 
| 102|0x0000000089200000, 0x0000000089200000, 0x0000000089300000|  0%| F|  |TAMS 0x0000000089200000| PB 0x0000000089200000| Untracked 
| 103|0x0000000089300000, 0x0000000089400000, 0x0000000089400000|100%| S|CS|TAMS 0x0000000089300000| PB 0x0000000089300000| Complete 
| 104|0x0000000089400000, 0x0000000089500000, 0x0000000089500000|100%| S|CS|TAMS 0x0000000089400000| PB 0x0000000089400000| Complete 
| 105|0x0000000089500000, 0x0000000089500000, 0x0000000089600000|  0%| F|  |TAMS 0x0000000089500000| PB 0x0000000089500000| Untracked 
| 106|0x0000000089600000, 0x0000000089600000, 0x0000000089700000|  0%| F|  |TAMS 0x0000000089600000| PB 0x0000000089600000| Untracked 
| 107|0x0000000089700000, 0x0000000089700000, 0x0000000089800000|  0%| F|  |TAMS 0x0000000089700000| PB 0x0000000089700000| Untracked 
| 108|0x0000000089800000, 0x0000000089800000, 0x0000000089900000|  0%| F|  |TAMS 0x0000000089800000| PB 0x0000000089800000| Untracked 
| 109|0x0000000089900000, 0x0000000089900000, 0x0000000089a00000|  0%| F|  |TAMS 0x0000000089900000| PB 0x0000000089900000| Untracked 
| 110|0x0000000089a00000, 0x0000000089a00000, 0x0000000089b00000|  0%| F|  |TAMS 0x0000000089a00000| PB 0x0000000089a00000| Untracked 
| 111|0x0000000089b00000, 0x0000000089b00000, 0x0000000089c00000|  0%| F|  |TAMS 0x0000000089b00000| PB 0x0000000089b00000| Untracked 
| 112|0x0000000089c00000, 0x0000000089c00000, 0x0000000089d00000|  0%| F|  |TAMS 0x0000000089c00000| PB 0x0000000089c00000| Untracked 
| 113|0x0000000089d00000, 0x0000000089d00000, 0x0000000089e00000|  0%| F|  |TAMS 0x0000000089d00000| PB 0x0000000089d00000| Untracked 
| 114|0x0000000089e00000, 0x0000000089e00000, 0x0000000089f00000|  0%| F|  |TAMS 0x0000000089e00000| PB 0x0000000089e00000| Untracked 
| 115|0x0000000089f00000, 0x0000000089f00000, 0x000000008a000000|  0%| F|  |TAMS 0x0000000089f00000| PB 0x0000000089f00000| Untracked 
| 116|0x000000008a000000, 0x000000008a000000, 0x000000008a100000|  0%| F|  |TAMS 0x000000008a000000| PB 0x000000008a000000| Untracked 
| 117|0x000000008a100000, 0x000000008a100000, 0x000000008a200000|  0%| F|  |TAMS 0x000000008a100000| PB 0x000000008a100000| Untracked 
| 118|0x000000008a200000, 0x000000008a200000, 0x000000008a300000|  0%| F|  |TAMS 0x000000008a200000| PB 0x000000008a200000| Untracked 
| 119|0x000000008a300000, 0x000000008a300000, 0x000000008a400000|  0%| F|  |TAMS 0x000000008a300000| PB 0x000000008a300000| Untracked 
| 120|0x000000008a400000, 0x000000008a400000, 0x000000008a500000|  0%| F|  |TAMS 0x000000008a400000| PB 0x000000008a400000| Untracked 
| 121|0x000000008a500000, 0x000000008a500000, 0x000000008a600000|  0%| F|  |TAMS 0x000000008a500000| PB 0x000000008a500000| Untracked 
| 122|0x000000008a600000, 0x000000008a600000, 0x000000008a700000|  0%| F|  |TAMS 0x000000008a600000| PB 0x000000008a600000| Untracked 
| 123|0x000000008a700000, 0x000000008a700000, 0x000000008a800000|  0%| F|  |TAMS 0x000000008a700000| PB 0x000000008a700000| Untracked 
| 124|0x000000008a800000, 0x000000008a800000, 0x000000008a900000|  0%| F|  |TAMS 0x000000008a800000| PB 0x000000008a800000| Untracked 
| 125|0x000000008a900000, 0x000000008a900000, 0x000000008aa00000|  0%| F|  |TAMS 0x000000008a900000| PB 0x000000008a900000| Untracked 
| 126|0x000000008aa00000, 0x000000008aa00000, 0x000000008ab00000|  0%| F|  |TAMS 0x000000008aa00000| PB 0x000000008aa00000| Untracked 
| 127|0x000000008ab00000, 0x000000008ab00000, 0x000000008ac00000|  0%| F|  |TAMS 0x000000008ab00000| PB 0x000000008ab00000| Untracked 
| 128|0x000000008ac00000, 0x000000008ac00000, 0x000000008ad00000|  0%| F|  |TAMS 0x000000008ac00000| PB 0x000000008ac00000| Untracked 
| 129|0x000000008ad00000, 0x000000008ad00000, 0x000000008ae00000|  0%| F|  |TAMS 0x000000008ad00000| PB 0x000000008ad00000| Untracked 
| 130|0x000000008ae00000, 0x000000008ae00000, 0x000000008af00000|  0%| F|  |TAMS 0x000000008ae00000| PB 0x000000008ae00000| Untracked 
| 131|0x000000008af00000, 0x000000008af00000, 0x000000008b000000|  0%| F|  |TAMS 0x000000008af00000| PB 0x000000008af00000| Untracked 
| 132|0x000000008b000000, 0x000000008b000000, 0x000000008b100000|  0%| F|  |TAMS 0x000000008b000000| PB 0x000000008b000000| Untracked 
| 133|0x000000008b100000, 0x000000008b100000, 0x000000008b200000|  0%| F|  |TAMS 0x000000008b100000| PB 0x000000008b100000| Untracked 
| 134|0x000000008b200000, 0x000000008b200000, 0x000000008b300000|  0%| F|  |TAMS 0x000000008b200000| PB 0x000000008b200000| Untracked 
| 135|0x000000008b300000, 0x000000008b300000, 0x000000008b400000|  0%| F|  |TAMS 0x000000008b300000| PB 0x000000008b300000| Untracked 
| 136|0x000000008b400000, 0x000000008b400000, 0x000000008b500000|  0%| F|  |TAMS 0x000000008b400000| PB 0x000000008b400000| Untracked 
| 137|0x000000008b500000, 0x000000008b500000, 0x000000008b600000|  0%| F|  |TAMS 0x000000008b500000| PB 0x000000008b500000| Untracked 
| 138|0x000000008b600000, 0x000000008b600000, 0x000000008b700000|  0%| F|  |TAMS 0x000000008b600000| PB 0x000000008b600000| Untracked 
| 139|0x000000008b700000, 0x000000008b700000, 0x000000008b800000|  0%| F|  |TAMS 0x000000008b700000| PB 0x000000008b700000| Untracked 
| 140|0x000000008b800000, 0x000000008b800000, 0x000000008b900000|  0%| F|  |TAMS 0x000000008b800000| PB 0x000000008b800000| Untracked 
| 141|0x000000008b900000, 0x000000008b900000, 0x000000008ba00000|  0%| F|  |TAMS 0x000000008b900000| PB 0x000000008b900000| Untracked 
| 142|0x000000008ba00000, 0x000000008ba00000, 0x000000008bb00000|  0%| F|  |TAMS 0x000000008ba00000| PB 0x000000008ba00000| Untracked 
| 143|0x000000008bb00000, 0x000000008bb00000, 0x000000008bc00000|  0%| F|  |TAMS 0x000000008bb00000| PB 0x000000008bb00000| Untracked 
| 144|0x000000008bc00000, 0x000000008bc00000, 0x000000008bd00000|  0%| F|  |TAMS 0x000000008bc00000| PB 0x000000008bc00000| Untracked 
| 145|0x000000008bd00000, 0x000000008bd00000, 0x000000008be00000|  0%| F|  |TAMS 0x000000008bd00000| PB 0x000000008bd00000| Untracked 
| 146|0x000000008be00000, 0x000000008be00000, 0x000000008bf00000|  0%| F|  |TAMS 0x000000008be00000| PB 0x000000008be00000| Untracked 
| 147|0x000000008bf00000, 0x000000008bf00000, 0x000000008c000000|  0%| F|  |TAMS 0x000000008bf00000| PB 0x000000008bf00000| Untracked 
| 148|0x000000008c000000, 0x000000008c000000, 0x000000008c100000|  0%| F|  |TAMS 0x000000008c000000| PB 0x000000008c000000| Untracked 
| 149|0x000000008c100000, 0x000000008c100000, 0x000000008c200000|  0%| F|  |TAMS 0x000000008c100000| PB 0x000000008c100000| Untracked 
| 150|0x000000008c200000, 0x000000008c200000, 0x000000008c300000|  0%| F|  |TAMS 0x000000008c200000| PB 0x000000008c200000| Untracked 
| 151|0x000000008c300000, 0x000000008c300000, 0x000000008c400000|  0%| F|  |TAMS 0x000000008c300000| PB 0x000000008c300000| Untracked 
| 152|0x000000008c400000, 0x000000008c400000, 0x000000008c500000|  0%| F|  |TAMS 0x000000008c400000| PB 0x000000008c400000| Untracked 
| 153|0x000000008c500000, 0x000000008c500000, 0x000000008c600000|  0%| F|  |TAMS 0x000000008c500000| PB 0x000000008c500000| Untracked 
| 154|0x000000008c600000, 0x000000008c600000, 0x000000008c700000|  0%| F|  |TAMS 0x000000008c600000| PB 0x000000008c600000| Untracked 
| 155|0x000000008c700000, 0x000000008c700000, 0x000000008c800000|  0%| F|  |TAMS 0x000000008c700000| PB 0x000000008c700000| Untracked 
| 156|0x000000008c800000, 0x000000008c800000, 0x000000008c900000|  0%| F|  |TAMS 0x000000008c800000| PB 0x000000008c800000| Untracked 
| 157|0x000000008c900000, 0x000000008c900000, 0x000000008ca00000|  0%| F|  |TAMS 0x000000008c900000| PB 0x000000008c900000| Untracked 
| 158|0x000000008ca00000, 0x000000008ca00000, 0x000000008cb00000|  0%| F|  |TAMS 0x000000008ca00000| PB 0x000000008ca00000| Untracked 
| 159|0x000000008cb00000, 0x000000008cb00000, 0x000000008cc00000|  0%| F|  |TAMS 0x000000008cb00000| PB 0x000000008cb00000| Untracked 
| 160|0x000000008cc00000, 0x000000008cc00000, 0x000000008cd00000|  0%| F|  |TAMS 0x000000008cc00000| PB 0x000000008cc00000| Untracked 
| 161|0x000000008cd00000, 0x000000008cd00000, 0x000000008ce00000|  0%| F|  |TAMS 0x000000008cd00000| PB 0x000000008cd00000| Untracked 
| 162|0x000000008ce00000, 0x000000008ce00000, 0x000000008cf00000|  0%| F|  |TAMS 0x000000008ce00000| PB 0x000000008ce00000| Untracked 
| 163|0x000000008cf00000, 0x000000008cf00000, 0x000000008d000000|  0%| F|  |TAMS 0x000000008cf00000| PB 0x000000008cf00000| Untracked 
| 164|0x000000008d000000, 0x000000008d000000, 0x000000008d100000|  0%| F|  |TAMS 0x000000008d000000| PB 0x000000008d000000| Untracked 
| 165|0x000000008d100000, 0x000000008d100000, 0x000000008d200000|  0%| F|  |TAMS 0x000000008d100000| PB 0x000000008d100000| Untracked 
| 166|0x000000008d200000, 0x000000008d200000, 0x000000008d300000|  0%| F|  |TAMS 0x000000008d200000| PB 0x000000008d200000| Untracked 
| 167|0x000000008d300000, 0x000000008d300000, 0x000000008d400000|  0%| F|  |TAMS 0x000000008d300000| PB 0x000000008d300000| Untracked 
| 168|0x000000008d400000, 0x000000008d400000, 0x000000008d500000|  0%| F|  |TAMS 0x000000008d400000| PB 0x000000008d400000| Untracked 
| 169|0x000000008d500000, 0x000000008d500000, 0x000000008d600000|  0%| F|  |TAMS 0x000000008d500000| PB 0x000000008d500000| Untracked 
| 170|0x000000008d600000, 0x000000008d600000, 0x000000008d700000|  0%| F|  |TAMS 0x000000008d600000| PB 0x000000008d600000| Untracked 
| 171|0x000000008d700000, 0x000000008d700000, 0x000000008d800000|  0%| F|  |TAMS 0x000000008d700000| PB 0x000000008d700000| Untracked 
| 172|0x000000008d800000, 0x000000008d800000, 0x000000008d900000|  0%| F|  |TAMS 0x000000008d800000| PB 0x000000008d800000| Untracked 
| 173|0x000000008d900000, 0x000000008d900000, 0x000000008da00000|  0%| F|  |TAMS 0x000000008d900000| PB 0x000000008d900000| Untracked 
| 174|0x000000008da00000, 0x000000008da00000, 0x000000008db00000|  0%| F|  |TAMS 0x000000008da00000| PB 0x000000008da00000| Untracked 
| 175|0x000000008db00000, 0x000000008db00000, 0x000000008dc00000|  0%| F|  |TAMS 0x000000008db00000| PB 0x000000008db00000| Untracked 
| 176|0x000000008dc00000, 0x000000008dc00000, 0x000000008dd00000|  0%| F|  |TAMS 0x000000008dc00000| PB 0x000000008dc00000| Untracked 
| 177|0x000000008dd00000, 0x000000008dd00000, 0x000000008de00000|  0%| F|  |TAMS 0x000000008dd00000| PB 0x000000008dd00000| Untracked 
| 178|0x000000008de00000, 0x000000008de00000, 0x000000008df00000|  0%| F|  |TAMS 0x000000008de00000| PB 0x000000008de00000| Untracked 
| 179|0x000000008df00000, 0x000000008df00000, 0x000000008e000000|  0%| F|  |TAMS 0x000000008df00000| PB 0x000000008df00000| Untracked 
| 180|0x000000008e000000, 0x000000008e000000, 0x000000008e100000|  0%| F|  |TAMS 0x000000008e000000| PB 0x000000008e000000| Untracked 
| 181|0x000000008e100000, 0x000000008e100000, 0x000000008e200000|  0%| F|  |TAMS 0x000000008e100000| PB 0x000000008e100000| Untracked 
| 182|0x000000008e200000, 0x000000008e200000, 0x000000008e300000|  0%| F|  |TAMS 0x000000008e200000| PB 0x000000008e200000| Untracked 
| 183|0x000000008e300000, 0x000000008e300000, 0x000000008e400000|  0%| F|  |TAMS 0x000000008e300000| PB 0x000000008e300000| Untracked 
| 184|0x000000008e400000, 0x000000008e400000, 0x000000008e500000|  0%| F|  |TAMS 0x000000008e400000| PB 0x000000008e400000| Untracked 
| 185|0x000000008e500000, 0x000000008e500000, 0x000000008e600000|  0%| F|  |TAMS 0x000000008e500000| PB 0x000000008e500000| Untracked 
| 186|0x000000008e600000, 0x000000008e600000, 0x000000008e700000|  0%| F|  |TAMS 0x000000008e600000| PB 0x000000008e600000| Untracked 
| 187|0x000000008e700000, 0x000000008e700000, 0x000000008e800000|  0%| F|  |TAMS 0x000000008e700000| PB 0x000000008e700000| Untracked 
| 188|0x000000008e800000, 0x000000008e800000, 0x000000008e900000|  0%| F|  |TAMS 0x000000008e800000| PB 0x000000008e800000| Untracked 
| 189|0x000000008e900000, 0x000000008e900000, 0x000000008ea00000|  0%| F|  |TAMS 0x000000008e900000| PB 0x000000008e900000| Untracked 
| 190|0x000000008ea00000, 0x000000008ea00000, 0x000000008eb00000|  0%| F|  |TAMS 0x000000008ea00000| PB 0x000000008ea00000| Untracked 
| 191|0x000000008eb00000, 0x000000008eb00000, 0x000000008ec00000|  0%| F|  |TAMS 0x000000008eb00000| PB 0x000000008eb00000| Untracked 
| 192|0x000000008ec00000, 0x000000008ec8b2a8, 0x000000008ed00000| 54%| E|  |TAMS 0x000000008ec00000| PB 0x000000008ec00000| Complete 
| 193|0x000000008ed00000, 0x000000008ee00000, 0x000000008ee00000|100%| E|CS|TAMS 0x000000008ed00000| PB 0x000000008ed00000| Complete 
| 194|0x000000008ee00000, 0x000000008ef00000, 0x000000008ef00000|100%| E|CS|TAMS 0x000000008ee00000| PB 0x000000008ee00000| Complete 
| 195|0x000000008ef00000, 0x000000008f000000, 0x000000008f000000|100%| E|CS|TAMS 0x000000008ef00000| PB 0x000000008ef00000| Complete 
| 196|0x000000008f000000, 0x000000008f100000, 0x000000008f100000|100%| E|CS|TAMS 0x000000008f000000| PB 0x000000008f000000| Complete 
| 197|0x000000008f100000, 0x000000008f200000, 0x000000008f200000|100%| E|CS|TAMS 0x000000008f100000| PB 0x000000008f100000| Complete 
| 198|0x000000008f200000, 0x000000008f300000, 0x000000008f300000|100%| E|CS|TAMS 0x000000008f200000| PB 0x000000008f200000| Complete 
| 199|0x000000008f300000, 0x000000008f400000, 0x000000008f400000|100%| E|CS|TAMS 0x000000008f300000| PB 0x000000008f300000| Complete 
| 200|0x000000008f400000, 0x000000008f500000, 0x000000008f500000|100%| E|CS|TAMS 0x000000008f400000| PB 0x000000008f400000| Complete 
| 201|0x000000008f500000, 0x000000008f600000, 0x000000008f600000|100%| E|CS|TAMS 0x000000008f500000| PB 0x000000008f500000| Complete 
| 202|0x000000008f600000, 0x000000008f700000, 0x000000008f700000|100%| E|CS|TAMS 0x000000008f600000| PB 0x000000008f600000| Complete 
| 203|0x000000008f700000, 0x000000008f800000, 0x000000008f800000|100%| E|CS|TAMS 0x000000008f700000| PB 0x000000008f700000| Complete 
| 204|0x000000008f800000, 0x000000008f900000, 0x000000008f900000|100%| E|CS|TAMS 0x000000008f800000| PB 0x000000008f800000| Complete 
|1998|0x00000000ffa00000, 0x00000000ffb00000, 0x00000000ffb00000|100%| O|Cm|TAMS 0x00000000ffa00000| PB 0x00000000ffa00000| Complete 
|1999|0x00000000ffb00000, 0x00000000ffc00000, 0x00000000ffc00000|100%| E|CS|TAMS 0x00000000ffb00000| PB 0x00000000ffb00000| Complete 
|2000|0x00000000ffc00000, 0x00000000ffd00000, 0x00000000ffd00000|100%| E|CS|TAMS 0x00000000ffc00000| PB 0x00000000ffc00000| Complete 
|2001|0x00000000ffd00000, 0x00000000ffe00000, 0x00000000ffe00000|100%| O|Cm|TAMS 0x00000000ffd00000| PB 0x00000000ffd00000| Complete 
|2002|0x00000000ffe00000, 0x00000000fff00000, 0x00000000fff00000|100%| O|  |TAMS 0x00000000ffe00000| PB 0x00000000ffe00000| Untracked 
|2003|0x00000000fff00000, 0x0000000100000000, 0x0000000100000000|100%| O|Cm|TAMS 0x00000000fff00000| PB 0x00000000fff00000| Complete 

Card table byte_map: [0x0000023d5bdf0000,0x0000023d5c1e0000] _byte_map_base: 0x0000023d5b9da000

Marking Bits: (CMBitMap*) 0x0000023d44052490
 Bits: [0x0000023d5c1e0000, 0x0000023d5e130000)

Polling page: 0x0000023d41f80000

Metaspace:

Usage:
  Non-class:     72.50 MB used.
      Class:     11.48 MB used.
       Both:     83.98 MB used.

Virtual space:
  Non-class space:      128.00 MB reserved,      72.88 MB ( 57%) committed,  2 nodes.
      Class space:        1.00 GB reserved,      11.81 MB (  1%) committed,  1 nodes.
             Both:        1.12 GB reserved,      84.69 MB (  7%) committed. 

Chunk freelists:
   Non-Class:  6.48 MB
       Class:  4.06 MB
        Both:  10.55 MB

MaxMetaspaceSize: unlimited
CompressedClassSpaceSize: 1.00 GB
Initial GC threshold: 21.00 MB
Current GC threshold: 121.50 MB
CDS: on
 - commit_granule_bytes: 65536.
 - commit_granule_words: 8192.
 - virtual_space_node_default_size: 8388608.
 - enlarge_chunks_in_place: 1.
 - use_allocation_guard: 0.


Internal statistics:

num_allocs_failed_limit: 6.
num_arena_births: 1156.
num_arena_deaths: 0.
num_vsnodes_births: 3.
num_vsnodes_deaths: 0.
num_space_committed: 1355.
num_space_uncommitted: 0.
num_chunks_returned_to_freelist: 6.
num_chunks_taken_from_freelist: 4456.
num_chunk_merges: 3.
num_chunk_splits: 3176.
num_chunks_enlarged: 2426.
num_inconsistent_stats: 0.

CodeHeap 'non-profiled nmethods': size=120000Kb used=6582Kb max_used=6582Kb free=113417Kb
 bounds [0x0000023d53f70000, 0x0000023d545e0000, 0x0000023d5b4a0000]
CodeHeap 'profiled nmethods': size=120000Kb used=17377Kb max_used=17377Kb free=102622Kb
 bounds [0x0000023d4c4a0000, 0x0000023d4d5a0000, 0x0000023d539d0000]
CodeHeap 'non-nmethods': size=5760Kb used=1725Kb max_used=1788Kb free=4034Kb
 bounds [0x0000023d539d0000, 0x0000023d53c40000, 0x0000023d53f70000]
 total_blobs=9870 nmethods=9121 adapters=652
 compilation: enabled
              stopped_count=0, restarted_count=0
 full_count=0

Compilation events (20 events):
Event: 126.313 Thread 0x0000023d60da2e30 nmethod 10411 0x0000023d4d595010 code [0x0000023d4d595320, 0x0000023d4d5966c0]
Event: 126.313 Thread 0x0000023d60da2e30 10413       3       org.springframework.web.util.pattern.PathPattern$MatchingContext::<init> (48 bytes)
Event: 126.313 Thread 0x0000023d60da2e30 nmethod 10413 0x0000023d4d596e10 code [0x0000023d4d596fe0, 0x0000023d4d597410]
Event: 126.313 Thread 0x0000023d60da2e30 10412       1       org.springframework.web.servlet.handler.MatchableHandlerMapping::getPatternParser (2 bytes)
Event: 126.313 Thread 0x0000023d60da2e30 nmethod 10412 0x0000023d545dc510 code [0x0000023d545dc6a0, 0x0000023d545dc770]
Event: 126.315 Thread 0x0000023d60da2e30 10414       3       org.hibernate.query.sqm.sql.BaseSqmToSqlAstConverter::getSqlExpressionResolver (10 bytes)
Event: 126.316 Thread 0x0000023d60da2e30 nmethod 10414 0x0000023d4d597590 code [0x0000023d4d597780, 0x0000023d4d597d10]
Event: 126.316 Thread 0x0000023d60da2e30 10415       1       org.hibernate.sql.ast.tree.predicate.ComparisonPredicate::getLeftHandExpression (5 bytes)
Event: 126.316 Thread 0x0000023d60da2e30 nmethod 10415 0x0000023d545dc810 code [0x0000023d545dc9a0, 0x0000023d545dca68]
Event: 126.316 Thread 0x0000023d60da2e30 10416       1       org.hibernate.sql.ast.tree.predicate.ComparisonPredicate::getRightHandExpression (5 bytes)
Event: 126.316 Thread 0x0000023d60da2e30 nmethod 10416 0x0000023d545dcb10 code [0x0000023d545dcca0, 0x0000023d545dcd68]
Event: 126.318 Thread 0x0000023d60da2e30 10417       1       org.hibernate.sql.ast.tree.select.QueryPart::getFetchClauseType (5 bytes)
Event: 126.318 Thread 0x0000023d60da2e30 nmethod 10417 0x0000023d545dce10 code [0x0000023d545dcfa0, 0x0000023d545dd068]
Event: 126.318 Thread 0x0000023d60da2e30 10418       1       org.hibernate.tuple.entity.EntityMetamodel::getRootName (5 bytes)
Event: 126.319 Thread 0x0000023d60da2e30 nmethod 10418 0x0000023d545dd110 code [0x0000023d545dd2a0, 0x0000023d545dd368]
Event: 126.319 Thread 0x0000023d60da2e30 10419       3       org.hibernate.sql.results.graph.basic.BasicFetch::createAssembler (5 bytes)
Event: 126.319 Thread 0x0000023d60da2e30 nmethod 10419 0x0000023d4d597f10 code [0x0000023d4d5980a0, 0x0000023d4d5981b0]
Event: 126.319 Thread 0x0000023d60da2e30 10420       3       java.util.Calendar::getInstance (6 bytes)
Event: 126.319 Thread 0x0000023d60da2e30 nmethod 10420 0x0000023d4d598290 code [0x0000023d4d598440, 0x0000023d4d598558]
Event: 126.319 Thread 0x0000023d60da2e30 10423       3       org.hibernate.sql.results.graph.internal.AbstractInitializer::getData (11 bytes)

GC Heap History (20 events):
Event: 5.119 GC heap before
{Heap before GC invocations=18 (full 0):
 garbage-first heap   total 66560K, used 58025K [0x0000000082c00000, 0x0000000100000000)
  region size 1024K, 28 young (28672K), 4 survivors (4096K)
 Metaspace       used 68728K, committed 69376K, reserved 1114112K
  class space    used 9459K, committed 9728K, reserved 1048576K
}
Event: 5.124 GC heap after
{Heap after GC invocations=19 (full 0):
 garbage-first heap   total 66560K, used 34602K [0x0000000082c00000, 0x0000000100000000)
  region size 1024K, 2 young (2048K), 2 survivors (2048K)
 Metaspace       used 68728K, committed 69376K, reserved 1114112K
  class space    used 9459K, committed 9728K, reserved 1048576K
}
Event: 5.214 GC heap before
{Heap before GC invocations=19 (full 0):
 garbage-first heap   total 66560K, used 59178K [0x0000000082c00000, 0x0000000100000000)
  region size 1024K, 26 young (26624K), 2 survivors (2048K)
 Metaspace       used 70623K, committed 71296K, reserved 1114112K
  class space    used 9737K, committed 10048K, reserved 1048576K
}
Event: 5.216 GC heap after
{Heap after GC invocations=20 (full 0):
 garbage-first heap   total 66560K, used 34756K [0x0000000082c00000, 0x0000000100000000)
  region size 1024K, 2 young (2048K), 2 survivors (2048K)
 Metaspace       used 70623K, committed 71296K, reserved 1114112K
  class space    used 9737K, committed 10048K, reserved 1048576K
}
Event: 5.293 GC heap before
{Heap before GC invocations=21 (full 0):
 garbage-first heap   total 76800K, used 58308K [0x0000000082c00000, 0x0000000100000000)
  region size 1024K, 25 young (25600K), 2 survivors (2048K)
 Metaspace       used 70951K, committed 71680K, reserved 1114112K
  class space    used 9800K, committed 10112K, reserved 1048576K
}
Event: 5.295 GC heap after
{Heap after GC invocations=22 (full 0):
 garbage-first heap   total 76800K, used 37089K [0x0000000082c00000, 0x0000000100000000)
  region size 1024K, 4 young (4096K), 4 survivors (4096K)
 Metaspace       used 70951K, committed 71680K, reserved 1114112K
  class space    used 9800K, committed 10112K, reserved 1048576K
}
Event: 5.342 GC heap before
{Heap before GC invocations=22 (full 0):
 garbage-first heap   total 76800K, used 66785K [0x0000000082c00000, 0x0000000100000000)
  region size 1024K, 33 young (33792K), 4 survivors (4096K)
 Metaspace       used 70968K, committed 71680K, reserved 1114112K
  class space    used 9801K, committed 10112K, reserved 1048576K
}
Event: 5.348 GC heap after
{Heap after GC invocations=23 (full 0):
 garbage-first heap   total 77824K, used 42744K [0x0000000082c00000, 0x0000000100000000)
  region size 1024K, 5 young (5120K), 5 survivors (5120K)
 Metaspace       used 70968K, committed 71680K, reserved 1114112K
  class space    used 9801K, committed 10112K, reserved 1048576K
}
Event: 5.377 GC heap before
{Heap before GC invocations=23 (full 0):
 garbage-first heap   total 77824K, used 67320K [0x0000000082c00000, 0x0000000100000000)
  region size 1024K, 29 young (29696K), 5 survivors (5120K)
 Metaspace       used 70974K, committed 71680K, reserved 1114112K
  class space    used 9801K, committed 10112K, reserved 1048576K
}
Event: 5.384 GC heap after
{Heap after GC invocations=24 (full 0):
 garbage-first heap   total 82944K, used 52496K [0x0000000082c00000, 0x0000000100000000)
  region size 1024K, 4 young (4096K), 4 survivors (4096K)
 Metaspace       used 70974K, committed 71680K, reserved 1114112K
  class space    used 9801K, committed 10112K, reserved 1048576K
}
Event: 5.410 GC heap before
{Heap before GC invocations=24 (full 0):
 garbage-first heap   total 116736K, used 69904K [0x0000000082c00000, 0x0000000100000000)
  region size 1024K, 22 young (22528K), 4 survivors (4096K)
 Metaspace       used 70974K, committed 71680K, reserved 1114112K
  class space    used 9801K, committed 10112K, reserved 1048576K
}
Event: 5.417 GC heap after
{Heap after GC invocations=25 (full 0):
 garbage-first heap   total 216064K, used 61247K [0x0000000082c00000, 0x0000000100000000)
  region size 1024K, 3 young (3072K), 3 survivors (3072K)
 Metaspace       used 70974K, committed 71680K, reserved 1114112K
  class space    used 9801K, committed 10112K, reserved 1048576K
}
Event: 5.711 GC heap before
{Heap before GC invocations=26 (full 0):
 garbage-first heap   total 216064K, used 158527K [0x0000000082c00000, 0x0000000100000000)
  region size 1024K, 98 young (100352K), 3 survivors (3072K)
 Metaspace       used 71894K, committed 72576K, reserved 1114112K
  class space    used 9930K, committed 10240K, reserved 1048576K
}
Event: 5.721 GC heap after
{Heap after GC invocations=27 (full 0):
 garbage-first heap   total 216064K, used 73210K [0x0000000082c00000, 0x0000000100000000)
  region size 1024K, 13 young (13312K), 13 survivors (13312K)
 Metaspace       used 71894K, committed 72576K, reserved 1114112K
  class space    used 9930K, committed 10240K, reserved 1048576K
}
Event: 5.858 GC heap before
{Heap before GC invocations=27 (full 0):
 garbage-first heap   total 216064K, used 168442K [0x0000000082c00000, 0x0000000100000000)
  region size 1024K, 106 young (108544K), 13 survivors (13312K)
 Metaspace       used 72045K, committed 72768K, reserved 1114112K
  class space    used 9943K, committed 10240K, reserved 1048576K
}
Event: 5.866 GC heap after
{Heap after GC invocations=28 (full 0):
 garbage-first heap   total 216064K, used 77013K [0x0000000082c00000, 0x0000000100000000)
  region size 1024K, 4 young (4096K), 4 survivors (4096K)
 Metaspace       used 72045K, committed 72768K, reserved 1114112K
  class space    used 9943K, committed 10240K, reserved 1048576K
}
Event: 6.250 GC heap before
{Heap before GC invocations=28 (full 0):
 garbage-first heap   total 216064K, used 174293K [0x0000000082c00000, 0x0000000100000000)
  region size 1024K, 99 young (101376K), 4 survivors (4096K)
 Metaspace       used 73878K, committed 74624K, reserved 1114112K
  class space    used 10130K, committed 10496K, reserved 1048576K
}
Event: 6.252 GC heap after
{Heap after GC invocations=29 (full 0):
 garbage-first heap   total 216064K, used 78315K [0x0000000082c00000, 0x0000000100000000)
  region size 1024K, 5 young (5120K), 5 survivors (5120K)
 Metaspace       used 73878K, committed 74624K, reserved 1114112K
  class space    used 10130K, committed 10496K, reserved 1048576K
}
Event: 50.933 GC heap before
{Heap before GC invocations=30 (full 0):
 garbage-first heap   total 216064K, used 172523K [0x0000000082c00000, 0x0000000100000000)
  region size 1024K, 104 young (106496K), 5 survivors (5120K)
 Metaspace       used 85923K, committed 86720K, reserved 1179648K
  class space    used 11754K, committed 12096K, reserved 1048576K
}
Event: 50.943 GC heap after
{Heap after GC invocations=31 (full 0):
 garbage-first heap   total 216064K, used 79034K [0x0000000082c00000, 0x0000000100000000)
  region size 1024K, 12 young (12288K), 12 survivors (12288K)
 Metaspace       used 85923K, committed 86720K, reserved 1179648K
  class space    used 11754K, committed 12096K, reserved 1048576K
}

Dll operation events (12 events):
Event: 0.009 Loaded shared library C:\Program Files\Java\jdk-21\bin\java.dll
Event: 0.038 Loaded shared library C:\Program Files\Java\jdk-21\bin\jsvml.dll
Event: 0.095 Loaded shared library C:\Program Files\Java\jdk-21\bin\zip.dll
Event: 0.099 Loaded shared library C:\Program Files\Java\jdk-21\bin\instrument.dll
Event: 0.103 Loaded shared library C:\Program Files\Java\jdk-21\bin\net.dll
Event: 0.104 Loaded shared library C:\Program Files\Java\jdk-21\bin\nio.dll
Event: 0.105 Loaded shared library C:\Program Files\Java\jdk-21\bin\zip.dll
Event: 0.177 Loaded shared library C:\Program Files\Java\jdk-21\bin\extnet.dll
Event: 0.200 Loaded shared library C:\Program Files\Java\jdk-21\bin\jimage.dll
Event: 0.404 Loaded shared library C:\Program Files\Java\jdk-21\bin\management.dll
Event: 0.408 Loaded shared library C:\Program Files\Java\jdk-21\bin\management_ext.dll
Event: 1.310 Loaded shared library C:\Program Files\Java\jdk-21\bin\sunmscapi.dll

Deoptimization events (20 events):
Event: 19.698 Thread 0x0000023d6810d150 DEOPT PACKING pc=0x0000023d5459e1a4 sp=0x00000091615fb450
Event: 19.698 Thread 0x0000023d6810d150 DEOPT UNPACKING pc=0x0000023d53a246a2 sp=0x00000091615fb420 mode 2
Event: 22.910 Thread 0x0000023d6810eb90 Uncommon trap: trap_request=0xffffffde fr.pc=0x0000023d5459e1a4 relative=0x0000000000000a84
Event: 22.910 Thread 0x0000023d6810eb90 Uncommon trap: reason=class_check action=maybe_recompile pc=0x0000023d5459e1a4 method=org.springframework.core.MethodParameter.getGenericParameterType()Ljava/lang/reflect/Type; @ 17 c2
Event: 22.910 Thread 0x0000023d6810eb90 DEOPT PACKING pc=0x0000023d5459e1a4 sp=0x00000091619fb870
Event: 22.910 Thread 0x0000023d6810eb90 DEOPT UNPACKING pc=0x0000023d53a246a2 sp=0x00000091619fb840 mode 2
Event: 22.954 Thread 0x0000023d6810f220 Uncommon trap: trap_request=0xffffffde fr.pc=0x0000023d5459e1a4 relative=0x0000000000000a84
Event: 22.954 Thread 0x0000023d6810f220 Uncommon trap: reason=class_check action=maybe_recompile pc=0x0000023d5459e1a4 method=org.springframework.core.MethodParameter.getGenericParameterType()Ljava/lang/reflect/Type; @ 17 c2
Event: 22.954 Thread 0x0000023d6810f220 DEOPT PACKING pc=0x0000023d5459e1a4 sp=0x0000009161afb1a0
Event: 22.954 Thread 0x0000023d6810f220 DEOPT UNPACKING pc=0x0000023d53a246a2 sp=0x0000009161afb170 mode 2
Event: 26.903 Thread 0x0000023d6810b710 Uncommon trap: trap_request=0xffffffde fr.pc=0x0000023d5459e1a4 relative=0x0000000000000a84
Event: 26.903 Thread 0x0000023d6810b710 Uncommon trap: reason=class_check action=maybe_recompile pc=0x0000023d5459e1a4 method=org.springframework.core.MethodParameter.getGenericParameterType()Ljava/lang/reflect/Type; @ 17 c2
Event: 26.903 Thread 0x0000023d6810b710 DEOPT PACKING pc=0x0000023d5459e1a4 sp=0x00000091613fb150
Event: 26.903 Thread 0x0000023d6810b710 DEOPT UNPACKING pc=0x0000023d53a246a2 sp=0x00000091613fb120 mode 2
Event: 26.908 Thread 0x0000023d6810bda0 DEOPT PACKING pc=0x0000023d4d414455 sp=0x00000091614fc320
Event: 26.908 Thread 0x0000023d6810bda0 DEOPT UNPACKING pc=0x0000023d53a24e42 sp=0x00000091614fb790 mode 0
Event: 37.239 Thread 0x0000023d6810c430 Uncommon trap: trap_request=0xffffff45 fr.pc=0x0000023d54331054 relative=0x0000000000000614
Event: 37.239 Thread 0x0000023d6810c430 Uncommon trap: reason=unstable_if action=reinterpret pc=0x0000023d54331054 method=java.util.ArrayList.toArray([Ljava/lang/Object;)[Ljava/lang/Object; @ 45 c2
Event: 37.239 Thread 0x0000023d6810c430 DEOPT PACKING pc=0x0000023d54331054 sp=0x00000091618fb830
Event: 37.239 Thread 0x0000023d6810c430 DEOPT UNPACKING pc=0x0000023d53a246a2 sp=0x00000091618fb838 mode 2

Classes loaded (20 events):
Event: 19.071 Loading class sun/nio/cs/Surrogate$Parser
Event: 19.071 Loading class sun/nio/cs/Surrogate$Parser done
Event: 19.071 Loading class sun/nio/cs/Surrogate
Event: 19.071 Loading class sun/nio/cs/Surrogate done
Event: 19.140 Loading class java/util/AbstractMap$SimpleEntry
Event: 19.140 Loading class java/util/AbstractMap$SimpleEntry done
Event: 19.267 Loading class java/util/stream/LongStream
Event: 19.267 Loading class java/util/stream/LongStream done
Event: 19.267 Loading class java/util/stream/DoubleStream
Event: 19.267 Loading class java/util/stream/DoubleStream done
Event: 19.278 Loading class org/w3c/dom/Node
Event: 19.278 Loading class org/w3c/dom/Node done
Event: 19.278 Loading class org/w3c/dom/Document
Event: 19.278 Loading class org/w3c/dom/Document done
Event: 19.290 Loading class java/math/BigDecimal$StringBuilderHelper
Event: 19.290 Loading class java/math/BigDecimal$StringBuilderHelper done
Event: 37.243 Loading class java/lang/Throwable$WrappedPrintStream
Event: 37.243 Loading class java/lang/Throwable$PrintStreamOrWriter
Event: 37.243 Loading class java/lang/Throwable$PrintStreamOrWriter done
Event: 37.243 Loading class java/lang/Throwable$WrappedPrintStream done

Classes unloaded (0 events):
No events

Classes redefined (0 events):
No events

Internal exceptions (20 events):
Event: 6.734 Thread 0x0000023d6556b030 Exception <a 'java/lang/NoSuchMethodError'{0x000000008d4575d8}: 'java.lang.Object java.lang.invoke.DirectMethodHandle$Holder.invokeInterface(java.lang.Object, java.lang.Object, java.lang.Object, java.lang.Object)'> (0x000000008d4575d8) 
thrown [s\open\src\hotspot\share\interpreter\linkResolver.cpp, line 773]
Event: 6.785 Thread 0x0000023d6556b030 Exception <a 'java/lang/NoSuchMethodError'{0x000000008cf25870}: 'int java.lang.invoke.DirectMethodHandle$Holder.invokeStaticInit(java.lang.Object, java.lang.Object, java.lang.Object, java.lang.Object)'> (0x000000008cf25870) 
thrown [s\open\src\hotspot\share\interpreter\linkResolver.cpp, line 773]
Event: 6.788 Thread 0x0000023d6556b030 Implicit null exception at 0x0000023d541b38a0 to 0x0000023d541b3cfc
Event: 6.815 Thread 0x0000023d6556b030 Exception <a 'java/lang/IncompatibleClassChangeError'{0x000000008cc1d2c0}: Found class java.lang.Object, but interface was expected> (0x000000008cc1d2c0) 
thrown [s\open\src\hotspot\share\interpreter\linkResolver.cpp, line 840]
Event: 6.838 Thread 0x0000023d6556b030 Exception <a 'java/lang/NoSuchMethodError'{0x000000008ca835a0}: 'java.lang.Object java.lang.invoke.Invokers$Holder.invoke_MT(java.lang.Object, java.lang.Object, java.lang.Object, java.lang.Object, java.lang.Object, java.lang.Object, java.lang.Object, java.lang.Object, java.lang.Object, java.lang.Object, java.lang.Object)'> (0x000000008ca835a0) 
thrown [s\open\src\hotspot\share\interpreter\linkResolver.cpp, line 773]
Event: 6.897 Thread 0x0000023d6556b030 Exception <a 'java/lang/NoSuchMethodError'{0x000000008c4e02a8}: 'java.lang.Object java.lang.invoke.DirectMethodHandle$Holder.newInvokeSpecial(java.lang.Object, java.lang.Object, int, java.lang.Object, java.lang.Object)'> (0x000000008c4e02a8) 
thrown [s\open\src\hotspot\share\interpreter\linkResolver.cpp, line 773]
Event: 18.931 Thread 0x0000023d6810cac0 Exception <a 'java/lang/NoSuchMethodError'{0x000000008bd23818}: 'java.lang.Object java.lang.invoke.DirectMethodHandle$Holder.invokeStatic(java.lang.Object, java.lang.Object, java.lang.Object, int, int)'> (0x000000008bd23818) 
thrown [s\open\src\hotspot\share\interpreter\linkResolver.cpp, line 773]
Event: 18.931 Thread 0x0000023d6810cac0 Exception <a 'java/lang/NoSuchMethodError'{0x000000008bd26f80}: 'java.lang.Object java.lang.invoke.DirectMethodHandle$Holder.invokeStaticInit(java.lang.Object, java.lang.Object, java.lang.Object, int, int)'> (0x000000008bd26f80) 
thrown [s\open\src\hotspot\share\interpreter\linkResolver.cpp, line 773]
Event: 18.952 Thread 0x0000023d68112010 Exception <a 'java/lang/NoSuchMethodError'{0x000000008b714008}: 'java.lang.Object java.lang.invoke.DirectMethodHandle$Holder.invokeSpecial(java.lang.Object, java.lang.Object, java.lang.Object, java.lang.Object, java.lang.Object, long)'> (0x000000008b714008) 
thrown [s\open\src\hotspot\share\interpreter\linkResolver.cpp, line 773]
Event: 18.952 Thread 0x0000023d68112010 Exception <a 'java/lang/NoSuchMethodError'{0x000000008b717790}: 'java.lang.Object java.lang.invoke.Invokers$Holder.linkToTargetMethod(java.lang.Object, java.lang.Object, java.lang.Object, long, java.lang.Object)'> (0x000000008b717790) 
thrown [s\open\src\hotspot\share\interpreter\linkResolver.cpp, line 773]
Event: 19.060 Thread 0x0000023d6810bda0 Exception <a 'sun/nio/fs/WindowsException'{0x000000008b29efa8}> (0x000000008b29efa8) 
thrown [s\open\src\hotspot\share\prims\jni.cpp, line 520]
Event: 19.150 Thread 0x0000023d6810bda0 Exception <a 'java/lang/NoSuchMethodError'{0x000000008abe1138}: 'void java.lang.invoke.DirectMethodHandle$Holder.invokeSpecialIFC(java.lang.Object, java.lang.Object, int, java.lang.Object, java.lang.Object, java.lang.Object, java.lang.Object)'> (0x000000008abe1138) 
thrown [s\open\src\hotspot\share\interpreter\linkResolver.cpp, line 773]
Event: 19.150 Thread 0x0000023d68112010 Exception <a 'java/lang/NoSuchMethodError'{0x000000008abc0ce8}: 'void java.lang.invoke.DirectMethodHandle$Holder.invokeSpecialIFC(java.lang.Object, java.lang.Object, int, java.lang.Object, java.lang.Object, java.lang.Object, java.lang.Object)'> (0x000000008abc0ce8) 
thrown [s\open\src\hotspot\share\interpreter\linkResolver.cpp, line 773]
Event: 19.184 Thread 0x0000023d68112010 Exception <a 'java/lang/NoSuchMethodError'{0x000000008a842248}: 'void java.lang.invoke.Invokers$Holder.invokeExact_MT(java.lang.Object, java.lang.Object, int, java.lang.Object)'> (0x000000008a842248) 
thrown [s\open\src\hotspot\share\interpreter\linkResolver.cpp, line 773]
Event: 19.184 Thread 0x0000023d6810bda0 Exception <a 'java/lang/NoSuchMethodError'{0x000000008a891d20}: 'void java.lang.invoke.Invokers$Holder.invokeExact_MT(java.lang.Object, java.lang.Object, int, java.lang.Object)'> (0x000000008a891d20) 
thrown [s\open\src\hotspot\share\interpreter\linkResolver.cpp, line 773]
Event: 19.222 Thread 0x0000023d68112010 Exception <a 'java/lang/IncompatibleClassChangeError'{0x000000008a653998}: Found class java.lang.Object, but interface was expected> (0x000000008a653998) 
thrown [s\open\src\hotspot\share\interpreter\linkResolver.cpp, line 840]
Event: 19.231 Thread 0x0000023d6810bda0 Exception <a 'java/lang/IncompatibleClassChangeError'{0x000000008a54e530}: Found class java.lang.Object, but interface was expected> (0x000000008a54e530) 
thrown [s\open\src\hotspot\share\interpreter\linkResolver.cpp, line 840]
Event: 19.236 Thread 0x0000023d6810bda0 Exception <a 'java/lang/IncompatibleClassChangeError'{0x000000008a567d38}: Found class java.lang.Object, but interface was expected> (0x000000008a567d38) 
thrown [s\open\src\hotspot\share\interpreter\linkResolver.cpp, line 840]
Event: 22.869 Thread 0x0000023d6810eb90 Exception <a 'java/lang/NoSuchMethodError'{0x000000008bf648d0}: 'java.lang.Object java.lang.invoke.DirectMethodHandle$Holder.invokeInterface(java.lang.Object, java.lang.Object, java.lang.Object, java.lang.Object, java.lang.Object)'> (0x000000008bf648d0) 
thrown [s\open\src\hotspot\share\interpreter\linkResolver.cpp, line 773]
Event: 22.895 Thread 0x0000023d6810eb90 Exception <a 'java/lang/NoSuchMethodError'{0x0000000089e4a2d0}: 'int java.lang.invoke.DirectMethodHandle$Holder.invokeStatic(java.lang.Object, java.lang.Object, int, java.lang.Object)'> (0x0000000089e4a2d0) 
thrown [s\open\src\hotspot\share\interpreter\linkResolver.cpp, line 773]

ZGC Phase Switch (0 events):
No events

VM Operations (20 events):
Event: 37.997 Executing VM operation: Cleanup
Event: 37.997 Executing VM operation: Cleanup done
Event: 46.063 Executing VM operation: Cleanup
Event: 46.063 Executing VM operation: Cleanup done
Event: 50.933 Executing VM operation: G1CollectForAllocation (G1 Evacuation Pause)
Event: 50.943 Executing VM operation: G1CollectForAllocation (G1 Evacuation Pause) done
Event: 60.042 Executing VM operation: HandshakeAllThreads (HandshakeForDeflation)
Event: 60.042 Executing VM operation: HandshakeAllThreads (HandshakeForDeflation) done
Event: 60.042 Executing VM operation: RendezvousGCThreads
Event: 60.042 Executing VM operation: RendezvousGCThreads done
Event: 66.130 Executing VM operation: Cleanup
Event: 66.130 Executing VM operation: Cleanup done
Event: 99.527 Executing VM operation: Cleanup
Event: 99.527 Executing VM operation: Cleanup done
Event: 102.565 Executing VM operation: Cleanup
Event: 102.565 Executing VM operation: Cleanup done
Event: 105.577 Executing VM operation: Cleanup
Event: 105.577 Executing VM operation: Cleanup done
Event: 113.625 Executing VM operation: Cleanup
Event: 113.625 Executing VM operation: Cleanup done

Events (20 events):
Event: 6.902 Thread 0x0000023d6810d150 Thread added: 0x0000023d6810d150
Event: 6.902 Thread 0x0000023d6810d7e0 Thread added: 0x0000023d6810d7e0
Event: 6.902 Thread 0x0000023d681126a0 Thread added: 0x0000023d681126a0
Event: 6.902 Thread 0x0000023d6810c430 Thread added: 0x0000023d6810c430
Event: 6.902 Thread 0x0000023d6810eb90 Thread added: 0x0000023d6810eb90
Event: 6.903 Thread 0x0000023d6810f220 Thread added: 0x0000023d6810f220
Event: 6.903 Thread 0x0000023d68112d30 Thread added: 0x0000023d68112d30
Event: 6.908 Thread 0x0000023d6810ff40 Thread added: 0x0000023d6810ff40
Event: 6.909 Thread 0x0000023d6810cac0 Thread added: 0x0000023d6810cac0
Event: 6.920 Thread 0x0000023d6556b030 Thread exited: 0x0000023d6556b030
Event: 6.921 Thread 0x0000023d6556a370 Thread exited: 0x0000023d6556a370
Event: 6.921 Thread 0x0000023d41d0ea00 Thread exited: 0x0000023d41d0ea00
Event: 6.921 Thread 0x0000023d681105d0 Thread added: 0x0000023d681105d0
Event: 7.505 Thread 0x0000023d6a7b2810 Thread exited: 0x0000023d6a7b2810
Event: 7.505 Thread 0x0000023d65287570 Thread exited: 0x0000023d65287570
Event: 8.404 Thread 0x0000023d6868f870 Thread exited: 0x0000023d6868f870
Event: 19.014 Thread 0x0000023d68184300 Thread added: 0x0000023d68184300
Event: 19.164 Thread 0x0000023d681112f0 Thread added: 0x0000023d681112f0
Event: 19.659 Thread 0x0000023d68184300 Thread exited: 0x0000023d68184300
Event: 24.176 Thread 0x0000023d681112f0 Thread exited: 0x0000023d681112f0


Dynamic libraries:
0x00007ff641030000 - 0x00007ff641040000 	C:\Program Files\Java\jdk-21\bin\java.exe
0x00007ff9702b0000 - 0x00007ff9704a8000 	C:\Windows\SYSTEM32\ntdll.dll
0x00007ff96e370000 - 0x00007ff96e432000 	C:\Windows\System32\KERNEL32.DLL
0x00007ff96dd20000 - 0x00007ff96e016000 	C:\Windows\System32\KERNELBASE.dll
0x00007ff96dc20000 - 0x00007ff96dd20000 	C:\Windows\System32\ucrtbase.dll
0x00007ff969dc0000 - 0x00007ff969dd9000 	C:\Program Files\Java\jdk-21\bin\jli.dll
0x00007ff969a60000 - 0x00007ff969a7b000 	C:\Program Files\Java\jdk-21\bin\VCRUNTIME140.dll
0x00007ff96f3e0000 - 0x00007ff96f491000 	C:\Windows\System32\ADVAPI32.dll
0x00007ff96eeb0000 - 0x00007ff96ef4e000 	C:\Windows\System32\msvcrt.dll
0x00007ff96e2d0000 - 0x00007ff96e36f000 	C:\Windows\System32\sechost.dll
0x00007ff96ed80000 - 0x00007ff96eea3000 	C:\Windows\System32\RPCRT4.dll
0x00007ff96dab0000 - 0x00007ff96dad7000 	C:\Windows\System32\bcrypt.dll
0x00007ff96f580000 - 0x00007ff96f71d000 	C:\Windows\System32\USER32.dll
0x00007ff96e2a0000 - 0x00007ff96e2c2000 	C:\Windows\System32\win32u.dll
0x00007ff95aea0000 - 0x00007ff95b13a000 	C:\Windows\WinSxS\amd64_microsoft.windows.common-controls_6595b64144ccf1df_6.0.19041.5915_none_60b4b9d171f9c7c7\COMCTL32.dll
0x00007ff970240000 - 0x00007ff97026b000 	C:\Windows\System32\GDI32.dll
0x00007ff96e180000 - 0x00007ff96e299000 	C:\Windows\System32\gdi32full.dll
0x00007ff96d940000 - 0x00007ff96d9dd000 	C:\Windows\System32\msvcp_win.dll
0x00007ff95b1c0000 - 0x00007ff95b1ca000 	C:\Windows\SYSTEM32\VERSION.dll
0x00007ff96e440000 - 0x00007ff96e46f000 	C:\Windows\System32\IMM32.DLL
0x00007ff969f50000 - 0x00007ff969f5c000 	C:\Program Files\Java\jdk-21\bin\vcruntime140_1.dll
0x00007ff955290000 - 0x00007ff95531e000 	C:\Program Files\Java\jdk-21\bin\msvcp140.dll
0x00007ff8ff0a0000 - 0x00007ff8ffdbd000 	C:\Program Files\Java\jdk-21\bin\server\jvm.dll
0x00007ff96fdb0000 - 0x00007ff96fe1b000 	C:\Windows\System32\WS2_32.dll
0x00007ff96ced0000 - 0x00007ff96cf1b000 	C:\Windows\SYSTEM32\POWRPROF.dll
0x00007ff95b190000 - 0x00007ff95b1b7000 	C:\Windows\SYSTEM32\WINMM.dll
0x00007ff96cd40000 - 0x00007ff96cd52000 	C:\Windows\SYSTEM32\UMPDC.dll
0x00007ff96b7c0000 - 0x00007ff96b7d2000 	C:\Windows\SYSTEM32\kernel.appcore.dll
0x00007ff969f10000 - 0x00007ff969f1a000 	C:\Program Files\Java\jdk-21\bin\jimage.dll
0x00007ff95b460000 - 0x00007ff95b661000 	C:\Windows\SYSTEM32\DBGHELP.DLL
0x00007ff9594d0000 - 0x00007ff959504000 	C:\Windows\SYSTEM32\dbgcore.DLL
0x00007ff96db90000 - 0x00007ff96dc12000 	C:\Windows\System32\bcryptPrimitives.dll
0x00007ff966480000 - 0x00007ff96648f000 	C:\Program Files\Java\jdk-21\bin\instrument.dll
0x00007ff95cff0000 - 0x00007ff95d00f000 	C:\Program Files\Java\jdk-21\bin\java.dll
0x00007ff96e490000 - 0x00007ff96ebfe000 	C:\Windows\System32\SHELL32.dll
0x00007ff96b9c0000 - 0x00007ff96c164000 	C:\Windows\SYSTEM32\windows.storage.dll
0x00007ff96fe20000 - 0x00007ff970173000 	C:\Windows\System32\combase.dll
0x00007ff96d370000 - 0x00007ff96d39b000 	C:\Windows\SYSTEM32\Wldp.dll
0x00007ff96ecb0000 - 0x00007ff96ed7d000 	C:\Windows\System32\OLEAUT32.dll
0x00007ff96f080000 - 0x00007ff96f12d000 	C:\Windows\System32\SHCORE.dll
0x00007ff96f720000 - 0x00007ff96f77b000 	C:\Windows\System32\shlwapi.dll
0x00007ff96d870000 - 0x00007ff96d894000 	C:\Windows\SYSTEM32\profapi.dll
0x00007ff9536a0000 - 0x00007ff953777000 	C:\Program Files\Java\jdk-21\bin\jsvml.dll
0x00007ff95cfb0000 - 0x00007ff95cfc8000 	C:\Program Files\Java\jdk-21\bin\zip.dll
0x00007ff966220000 - 0x00007ff966230000 	C:\Program Files\Java\jdk-21\bin\net.dll
0x00007ff9677e0000 - 0x00007ff9678ea000 	C:\Windows\SYSTEM32\WINHTTP.dll
0x00007ff96d0d0000 - 0x00007ff96d13a000 	C:\Windows\system32\mswsock.dll
0x00007ff95cfd0000 - 0x00007ff95cfe6000 	C:\Program Files\Java\jdk-21\bin\nio.dll
0x00007ff963fa0000 - 0x00007ff963fa9000 	C:\Program Files\Java\jdk-21\bin\extnet.dll
0x00007ff95cf10000 - 0x00007ff95cf1a000 	C:\Program Files\Java\jdk-21\bin\management.dll
0x00007ff95cee0000 - 0x00007ff95ceeb000 	C:\Program Files\Java\jdk-21\bin\management_ext.dll
0x00007ff96f220000 - 0x00007ff96f228000 	C:\Windows\System32\PSAPI.DLL
0x00007ff95cf20000 - 0x00007ff95cf2e000 	C:\Program Files\Java\jdk-21\bin\sunmscapi.dll
0x00007ff96e020000 - 0x00007ff96e17d000 	C:\Windows\System32\CRYPT32.dll
0x00007ff96d3e0000 - 0x00007ff96d407000 	C:\Windows\SYSTEM32\ncrypt.dll
0x00007ff96d3a0000 - 0x00007ff96d3db000 	C:\Windows\SYSTEM32\NTASN1.dll
0x00007ff96d2c0000 - 0x00007ff96d2d8000 	C:\Windows\SYSTEM32\CRYPTSP.dll
0x00007ff96c980000 - 0x00007ff96c9b8000 	C:\Windows\system32\rsaenh.dll
0x00007ff96d7f0000 - 0x00007ff96d81e000 	C:\Windows\SYSTEM32\USERENV.dll
0x00007ff96d2e0000 - 0x00007ff96d2ec000 	C:\Windows\SYSTEM32\CRYPTBASE.dll
0x00007ff96cd60000 - 0x00007ff96cd9b000 	C:\Windows\SYSTEM32\IPHLPAPI.DLL
0x00007ff96f8a0000 - 0x00007ff96f8a8000 	C:\Windows\System32\NSI.dll
0x00007ff96cda0000 - 0x00007ff96ce6a000 	C:\Windows\SYSTEM32\DNSAPI.dll
0x00007ff966970000 - 0x00007ff96697a000 	C:\Windows\System32\rasadhlp.dll
0x00007ff95db20000 - 0x00007ff95dba0000 	C:\Windows\System32\fwpuclnt.dll
0x00007ff921d80000 - 0x00007ff921d87000 	C:\Windows\system32\wshunix.dll

dbghelp: loaded successfully - version: 4.0.5 - missing functions: none
symbol engine: initialized successfully - sym options: 0x614 - pdb path: .;C:\Program Files\Java\jdk-21\bin;C:\Windows\SYSTEM32;C:\Windows\WinSxS\amd64_microsoft.windows.common-controls_6595b64144ccf1df_6.0.19041.5915_none_60b4b9d171f9c7c7;C:\Program Files\Java\jdk-21\bin\server

VM Arguments:
jvm_args: -javaagent:C:\Program Files\JetBrains\IntelliJ IDEA Community Edition 2025.2.4\lib\idea_rt.jar=54974 -Dfile.encoding=UTF-8 -Dsun.stdout.encoding=UTF-8 -Dsun.stderr.encoding=UTF-8 
java_command: com.techroom.roommanagement.RoomManagementSystemApplication
java_class_path (initial): D:\RMS\RoomManagementSystem\backend\target\classes;C:\Users\Administrator\.m2\repository\org\springframework\boot\spring-boot-starter-data-jpa\3.5.7\spring-boot-starter-data-jpa-3.5.7.jar;C:\Users\Administrator\.m2\repository\org\springframework\boot\spring-boot-starter\3.5.7\spring-boot-starter-3.5.7.jar;C:\Users\Administrator\.m2\repository\org\springframework\boot\spring-boot-starter-logging\3.5.7\spring-boot-starter-logging-3.5.7.jar;C:\Users\Administrator\.m2\repository\ch\qos\logback\logback-classic\1.5.20\logback-classic-1.5.20.jar;C:\Users\Administrator\.m2\repository\ch\qos\logback\logback-core\1.5.20\logback-core-1.5.20.jar;C:\Users\Administrator\.m2\repository\org\apache\logging\log4j\log4j-to-slf4j\2.24.3\log4j-to-slf4j-2.24.3.jar;C:\Users\Administrator\.m2\repository\org\apache\logging\log4j\log4j-api\2.24.3\log4j-api-2.24.3.jar;C:\Users\Administrator\.m2\repository\org\slf4j\jul-to-slf4j\2.0.17\jul-to-slf4j-2.0.17.jar;C:\Users\Administrator\.m2\repository\jakarta\annotation\jakarta.annotation-api\2.1.1\jakarta.annotation-api-2.1.1.jar;C:\Users\Administrator\.m2\repository\org\yaml\snakeyaml\2.4\snakeyaml-2.4.jar;C:\Users\Administrator\.m2\repository\org\springframework\boot\spring-boot-starter-jdbc\3.5.7\spring-boot-starter-jdbc-3.5.7.jar;C:\Users\Administrator\.m2\repository\com\zaxxer\HikariCP\6.3.3\HikariCP-6.3.3.jar;C:\Users\Administrator\.m2\repository\org\springframework\spring-jdbc\6.2.12\spring-jdbc-6.2.12.jar;C:\Users\Administrator\.m2\repository\org\hibernate\orm\hibernate-core\6.6.33.Final\hibernate-core-6.6.33.Final.jar;C:\Users\Administrator\.m2\repository\jakarta\persistence\jakarta.persistence-api\3.1.0\jakarta.persistence-api-3.1.0.jar;C:\Users\Administrator\.m2\repository\org\jboss\logging\jboss-logging\3.6.1.Final\jboss-logging-3.6.1.Final.jar;C:\Users\Administrator\.m2\repository\org\hibernate\common\hibernate-commons-annotations\7.0.3.Final\hibernate-commons-annotations-7.0.3.Final.jar;C:\Users\Administrator\.m2\repository\io\smallrye\jandex\3.2.0\jandex-3.2.0.jar;C:\Users\Administrator\.m2\repository\com\fasterxml\classmate\1.7.1\classmate-1.7.1.jar;C:\Users\Administrator\.m2\repository\net\bytebuddy\byte-buddy\1.17.8\byte-buddy-1.17.8.jar;C:\Users\Administrator\.m2\repository\org\glassfish\jaxb\jaxb-runtime\4.0.6\jaxb-runtime-4.0.6.jar;C:\Users\Administrator\.m2\repository\org\glassfish\jaxb\jaxb-core\4.0.6\jaxb-core-4.0.6.jar;C:\Users\Administrator\.m2\repository\org\eclipse\angus\angus-activation\2.0.3\angus-activation-2.0.3.jar;C:\Users\Administrator\.m2\repository\org\glassfish\jaxb\txw2\4.0.6\txw2-4.0.6.jar;C:\Users\Administrator\.m2\repository\com\sun\istack\istack-commons-runtime\4.1.2\istack-commons-runtime-4.1.2.jar;C:\Users\Administrator\.m2\repository\jakarta\inject\jakarta.inject-api\2.0.1\jakarta.inject-api-2.0.1.jar;C:\Users\Administrator\.m2\repository\org\antlr\antlr4-runtime\4.13.0\antlr4-runtime-4.13.0.jar;C:\Users\Administrator\.m2\repository\org\springframework\data\spring-data-jpa\3.5.5\spring-data-jpa-3.5.5.jar;C:\Users\Administrator\.m2\repository\org\springframework\data\spring-data-commons\3.5.5\spring-data-commons-3.5.5.jar;C:\Users\Administrator\.m2\repository\org\springframework\spring-orm\6.2.12\spring-orm-6.2.12.jar;C:\Users\Administrator\.m2\repository\org\springframework\spring-context\6.2.12\spring-context-6.2.12.jar;C:\Users\Administrator\.m2\repository\org\springframework\spring-tx\6.2.12\spring-tx-6.2.12.jar;C:\Users\Administrator\.m2\repository\org\springframework\spring-beans\6.2.12\spring-beans-6.2.12.jar;C:\Users\Administrator\.m2\repository\org\slf4j\slf4j-api\2.0.17\slf4j-api-2.0.17.jar;C:\Users\Administrator\.m2\repository\org\springframework\spring-aspects\6.2.12\spring-aspects-6.2.12.jar;C:\Users\Administrator\.m2\repository\org\aspectj\aspectjweaver\1.9.24\aspectjweaver-1.9.24.jar;C:\Users\Administrator\.m2\repository\org\springframework\boot\spring-boot-starter-web\3.5.7\spring-boot-starter-web-3.5.7.jar;C:\Users\Administrator\.m2\repository\org\springframework\boot\spring-boot-starter-json\3.5.7\spring-boot-starter-json-3.5.7.jar;C:\Users\Administrator\.m2\repository\com\fasterxml\jackson\datatype\jackson-datatype-jdk8\2.19.2\jackson-datatype-jdk8-2.19.2.jar;C:\Users\Administrator\.m2\repository\com\fasterxml\jackson\datatype\jackson-datatype-jsr310\2.19.2\jackson-datatype-jsr310-2.19.2.jar;C:\Users\Administrator\.m2\repository\com\fasterxml\jackson\module\jackson-module-parameter-names\2.19.2\jackson-module-parameter-names-2.19.2.jar;C:\Users\Administrator\.m2\repository\org\springframework\boot\spring-boot-starter-tomcat\3.5.7\spring-boot-starter-tomcat-3.5.7.jar;C:\Users\Administrator\.m2\repository\org\apache\tomcat\embed\tomcat-embed-core\10.1.48\tomcat-embed-core-10.1.48.jar;C:\Users\Administrator\.m2\repository\org\apache\tomcat\embed\tomcat-embed-websocket\10.1.48\tomcat-embed-websocket-10.1.48.jar;C:\Users\Administrator\.m2\repository\org\springframework\spring-web\6.2.12\spring-web-6.2.12.jar;C:\Users\Administrator\.m2\repository\io\micrometer\micrometer-observation\1.15.5\micrometer-observation-1.15.5.jar;C:\Users\Administrator\.m2\repository\io\micrometer\micrometer-commons\1.15.5\micrometer-commons-1.15.5.jar;C:\Users\Administrator\.m2\repository\org\springframework\spring-webmvc\6.2.12\spring-webmvc-6.2.12.jar;C:\Users\Administrator\.m2\repository\org\springframework\spring-expression\6.2.12\spring-expression-6.2.12.jar;C:\Users\Administrator\.m2\repository\org\springframework\boot\spring-boot-starter-validation\3.5.7\spring-boot-starter-validation-3.5.7.jar;C:\Users\Administrator\.m2\repository\org\apache\tomcat\embed\tomcat-embed-el\10.1.48\tomcat-embed-el-10.1.48.jar;C:\Users\Administrator\.m2\repository\org\hibernate\validator\hibernate-validator\8.0.3.Final\hibernate-validator-8.0.3.Final.jar;C:\Users\Administrator\.m2\repository\jakarta\validation\jakarta.validation-api\3.0.2\jakarta.validation-api-3.0.2.jar;C:\Users\Administrator\.m2\repository\org\springframework\boot\spring-boot-devtools\3.5.7\spring-boot-devtools-3.5.7.jar;C:\Users\Administrator\.m2\repository\org\springframework\boot\spring-boot\3.5.7\spring-boot-3.5.7.jar;C:\Users\Administrator\.m2\repository\org\springframework\boot\spring-boot-autoconfigure\3.5.7\spring-boot-autoconfigure-3.5.7.jar;C:\Users\Administrator\.m2\repository\com\mysql\mysql-connector-j\9.4.0\mysql-connector-j-9.4.0.jar;C:\Users\Administrator\.m2\repository\org\projectlombok\lombok\1.18.42\lombok-1.18.42.jar;C:\Users\Administrator\.m2\repository\jakarta\xml\bind\jakarta.xml.bind-api\4.0.4\jakarta.xml.bind-api-4.0.4.jar;C:\Users\Administrator\.m2\repository\jakarta\activation\jakarta.activation-api\2.1.4\jakarta.activation-api-2.1.4.jar;C:\Users\Administrator\.m2\repository\org\springframework\spring-core\6.2.12\spring-core-6.2.12.jar;C:\Users\Administrator\.m2\repository\org\springframework\spring-jcl\6.2.12\spring-jcl-6.2.12.jar;C:\Users\Administrator\.m2\repository\org\springframework\boot\spring-boot-starter-security\3.5.7\spring-boot-starter-security-3.5.7.jar;C:\Users\Administrator\.m2\repository\org\springframework\spring-aop\6.2.12\spring-aop-6.2.12.jar;C:\Users\Administrator\.m2\repository\org\springframework\security\spring-security-config\6.5.6\spring-security-config-6.5.6.jar;C:\Users\Administrator\.m2\repository\org\springframework\security\spring-security-core\6.5.6\spring-security-core-6.5.6.jar;C:\Users\Administrator\.m2\repository\org\springframework\security\spring-security-crypto\6.5.6\spring-security-crypto-6.5.6.jar;C:\Users\Administrator\.m2\repository\org\springframework\security\spring-security-web\6.5.6\spring-security-web-6.5.6.jar;C:\Users\Administrator\.m2\repository\io\jsonwebtoken\jjwt-api\0.11.5\jjwt-api-0.11.5.jar;C:\Users\Administrator\.m2\repository\io\jsonwebtoken\jjwt-impl\0.11.5\jjwt-impl-0.11.5.jar;C:\Users\Administrator\.m2\repository\io\jsonwebtoken\jjwt-jackson\0.11.5\jjwt-jackson-0.11.5.jar;C:\Users\Administrator\.m2\repository\com\fasterxml\jackson\core\jackson-databind\2.19.2\jackson-databind-2.19.2.jar;C:\Users\Administrator\.m2\repository\com\fasterxml\jackson\core\jackson-annotations\2.19.2\jackson-annotations-2.19.2.jar;C:\Users\Administrator\.m2\repository\com\fasterxml\jackson\core\jackson-core\2.19.2\jackson-core-2.19.2.jar;C:\Users\Administrator\.m2\repository\jakarta\transaction\jakarta.transaction-api\2.0.1\jakarta.transaction-api-2.0.1.jar
Launcher Type: SUN_STANDARD

[Global flags]
     intx CICompilerCount                          = 4                                         {product} {ergonomic}
     uint ConcGCThreads                            = 3                                         {product} {ergonomic}
     uint G1ConcRefinementThreads                  = 10                                        {product} {ergonomic}
   size_t G1HeapRegionSize                         = 1048576                                   {product} {ergonomic}
    uintx GCDrainStackTargetSize                   = 64                                        {product} {ergonomic}
   size_t InitialHeapSize                          = 132120576                                 {product} {ergonomic}
   size_t MarkStackSize                            = 4194304                                   {product} {ergonomic}
   size_t MaxHeapSize                              = 2101346304                                {product} {ergonomic}
   size_t MaxNewSize                               = 1260388352                                {product} {ergonomic}
   size_t MinHeapDeltaBytes                        = 1048576                                   {product} {ergonomic}
   size_t MinHeapSize                              = 8388608                                   {product} {ergonomic}
    uintx NonNMethodCodeHeapSize                   = 5839372                                {pd product} {ergonomic}
    uintx NonProfiledCodeHeapSize                  = 122909434                              {pd product} {ergonomic}
    uintx ProfiledCodeHeapSize                     = 122909434                              {pd product} {ergonomic}
    uintx ReservedCodeCacheSize                    = 251658240                              {pd product} {ergonomic}
     bool SegmentedCodeCache                       = true                                      {product} {ergonomic}
   size_t SoftMaxHeapSize                          = 2101346304                             {manageable} {ergonomic}
     bool UseCompressedOops                        = true                           {product lp64_product} {ergonomic}
     bool UseG1GC                                  = true                                      {product} {ergonomic}
     bool UseLargePagesIndividualAllocation        = false                                  {pd product} {ergonomic}

Logging:
Log output configuration:
 #0: stdout all=warning uptime,level,tags foldmultilines=false
 #1: stderr all=off uptime,level,tags foldmultilines=false

Environment Variables:
JAVA_HOME=C:\Program Files\Java\jdk-21
PATH=C:\Windows\system32;C:\Windows;C:\Windows\System32\Wbem;C:\Windows\System32\WindowsPowerShell\v1.0\;C:\Windows\System32\OpenSSH\;C:\Program Files (x86)\mingw-w64\i686-8.1.0-posix-dwarf-rt_v6-rev0\mingw32\bin;C:\Program Files\Microsoft SQL Server\Client SDK\ODBC\170\Tools\Binn\;C:\Program Files (x86)\Microsoft SQL Server\160\Tools\Binn\;C:\Program Files\Microsoft SQL Server\160\Tools\Binn\;C:\Program Files\Microsoft SQL Server\160\DTS\Binn\;C:\Program Files\MySQL\MySQL Server 5.7\bin;C:\Graphviz-12.2.1-win64\bin;C:\Program Files (x86)\Microsoft SQL Server\160\DTS\Binn\;C:\Program Files\Git\cmd;D:\flutter\flutter\bin;C:\Program Files\nodejs\;C:\Program Files\Java\jdk-21\bin;C:\apache-maven-3.9.11\bin;C:\Users\Administrator\AppData\Local\Microsoft\WindowsApps;C:\Users\Administrator\AppData\Local\Programs\Microsoft VS Code\bin;C:\Program Files\MySQL\MySQL Server 5.7\bin;C:\Users\Administrator\AppData\Roaming\npm;C:\Program Files\JetBrains\IntelliJ IDEA Community Edition 2025.2.4\bin
USERNAME=MSI
OS=Windows_NT
PROCESSOR_IDENTIFIER=Intel64 Family 6 Model 165 Stepping 2, GenuineIntel
TMP=C:\Users\ADMINI~1\AppData\Local\Temp
TEMP=C:\Users\ADMINI~1\AppData\Local\Temp




Periodic native trim disabled

---------------  S Y S T E M  ---------------

OS:
 Windows 10 , 64 bit Build 19041 (10.0.19041.5915)
OS uptime: 0 days 3:46 hours

CPU: total 12 (initial active 12) (6 cores per cpu, 2 threads per core) family 6 model 165 stepping 2 microcode 0xe2, cx8, cmov, fxsr, ht, mmx, 3dnowpref, sse, sse2, sse3, ssse3, sse4.1, sse4.2, popcnt, lzcnt, tsc, tscinvbit, avx, avx2, aes, erms, clmul, bmi1, bmi2, adx, fma, vzeroupper, clflush, clflushopt, rdtscp, f16c, pku
Processor Information for all 12 processors :
  Max Mhz: 2592, Current Mhz: 2592, Mhz Limit: 2592

Memory: 4k page, system-wide physical 8013M (450M free)
TotalPageFile size 12109M (AvailPageFile size 0M)
current process WorkingSet (physical memory assigned to process): 401M, peak: 429M
current process commit charge ("private bytes"): 462M, peak: 491M

vm_info: Java HotSpot(TM) 64-Bit Server VM (21.0.9+7-LTS-338) for windows-amd64 JRE (21.0.9+7-LTS-338), built on 2025-09-26T06:33:49Z by "mach5run" with MS VC++ 17.6 (VS2022)

END.
