#
# There is insufficient memory for the Java Runtime Environment to continue.
# Native memory allocation (malloc) failed to allocate 505488 bytes for Chunk::new
# Possible reasons:
#   The system is out of physical RAM or swap space
#   The process is running with CompressedOops enabled, and the Java Heap may be blocking the growth of the native heap
# Possible solutions:
#   Reduce memory load on the system
#   Increase physical memory or swap space
#   Check if swap backing store is full
#   Decrease Java heap size (-Xmx/-Xms)
#   Decrease number of Java threads
#   Decrease Java thread stack sizes (-Xss)
#   Set larger code cache with -XX:ReservedCodeCacheSize=
#   JVM is running with Unscaled Compressed Oops mode in which the Java heap is
#     placed in the first 4GB address space. The Java Heap base address is the
#     maximum limit for the native heap growth. Please use -XX:HeapBaseMinAddress
#     to set the Java Heap base and to place the Java Heap above 4GB virtual address.
# This output file may be truncated or incomplete.
#
#  Out of Memory Error (arena.cpp:168), pid=15332, tid=3920
#
# JRE version: Java(TM) SE Runtime Environment (21.0.9+7) (build 21.0.9+7-LTS-338)
# Java VM: Java HotSpot(TM) 64-Bit Server VM (21.0.9+7-LTS-338, mixed mode, sharing, tiered, compressed oops, compressed class ptrs, g1 gc, windows-amd64)
# No core dump will be written. Minidumps are not enabled by default on client versions of Windows
#

---------------  S U M M A R Y ------------

Command Line: -javaagent:C:\Program Files\JetBrains\IntelliJ IDEA Community Edition 2025.2.4\lib\idea_rt.jar=52257 -Dfile.encoding=UTF-8 -Dsun.stdout.encoding=UTF-8 -Dsun.stderr.encoding=UTF-8 com.techroom.roommanagement.RoomManagementSystemApplication

Host: Intel(R) Core(TM) i7-10750H CPU @ 2.60GHz, 12 cores, 7G,  Windows 10 , 64 bit Build 19041 (10.0.19041.5915)
Time: Sun Nov 16 18:53:50 2025 SE Asia Standard Time elapsed time: 446.559677 seconds (0d 0h 7m 26s)

---------------  T H R E A D  ---------------

Current thread (0x00000254b2abe850):  JavaThread "C2 CompilerThread0" daemon [_thread_in_native, id=3920, stack(0x0000006bc6700000,0x0000006bc6800000) (1024K)]


Current CompileTask:
C2: 446559 7709       4       jdk.internal.org.objectweb.asm.ClassWriter::visitMethod (57 bytes)

Stack: [0x0000006bc6700000,0x0000006bc6800000]
Native frames: (J=compiled Java code, j=interpreted, Vv=VM code, C=native code)
V  [jvm.dll+0x6cbf89]
V  [jvm.dll+0x858421]
V  [jvm.dll+0x85a94e]
V  [jvm.dll+0x85b023]
V  [jvm.dll+0x27ebc6]
V  [jvm.dll+0xc4f4d]
V  [jvm.dll+0xc5483]
V  [jvm.dll+0x3b69fc]
V  [jvm.dll+0x382925]
V  [jvm.dll+0x381d9a]
V  [jvm.dll+0x247640]
V  [jvm.dll+0x246c1f]
V  [jvm.dll+0x1c7a3e]
V  [jvm.dll+0x256329]
V  [jvm.dll+0x2548ba]
V  [jvm.dll+0x3efdee]
V  [jvm.dll+0x80265b]
V  [jvm.dll+0x6ca66d]
C  [ucrtbase.dll+0x21bb2]
C  [KERNEL32.DLL+0x17374]
C  [ntdll.dll+0x4cc91]


---------------  P R O C E S S  ---------------

Threads class SMR info:
_java_thread_list=0x00000254fd5481a0, length=32, elements={
0x00000254b2aa4d80, 0x00000254b2aa5cb0, 0x00000254b2aac120, 0x00000254b2aacd90,
0x00000254b2aae460, 0x00000254b2aaeaf0, 0x00000254b2abe850, 0x00000254b2ac1300,
0x00000254b2aaf180, 0x00000254b2aaf810, 0x00000254b2aafea0, 0x00000254b2ab0bc0,
0x00000254fadfeb50, 0x00000254fae04dc0, 0x00000254fae00c20, 0x00000254fae02660,
0x00000254fadff870, 0x00000254fae012b0, 0x00000254fae05ae0, 0x00000254fae03380,
0x00000254fadff1e0, 0x00000254fae05450, 0x00000254fae01fd0, 0x00000254fae04730,
0x00000254fae06170, 0x00000254fae03a10, 0x00000254fae01940, 0x00000254fadfff00,
0x00000254fae00590, 0x00000254fae02cf0, 0x00000254b2ab0530, 0x00000254b2ab1250
}

Java Threads: ( => current thread )
  0x00000254b2aa4d80 JavaThread "Reference Handler"          daemon [_thread_blocked, id=7568, stack(0x0000006bc6100000,0x0000006bc6200000) (1024K)]
  0x00000254b2aa5cb0 JavaThread "Finalizer"                  daemon [_thread_blocked, id=14256, stack(0x0000006bc6200000,0x0000006bc6300000) (1024K)]
  0x00000254b2aac120 JavaThread "Signal Dispatcher"          daemon [_thread_blocked, id=6036, stack(0x0000006bc6300000,0x0000006bc6400000) (1024K)]
  0x00000254b2aacd90 JavaThread "Attach Listener"            daemon [_thread_blocked, id=15056, stack(0x0000006bc6400000,0x0000006bc6500000) (1024K)]
  0x00000254b2aae460 JavaThread "Service Thread"             daemon [_thread_blocked, id=10508, stack(0x0000006bc6500000,0x0000006bc6600000) (1024K)]
  0x00000254b2aaeaf0 JavaThread "Monitor Deflation Thread"   daemon [_thread_blocked, id=10692, stack(0x0000006bc6600000,0x0000006bc6700000) (1024K)]
=>0x00000254b2abe850 JavaThread "C2 CompilerThread0"         daemon [_thread_in_native, id=3920, stack(0x0000006bc6700000,0x0000006bc6800000) (1024K)]
  0x00000254b2ac1300 JavaThread "C1 CompilerThread0"         daemon [_thread_in_native, id=15072, stack(0x0000006bc6800000,0x0000006bc6900000) (1024K)]
  0x00000254b2aaf180 JavaThread "Common-Cleaner"             daemon [_thread_blocked, id=13236, stack(0x0000006bc6900000,0x0000006bc6a00000) (1024K)]
  0x00000254b2aaf810 JavaThread "Monitor Ctrl-Break"         daemon [_thread_in_native, id=11944, stack(0x0000006bc6c00000,0x0000006bc6d00000) (1024K)]
  0x00000254b2aafea0 JavaThread "Notification Thread"        daemon [_thread_blocked, id=12252, stack(0x0000006bc6d00000,0x0000006bc6e00000) (1024K)]
  0x00000254b2ab0bc0 JavaThread "mysql-cj-abandoned-connection-cleanup" daemon [_thread_blocked, id=8392, stack(0x0000006bc7b00000,0x0000006bc7c00000) (1024K)]
  0x00000254fadfeb50 JavaThread "HikariPool-1:housekeeper"   daemon [_thread_blocked, id=3484, stack(0x0000006bc7d00000,0x0000006bc7e00000) (1024K)]
  0x00000254fae04dc0 JavaThread "Catalina-utility-1"                [_thread_blocked, id=13624, stack(0x0000006bc7f00000,0x0000006bc8000000) (1024K)]
  0x00000254fae00c20 JavaThread "Catalina-utility-2"                [_thread_blocked, id=12868, stack(0x0000006bc8000000,0x0000006bc8100000) (1024K)]
  0x00000254fae02660 JavaThread "container-0"                       [_thread_blocked, id=14944, stack(0x0000006bc8100000,0x0000006bc8200000) (1024K)]
  0x00000254fadff870 JavaThread "File Watcher"               daemon [_thread_blocked, id=7284, stack(0x0000006bc8200000,0x0000006bc8300000) (1024K)]
  0x00000254fae012b0 JavaThread "Live Reload Server"         daemon [_thread_in_native, id=13988, stack(0x0000006bc8400000,0x0000006bc8500000) (1024K)]
  0x00000254fae05ae0 JavaThread "http-nio-8081-exec-1"       daemon [_thread_in_native, id=13856, stack(0x0000006bc8300000,0x0000006bc8400000) (1024K)]
  0x00000254fae03380 JavaThread "http-nio-8081-exec-2"       daemon [_thread_blocked, id=5976, stack(0x0000006bc8500000,0x0000006bc8600000) (1024K)]
  0x00000254fadff1e0 JavaThread "http-nio-8081-exec-3"       daemon [_thread_in_vm, id=14264, stack(0x0000006bc8600000,0x0000006bc8700000) (1024K)]
  0x00000254fae05450 JavaThread "http-nio-8081-exec-4"       daemon [_thread_blocked, id=6836, stack(0x0000006bc8700000,0x0000006bc8800000) (1024K)]
  0x00000254fae01fd0 JavaThread "http-nio-8081-exec-5"       daemon [_thread_blocked, id=260, stack(0x0000006bc8800000,0x0000006bc8900000) (1024K)]
  0x00000254fae04730 JavaThread "http-nio-8081-exec-6"       daemon [_thread_blocked, id=7116, stack(0x0000006bc8900000,0x0000006bc8a00000) (1024K)]
  0x00000254fae06170 JavaThread "http-nio-8081-exec-7"       daemon [_thread_blocked, id=12836, stack(0x0000006bc8a00000,0x0000006bc8b00000) (1024K)]
  0x00000254fae03a10 JavaThread "http-nio-8081-exec-8"       daemon [_thread_blocked, id=13812, stack(0x0000006bc8b00000,0x0000006bc8c00000) (1024K)]
  0x00000254fae01940 JavaThread "http-nio-8081-exec-9"       daemon [_thread_blocked, id=14548, stack(0x0000006bc8c00000,0x0000006bc8d00000) (1024K)]
  0x00000254fadfff00 JavaThread "http-nio-8081-exec-10"      daemon [_thread_blocked, id=8436, stack(0x0000006bc8d00000,0x0000006bc8e00000) (1024K)]
  0x00000254fae00590 JavaThread "http-nio-8081-Poller"       daemon [_thread_in_native, id=12376, stack(0x0000006bc8e00000,0x0000006bc8f00000) (1024K)]
  0x00000254fae02cf0 JavaThread "http-nio-8081-Acceptor"     daemon [_thread_in_native, id=8524, stack(0x0000006bc8f00000,0x0000006bc9000000) (1024K)]
  0x00000254b2ab0530 JavaThread "DestroyJavaVM"                     [_thread_blocked, id=5408, stack(0x0000006bc5900000,0x0000006bc5a00000) (1024K)]
  0x00000254b2ab1250 JavaThread "HikariPool-1:connection-adder" daemon [_thread_blocked, id=15108, stack(0x0000006bc5600000,0x0000006bc5700000) (1024K)]
Total: 32

Other Threads:
  0x00000254b2a867f0 VMThread "VM Thread"                           [id=14812, stack(0x0000006bc6000000,0x0000006bc6100000) (1024K)]
  0x00000254b2a77d70 WatcherThread "VM Periodic Task Thread"        [id=15272, stack(0x0000006bc5f00000,0x0000006bc6000000) (1024K)]
  0x0000025495d7d4e0 WorkerThread "GC Thread#0"                     [id=1252, stack(0x0000006bc5a00000,0x0000006bc5b00000) (1024K)]
  0x00000254f87eb0f0 WorkerThread "GC Thread#1"                     [id=8968, stack(0x0000006bc7000000,0x0000006bc7100000) (1024K)]
  0x00000254f87eb4a0 WorkerThread "GC Thread#2"                     [id=14544, stack(0x0000006bc7100000,0x0000006bc7200000) (1024K)]
  0x00000254f87eb850 WorkerThread "GC Thread#3"                     [id=14348, stack(0x0000006bc7200000,0x0000006bc7300000) (1024K)]
  0x00000254f87ebc00 WorkerThread "GC Thread#4"                     [id=2732, stack(0x0000006bc7300000,0x0000006bc7400000) (1024K)]
  0x00000254f84ce080 WorkerThread "GC Thread#5"                     [id=12948, stack(0x0000006bc7400000,0x0000006bc7500000) (1024K)]
  0x00000254f8a92c50 WorkerThread "GC Thread#6"                     [id=4756, stack(0x0000006bc7600000,0x0000006bc7700000) (1024K)]
  0x00000254f8a93000 WorkerThread "GC Thread#7"                     [id=10572, stack(0x0000006bc7700000,0x0000006bc7800000) (1024K)]
  0x00000254f8972b90 WorkerThread "GC Thread#8"                     [id=10604, stack(0x0000006bc7800000,0x0000006bc7900000) (1024K)]
  0x00000254f8ad7ba0 WorkerThread "GC Thread#9"                     [id=3888, stack(0x0000006bc7900000,0x0000006bc7a00000) (1024K)]
  0x0000025495d8f7b0 ConcurrentGCThread "G1 Main Marker"            [id=1984, stack(0x0000006bc5b00000,0x0000006bc5c00000) (1024K)]
  0x0000025495d90870 WorkerThread "G1 Conc#0"                       [id=13528, stack(0x0000006bc5c00000,0x0000006bc5d00000) (1024K)]
  0x00000254f92de720 WorkerThread "G1 Conc#1"                       [id=13152, stack(0x0000006bc7500000,0x0000006bc7600000) (1024K)]
  0x00000254f92dee80 WorkerThread "G1 Conc#2"                       [id=6376, stack(0x0000006bc7a00000,0x0000006bc7b00000) (1024K)]
  0x00000254b29441a0 ConcurrentGCThread "G1 Refine#0"               [id=14204, stack(0x0000006bc5d00000,0x0000006bc5e00000) (1024K)]
  0x00000254b2944b30 ConcurrentGCThread "G1 Service"                [id=14732, stack(0x0000006bc5e00000,0x0000006bc5f00000) (1024K)]
Total: 18

Threads with active compile tasks:
C2 CompilerThread0   446584 7709       4       jdk.internal.org.objectweb.asm.ClassWriter::visitMethod (57 bytes)
C1 CompilerThread0   446584 7738       3       java.util.concurrent.ConcurrentLinkedQueue::poll (84 bytes)
Total: 2

VM state: not at safepoint (normal execution)

VM Mutex/Monitor currently owned by a thread: None

Heap address: 0x0000000082c00000, size: 2004 MB, Compressed Oops mode: 32-bit

CDS archive(s) mapped at: [0x00000254b3000000-0x00000254b3c90000-0x00000254b3c90000), size 13172736, SharedBaseAddress: 0x00000254b3000000, ArchiveRelocationMode: 1.
Compressed class space mapped at: 0x00000254b4000000-0x00000254f4000000, reserved size: 1073741824
Narrow klass base: 0x00000254b3000000, Narrow klass shift: 0, Narrow klass range: 0x100000000

GC Precious Log:
 CardTable entry size: 512
 Card Set container configuration: InlinePtr #cards 5 size 8 Array Of Cards #cards 12 size 40 Howl #buckets 4 coarsen threshold 1843 Howl Bitmap #cards 512 size 80 coarsen threshold 460 Card regions per heap region 1 cards per card region 2048
 CPUs: 12 total, 12 available
 Memory: 8013M
 Large Page Support: Disabled
 NUMA Support: Disabled
 Compressed Oops: Enabled (32-bit)
 Heap Region Size: 1M
 Heap Min Capacity: 8M
 Heap Initial Capacity: 126M
 Heap Max Capacity: 2004M
 Pre-touch: Disabled
 Parallel Workers: 10
 Concurrent Workers: 3
 Concurrent Refinement Workers: 10
 Periodic GC: Disabled

Heap:
 garbage-first heap   total 293888K, used 162014K [0x0000000082c00000, 0x0000000100000000)
  region size 1024K, 82 young (83968K), 5 survivors (5120K)
 Metaspace       used 77937K, committed 78720K, reserved 1179648K
  class space    used 10769K, committed 11136K, reserved 1048576K

Heap Regions: E=young(eden), S=young(survivor), O=old, HS=humongous(starts), HC=humongous(continues), CS=collection set, F=free, TAMS=top-at-mark-start, PB=parsable bottom
|   0|0x0000000082c00000, 0x0000000082d00000, 0x0000000082d00000|100%|HS|  |TAMS 0x0000000082c00000| PB 0x0000000082c00000| Complete 
|   1|0x0000000082d00000, 0x0000000082e00000, 0x0000000082e00000|100%|HS|  |TAMS 0x0000000082d00000| PB 0x0000000082d00000| Complete 
|   2|0x0000000082e00000, 0x0000000082f00000, 0x0000000082f00000|100%| O|  |TAMS 0x0000000082e00000| PB 0x0000000082e00000| Untracked 
|   3|0x0000000082f00000, 0x0000000083000000, 0x0000000083000000|100%| O|  |TAMS 0x0000000082f00000| PB 0x0000000082f00000| Untracked 
|   4|0x0000000083000000, 0x0000000083100000, 0x0000000083100000|100%| O|  |TAMS 0x0000000083000000| PB 0x0000000083000000| Untracked 
|   5|0x0000000083100000, 0x0000000083200000, 0x0000000083200000|100%| O|  |TAMS 0x0000000083100000| PB 0x0000000083100000| Untracked 
|   6|0x0000000083200000, 0x0000000083300000, 0x0000000083300000|100%| O|  |TAMS 0x0000000083200000| PB 0x0000000083200000| Untracked 
|   7|0x0000000083300000, 0x0000000083400000, 0x0000000083400000|100%| O|  |TAMS 0x0000000083300000| PB 0x0000000083300000| Untracked 
|   8|0x0000000083400000, 0x0000000083500000, 0x0000000083500000|100%| O|  |TAMS 0x0000000083400000| PB 0x0000000083400000| Untracked 
|   9|0x0000000083500000, 0x0000000083600000, 0x0000000083600000|100%| O|  |TAMS 0x0000000083500000| PB 0x0000000083500000| Untracked 
|  10|0x0000000083600000, 0x0000000083700000, 0x0000000083700000|100%| O|  |TAMS 0x0000000083600000| PB 0x0000000083600000| Untracked 
|  11|0x0000000083700000, 0x0000000083800000, 0x0000000083800000|100%| O|  |TAMS 0x0000000083700000| PB 0x0000000083700000| Untracked 
|  12|0x0000000083800000, 0x0000000083900000, 0x0000000083900000|100%| O|  |TAMS 0x0000000083800000| PB 0x0000000083800000| Untracked 
|  13|0x0000000083900000, 0x0000000083a00000, 0x0000000083a00000|100%| O|  |TAMS 0x0000000083900000| PB 0x0000000083900000| Untracked 
|  14|0x0000000083a00000, 0x0000000083b00000, 0x0000000083b00000|100%| O|  |TAMS 0x0000000083a00000| PB 0x0000000083a00000| Untracked 
|  15|0x0000000083b00000, 0x0000000083c00000, 0x0000000083c00000|100%| O|  |TAMS 0x0000000083b00000| PB 0x0000000083b00000| Untracked 
|  16|0x0000000083c00000, 0x0000000083d00000, 0x0000000083d00000|100%| O|  |TAMS 0x0000000083c00000| PB 0x0000000083c00000| Untracked 
|  17|0x0000000083d00000, 0x0000000083e00000, 0x0000000083e00000|100%| O|  |TAMS 0x0000000083d00000| PB 0x0000000083d00000| Untracked 
|  18|0x0000000083e00000, 0x0000000083f00000, 0x0000000083f00000|100%| O|  |TAMS 0x0000000083e00000| PB 0x0000000083e00000| Untracked 
|  19|0x0000000083f00000, 0x0000000084000000, 0x0000000084000000|100%| O|  |TAMS 0x0000000083f00000| PB 0x0000000083f00000| Untracked 
|  20|0x0000000084000000, 0x0000000084100000, 0x0000000084100000|100%| O|  |TAMS 0x0000000084000000| PB 0x0000000084000000| Untracked 
|  21|0x0000000084100000, 0x0000000084200000, 0x0000000084200000|100%| O|  |TAMS 0x0000000084100000| PB 0x0000000084100000| Untracked 
|  22|0x0000000084200000, 0x0000000084300000, 0x0000000084300000|100%| O|  |TAMS 0x0000000084200000| PB 0x0000000084200000| Untracked 
|  23|0x0000000084300000, 0x0000000084400000, 0x0000000084400000|100%| O|  |TAMS 0x0000000084300000| PB 0x0000000084300000| Untracked 
|  24|0x0000000084400000, 0x0000000084500000, 0x0000000084500000|100%| O|  |TAMS 0x0000000084400000| PB 0x0000000084400000| Untracked 
|  25|0x0000000084500000, 0x0000000084600000, 0x0000000084600000|100%| O|  |TAMS 0x0000000084500000| PB 0x0000000084500000| Untracked 
|  26|0x0000000084600000, 0x0000000084700000, 0x0000000084700000|100%| O|  |TAMS 0x0000000084600000| PB 0x0000000084600000| Untracked 
|  27|0x0000000084700000, 0x0000000084800000, 0x0000000084800000|100%| O|  |TAMS 0x0000000084700000| PB 0x0000000084700000| Untracked 
|  28|0x0000000084800000, 0x0000000084900000, 0x0000000084900000|100%| O|  |TAMS 0x0000000084800000| PB 0x0000000084800000| Untracked 
|  29|0x0000000084900000, 0x0000000084a00000, 0x0000000084a00000|100%| O|  |TAMS 0x0000000084900000| PB 0x0000000084900000| Untracked 
|  30|0x0000000084a00000, 0x0000000084b00000, 0x0000000084b00000|100%| O|  |TAMS 0x0000000084a00000| PB 0x0000000084a00000| Untracked 
|  31|0x0000000084b00000, 0x0000000084c00000, 0x0000000084c00000|100%| O|  |TAMS 0x0000000084b00000| PB 0x0000000084b00000| Untracked 
|  32|0x0000000084c00000, 0x0000000084d00000, 0x0000000084d00000|100%| O|  |TAMS 0x0000000084c00000| PB 0x0000000084c00000| Untracked 
|  33|0x0000000084d00000, 0x0000000084e00000, 0x0000000084e00000|100%| O|Cm|TAMS 0x0000000084d00000| PB 0x0000000084d00000| Complete 
|  34|0x0000000084e00000, 0x0000000084f00000, 0x0000000084f00000|100%| O|  |TAMS 0x0000000084e00000| PB 0x0000000084e00000| Untracked 
|  35|0x0000000084f00000, 0x0000000085000000, 0x0000000085000000|100%| O|  |TAMS 0x0000000084f00000| PB 0x0000000084f00000| Untracked 
|  36|0x0000000085000000, 0x0000000085100000, 0x0000000085100000|100%| O|  |TAMS 0x0000000085000000| PB 0x0000000085000000| Untracked 
|  37|0x0000000085100000, 0x0000000085200000, 0x0000000085200000|100%| O|  |TAMS 0x0000000085100000| PB 0x0000000085100000| Untracked 
|  38|0x0000000085200000, 0x0000000085300000, 0x0000000085300000|100%| O|Cm|TAMS 0x0000000085200000| PB 0x0000000085200000| Complete 
|  39|0x0000000085300000, 0x0000000085400000, 0x0000000085400000|100%| O|  |TAMS 0x0000000085300000| PB 0x0000000085300000| Untracked 
|  40|0x0000000085400000, 0x0000000085500000, 0x0000000085500000|100%| O|Cm|TAMS 0x0000000085400000| PB 0x0000000085400000| Complete 
|  41|0x0000000085500000, 0x0000000085600000, 0x0000000085600000|100%| O|Cm|TAMS 0x0000000085500000| PB 0x0000000085500000| Complete 
|  42|0x0000000085600000, 0x0000000085700000, 0x0000000085700000|100%| O|Cm|TAMS 0x0000000085600000| PB 0x0000000085600000| Complete 
|  43|0x0000000085700000, 0x0000000085800000, 0x0000000085800000|100%| O|Cm|TAMS 0x0000000085700000| PB 0x0000000085700000| Complete 
|  44|0x0000000085800000, 0x0000000085900000, 0x0000000085900000|100%| O|  |TAMS 0x0000000085800000| PB 0x0000000085800000| Untracked 
|  45|0x0000000085900000, 0x0000000085a00000, 0x0000000085a00000|100%| O|Cm|TAMS 0x0000000085900000| PB 0x0000000085900000| Complete 
|  46|0x0000000085a00000, 0x0000000085b00000, 0x0000000085b00000|100%| O|  |TAMS 0x0000000085a00000| PB 0x0000000085a00000| Untracked 
|  47|0x0000000085b00000, 0x0000000085c00000, 0x0000000085c00000|100%| O|  |TAMS 0x0000000085b00000| PB 0x0000000085b00000| Untracked 
|  48|0x0000000085c00000, 0x0000000085d00000, 0x0000000085d00000|100%| O|  |TAMS 0x0000000085c00000| PB 0x0000000085c00000| Untracked 
|  49|0x0000000085d00000, 0x0000000085dfa990, 0x0000000085e00000| 97%| O|  |TAMS 0x0000000085d00000| PB 0x0000000085d00000| Untracked 
|  50|0x0000000085e00000, 0x0000000085f00000, 0x0000000085f00000|100%| O|Cm|TAMS 0x0000000085e00000| PB 0x0000000085e00000| Complete 
|  51|0x0000000085f00000, 0x0000000086000000, 0x0000000086000000|100%| O|Cm|TAMS 0x0000000085f00000| PB 0x0000000085f00000| Complete 
|  52|0x0000000086000000, 0x0000000086000000, 0x0000000086100000|  0%| F|  |TAMS 0x0000000086000000| PB 0x0000000086000000| Untracked 
|  53|0x0000000086100000, 0x0000000086100000, 0x0000000086200000|  0%| F|  |TAMS 0x0000000086100000| PB 0x0000000086100000| Untracked 
|  54|0x0000000086200000, 0x0000000086200000, 0x0000000086300000|  0%| F|  |TAMS 0x0000000086200000| PB 0x0000000086200000| Untracked 
|  55|0x0000000086300000, 0x0000000086300000, 0x0000000086400000|  0%| F|  |TAMS 0x0000000086300000| PB 0x0000000086300000| Untracked 
|  56|0x0000000086400000, 0x0000000086400000, 0x0000000086500000|  0%| F|  |TAMS 0x0000000086400000| PB 0x0000000086400000| Untracked 
|  57|0x0000000086500000, 0x0000000086600000, 0x0000000086600000|100%| O|Cm|TAMS 0x0000000086500000| PB 0x0000000086500000| Complete 
|  58|0x0000000086600000, 0x0000000086700000, 0x0000000086700000|100%| O|Cm|TAMS 0x0000000086600000| PB 0x0000000086600000| Complete 
|  59|0x0000000086700000, 0x0000000086800000, 0x0000000086800000|100%| O|Cm|TAMS 0x0000000086700000| PB 0x0000000086700000| Complete 
|  60|0x0000000086800000, 0x0000000086900000, 0x0000000086900000|100%| O|Cm|TAMS 0x0000000086800000| PB 0x0000000086800000| Complete 
|  61|0x0000000086900000, 0x0000000086a00000, 0x0000000086a00000|100%| O|Cm|TAMS 0x0000000086900000| PB 0x0000000086900000| Complete 
|  62|0x0000000086a00000, 0x0000000086b00000, 0x0000000086b00000|100%| O|Cm|TAMS 0x0000000086a00000| PB 0x0000000086a00000| Complete 
|  63|0x0000000086b00000, 0x0000000086c00000, 0x0000000086c00000|100%| O|Cm|TAMS 0x0000000086b00000| PB 0x0000000086b00000| Complete 
|  64|0x0000000086c00000, 0x0000000086d00000, 0x0000000086d00000|100%| O|  |TAMS 0x0000000086c00000| PB 0x0000000086c00000| Untracked 
|  65|0x0000000086d00000, 0x0000000086e00000, 0x0000000086e00000|100%| O|  |TAMS 0x0000000086d00000| PB 0x0000000086d00000| Untracked 
|  66|0x0000000086e00000, 0x0000000086f00000, 0x0000000086f00000|100%| O|  |TAMS 0x0000000086e00000| PB 0x0000000086e00000| Untracked 
|  67|0x0000000086f00000, 0x0000000086f00000, 0x0000000087000000|  0%| F|  |TAMS 0x0000000086f00000| PB 0x0000000086f00000| Untracked 
|  68|0x0000000087000000, 0x0000000087100000, 0x0000000087100000|100%| O|  |TAMS 0x0000000087000000| PB 0x0000000087000000| Untracked 
|  69|0x0000000087100000, 0x0000000087200000, 0x0000000087200000|100%| O|  |TAMS 0x0000000087100000| PB 0x0000000087100000| Untracked 
|  70|0x0000000087200000, 0x0000000087300000, 0x0000000087300000|100%| O|  |TAMS 0x0000000087200000| PB 0x0000000087200000| Untracked 
|  71|0x0000000087300000, 0x0000000087400000, 0x0000000087400000|100%| O|  |TAMS 0x0000000087300000| PB 0x0000000087300000| Untracked 
|  72|0x0000000087400000, 0x0000000087500000, 0x0000000087500000|100%| O|  |TAMS 0x0000000087400000| PB 0x0000000087400000| Untracked 
|  73|0x0000000087500000, 0x0000000087600000, 0x0000000087600000|100%| O|  |TAMS 0x0000000087500000| PB 0x0000000087500000| Untracked 
|  74|0x0000000087600000, 0x0000000087700000, 0x0000000087700000|100%| O|  |TAMS 0x0000000087600000| PB 0x0000000087600000| Untracked 
|  75|0x0000000087700000, 0x0000000087800000, 0x0000000087800000|100%| O|Cm|TAMS 0x0000000087700000| PB 0x0000000087700000| Complete 
|  76|0x0000000087800000, 0x0000000087900000, 0x0000000087900000|100%| O|  |TAMS 0x0000000087800000| PB 0x0000000087800000| Untracked 
|  77|0x0000000087900000, 0x0000000087a00000, 0x0000000087a00000|100%| O|Cm|TAMS 0x0000000087900000| PB 0x0000000087900000| Complete 
|  78|0x0000000087a00000, 0x0000000087b00000, 0x0000000087b00000|100%| O|Cm|TAMS 0x0000000087a00000| PB 0x0000000087a00000| Complete 
|  79|0x0000000087b00000, 0x0000000087c00000, 0x0000000087c00000|100%| O|Cm|TAMS 0x0000000087b00000| PB 0x0000000087b00000| Complete 
|  80|0x0000000087c00000, 0x0000000087d00000, 0x0000000087d00000|100%| O|Cm|TAMS 0x0000000087c00000| PB 0x0000000087c00000| Complete 
|  81|0x0000000087d00000, 0x0000000087e00000, 0x0000000087e00000|100%| O|Cm|TAMS 0x0000000087d00000| PB 0x0000000087d00000| Complete 
|  82|0x0000000087e00000, 0x0000000087f00000, 0x0000000087f00000|100%| O|  |TAMS 0x0000000087e00000| PB 0x0000000087e00000| Untracked 
|  83|0x0000000087f00000, 0x0000000088000000, 0x0000000088000000|100%| O|  |TAMS 0x0000000087f00000| PB 0x0000000087f00000| Untracked 
|  84|0x0000000088000000, 0x0000000088000000, 0x0000000088100000|  0%| F|  |TAMS 0x0000000088000000| PB 0x0000000088000000| Untracked 
|  85|0x0000000088100000, 0x0000000088100000, 0x0000000088200000|  0%| F|  |TAMS 0x0000000088100000| PB 0x0000000088100000| Untracked 
|  86|0x0000000088200000, 0x0000000088200000, 0x0000000088300000|  0%| F|  |TAMS 0x0000000088200000| PB 0x0000000088200000| Untracked 
|  87|0x0000000088300000, 0x0000000088300000, 0x0000000088400000|  0%| F|  |TAMS 0x0000000088300000| PB 0x0000000088300000| Untracked 
|  88|0x0000000088400000, 0x0000000088400000, 0x0000000088500000|  0%| F|  |TAMS 0x0000000088400000| PB 0x0000000088400000| Untracked 
|  89|0x0000000088500000, 0x0000000088500000, 0x0000000088600000|  0%| F|  |TAMS 0x0000000088500000| PB 0x0000000088500000| Untracked 
|  90|0x0000000088600000, 0x0000000088600000, 0x0000000088700000|  0%| F|  |TAMS 0x0000000088600000| PB 0x0000000088600000| Untracked 
|  91|0x0000000088700000, 0x0000000088700000, 0x0000000088800000|  0%| F|  |TAMS 0x0000000088700000| PB 0x0000000088700000| Untracked 
|  92|0x0000000088800000, 0x0000000088800000, 0x0000000088900000|  0%| F|  |TAMS 0x0000000088800000| PB 0x0000000088800000| Untracked 
|  93|0x0000000088900000, 0x0000000088900000, 0x0000000088a00000|  0%| F|  |TAMS 0x0000000088900000| PB 0x0000000088900000| Untracked 
|  94|0x0000000088a00000, 0x0000000088a00000, 0x0000000088b00000|  0%| F|  |TAMS 0x0000000088a00000| PB 0x0000000088a00000| Untracked 
|  95|0x0000000088b00000, 0x0000000088b00000, 0x0000000088c00000|  0%| F|  |TAMS 0x0000000088b00000| PB 0x0000000088b00000| Untracked 
|  96|0x0000000088c00000, 0x0000000088c00000, 0x0000000088d00000|  0%| F|  |TAMS 0x0000000088c00000| PB 0x0000000088c00000| Untracked 
|  97|0x0000000088d00000, 0x0000000088d00000, 0x0000000088e00000|  0%| F|  |TAMS 0x0000000088d00000| PB 0x0000000088d00000| Untracked 
|  98|0x0000000088e00000, 0x0000000088e00000, 0x0000000088f00000|  0%| F|  |TAMS 0x0000000088e00000| PB 0x0000000088e00000| Untracked 
|  99|0x0000000088f00000, 0x0000000088f00000, 0x0000000089000000|  0%| F|  |TAMS 0x0000000088f00000| PB 0x0000000088f00000| Untracked 
| 100|0x0000000089000000, 0x0000000089000000, 0x0000000089100000|  0%| F|  |TAMS 0x0000000089000000| PB 0x0000000089000000| Untracked 
| 101|0x0000000089100000, 0x0000000089100000, 0x0000000089200000|  0%| F|  |TAMS 0x0000000089100000| PB 0x0000000089100000| Untracked 
| 102|0x0000000089200000, 0x000000008923d1f0, 0x0000000089300000| 23%| S|CS|TAMS 0x0000000089200000| PB 0x0000000089200000| Complete 
| 103|0x0000000089300000, 0x0000000089400000, 0x0000000089400000|100%| S|CS|TAMS 0x0000000089300000| PB 0x0000000089300000| Complete 
| 104|0x0000000089400000, 0x0000000089500000, 0x0000000089500000|100%| S|CS|TAMS 0x0000000089400000| PB 0x0000000089400000| Complete 
| 105|0x0000000089500000, 0x0000000089600000, 0x0000000089600000|100%| S|CS|TAMS 0x0000000089500000| PB 0x0000000089500000| Complete 
| 106|0x0000000089600000, 0x0000000089700000, 0x0000000089700000|100%| S|CS|TAMS 0x0000000089600000| PB 0x0000000089600000| Complete 
| 107|0x0000000089700000, 0x0000000089700000, 0x0000000089800000|  0%| F|  |TAMS 0x0000000089700000| PB 0x0000000089700000| Untracked 
| 108|0x0000000089800000, 0x0000000089800000, 0x0000000089900000|  0%| F|  |TAMS 0x0000000089800000| PB 0x0000000089800000| Untracked 
| 109|0x0000000089900000, 0x0000000089900000, 0x0000000089a00000|  0%| F|  |TAMS 0x0000000089900000| PB 0x0000000089900000| Untracked 
| 110|0x0000000089a00000, 0x0000000089a00000, 0x0000000089b00000|  0%| F|  |TAMS 0x0000000089a00000| PB 0x0000000089a00000| Untracked 
| 111|0x0000000089b00000, 0x0000000089b00000, 0x0000000089c00000|  0%| F|  |TAMS 0x0000000089b00000| PB 0x0000000089b00000| Untracked 
| 112|0x0000000089c00000, 0x0000000089c00000, 0x0000000089d00000|  0%| F|  |TAMS 0x0000000089c00000| PB 0x0000000089c00000| Untracked 
| 113|0x0000000089d00000, 0x0000000089d00000, 0x0000000089e00000|  0%| F|  |TAMS 0x0000000089d00000| PB 0x0000000089d00000| Untracked 
| 114|0x0000000089e00000, 0x0000000089e00000, 0x0000000089f00000|  0%| F|  |TAMS 0x0000000089e00000| PB 0x0000000089e00000| Untracked 
| 115|0x0000000089f00000, 0x0000000089f00000, 0x000000008a000000|  0%| F|  |TAMS 0x0000000089f00000| PB 0x0000000089f00000| Untracked 
| 116|0x000000008a000000, 0x000000008a000000, 0x000000008a100000|  0%| F|  |TAMS 0x000000008a000000| PB 0x000000008a000000| Untracked 
| 117|0x000000008a100000, 0x000000008a100000, 0x000000008a200000|  0%| F|  |TAMS 0x000000008a100000| PB 0x000000008a100000| Untracked 
| 118|0x000000008a200000, 0x000000008a200000, 0x000000008a300000|  0%| F|  |TAMS 0x000000008a200000| PB 0x000000008a200000| Untracked 
| 119|0x000000008a300000, 0x000000008a300000, 0x000000008a400000|  0%| F|  |TAMS 0x000000008a300000| PB 0x000000008a300000| Untracked 
| 120|0x000000008a400000, 0x000000008a400000, 0x000000008a500000|  0%| F|  |TAMS 0x000000008a400000| PB 0x000000008a400000| Untracked 
| 121|0x000000008a500000, 0x000000008a500000, 0x000000008a600000|  0%| F|  |TAMS 0x000000008a500000| PB 0x000000008a500000| Untracked 
| 122|0x000000008a600000, 0x000000008a600000, 0x000000008a700000|  0%| F|  |TAMS 0x000000008a600000| PB 0x000000008a600000| Untracked 
| 123|0x000000008a700000, 0x000000008a700000, 0x000000008a800000|  0%| F|  |TAMS 0x000000008a700000| PB 0x000000008a700000| Untracked 
| 124|0x000000008a800000, 0x000000008a800000, 0x000000008a900000|  0%| F|  |TAMS 0x000000008a800000| PB 0x000000008a800000| Untracked 
| 125|0x000000008a900000, 0x000000008a900000, 0x000000008aa00000|  0%| F|  |TAMS 0x000000008a900000| PB 0x000000008a900000| Untracked 
| 126|0x000000008aa00000, 0x000000008aa00000, 0x000000008ab00000|  0%| F|  |TAMS 0x000000008aa00000| PB 0x000000008aa00000| Untracked 
| 127|0x000000008ab00000, 0x000000008ab00000, 0x000000008ac00000|  0%| F|  |TAMS 0x000000008ab00000| PB 0x000000008ab00000| Untracked 
| 128|0x000000008ac00000, 0x000000008ac00000, 0x000000008ad00000|  0%| F|  |TAMS 0x000000008ac00000| PB 0x000000008ac00000| Untracked 
| 129|0x000000008ad00000, 0x000000008ad00000, 0x000000008ae00000|  0%| F|  |TAMS 0x000000008ad00000| PB 0x000000008ad00000| Untracked 
| 130|0x000000008ae00000, 0x000000008ae00000, 0x000000008af00000|  0%| F|  |TAMS 0x000000008ae00000| PB 0x000000008ae00000| Untracked 
| 131|0x000000008af00000, 0x000000008af00000, 0x000000008b000000|  0%| F|  |TAMS 0x000000008af00000| PB 0x000000008af00000| Untracked 
| 132|0x000000008b000000, 0x000000008b000000, 0x000000008b100000|  0%| F|  |TAMS 0x000000008b000000| PB 0x000000008b000000| Untracked 
| 133|0x000000008b100000, 0x000000008b100000, 0x000000008b200000|  0%| F|  |TAMS 0x000000008b100000| PB 0x000000008b100000| Untracked 
| 134|0x000000008b200000, 0x000000008b200000, 0x000000008b300000|  0%| F|  |TAMS 0x000000008b200000| PB 0x000000008b200000| Untracked 
| 135|0x000000008b300000, 0x000000008b300000, 0x000000008b400000|  0%| F|  |TAMS 0x000000008b300000| PB 0x000000008b300000| Untracked 
| 136|0x000000008b400000, 0x000000008b400000, 0x000000008b500000|  0%| F|  |TAMS 0x000000008b400000| PB 0x000000008b400000| Untracked 
| 137|0x000000008b500000, 0x000000008b500000, 0x000000008b600000|  0%| F|  |TAMS 0x000000008b500000| PB 0x000000008b500000| Untracked 
| 138|0x000000008b600000, 0x000000008b600000, 0x000000008b700000|  0%| F|  |TAMS 0x000000008b600000| PB 0x000000008b600000| Untracked 
| 139|0x000000008b700000, 0x000000008b700000, 0x000000008b800000|  0%| F|  |TAMS 0x000000008b700000| PB 0x000000008b700000| Untracked 
| 140|0x000000008b800000, 0x000000008b800000, 0x000000008b900000|  0%| F|  |TAMS 0x000000008b800000| PB 0x000000008b800000| Untracked 
| 141|0x000000008b900000, 0x000000008b900000, 0x000000008ba00000|  0%| F|  |TAMS 0x000000008b900000| PB 0x000000008b900000| Untracked 
| 142|0x000000008ba00000, 0x000000008ba00000, 0x000000008bb00000|  0%| F|  |TAMS 0x000000008ba00000| PB 0x000000008ba00000| Untracked 
| 143|0x000000008bb00000, 0x000000008bb00000, 0x000000008bc00000|  0%| F|  |TAMS 0x000000008bb00000| PB 0x000000008bb00000| Untracked 
| 144|0x000000008bc00000, 0x000000008bc00000, 0x000000008bd00000|  0%| F|  |TAMS 0x000000008bc00000| PB 0x000000008bc00000| Untracked 
| 145|0x000000008bd00000, 0x000000008bd00000, 0x000000008be00000|  0%| F|  |TAMS 0x000000008bd00000| PB 0x000000008bd00000| Untracked 
| 146|0x000000008be00000, 0x000000008be00000, 0x000000008bf00000|  0%| F|  |TAMS 0x000000008be00000| PB 0x000000008be00000| Untracked 
| 147|0x000000008bf00000, 0x000000008bf00000, 0x000000008c000000|  0%| F|  |TAMS 0x000000008bf00000| PB 0x000000008bf00000| Untracked 
| 148|0x000000008c000000, 0x000000008c000000, 0x000000008c100000|  0%| F|  |TAMS 0x000000008c000000| PB 0x000000008c000000| Untracked 
| 149|0x000000008c100000, 0x000000008c100000, 0x000000008c200000|  0%| F|  |TAMS 0x000000008c100000| PB 0x000000008c100000| Untracked 
| 150|0x000000008c200000, 0x000000008c200000, 0x000000008c300000|  0%| F|  |TAMS 0x000000008c200000| PB 0x000000008c200000| Untracked 
| 151|0x000000008c300000, 0x000000008c300000, 0x000000008c400000|  0%| F|  |TAMS 0x000000008c300000| PB 0x000000008c300000| Untracked 
| 152|0x000000008c400000, 0x000000008c400000, 0x000000008c500000|  0%| F|  |TAMS 0x000000008c400000| PB 0x000000008c400000| Untracked 
| 153|0x000000008c500000, 0x000000008c500000, 0x000000008c600000|  0%| F|  |TAMS 0x000000008c500000| PB 0x000000008c500000| Untracked 
| 154|0x000000008c600000, 0x000000008c600000, 0x000000008c700000|  0%| F|  |TAMS 0x000000008c600000| PB 0x000000008c600000| Untracked 
| 155|0x000000008c700000, 0x000000008c700000, 0x000000008c800000|  0%| F|  |TAMS 0x000000008c700000| PB 0x000000008c700000| Untracked 
| 156|0x000000008c800000, 0x000000008c800000, 0x000000008c900000|  0%| F|  |TAMS 0x000000008c800000| PB 0x000000008c800000| Untracked 
| 157|0x000000008c900000, 0x000000008c900000, 0x000000008ca00000|  0%| F|  |TAMS 0x000000008c900000| PB 0x000000008c900000| Untracked 
| 158|0x000000008ca00000, 0x000000008ca00000, 0x000000008cb00000|  0%| F|  |TAMS 0x000000008ca00000| PB 0x000000008ca00000| Untracked 
| 159|0x000000008cb00000, 0x000000008cb00000, 0x000000008cc00000|  0%| F|  |TAMS 0x000000008cb00000| PB 0x000000008cb00000| Untracked 
| 160|0x000000008cc00000, 0x000000008cc00000, 0x000000008cd00000|  0%| F|  |TAMS 0x000000008cc00000| PB 0x000000008cc00000| Untracked 
| 161|0x000000008cd00000, 0x000000008cd00000, 0x000000008ce00000|  0%| F|  |TAMS 0x000000008cd00000| PB 0x000000008cd00000| Untracked 
| 162|0x000000008ce00000, 0x000000008ce00000, 0x000000008cf00000|  0%| F|  |TAMS 0x000000008ce00000| PB 0x000000008ce00000| Untracked 
| 163|0x000000008cf00000, 0x000000008cf00000, 0x000000008d000000|  0%| F|  |TAMS 0x000000008cf00000| PB 0x000000008cf00000| Untracked 
| 164|0x000000008d000000, 0x000000008d000000, 0x000000008d100000|  0%| F|  |TAMS 0x000000008d000000| PB 0x000000008d000000| Untracked 
| 165|0x000000008d100000, 0x000000008d100000, 0x000000008d200000|  0%| F|  |TAMS 0x000000008d100000| PB 0x000000008d100000| Untracked 
| 166|0x000000008d200000, 0x000000008d200000, 0x000000008d300000|  0%| F|  |TAMS 0x000000008d200000| PB 0x000000008d200000| Untracked 
| 167|0x000000008d300000, 0x000000008d300000, 0x000000008d400000|  0%| F|  |TAMS 0x000000008d300000| PB 0x000000008d300000| Untracked 
| 168|0x000000008d400000, 0x000000008d400000, 0x000000008d500000|  0%| F|  |TAMS 0x000000008d400000| PB 0x000000008d400000| Untracked 
| 169|0x000000008d500000, 0x000000008d500000, 0x000000008d600000|  0%| F|  |TAMS 0x000000008d500000| PB 0x000000008d500000| Untracked 
| 170|0x000000008d600000, 0x000000008d600000, 0x000000008d700000|  0%| F|  |TAMS 0x000000008d600000| PB 0x000000008d600000| Untracked 
| 171|0x000000008d700000, 0x000000008d700000, 0x000000008d800000|  0%| F|  |TAMS 0x000000008d700000| PB 0x000000008d700000| Untracked 
| 172|0x000000008d800000, 0x000000008d800000, 0x000000008d900000|  0%| F|  |TAMS 0x000000008d800000| PB 0x000000008d800000| Untracked 
| 173|0x000000008d900000, 0x000000008d900000, 0x000000008da00000|  0%| F|  |TAMS 0x000000008d900000| PB 0x000000008d900000| Untracked 
| 174|0x000000008da00000, 0x000000008da00000, 0x000000008db00000|  0%| F|  |TAMS 0x000000008da00000| PB 0x000000008da00000| Untracked 
| 175|0x000000008db00000, 0x000000008db00000, 0x000000008dc00000|  0%| F|  |TAMS 0x000000008db00000| PB 0x000000008db00000| Untracked 
| 176|0x000000008dc00000, 0x000000008dc00000, 0x000000008dd00000|  0%| F|  |TAMS 0x000000008dc00000| PB 0x000000008dc00000| Untracked 
| 177|0x000000008dd00000, 0x000000008dd00000, 0x000000008de00000|  0%| F|  |TAMS 0x000000008dd00000| PB 0x000000008dd00000| Untracked 
| 178|0x000000008de00000, 0x000000008de00000, 0x000000008df00000|  0%| F|  |TAMS 0x000000008de00000| PB 0x000000008de00000| Untracked 
| 179|0x000000008df00000, 0x000000008df00000, 0x000000008e000000|  0%| F|  |TAMS 0x000000008df00000| PB 0x000000008df00000| Untracked 
| 180|0x000000008e000000, 0x000000008e000000, 0x000000008e100000|  0%| F|  |TAMS 0x000000008e000000| PB 0x000000008e000000| Untracked 
| 181|0x000000008e100000, 0x000000008e100000, 0x000000008e200000|  0%| F|  |TAMS 0x000000008e100000| PB 0x000000008e100000| Untracked 
| 182|0x000000008e200000, 0x000000008e200000, 0x000000008e300000|  0%| F|  |TAMS 0x000000008e200000| PB 0x000000008e200000| Untracked 
| 183|0x000000008e300000, 0x000000008e300000, 0x000000008e400000|  0%| F|  |TAMS 0x000000008e300000| PB 0x000000008e300000| Untracked 
| 184|0x000000008e400000, 0x000000008e400000, 0x000000008e500000|  0%| F|  |TAMS 0x000000008e400000| PB 0x000000008e400000| Untracked 
| 185|0x000000008e500000, 0x000000008e500000, 0x000000008e600000|  0%| F|  |TAMS 0x000000008e500000| PB 0x000000008e500000| Untracked 
| 186|0x000000008e600000, 0x000000008e600000, 0x000000008e700000|  0%| F|  |TAMS 0x000000008e600000| PB 0x000000008e600000| Untracked 
| 187|0x000000008e700000, 0x000000008e700000, 0x000000008e800000|  0%| F|  |TAMS 0x000000008e700000| PB 0x000000008e700000| Untracked 
| 188|0x000000008e800000, 0x000000008e800000, 0x000000008e900000|  0%| F|  |TAMS 0x000000008e800000| PB 0x000000008e800000| Untracked 
| 189|0x000000008e900000, 0x000000008e900000, 0x000000008ea00000|  0%| F|  |TAMS 0x000000008e900000| PB 0x000000008e900000| Untracked 
| 190|0x000000008ea00000, 0x000000008ea00000, 0x000000008eb00000|  0%| F|  |TAMS 0x000000008ea00000| PB 0x000000008ea00000| Untracked 
| 191|0x000000008eb00000, 0x000000008eb00000, 0x000000008ec00000|  0%| F|  |TAMS 0x000000008eb00000| PB 0x000000008eb00000| Untracked 
| 192|0x000000008ec00000, 0x000000008ec00000, 0x000000008ed00000|  0%| F|  |TAMS 0x000000008ec00000| PB 0x000000008ec00000| Untracked 
| 193|0x000000008ed00000, 0x000000008ed00000, 0x000000008ee00000|  0%| F|  |TAMS 0x000000008ed00000| PB 0x000000008ed00000| Untracked 
| 194|0x000000008ee00000, 0x000000008ee00000, 0x000000008ef00000|  0%| F|  |TAMS 0x000000008ee00000| PB 0x000000008ee00000| Untracked 
| 195|0x000000008ef00000, 0x000000008ef00000, 0x000000008f000000|  0%| F|  |TAMS 0x000000008ef00000| PB 0x000000008ef00000| Untracked 
| 196|0x000000008f000000, 0x000000008f000000, 0x000000008f100000|  0%| F|  |TAMS 0x000000008f000000| PB 0x000000008f000000| Untracked 
| 197|0x000000008f100000, 0x000000008f100000, 0x000000008f200000|  0%| F|  |TAMS 0x000000008f100000| PB 0x000000008f100000| Untracked 
| 198|0x000000008f200000, 0x000000008f200000, 0x000000008f300000|  0%| F|  |TAMS 0x000000008f200000| PB 0x000000008f200000| Untracked 
| 199|0x000000008f300000, 0x000000008f300000, 0x000000008f400000|  0%| F|  |TAMS 0x000000008f300000| PB 0x000000008f300000| Untracked 
| 200|0x000000008f400000, 0x000000008f400000, 0x000000008f500000|  0%| F|  |TAMS 0x000000008f400000| PB 0x000000008f400000| Untracked 
| 201|0x000000008f500000, 0x000000008f500000, 0x000000008f600000|  0%| F|  |TAMS 0x000000008f500000| PB 0x000000008f500000| Untracked 
| 202|0x000000008f600000, 0x000000008f600000, 0x000000008f700000|  0%| F|  |TAMS 0x000000008f600000| PB 0x000000008f600000| Untracked 
| 203|0x000000008f700000, 0x000000008f700000, 0x000000008f800000|  0%| F|  |TAMS 0x000000008f700000| PB 0x000000008f700000| Untracked 
| 204|0x000000008f800000, 0x000000008f800000, 0x000000008f900000|  0%| F|  |TAMS 0x000000008f800000| PB 0x000000008f800000| Untracked 
| 205|0x000000008f900000, 0x000000008f900000, 0x000000008fa00000|  0%| F|  |TAMS 0x000000008f900000| PB 0x000000008f900000| Untracked 
| 206|0x000000008fa00000, 0x000000008fa00000, 0x000000008fb00000|  0%| F|  |TAMS 0x000000008fa00000| PB 0x000000008fa00000| Untracked 
| 207|0x000000008fb00000, 0x000000008fb00000, 0x000000008fc00000|  0%| F|  |TAMS 0x000000008fb00000| PB 0x000000008fb00000| Untracked 
| 208|0x000000008fc00000, 0x000000008fc80000, 0x000000008fd00000| 50%| E|  |TAMS 0x000000008fc00000| PB 0x000000008fc00000| Complete 
| 209|0x000000008fd00000, 0x000000008fe00000, 0x000000008fe00000|100%| E|CS|TAMS 0x000000008fd00000| PB 0x000000008fd00000| Complete 
| 210|0x000000008fe00000, 0x000000008ff00000, 0x000000008ff00000|100%| E|CS|TAMS 0x000000008fe00000| PB 0x000000008fe00000| Complete 
| 211|0x000000008ff00000, 0x0000000090000000, 0x0000000090000000|100%| E|CS|TAMS 0x000000008ff00000| PB 0x000000008ff00000| Complete 
| 212|0x0000000090000000, 0x0000000090100000, 0x0000000090100000|100%| E|CS|TAMS 0x0000000090000000| PB 0x0000000090000000| Complete 
| 213|0x0000000090100000, 0x0000000090200000, 0x0000000090200000|100%| E|CS|TAMS 0x0000000090100000| PB 0x0000000090100000| Complete 
| 214|0x0000000090200000, 0x0000000090300000, 0x0000000090300000|100%| E|  |TAMS 0x0000000090200000| PB 0x0000000090200000| Complete 
| 215|0x0000000090300000, 0x0000000090400000, 0x0000000090400000|100%| E|CS|TAMS 0x0000000090300000| PB 0x0000000090300000| Complete 
| 216|0x0000000090400000, 0x0000000090500000, 0x0000000090500000|100%| E|CS|TAMS 0x0000000090400000| PB 0x0000000090400000| Complete 
| 217|0x0000000090500000, 0x0000000090600000, 0x0000000090600000|100%| E|CS|TAMS 0x0000000090500000| PB 0x0000000090500000| Complete 
| 218|0x0000000090600000, 0x0000000090700000, 0x0000000090700000|100%| E|CS|TAMS 0x0000000090600000| PB 0x0000000090600000| Complete 
| 219|0x0000000090700000, 0x0000000090800000, 0x0000000090800000|100%| E|CS|TAMS 0x0000000090700000| PB 0x0000000090700000| Complete 
| 220|0x0000000090800000, 0x0000000090900000, 0x0000000090900000|100%| E|CS|TAMS 0x0000000090800000| PB 0x0000000090800000| Complete 
| 221|0x0000000090900000, 0x0000000090a00000, 0x0000000090a00000|100%| E|CS|TAMS 0x0000000090900000| PB 0x0000000090900000| Complete 
| 222|0x0000000090a00000, 0x0000000090b00000, 0x0000000090b00000|100%| E|CS|TAMS 0x0000000090a00000| PB 0x0000000090a00000| Complete 
| 223|0x0000000090b00000, 0x0000000090c00000, 0x0000000090c00000|100%| E|CS|TAMS 0x0000000090b00000| PB 0x0000000090b00000| Complete 
| 224|0x0000000090c00000, 0x0000000090d00000, 0x0000000090d00000|100%| E|CS|TAMS 0x0000000090c00000| PB 0x0000000090c00000| Complete 
| 225|0x0000000090d00000, 0x0000000090e00000, 0x0000000090e00000|100%| E|CS|TAMS 0x0000000090d00000| PB 0x0000000090d00000| Complete 
| 226|0x0000000090e00000, 0x0000000090f00000, 0x0000000090f00000|100%| E|CS|TAMS 0x0000000090e00000| PB 0x0000000090e00000| Complete 
| 227|0x0000000090f00000, 0x0000000091000000, 0x0000000091000000|100%| E|CS|TAMS 0x0000000090f00000| PB 0x0000000090f00000| Complete 
| 228|0x0000000091000000, 0x0000000091100000, 0x0000000091100000|100%| E|CS|TAMS 0x0000000091000000| PB 0x0000000091000000| Complete 
| 229|0x0000000091100000, 0x0000000091200000, 0x0000000091200000|100%| E|CS|TAMS 0x0000000091100000| PB 0x0000000091100000| Complete 
| 230|0x0000000091200000, 0x0000000091300000, 0x0000000091300000|100%| E|CS|TAMS 0x0000000091200000| PB 0x0000000091200000| Complete 
| 231|0x0000000091300000, 0x0000000091400000, 0x0000000091400000|100%| E|CS|TAMS 0x0000000091300000| PB 0x0000000091300000| Complete 
| 232|0x0000000091400000, 0x0000000091500000, 0x0000000091500000|100%| E|CS|TAMS 0x0000000091400000| PB 0x0000000091400000| Complete 
| 233|0x0000000091500000, 0x0000000091600000, 0x0000000091600000|100%| E|CS|TAMS 0x0000000091500000| PB 0x0000000091500000| Complete 
| 234|0x0000000091600000, 0x0000000091700000, 0x0000000091700000|100%| E|CS|TAMS 0x0000000091600000| PB 0x0000000091600000| Complete 
| 235|0x0000000091700000, 0x0000000091800000, 0x0000000091800000|100%| E|CS|TAMS 0x0000000091700000| PB 0x0000000091700000| Complete 
| 236|0x0000000091800000, 0x0000000091900000, 0x0000000091900000|100%| E|CS|TAMS 0x0000000091800000| PB 0x0000000091800000| Complete 
| 237|0x0000000091900000, 0x0000000091a00000, 0x0000000091a00000|100%| E|CS|TAMS 0x0000000091900000| PB 0x0000000091900000| Complete 
| 238|0x0000000091a00000, 0x0000000091b00000, 0x0000000091b00000|100%| E|CS|TAMS 0x0000000091a00000| PB 0x0000000091a00000| Complete 
| 239|0x0000000091b00000, 0x0000000091c00000, 0x0000000091c00000|100%| E|CS|TAMS 0x0000000091b00000| PB 0x0000000091b00000| Complete 
| 240|0x0000000091c00000, 0x0000000091d00000, 0x0000000091d00000|100%| E|CS|TAMS 0x0000000091c00000| PB 0x0000000091c00000| Complete 
| 241|0x0000000091d00000, 0x0000000091e00000, 0x0000000091e00000|100%| E|CS|TAMS 0x0000000091d00000| PB 0x0000000091d00000| Complete 
| 242|0x0000000091e00000, 0x0000000091f00000, 0x0000000091f00000|100%| E|CS|TAMS 0x0000000091e00000| PB 0x0000000091e00000| Complete 
| 243|0x0000000091f00000, 0x0000000092000000, 0x0000000092000000|100%| E|CS|TAMS 0x0000000091f00000| PB 0x0000000091f00000| Complete 
| 244|0x0000000092000000, 0x0000000092100000, 0x0000000092100000|100%| E|CS|TAMS 0x0000000092000000| PB 0x0000000092000000| Complete 
| 245|0x0000000092100000, 0x0000000092200000, 0x0000000092200000|100%| E|CS|TAMS 0x0000000092100000| PB 0x0000000092100000| Complete 
| 246|0x0000000092200000, 0x0000000092300000, 0x0000000092300000|100%| E|CS|TAMS 0x0000000092200000| PB 0x0000000092200000| Complete 
| 247|0x0000000092300000, 0x0000000092400000, 0x0000000092400000|100%| E|CS|TAMS 0x0000000092300000| PB 0x0000000092300000| Complete 
| 248|0x0000000092400000, 0x0000000092500000, 0x0000000092500000|100%| E|CS|TAMS 0x0000000092400000| PB 0x0000000092400000| Complete 
| 249|0x0000000092500000, 0x0000000092600000, 0x0000000092600000|100%| E|CS|TAMS 0x0000000092500000| PB 0x0000000092500000| Complete 
| 250|0x0000000092600000, 0x0000000092700000, 0x0000000092700000|100%| E|CS|TAMS 0x0000000092600000| PB 0x0000000092600000| Complete 
| 251|0x0000000092700000, 0x0000000092800000, 0x0000000092800000|100%| E|CS|TAMS 0x0000000092700000| PB 0x0000000092700000| Complete 
| 252|0x0000000092800000, 0x0000000092900000, 0x0000000092900000|100%| E|CS|TAMS 0x0000000092800000| PB 0x0000000092800000| Complete 
| 253|0x0000000092900000, 0x0000000092a00000, 0x0000000092a00000|100%| E|CS|TAMS 0x0000000092900000| PB 0x0000000092900000| Complete 
| 254|0x0000000092a00000, 0x0000000092b00000, 0x0000000092b00000|100%| E|CS|TAMS 0x0000000092a00000| PB 0x0000000092a00000| Complete 
| 255|0x0000000092b00000, 0x0000000092c00000, 0x0000000092c00000|100%| E|CS|TAMS 0x0000000092b00000| PB 0x0000000092b00000| Complete 
| 256|0x0000000092c00000, 0x0000000092d00000, 0x0000000092d00000|100%| E|CS|TAMS 0x0000000092c00000| PB 0x0000000092c00000| Complete 
| 257|0x0000000092d00000, 0x0000000092e00000, 0x0000000092e00000|100%| E|CS|TAMS 0x0000000092d00000| PB 0x0000000092d00000| Complete 
| 258|0x0000000092e00000, 0x0000000092f00000, 0x0000000092f00000|100%| E|CS|TAMS 0x0000000092e00000| PB 0x0000000092e00000| Complete 
| 259|0x0000000092f00000, 0x0000000093000000, 0x0000000093000000|100%| E|CS|TAMS 0x0000000092f00000| PB 0x0000000092f00000| Complete 
| 260|0x0000000093000000, 0x0000000093100000, 0x0000000093100000|100%| E|CS|TAMS 0x0000000093000000| PB 0x0000000093000000| Complete 
| 261|0x0000000093100000, 0x0000000093200000, 0x0000000093200000|100%| E|CS|TAMS 0x0000000093100000| PB 0x0000000093100000| Complete 
| 262|0x0000000093200000, 0x0000000093300000, 0x0000000093300000|100%| E|CS|TAMS 0x0000000093200000| PB 0x0000000093200000| Complete 
| 263|0x0000000093300000, 0x0000000093400000, 0x0000000093400000|100%| E|CS|TAMS 0x0000000093300000| PB 0x0000000093300000| Complete 
| 264|0x0000000093400000, 0x0000000093500000, 0x0000000093500000|100%| E|CS|TAMS 0x0000000093400000| PB 0x0000000093400000| Complete 
| 265|0x0000000093500000, 0x0000000093600000, 0x0000000093600000|100%| E|CS|TAMS 0x0000000093500000| PB 0x0000000093500000| Complete 
| 266|0x0000000093600000, 0x0000000093700000, 0x0000000093700000|100%| E|CS|TAMS 0x0000000093600000| PB 0x0000000093600000| Complete 
| 267|0x0000000093700000, 0x0000000093800000, 0x0000000093800000|100%| E|CS|TAMS 0x0000000093700000| PB 0x0000000093700000| Complete 
| 268|0x0000000093800000, 0x0000000093900000, 0x0000000093900000|100%| E|CS|TAMS 0x0000000093800000| PB 0x0000000093800000| Complete 
| 269|0x0000000093900000, 0x0000000093a00000, 0x0000000093a00000|100%| E|CS|TAMS 0x0000000093900000| PB 0x0000000093900000| Complete 
| 270|0x0000000093a00000, 0x0000000093b00000, 0x0000000093b00000|100%| E|CS|TAMS 0x0000000093a00000| PB 0x0000000093a00000| Complete 
| 271|0x0000000093b00000, 0x0000000093c00000, 0x0000000093c00000|100%| E|CS|TAMS 0x0000000093b00000| PB 0x0000000093b00000| Complete 
| 272|0x0000000093c00000, 0x0000000093d00000, 0x0000000093d00000|100%| E|CS|TAMS 0x0000000093c00000| PB 0x0000000093c00000| Complete 
| 273|0x0000000093d00000, 0x0000000093e00000, 0x0000000093e00000|100%| E|CS|TAMS 0x0000000093d00000| PB 0x0000000093d00000| Complete 
| 274|0x0000000093e00000, 0x0000000093f00000, 0x0000000093f00000|100%| E|CS|TAMS 0x0000000093e00000| PB 0x0000000093e00000| Complete 
| 275|0x0000000093f00000, 0x0000000094000000, 0x0000000094000000|100%| E|CS|TAMS 0x0000000093f00000| PB 0x0000000093f00000| Complete 
| 276|0x0000000094000000, 0x0000000094100000, 0x0000000094100000|100%| E|CS|TAMS 0x0000000094000000| PB 0x0000000094000000| Complete 
| 277|0x0000000094100000, 0x0000000094200000, 0x0000000094200000|100%| E|CS|TAMS 0x0000000094100000| PB 0x0000000094100000| Complete 
| 278|0x0000000094200000, 0x0000000094300000, 0x0000000094300000|100%| E|CS|TAMS 0x0000000094200000| PB 0x0000000094200000| Complete 
| 279|0x0000000094300000, 0x0000000094400000, 0x0000000094400000|100%| E|CS|TAMS 0x0000000094300000| PB 0x0000000094300000| Complete 
| 280|0x0000000094400000, 0x0000000094500000, 0x0000000094500000|100%| E|CS|TAMS 0x0000000094400000| PB 0x0000000094400000| Complete 
| 281|0x0000000094500000, 0x0000000094600000, 0x0000000094600000|100%| E|CS|TAMS 0x0000000094500000| PB 0x0000000094500000| Complete 
| 282|0x0000000094600000, 0x0000000094700000, 0x0000000094700000|100%| E|CS|TAMS 0x0000000094600000| PB 0x0000000094600000| Complete 
| 283|0x0000000094700000, 0x0000000094800000, 0x0000000094800000|100%| E|CS|TAMS 0x0000000094700000| PB 0x0000000094700000| Complete 
| 342|0x0000000098200000, 0x0000000098300000, 0x0000000098300000|100%| E|CS|TAMS 0x0000000098200000| PB 0x0000000098200000| Complete 
| 343|0x0000000098300000, 0x0000000098400000, 0x0000000098400000|100%| E|CS|TAMS 0x0000000098300000| PB 0x0000000098300000| Complete 
|2003|0x00000000fff00000, 0x0000000100000000, 0x0000000100000000|100%| O|  |TAMS 0x00000000fff00000| PB 0x00000000fff00000| Untracked 

Card table byte_map: [0x00000254adb10000,0x00000254adf00000] _byte_map_base: 0x00000254ad6fa000

Marking Bits: (CMBitMap*) 0x0000025495d7f220
 Bits: [0x00000254adf00000, 0x00000254afe50000)

Polling page: 0x0000025493cd0000

Metaspace:

Usage:
  Non-class:     65.67 MB used.
      Class:     10.53 MB used.
       Both:     76.20 MB used.

Virtual space:
  Non-class space:      128.00 MB reserved,      66.06 MB ( 52%) committed,  2 nodes.
      Class space:        1.00 GB reserved,      10.88 MB (  1%) committed,  1 nodes.
             Both:        1.12 GB reserved,      76.94 MB (  7%) committed. 

Chunk freelists:
   Non-Class:  13.95 MB
       Class:  5.12 MB
        Both:  19.08 MB

MaxMetaspaceSize: unlimited
CompressedClassSpaceSize: 1.00 GB
Initial GC threshold: 21.00 MB
Current GC threshold: 116.38 MB
CDS: on
 - commit_granule_bytes: 65536.
 - commit_granule_words: 8192.
 - virtual_space_node_default_size: 8388608.
 - enlarge_chunks_in_place: 1.
 - use_allocation_guard: 0.


Internal statistics:

num_allocs_failed_limit: 12.
num_arena_births: 1066.
num_arena_deaths: 8.
num_vsnodes_births: 3.
num_vsnodes_deaths: 0.
num_space_committed: 1231.
num_space_uncommitted: 0.
num_chunks_returned_to_freelist: 24.
num_chunks_taken_from_freelist: 4001.
num_chunk_merges: 13.
num_chunk_splits: 2867.
num_chunks_enlarged: 2219.
num_inconsistent_stats: 0.

CodeHeap 'non-profiled nmethods': size=120000Kb used=4835Kb max_used=4835Kb free=115164Kb
 bounds [0x00000254a5ca0000, 0x00000254a6160000, 0x00000254ad1d0000]
CodeHeap 'profiled nmethods': size=120000Kb used=12083Kb max_used=12083Kb free=107916Kb
 bounds [0x000002549e1d0000, 0x000002549eda0000, 0x00000254a5700000]
CodeHeap 'non-nmethods': size=5760Kb used=1699Kb max_used=1766Kb free=4060Kb
 bounds [0x00000254a5700000, 0x00000254a5970000, 0x00000254a5ca0000]
 total_blobs=7269 nmethods=6544 adapters=628
 compilation: enabled
              stopped_count=0, restarted_count=0
 full_count=0

Compilation events (20 events):
Event: 446.498 Thread 0x00000254b2ac1300 7702       3       java.util.concurrent.ConcurrentHashMap::sumCount (60 bytes)
Event: 446.499 Thread 0x00000254b2ac1300 nmethod 7702 0x000002549ed7e410 code [0x000002549ed7e5c0, 0x000002549ed7e818]
Event: 446.499 Thread 0x00000254b2abe850 nmethod 7704 0x00000254a6155a90 code [0x00000254a6155c60, 0x00000254a6155e88]
Event: 446.500 Thread 0x00000254b2abe850 7700       4       java.util.Collections$UnmodifiableCollection::contains (11 bytes)
Event: 446.500 Thread 0x00000254b2abe850 nmethod 7700 0x00000254a6156090 code [0x00000254a6156220, 0x00000254a61562d0]
Event: 446.500 Thread 0x00000254b2abe850 7703       4       java.util.ImmutableCollections$Set12$1::hasNext (13 bytes)
Event: 446.500 Thread 0x00000254b2abe850 nmethod 7703 0x00000254a6156390 code [0x00000254a6156520, 0x00000254a61565b8]
Event: 446.500 Thread 0x00000254b2abe850 7695       4       java.util.ImmutableCollections$List12::get (35 bytes)
Event: 446.500 Thread 0x00000254b2abe850 nmethod 7695 0x00000254a6156690 code [0x00000254a6156820, 0x00000254a6156900]
Event: 446.500 Thread 0x00000254b2abe850 7649       4       java.lang.invoke.LambdaForm$DMH/0x00000254b402c800::newInvokeSpecial (32 bytes)
Event: 446.501 Thread 0x00000254b2abe850 nmethod 7649 0x00000254a6156990 code [0x00000254a6156b40, 0x00000254a6156dc8]
Event: 446.530 Thread 0x00000254b2ac1300 7705   !   3       com.mysql.cj.protocol.a.SimplePacketReader::readMessageLocal (145 bytes)
Event: 446.531 Thread 0x00000254b2ac1300 nmethod 7705 0x000002549ed7e910 code [0x000002549ed7eca0, 0x000002549ed80580]
Event: 446.531 Thread 0x00000254b2ac1300 7706       3       com.mysql.cj.CharsetMapping::getStaticJavaEncodingForCollationIndex (33 bytes)
Event: 446.532 Thread 0x00000254b2ac1300 nmethod 7706 0x000002549ed81310 code [0x000002549ed81500, 0x000002549ed81948]
Event: 446.532 Thread 0x00000254b2ac1300 7707       3       com.mysql.cj.MysqlCharset::getMatchingJavaEncoding (39 bytes)
Event: 446.532 Thread 0x00000254b2ac1300 nmethod 7707 0x000002549ed81b10 code [0x000002549ed81d20, 0x000002549ed82388]
Event: 446.540 Thread 0x00000254b2ac1300 7708       1       org.hibernate.tuple.entity.EntityMetamodel::getName (5 bytes)
Event: 446.541 Thread 0x00000254b2ac1300 nmethod 7708 0x00000254a6157010 code [0x00000254a61571a0, 0x00000254a6157268]
Event: 446.541 Thread 0x00000254b2abe850 7709       4       jdk.internal.org.objectweb.asm.ClassWriter::visitMethod (57 bytes)

GC Heap History (20 events):
Event: 4.612 GC heap before
{Heap before GC invocations=17 (full 0):
 garbage-first heap   total 70656K, used 61467K [0x0000000082c00000, 0x0000000100000000)
  region size 1024K, 31 young (31744K), 4 survivors (4096K)
 Metaspace       used 67710K, committed 68416K, reserved 1114112K
  class space    used 9334K, committed 9664K, reserved 1048576K
}
Event: 4.617 GC heap after
{Heap after GC invocations=18 (full 0):
 garbage-first heap   total 71680K, used 39630K [0x0000000082c00000, 0x0000000100000000)
  region size 1024K, 4 young (4096K), 4 survivors (4096K)
 Metaspace       used 67710K, committed 68416K, reserved 1114112K
  class space    used 9334K, committed 9664K, reserved 1048576K
}
Event: 4.664 GC heap before
{Heap before GC invocations=19 (full 0):
 garbage-first heap   total 78848K, used 60110K [0x0000000082c00000, 0x0000000100000000)
  region size 1024K, 24 young (24576K), 4 survivors (4096K)
 Metaspace       used 67722K, committed 68416K, reserved 1114112K
  class space    used 9335K, committed 9664K, reserved 1048576K
}
Event: 4.669 GC heap after
{Heap after GC invocations=20 (full 0):
 garbage-first heap   total 78848K, used 45381K [0x0000000082c00000, 0x0000000100000000)
  region size 1024K, 3 young (3072K), 3 survivors (3072K)
 Metaspace       used 67722K, committed 68416K, reserved 1114112K
  class space    used 9335K, committed 9664K, reserved 1048576K
}
Event: 4.692 GC heap before
{Heap before GC invocations=20 (full 0):
 garbage-first heap   total 78848K, used 65861K [0x0000000082c00000, 0x0000000100000000)
  region size 1024K, 23 young (23552K), 3 survivors (3072K)
 Metaspace       used 67722K, committed 68416K, reserved 1114112K
  class space    used 9335K, committed 9664K, reserved 1048576K
}
Event: 4.698 GC heap after
{Heap after GC invocations=21 (full 0):
 garbage-first heap   total 78848K, used 53732K [0x0000000082c00000, 0x0000000100000000)
  region size 1024K, 3 young (3072K), 3 survivors (3072K)
 Metaspace       used 67722K, committed 68416K, reserved 1114112K
  class space    used 9335K, committed 9664K, reserved 1048576K
}
Event: 4.712 GC heap before
{Heap before GC invocations=21 (full 0):
 garbage-first heap   total 78848K, used 66020K [0x0000000082c00000, 0x0000000100000000)
  region size 1024K, 15 young (15360K), 3 survivors (3072K)
 Metaspace       used 67723K, committed 68416K, reserved 1114112K
  class space    used 9335K, committed 9664K, reserved 1048576K
}
Event: 4.716 GC heap after
{Heap after GC invocations=22 (full 0):
 garbage-first heap   total 157696K, used 57259K [0x0000000082c00000, 0x0000000100000000)
  region size 1024K, 2 young (2048K), 2 survivors (2048K)
 Metaspace       used 67723K, committed 68416K, reserved 1114112K
  class space    used 9335K, committed 9664K, reserved 1048576K
}
Event: 4.819 GC heap before
{Heap before GC invocations=23 (full 0):
 garbage-first heap   total 157696K, used 122795K [0x0000000082c00000, 0x0000000100000000)
  region size 1024K, 68 young (69632K), 2 survivors (2048K)
 Metaspace       used 67710K, committed 68416K, reserved 1114112K
  class space    used 9333K, committed 9664K, reserved 1048576K
}
Event: 4.824 GC heap after
{Heap after GC invocations=24 (full 0):
 garbage-first heap   total 157696K, used 60961K [0x0000000082c00000, 0x0000000100000000)
  region size 1024K, 8 young (8192K), 8 survivors (8192K)
 Metaspace       used 67710K, committed 68416K, reserved 1114112K
  class space    used 9333K, committed 9664K, reserved 1048576K
}
Event: 4.888 GC heap before
{Heap before GC invocations=24 (full 0):
 garbage-first heap   total 157696K, used 128545K [0x0000000082c00000, 0x0000000100000000)
  region size 1024K, 74 young (75776K), 8 survivors (8192K)
 Metaspace       used 67717K, committed 68416K, reserved 1114112K
  class space    used 9333K, committed 9664K, reserved 1048576K
}
Event: 4.897 GC heap after
{Heap after GC invocations=25 (full 0):
 garbage-first heap   total 157696K, used 68548K [0x0000000082c00000, 0x0000000100000000)
  region size 1024K, 10 young (10240K), 10 survivors (10240K)
 Metaspace       used 67717K, committed 68416K, reserved 1114112K
  class space    used 9333K, committed 9664K, reserved 1048576K
}
Event: 4.906 GC heap before
{Heap before GC invocations=25 (full 0):
 garbage-first heap   total 157696K, used 77764K [0x0000000082c00000, 0x0000000100000000)
  region size 1024K, 20 young (20480K), 10 survivors (10240K)
 Metaspace       used 67717K, committed 68416K, reserved 1114112K
  class space    used 9333K, committed 9664K, reserved 1048576K
}
Event: 4.913 GC heap after
{Heap after GC invocations=26 (full 0):
 garbage-first heap   total 157696K, used 74623K [0x0000000082c00000, 0x0000000100000000)
  region size 1024K, 5 young (5120K), 5 survivors (5120K)
 Metaspace       used 67717K, committed 68416K, reserved 1114112K
  class space    used 9333K, committed 9664K, reserved 1048576K
}
Event: 4.980 GC heap before
{Heap before GC invocations=27 (full 0):
 garbage-first heap   total 157696K, used 115583K [0x0000000082c00000, 0x0000000100000000)
  region size 1024K, 50 young (51200K), 5 survivors (5120K)
 Metaspace       used 67723K, committed 68416K, reserved 1114112K
  class space    used 9333K, committed 9664K, reserved 1048576K
}
Event: 4.990 GC heap after
{Heap after GC invocations=28 (full 0):
 garbage-first heap   total 157696K, used 84498K [0x0000000082c00000, 0x0000000100000000)
  region size 1024K, 7 young (7168K), 7 survivors (7168K)
 Metaspace       used 67723K, committed 68416K, reserved 1114112K
  class space    used 9333K, committed 9664K, reserved 1048576K
}
Event: 5.030 GC heap before
{Heap before GC invocations=28 (full 0):
 garbage-first heap   total 157696K, used 123410K [0x0000000082c00000, 0x0000000100000000)
  region size 1024K, 45 young (46080K), 7 survivors (7168K)
 Metaspace       used 67724K, committed 68416K, reserved 1114112K
  class space    used 9333K, committed 9664K, reserved 1048576K
}
Event: 5.037 GC heap after
{Heap after GC invocations=29 (full 0):
 garbage-first heap   total 157696K, used 83162K [0x0000000082c00000, 0x0000000100000000)
  region size 1024K, 6 young (6144K), 6 survivors (6144K)
 Metaspace       used 67724K, committed 68416K, reserved 1114112K
  class space    used 9333K, committed 9664K, reserved 1048576K
}
Event: 5.482 GC heap before
{Heap before GC invocations=29 (full 0):
 garbage-first heap   total 157696K, used 124122K [0x0000000082c00000, 0x0000000100000000)
  region size 1024K, 46 young (47104K), 6 survivors (6144K)
 Metaspace       used 70660K, committed 71360K, reserved 1114112K
  class space    used 9738K, committed 10048K, reserved 1048576K
}
Event: 5.489 GC heap after
{Heap after GC invocations=30 (full 0):
 garbage-first heap   total 353280K, used 88286K [0x0000000082c00000, 0x0000000100000000)
  region size 1024K, 5 young (5120K), 5 survivors (5120K)
 Metaspace       used 70660K, committed 71360K, reserved 1114112K
  class space    used 9738K, committed 10048K, reserved 1048576K
}

Dll operation events (12 events):
Event: 0.006 Loaded shared library C:\Program Files\Java\jdk-21\bin\java.dll
Event: 0.033 Loaded shared library C:\Program Files\Java\jdk-21\bin\jsvml.dll
Event: 0.094 Loaded shared library C:\Program Files\Java\jdk-21\bin\zip.dll
Event: 0.098 Loaded shared library C:\Program Files\Java\jdk-21\bin\instrument.dll
Event: 0.102 Loaded shared library C:\Program Files\Java\jdk-21\bin\net.dll
Event: 0.103 Loaded shared library C:\Program Files\Java\jdk-21\bin\nio.dll
Event: 0.106 Loaded shared library C:\Program Files\Java\jdk-21\bin\zip.dll
Event: 0.176 Loaded shared library C:\Program Files\Java\jdk-21\bin\extnet.dll
Event: 0.201 Loaded shared library C:\Program Files\Java\jdk-21\bin\jimage.dll
Event: 0.379 Loaded shared library C:\Program Files\Java\jdk-21\bin\management.dll
Event: 0.382 Loaded shared library C:\Program Files\Java\jdk-21\bin\management_ext.dll
Event: 0.988 Loaded shared library C:\Program Files\Java\jdk-21\bin\sunmscapi.dll

Deoptimization events (20 events):
Event: 446.433 Thread 0x00000254fae03380 Uncommon trap: trap_request=0xffffff45 fr.pc=0x00000254a60edce4 relative=0x00000000000022a4
Event: 446.433 Thread 0x00000254fae03380 Uncommon trap: reason=unstable_if action=reinterpret pc=0x00000254a60edce4 method=org.springframework.util.ConcurrentReferenceHashMap$Segment.doTask(ILjava/lang/Object;Lorg/springframework/util/ConcurrentReferenceHashMap$Task;)Ljava/lang/Object; @ 89 c2
Event: 446.433 Thread 0x00000254fae03380 DEOPT PACKING pc=0x00000254a60edce4 sp=0x0000006bc85fa970
Event: 446.433 Thread 0x00000254fae03380 DEOPT UNPACKING pc=0x00000254a57546a2 sp=0x0000006bc85fa6f0 mode 2
Event: 446.488 Thread 0x00000254fadff1e0 Uncommon trap: trap_request=0xffffff45 fr.pc=0x00000254a5fcdb28 relative=0x0000000000000268
Event: 446.488 Thread 0x00000254fae05ae0 Uncommon trap: trap_request=0xffffff45 fr.pc=0x00000254a5fcdb28 relative=0x0000000000000268
Event: 446.488 Thread 0x00000254fadff1e0 Uncommon trap: reason=unstable_if action=reinterpret pc=0x00000254a5fcdb28 method=java.util.concurrent.locks.ReentrantLock$Sync.lock()V @ 4 c2
Event: 446.488 Thread 0x00000254fae05ae0 Uncommon trap: reason=unstable_if action=reinterpret pc=0x00000254a5fcdb28 method=java.util.concurrent.locks.ReentrantLock$Sync.lock()V @ 4 c2
Event: 446.488 Thread 0x00000254fadff1e0 DEOPT PACKING pc=0x00000254a5fcdb28 sp=0x0000006bc86f9390
Event: 446.488 Thread 0x00000254fae05ae0 DEOPT PACKING pc=0x00000254a5fcdb28 sp=0x0000006bc83f9760
Event: 446.488 Thread 0x00000254fadff1e0 DEOPT UNPACKING pc=0x00000254a57546a2 sp=0x0000006bc86f9290 mode 2
Event: 446.488 Thread 0x00000254fae05ae0 DEOPT UNPACKING pc=0x00000254a57546a2 sp=0x0000006bc83f9660 mode 2
Event: 446.545 Thread 0x00000254fae05ae0 Uncommon trap: trap_request=0xffffff45 fr.pc=0x00000254a5e10930 relative=0x00000000000003b0
Event: 446.546 Thread 0x00000254fae05ae0 Uncommon trap: reason=unstable_if action=reinterpret pc=0x00000254a5e10930 method=java.util.WeakHashMap.remove(Ljava/lang/Object;)Ljava/lang/Object; @ 92 c2
Event: 446.546 Thread 0x00000254fae05ae0 DEOPT PACKING pc=0x00000254a5e10930 sp=0x0000006bc83f9050
Event: 446.546 Thread 0x00000254fae05ae0 DEOPT UNPACKING pc=0x00000254a57546a2 sp=0x0000006bc83f8ff0 mode 2
Event: 446.554 Thread 0x00000254fae03380 Uncommon trap: trap_request=0xffffff45 fr.pc=0x00000254a5cb3b70 relative=0x0000000000000150
Event: 446.554 Thread 0x00000254fae03380 Uncommon trap: reason=unstable_if action=reinterpret pc=0x00000254a5cb3b70 method=java.lang.StringCoding.countPositives([BII)I @ 17 c2
Event: 446.554 Thread 0x00000254fae03380 DEOPT PACKING pc=0x00000254a5cb3b70 sp=0x0000006bc85f90b0
Event: 446.554 Thread 0x00000254fae03380 DEOPT UNPACKING pc=0x00000254a57546a2 sp=0x0000006bc85f9038 mode 2

Classes loaded (20 events):
Event: 446.396 Loading class javax/crypto/JceSecurity$3
Event: 446.396 Loading class javax/crypto/JceSecurity$3 done
Event: 446.396 Loading class java/lang/Class$Holder
Event: 446.396 Loading class java/lang/Class$Holder done
Event: 446.396 Loading class java/security/AllPermissionCollection
Event: 446.396 Loading class java/security/AllPermissionCollection done
Event: 446.396 Loading class javax/crypto/ProviderVerifier
Event: 446.397 Loading class javax/crypto/ProviderVerifier done
Event: 446.397 Loading class javax/crypto/ProviderVerifier$1
Event: 446.397 Loading class javax/crypto/ProviderVerifier$1 done
Event: 446.398 Loading class com/sun/crypto/provider/HmacCore$HmacSHA256
Event: 446.398 Loading class com/sun/crypto/provider/HmacCore
Event: 446.398 Loading class javax/crypto/MacSpi
Event: 446.398 Loading class javax/crypto/MacSpi done
Event: 446.398 Loading class com/sun/crypto/provider/HmacCore done
Event: 446.398 Loading class com/sun/crypto/provider/HmacCore$HmacSHA256 done
Event: 446.404 Loading class jdk/internal/loader/BootLoader$PackageHelper
Event: 446.404 Loading class jdk/internal/loader/BootLoader$PackageHelper done
Event: 446.466 Loading class java/util/AbstractMap$SimpleEntry
Event: 446.467 Loading class java/util/AbstractMap$SimpleEntry done

Classes unloaded (4 events):
Event: 4.741 Thread 0x00000254b2a867f0 Unloading class 0x00000254b4961800 'jdk/internal/reflect/GeneratedSerializationConstructorAccessor4'
Event: 4.741 Thread 0x00000254b2a867f0 Unloading class 0x00000254b4961400 'jdk/internal/reflect/GeneratedSerializationConstructorAccessor3'
Event: 4.741 Thread 0x00000254b2a867f0 Unloading class 0x00000254b4960c00 'jdk/internal/reflect/GeneratedSerializationConstructorAccessor2'
Event: 4.741 Thread 0x00000254b2a867f0 Unloading class 0x00000254b4960800 'jdk/internal/reflect/GeneratedSerializationConstructorAccessor1'

Classes redefined (0 events):
No events

Internal exceptions (20 events):
Event: 5.143 Thread 0x00000254b2ab1250 Exception <a 'java/lang/NoSuchMethodError'{0x000000008b5c3b70}: 'java.lang.Object java.lang.invoke.DirectMethodHandle$Holder.newInvokeSpecial(java.lang.Object, java.lang.Object, java.lang.Object, java.lang.Object, java.lang.Object, java.lang.Object, java.lang.Object, java.lang.Object)'> (0x000000008b5c3b70) 
thrown [s\open\src\hotspot\share\interpreter\linkResolver.cpp, line 773]
Event: 5.334 Thread 0x00000254b2ab1250 Exception <a 'java/lang/IncompatibleClassChangeError'{0x000000008a79e160}: Found class java.lang.Object, but interface was expected> (0x000000008a79e160) 
thrown [s\open\src\hotspot\share\interpreter\linkResolver.cpp, line 840]
Event: 5.658 Thread 0x00000254b2ab1250 Exception <a 'java/lang/NoSuchMethodError'{0x00000000941c48c8}: 'int java.lang.invoke.DirectMethodHandle$Holder.invokeStaticInit(java.lang.Object, java.lang.Object, java.lang.Object, java.lang.Object)'> (0x00000000941c48c8) 
thrown [s\open\src\hotspot\share\interpreter\linkResolver.cpp, line 773]
Event: 5.696 Thread 0x00000254b2ab1250 Exception <a 'java/lang/IncompatibleClassChangeError'{0x0000000093ea3980}: Found class java.lang.Object, but interface was expected> (0x0000000093ea3980) 
thrown [s\open\src\hotspot\share\interpreter\linkResolver.cpp, line 840]
Event: 5.725 Thread 0x00000254b2ab1250 Exception <a 'java/lang/NoSuchMethodError'{0x0000000093b10d18}: 'java.lang.Object java.lang.invoke.Invokers$Holder.invoke_MT(java.lang.Object, java.lang.Object, java.lang.Object, java.lang.Object, java.lang.Object, java.lang.Object, java.lang.Object, java.lang.Object, java.lang.Object, java.lang.Object, java.lang.Object)'> (0x0000000093b10d18) 
thrown [s\open\src\hotspot\share\interpreter\linkResolver.cpp, line 773]
Event: 5.796 Thread 0x00000254b2ab1250 Exception <a 'java/lang/NoSuchMethodError'{0x000000009352c258}: 'java.lang.Object java.lang.invoke.DirectMethodHandle$Holder.newInvokeSpecial(java.lang.Object, java.lang.Object, int, java.lang.Object, java.lang.Object)'> (0x000000009352c258) 
thrown [s\open\src\hotspot\share\interpreter\linkResolver.cpp, line 773]
Event: 446.227 Thread 0x00000254fae02cf0 Exception <a 'java/lang/NoSuchMethodError'{0x0000000092fa3938}: 'java.lang.Object java.lang.invoke.DirectMethodHandle$Holder.invokeStatic(java.lang.Object, java.lang.Object, java.lang.Object, int, int)'> (0x0000000092fa3938) 
thrown [s\open\src\hotspot\share\interpreter\linkResolver.cpp, line 773]
Event: 446.227 Thread 0x00000254fae02cf0 Exception <a 'java/lang/NoSuchMethodError'{0x0000000092fa70a0}: 'java.lang.Object java.lang.invoke.DirectMethodHandle$Holder.invokeStaticInit(java.lang.Object, java.lang.Object, java.lang.Object, int, int)'> (0x0000000092fa70a0) 
thrown [s\open\src\hotspot\share\interpreter\linkResolver.cpp, line 773]
Event: 446.258 Thread 0x00000254fadff1e0 Exception <a 'java/lang/NoSuchMethodError'{0x00000000934e71d8}: 'java.lang.Object java.lang.invoke.DirectMethodHandle$Holder.invokeSpecial(java.lang.Object, java.lang.Object, java.lang.Object, java.lang.Object, java.lang.Object, long)'> (0x00000000934e71d8) 
thrown [s\open\src\hotspot\share\interpreter\linkResolver.cpp, line 773]
Event: 446.259 Thread 0x00000254fadff1e0 Exception <a 'java/lang/NoSuchMethodError'{0x00000000934ea960}: 'java.lang.Object java.lang.invoke.Invokers$Holder.linkToTargetMethod(java.lang.Object, java.lang.Object, java.lang.Object, long, java.lang.Object)'> (0x00000000934ea960) 
thrown [s\open\src\hotspot\share\interpreter\linkResolver.cpp, line 773]
Event: 446.389 Thread 0x00000254fadff1e0 Exception <a 'sun/nio/fs/WindowsException'{0x0000000090722248}> (0x0000000090722248) 
thrown [s\open\src\hotspot\share\prims\jni.cpp, line 520]
Event: 446.445 Thread 0x00000254fae05ae0 Exception <a 'java/lang/NoSuchMethodError'{0x0000000090316390}: 'java.lang.Object java.lang.invoke.DirectMethodHandle$Holder.invokeInterface(java.lang.Object, java.lang.Object, java.lang.Object, java.lang.Object)'> (0x0000000090316390) 
thrown [s\open\src\hotspot\share\interpreter\linkResolver.cpp, line 773]
Event: 446.445 Thread 0x00000254fadff1e0 Exception <a 'java/lang/NoSuchMethodError'{0x0000000090398b08}: 'java.lang.Object java.lang.invoke.DirectMethodHandle$Holder.invokeInterface(java.lang.Object, java.lang.Object, java.lang.Object, java.lang.Object)'> (0x0000000090398b08) 
thrown [s\open\src\hotspot\share\interpreter\linkResolver.cpp, line 773]
Event: 446.445 Thread 0x00000254fae03380 Exception <a 'java/lang/NoSuchMethodError'{0x000000009056d818}: 'java.lang.Object java.lang.invoke.DirectMethodHandle$Holder.invokeInterface(java.lang.Object, java.lang.Object, java.lang.Object, java.lang.Object)'> (0x000000009056d818) 
thrown [s\open\src\hotspot\share\interpreter\linkResolver.cpp, line 773]
Event: 446.452 Thread 0x00000254fae03380 Exception <a 'java/lang/IncompatibleClassChangeError'{0x000000009021bba8}: Found class java.lang.Object, but interface was expected> (0x000000009021bba8) 
thrown [s\open\src\hotspot\share\interpreter\linkResolver.cpp, line 840]
Event: 446.452 Thread 0x00000254fadff1e0 Exception <a 'java/lang/IncompatibleClassChangeError'{0x00000000903ef940}: Found class java.lang.Object, but interface was expected> (0x00000000903ef940) 
thrown [s\open\src\hotspot\share\interpreter\linkResolver.cpp, line 840]
Event: 446.452 Thread 0x00000254fae05ae0 Exception <a 'java/lang/IncompatibleClassChangeError'{0x0000000090348780}: Found class java.lang.Object, but interface was expected> (0x0000000090348780) 
thrown [s\open\src\hotspot\share\interpreter\linkResolver.cpp, line 840]
Event: 446.554 Thread 0x00000254fae05ae0 Exception <a 'java/lang/NoSuchMethodError'{0x000000008fe42b08}: 'void java.lang.invoke.Invokers$Holder.invokeExact_MT(java.lang.Object, java.lang.Object, int, java.lang.Object)'> (0x000000008fe42b08) 
thrown [s\open\src\hotspot\share\interpreter\linkResolver.cpp, line 773]
Event: 446.554 Thread 0x00000254fadff1e0 Exception <a 'java/lang/NoSuchMethodError'{0x00000000900d8048}: 'void java.lang.invoke.Invokers$Holder.invokeExact_MT(java.lang.Object, java.lang.Object, int, java.lang.Object)'> (0x00000000900d8048) 
thrown [s\open\src\hotspot\share\interpreter\linkResolver.cpp, line 773]
Event: 446.554 Thread 0x00000254fadff1e0 Exception <a 'java/lang/IncompatibleClassChangeError'{0x00000000900dc178}: Found class java.lang.Object, but interface was expected> (0x00000000900dc178) 
thrown [s\open\src\hotspot\share\interpreter\linkResolver.cpp, line 840]

ZGC Phase Switch (0 events):
No events

VM Operations (20 events):
Event: 382.951 Executing VM operation: Cleanup
Event: 382.952 Executing VM operation: Cleanup done
Event: 404.116 Executing VM operation: Cleanup
Event: 404.116 Executing VM operation: Cleanup done
Event: 446.230 Executing VM operation: HandshakeAllThreads (Deoptimize)
Event: 446.230 Executing VM operation: HandshakeAllThreads (Deoptimize) done
Event: 446.274 Executing VM operation: HandshakeAllThreads (Deoptimize)
Event: 446.274 Executing VM operation: HandshakeAllThreads (Deoptimize) done
Event: 446.274 Executing VM operation: Cleanup
Event: 446.274 Executing VM operation: Cleanup done
Event: 446.353 Executing VM operation: HandshakeAllThreads (Deoptimize)
Event: 446.354 Executing VM operation: HandshakeAllThreads (Deoptimize) done
Event: 446.391 Executing VM operation: HandshakeAllThreads (Deoptimize)
Event: 446.391 Executing VM operation: HandshakeAllThreads (Deoptimize) done
Event: 446.396 Executing VM operation: HandshakeAllThreads (Deoptimize)
Event: 446.396 Executing VM operation: HandshakeAllThreads (Deoptimize) done
Event: 446.420 Executing VM operation: HandshakeAllThreads (Deoptimize)
Event: 446.420 Executing VM operation: HandshakeAllThreads (Deoptimize) done
Event: 446.468 Executing VM operation: HandshakeAllThreads (Deoptimize)
Event: 446.468 Executing VM operation: HandshakeAllThreads (Deoptimize) done

Events (20 events):
Event: 5.813 Thread 0x00000254fae05ae0 Thread added: 0x00000254fae05ae0
Event: 5.813 Thread 0x00000254fae03380 Thread added: 0x00000254fae03380
Event: 5.814 Thread 0x00000254fadff1e0 Thread added: 0x00000254fadff1e0
Event: 5.814 Thread 0x00000254fae05450 Thread added: 0x00000254fae05450
Event: 5.814 Thread 0x00000254fae01fd0 Thread added: 0x00000254fae01fd0
Event: 5.814 Thread 0x00000254fae04730 Thread added: 0x00000254fae04730
Event: 5.814 Thread 0x00000254fae06170 Thread added: 0x00000254fae06170
Event: 5.814 Thread 0x00000254fae03a10 Thread added: 0x00000254fae03a10
Event: 5.814 Thread 0x00000254fae01940 Thread added: 0x00000254fae01940
Event: 5.814 Thread 0x00000254fadfff00 Thread added: 0x00000254fadfff00
Event: 5.821 Thread 0x00000254fae00590 Thread added: 0x00000254fae00590
Event: 5.822 Thread 0x00000254fae02cf0 Thread added: 0x00000254fae02cf0
Event: 5.836 Thread 0x00000254b2ab1250 Thread exited: 0x00000254b2ab1250
Event: 5.837 Thread 0x00000254b2ab0530 Thread exited: 0x00000254b2ab0530
Event: 5.837 Thread 0x0000025495d26ce0 Thread exited: 0x0000025495d26ce0
Event: 5.837 Thread 0x00000254b2ab0530 Thread added: 0x00000254b2ab0530
Event: 6.388 Thread 0x00000254fd074520 Thread exited: 0x00000254fd074520
Event: 6.388 Thread 0x00000254f9edd0f0 Thread exited: 0x00000254f9edd0f0
Event: 8.002 Thread 0x00000254fae040a0 Thread exited: 0x00000254fae040a0
Event: 446.425 Thread 0x00000254b2ab1250 Thread added: 0x00000254b2ab1250


Dynamic libraries:
0x00007ff7363d0000 - 0x00007ff7363e0000 	C:\Program Files\Java\jdk-21\bin\java.exe
0x00007ff891df0000 - 0x00007ff891fe8000 	C:\Windows\SYSTEM32\ntdll.dll
0x00007ff891030000 - 0x00007ff8910f2000 	C:\Windows\System32\KERNEL32.DLL
0x00007ff88f930000 - 0x00007ff88fc26000 	C:\Windows\System32\KERNELBASE.dll
0x00007ff88f500000 - 0x00007ff88f600000 	C:\Windows\System32\ucrtbase.dll
0x00007ff877710000 - 0x00007ff877729000 	C:\Program Files\Java\jdk-21\bin\jli.dll
0x00007ff87ea10000 - 0x00007ff87ea2b000 	C:\Program Files\Java\jdk-21\bin\VCRUNTIME140.dll
0x00007ff891110000 - 0x00007ff8911c1000 	C:\Windows\System32\ADVAPI32.dll
0x00007ff8902b0000 - 0x00007ff89034e000 	C:\Windows\System32\msvcrt.dll
0x00007ff8907e0000 - 0x00007ff89087f000 	C:\Windows\System32\sechost.dll
0x00007ff8905d0000 - 0x00007ff8906f3000 	C:\Windows\System32\RPCRT4.dll
0x00007ff88f7b0000 - 0x00007ff88f7d7000 	C:\Windows\System32\bcrypt.dll
0x00007ff890350000 - 0x00007ff8904ed000 	C:\Windows\System32\USER32.dll
0x00007ff88f480000 - 0x00007ff88f4a2000 	C:\Windows\System32\win32u.dll
0x00007ff890ff0000 - 0x00007ff89101b000 	C:\Windows\System32\GDI32.dll
0x00007ff87c060000 - 0x00007ff87c2fa000 	C:\Windows\WinSxS\amd64_microsoft.windows.common-controls_6595b64144ccf1df_6.0.19041.5915_none_60b4b9d171f9c7c7\COMCTL32.dll
0x00007ff88f690000 - 0x00007ff88f7a9000 	C:\Windows\System32\gdi32full.dll
0x00007ff88f7e0000 - 0x00007ff88f87d000 	C:\Windows\System32\msvcp_win.dll
0x00007ff87ccf0000 - 0x00007ff87ccfa000 	C:\Windows\SYSTEM32\VERSION.dll
0x00007ff891900000 - 0x00007ff89192f000 	C:\Windows\System32\IMM32.DLL
0x00007ff879930000 - 0x00007ff87993c000 	C:\Program Files\Java\jdk-21\bin\vcruntime140_1.dll
0x00007ff86bb40000 - 0x00007ff86bbce000 	C:\Program Files\Java\jdk-21\bin\msvcp140.dll
0x00007ff8260f0000 - 0x00007ff826e0d000 	C:\Program Files\Java\jdk-21\bin\server\jvm.dll
0x00007ff891890000 - 0x00007ff8918fb000 	C:\Windows\System32\WS2_32.dll
0x00007ff88ea10000 - 0x00007ff88ea5b000 	C:\Windows\SYSTEM32\POWRPROF.dll
0x00007ff87c950000 - 0x00007ff87c977000 	C:\Windows\SYSTEM32\WINMM.dll
0x00007ff88e880000 - 0x00007ff88e892000 	C:\Windows\SYSTEM32\UMPDC.dll
0x00007ff88d300000 - 0x00007ff88d312000 	C:\Windows\SYSTEM32\kernel.appcore.dll
0x00007ff879830000 - 0x00007ff87983a000 	C:\Program Files\Java\jdk-21\bin\jimage.dll
0x00007ff87cd00000 - 0x00007ff87cf01000 	C:\Windows\SYSTEM32\DBGHELP.DLL
0x00007ff877b10000 - 0x00007ff877b44000 	C:\Windows\SYSTEM32\dbgcore.DLL
0x00007ff88f600000 - 0x00007ff88f682000 	C:\Windows\System32\bcryptPrimitives.dll
0x00007ff875d80000 - 0x00007ff875d8f000 	C:\Program Files\Java\jdk-21\bin\instrument.dll
0x00007ff875de0000 - 0x00007ff875dff000 	C:\Program Files\Java\jdk-21\bin\java.dll
0x00007ff890880000 - 0x00007ff890fee000 	C:\Windows\System32\SHELL32.dll
0x00007ff88d500000 - 0x00007ff88dca4000 	C:\Windows\SYSTEM32\windows.storage.dll
0x00007ff88fe10000 - 0x00007ff890163000 	C:\Windows\System32\combase.dll
0x00007ff88eeb0000 - 0x00007ff88eedb000 	C:\Windows\SYSTEM32\Wldp.dll
0x00007ff8912e0000 - 0x00007ff8913ad000 	C:\Windows\System32\OLEAUT32.dll
0x00007ff8914e0000 - 0x00007ff89158d000 	C:\Windows\System32\SHCORE.dll
0x00007ff891830000 - 0x00007ff89188b000 	C:\Windows\System32\shlwapi.dll
0x00007ff88f3b0000 - 0x00007ff88f3d4000 	C:\Windows\SYSTEM32\profapi.dll
0x00007ff8686a0000 - 0x00007ff868777000 	C:\Program Files\Java\jdk-21\bin\jsvml.dll
0x00007ff875d90000 - 0x00007ff875da8000 	C:\Program Files\Java\jdk-21\bin\zip.dll
0x00007ff875dd0000 - 0x00007ff875de0000 	C:\Program Files\Java\jdk-21\bin\net.dll
0x00007ff888630000 - 0x00007ff88873a000 	C:\Windows\SYSTEM32\WINHTTP.dll
0x00007ff88ec10000 - 0x00007ff88ec7a000 	C:\Windows\system32\mswsock.dll
0x00007ff875db0000 - 0x00007ff875dc6000 	C:\Program Files\Java\jdk-21\bin\nio.dll
0x00007ff875b30000 - 0x00007ff875b39000 	C:\Program Files\Java\jdk-21\bin\extnet.dll
0x00007ff875b20000 - 0x00007ff875b2a000 	C:\Program Files\Java\jdk-21\bin\management.dll
0x00007ff875b10000 - 0x00007ff875b1b000 	C:\Program Files\Java\jdk-21\bin\management_ext.dll
0x00007ff891930000 - 0x00007ff891938000 	C:\Windows\System32\PSAPI.DLL
0x00007ff875b80000 - 0x00007ff875b8e000 	C:\Program Files\Java\jdk-21\bin\sunmscapi.dll
0x00007ff88fc30000 - 0x00007ff88fd8d000 	C:\Windows\System32\CRYPT32.dll
0x00007ff88ef20000 - 0x00007ff88ef47000 	C:\Windows\SYSTEM32\ncrypt.dll
0x00007ff88eee0000 - 0x00007ff88ef1b000 	C:\Windows\SYSTEM32\NTASN1.dll
0x00007ff88ee00000 - 0x00007ff88ee18000 	C:\Windows\SYSTEM32\CRYPTSP.dll
0x00007ff88e4c0000 - 0x00007ff88e4f8000 	C:\Windows\system32\rsaenh.dll
0x00007ff88f330000 - 0x00007ff88f35e000 	C:\Windows\SYSTEM32\USERENV.dll
0x00007ff88ee20000 - 0x00007ff88ee2c000 	C:\Windows\SYSTEM32\CRYPTBASE.dll
0x00007ff88e8a0000 - 0x00007ff88e8db000 	C:\Windows\SYSTEM32\IPHLPAPI.DLL
0x00007ff891100000 - 0x00007ff891108000 	C:\Windows\System32\NSI.dll
0x00007ff88e8e0000 - 0x00007ff88e9aa000 	C:\Windows\SYSTEM32\DNSAPI.dll
0x00007ff888430000 - 0x00007ff88843a000 	C:\Windows\System32\rasadhlp.dll
0x00007ff87f4c0000 - 0x00007ff87f540000 	C:\Windows\System32\fwpuclnt.dll
0x00007ff850110000 - 0x00007ff850117000 	C:\Windows\system32\wshunix.dll

dbghelp: loaded successfully - version: 4.0.5 - missing functions: none
symbol engine: initialized successfully - sym options: 0x614 - pdb path: .;C:\Program Files\Java\jdk-21\bin;C:\Windows\SYSTEM32;C:\Windows\WinSxS\amd64_microsoft.windows.common-controls_6595b64144ccf1df_6.0.19041.5915_none_60b4b9d171f9c7c7;C:\Program Files\Java\jdk-21\bin\server

VM Arguments:
jvm_args: -javaagent:C:\Program Files\JetBrains\IntelliJ IDEA Community Edition 2025.2.4\lib\idea_rt.jar=52257 -Dfile.encoding=UTF-8 -Dsun.stdout.encoding=UTF-8 -Dsun.stderr.encoding=UTF-8 
java_command: com.techroom.roommanagement.RoomManagementSystemApplication
java_class_path (initial): D:\RMS\RoomManagementSystem\backend\target\classes;C:\Users\Administrator\.m2\repository\org\springframework\boot\spring-boot-starter-data-jpa\3.5.7\spring-boot-starter-data-jpa-3.5.7.jar;C:\Users\Administrator\.m2\repository\org\springframework\boot\spring-boot-starter\3.5.7\spring-boot-starter-3.5.7.jar;C:\Users\Administrator\.m2\repository\org\springframework\boot\spring-boot-starter-logging\3.5.7\spring-boot-starter-logging-3.5.7.jar;C:\Users\Administrator\.m2\repository\ch\qos\logback\logback-classic\1.5.20\logback-classic-1.5.20.jar;C:\Users\Administrator\.m2\repository\ch\qos\logback\logback-core\1.5.20\logback-core-1.5.20.jar;C:\Users\Administrator\.m2\repository\org\apache\logging\log4j\log4j-to-slf4j\2.24.3\log4j-to-slf4j-2.24.3.jar;C:\Users\Administrator\.m2\repository\org\apache\logging\log4j\log4j-api\2.24.3\log4j-api-2.24.3.jar;C:\Users\Administrator\.m2\repository\org\slf4j\jul-to-slf4j\2.0.17\jul-to-slf4j-2.0.17.jar;C:\Users\Administrator\.m2\repository\jakarta\annotation\jakarta.annotation-api\2.1.1\jakarta.annotation-api-2.1.1.jar;C:\Users\Administrator\.m2\repository\org\yaml\snakeyaml\2.4\snakeyaml-2.4.jar;C:\Users\Administrator\.m2\repository\org\springframework\boot\spring-boot-starter-jdbc\3.5.7\spring-boot-starter-jdbc-3.5.7.jar;C:\Users\Administrator\.m2\repository\com\zaxxer\HikariCP\6.3.3\HikariCP-6.3.3.jar;C:\Users\Administrator\.m2\repository\org\springframework\spring-jdbc\6.2.12\spring-jdbc-6.2.12.jar;C:\Users\Administrator\.m2\repository\org\hibernate\orm\hibernate-core\6.6.33.Final\hibernate-core-6.6.33.Final.jar;C:\Users\Administrator\.m2\repository\jakarta\persistence\jakarta.persistence-api\3.1.0\jakarta.persistence-api-3.1.0.jar;C:\Users\Administrator\.m2\repository\org\jboss\logging\jboss-logging\3.6.1.Final\jboss-logging-3.6.1.Final.jar;C:\Users\Administrator\.m2\repository\org\hibernate\common\hibernate-commons-annotations\7.0.3.Final\hibernate-commons-annotations-7.0.3.Final.jar;C:\Users\Administrator\.m2\repository\io\smallrye\jandex\3.2.0\jandex-3.2.0.jar;C:\Users\Administrator\.m2\repository\com\fasterxml\classmate\1.7.1\classmate-1.7.1.jar;C:\Users\Administrator\.m2\repository\net\bytebuddy\byte-buddy\1.17.8\byte-buddy-1.17.8.jar;C:\Users\Administrator\.m2\repository\org\glassfish\jaxb\jaxb-runtime\4.0.6\jaxb-runtime-4.0.6.jar;C:\Users\Administrator\.m2\repository\org\glassfish\jaxb\jaxb-core\4.0.6\jaxb-core-4.0.6.jar;C:\Users\Administrator\.m2\repository\org\eclipse\angus\angus-activation\2.0.3\angus-activation-2.0.3.jar;C:\Users\Administrator\.m2\repository\org\glassfish\jaxb\txw2\4.0.6\txw2-4.0.6.jar;C:\Users\Administrator\.m2\repository\com\sun\istack\istack-commons-runtime\4.1.2\istack-commons-runtime-4.1.2.jar;C:\Users\Administrator\.m2\repository\jakarta\inject\jakarta.inject-api\2.0.1\jakarta.inject-api-2.0.1.jar;C:\Users\Administrator\.m2\repository\org\antlr\antlr4-runtime\4.13.0\antlr4-runtime-4.13.0.jar;C:\Users\Administrator\.m2\repository\org\springframework\data\spring-data-jpa\3.5.5\spring-data-jpa-3.5.5.jar;C:\Users\Administrator\.m2\repository\org\springframework\data\spring-data-commons\3.5.5\spring-data-commons-3.5.5.jar;C:\Users\Administrator\.m2\repository\org\springframework\spring-orm\6.2.12\spring-orm-6.2.12.jar;C:\Users\Administrator\.m2\repository\org\springframework\spring-context\6.2.12\spring-context-6.2.12.jar;C:\Users\Administrator\.m2\repository\org\springframework\spring-tx\6.2.12\spring-tx-6.2.12.jar;C:\Users\Administrator\.m2\repository\org\springframework\spring-beans\6.2.12\spring-beans-6.2.12.jar;C:\Users\Administrator\.m2\repository\org\slf4j\slf4j-api\2.0.17\slf4j-api-2.0.17.jar;C:\Users\Administrator\.m2\repository\org\springframework\spring-aspects\6.2.12\spring-aspects-6.2.12.jar;C:\Users\Administrator\.m2\repository\org\aspectj\aspectjweaver\1.9.24\aspectjweaver-1.9.24.jar;C:\Users\Administrator\.m2\repository\org\springframework\boot\spring-boot-starter-web\3.5.7\spring-boot-starter-web-3.5.7.jar;C:\Users\Administrator\.m2\repository\org\springframework\boot\spring-boot-starter-json\3.5.7\spring-boot-starter-json-3.5.7.jar;C:\Users\Administrator\.m2\repository\com\fasterxml\jackson\datatype\jackson-datatype-jdk8\2.19.2\jackson-datatype-jdk8-2.19.2.jar;C:\Users\Administrator\.m2\repository\com\fasterxml\jackson\datatype\jackson-datatype-jsr310\2.19.2\jackson-datatype-jsr310-2.19.2.jar;C:\Users\Administrator\.m2\repository\com\fasterxml\jackson\module\jackson-module-parameter-names\2.19.2\jackson-module-parameter-names-2.19.2.jar;C:\Users\Administrator\.m2\repository\org\springframework\boot\spring-boot-starter-tomcat\3.5.7\spring-boot-starter-tomcat-3.5.7.jar;C:\Users\Administrator\.m2\repository\org\apache\tomcat\embed\tomcat-embed-core\10.1.48\tomcat-embed-core-10.1.48.jar;C:\Users\Administrator\.m2\repository\org\apache\tomcat\embed\tomcat-embed-el\10.1.48\tomcat-embed-el-10.1.48.jar;C:\Users\Administrator\.m2\repository\org\apache\tomcat\embed\tomcat-embed-websocket\10.1.48\tomcat-embed-websocket-10.1.48.jar;C:\Users\Administrator\.m2\repository\org\springframework\spring-web\6.2.12\spring-web-6.2.12.jar;C:\Users\Administrator\.m2\repository\io\micrometer\micrometer-observation\1.15.5\micrometer-observation-1.15.5.jar;C:\Users\Administrator\.m2\repository\io\micrometer\micrometer-commons\1.15.5\micrometer-commons-1.15.5.jar;C:\Users\Administrator\.m2\repository\org\springframework\spring-webmvc\6.2.12\spring-webmvc-6.2.12.jar;C:\Users\Administrator\.m2\repository\org\springframework\spring-expression\6.2.12\spring-expression-6.2.12.jar;C:\Users\Administrator\.m2\repository\org\springframework\boot\spring-boot-devtools\3.5.7\spring-boot-devtools-3.5.7.jar;C:\Users\Administrator\.m2\repository\org\springframework\boot\spring-boot\3.5.7\spring-boot-3.5.7.jar;C:\Users\Administrator\.m2\repository\org\springframework\boot\spring-boot-autoconfigure\3.5.7\spring-boot-autoconfigure-3.5.7.jar;C:\Users\Administrator\.m2\repository\com\mysql\mysql-connector-j\9.4.0\mysql-connector-j-9.4.0.jar;C:\Users\Administrator\.m2\repository\org\projectlombok\lombok\1.18.42\lombok-1.18.42.jar;C:\Users\Administrator\.m2\repository\jakarta\xml\bind\jakarta.xml.bind-api\4.0.4\jakarta.xml.bind-api-4.0.4.jar;C:\Users\Administrator\.m2\repository\jakarta\activation\jakarta.activation-api\2.1.4\jakarta.activation-api-2.1.4.jar;C:\Users\Administrator\.m2\repository\org\springframework\spring-core\6.2.12\spring-core-6.2.12.jar;C:\Users\Administrator\.m2\repository\org\springframework\spring-jcl\6.2.12\spring-jcl-6.2.12.jar;C:\Users\Administrator\.m2\repository\org\springframework\boot\spring-boot-starter-security\3.5.7\spring-boot-starter-security-3.5.7.jar;C:\Users\Administrator\.m2\repository\org\springframework\spring-aop\6.2.12\spring-aop-6.2.12.jar;C:\Users\Administrator\.m2\repository\org\springframework\security\spring-security-config\6.5.6\spring-security-config-6.5.6.jar;C:\Users\Administrator\.m2\repository\org\springframework\security\spring-security-core\6.5.6\spring-security-core-6.5.6.jar;C:\Users\Administrator\.m2\repository\org\springframework\security\spring-security-crypto\6.5.6\spring-security-crypto-6.5.6.jar;C:\Users\Administrator\.m2\repository\org\springframework\security\spring-security-web\6.5.6\spring-security-web-6.5.6.jar;C:\Users\Administrator\.m2\repository\io\jsonwebtoken\jjwt-api\0.11.5\jjwt-api-0.11.5.jar;C:\Users\Administrator\.m2\repository\io\jsonwebtoken\jjwt-impl\0.11.5\jjwt-impl-0.11.5.jar;C:\Users\Administrator\.m2\repository\io\jsonwebtoken\jjwt-jackson\0.11.5\jjwt-jackson-0.11.5.jar;C:\Users\Administrator\.m2\repository\com\fasterxml\jackson\core\jackson-databind\2.19.2\jackson-databind-2.19.2.jar;C:\Users\Administrator\.m2\repository\com\fasterxml\jackson\core\jackson-annotations\2.19.2\jackson-annotations-2.19.2.jar;C:\Users\Administrator\.m2\repository\com\fasterxml\jackson\core\jackson-core\2.19.2\jackson-core-2.19.2.jar;C:\Users\Administrator\.m2\repository\jakarta\transaction\jakarta.transaction-api\2.0.1\jakarta.transaction-api-2.0.1.jar
Launcher Type: SUN_STANDARD

[Global flags]
     intx CICompilerCount                          = 4                                         {product} {ergonomic}
     uint ConcGCThreads                            = 3                                         {product} {ergonomic}
     uint G1ConcRefinementThreads                  = 10                                        {product} {ergonomic}
   size_t G1HeapRegionSize                         = 1048576                                   {product} {ergonomic}
    uintx GCDrainStackTargetSize                   = 64                                        {product} {ergonomic}
   size_t InitialHeapSize                          = 132120576                                 {product} {ergonomic}
   size_t MarkStackSize                            = 4194304                                   {product} {ergonomic}
   size_t MaxHeapSize                              = 2101346304                                {product} {ergonomic}
   size_t MaxNewSize                               = 1260388352                                {product} {ergonomic}
   size_t MinHeapDeltaBytes                        = 1048576                                   {product} {ergonomic}
   size_t MinHeapSize                              = 8388608                                   {product} {ergonomic}
    uintx NonNMethodCodeHeapSize                   = 5839372                                {pd product} {ergonomic}
    uintx NonProfiledCodeHeapSize                  = 122909434                              {pd product} {ergonomic}
    uintx ProfiledCodeHeapSize                     = 122909434                              {pd product} {ergonomic}
    uintx ReservedCodeCacheSize                    = 251658240                              {pd product} {ergonomic}
     bool SegmentedCodeCache                       = true                                      {product} {ergonomic}
   size_t SoftMaxHeapSize                          = 2101346304                             {manageable} {ergonomic}
     bool UseCompressedOops                        = true                           {product lp64_product} {ergonomic}
     bool UseG1GC                                  = true                                      {product} {ergonomic}
     bool UseLargePagesIndividualAllocation        = false                                  {pd product} {ergonomic}

Logging:
Log output configuration:
 #0: stdout all=warning uptime,level,tags foldmultilines=false
 #1: stderr all=off uptime,level,tags foldmultilines=false

Environment Variables:
JAVA_HOME=C:\Program Files\Java\jdk-21
PATH=C:\Windows\system32;C:\Windows;C:\Windows\System32\Wbem;C:\Windows\System32\WindowsPowerShell\v1.0\;C:\Windows\System32\OpenSSH\;C:\Program Files (x86)\mingw-w64\i686-8.1.0-posix-dwarf-rt_v6-rev0\mingw32\bin;C:\Program Files\Microsoft SQL Server\Client SDK\ODBC\170\Tools\Binn\;C:\Program Files (x86)\Microsoft SQL Server\160\Tools\Binn\;C:\Program Files\Microsoft SQL Server\160\Tools\Binn\;C:\Program Files\Microsoft SQL Server\160\DTS\Binn\;C:\Program Files\MySQL\MySQL Server 5.7\bin;C:\Graphviz-12.2.1-win64\bin;C:\Program Files (x86)\Microsoft SQL Server\160\DTS\Binn\;C:\Program Files\Git\cmd;D:\flutter\flutter\bin;C:\Program Files\nodejs\;C:\Program Files\Java\jdk-21\bin;C:\apache-maven-3.9.11\bin;C:\Users\Administrator\AppData\Local\Microsoft\WindowsApps;C:\Users\Administrator\AppData\Local\Programs\Microsoft VS Code\bin;C:\Program Files\MySQL\MySQL Server 5.7\bin;C:\Users\Administrator\AppData\Roaming\npm;C:\Program Files\JetBrains\IntelliJ IDEA Community Edition 2025.2.4\bin
USERNAME=MSI
OS=Windows_NT
PROCESSOR_IDENTIFIER=Intel64 Family 6 Model 165 Stepping 2, GenuineIntel
TMP=C:\Users\ADMINI~1\AppData\Local\Temp
TEMP=C:\Users\ADMINI~1\AppData\Local\Temp




Periodic native trim disabled

---------------  S Y S T E M  ---------------

OS:
 Windows 10 , 64 bit Build 19041 (10.0.19041.5915)
OS uptime: 0 days 2:23 hours

CPU: total 12 (initial active 12) (6 cores per cpu, 2 threads per core) family 6 model 165 stepping 2 microcode 0xe2, cx8, cmov, fxsr, ht, mmx, 3dnowpref, sse, sse2, sse3, ssse3, sse4.1, sse4.2, popcnt, lzcnt, tsc, tscinvbit, avx, avx2, aes, erms, clmul, bmi1, bmi2, adx, fma, vzeroupper, clflush, clflushopt, rdtscp, f16c, pku
Processor Information for all 12 processors :
  Max Mhz: 2592, Current Mhz: 2592, Mhz Limit: 2592

Memory: 4k page, system-wide physical 8013M (304M free)
TotalPageFile size 12109M (AvailPageFile size 29M)
current process WorkingSet (physical memory assigned to process): 400M, peak: 405M
current process commit charge ("private bytes"): 533M, peak: 621M

vm_info: Java HotSpot(TM) 64-Bit Server VM (21.0.9+7-LTS-338) for windows-amd64 JRE (21.0.9+7-LTS-338), built on 2025-09-26T06:33:49Z by "mach5run" with MS VC++ 17.6 (VS2022)

END.
