#
# There is insufficient memory for the Java Runtime Environment to continue.
# Native memory allocation (malloc) failed to allocate 817456 bytes for Chunk::new
# Possible reasons:
#   The system is out of physical RAM or swap space
#   The process is running with CompressedOops enabled, and the Java Heap may be blocking the growth of the native heap
# Possible solutions:
#   Reduce memory load on the system
#   Increase physical memory or swap space
#   Check if swap backing store is full
#   Decrease Java heap size (-Xmx/-Xms)
#   Decrease number of Java threads
#   Decrease Java thread stack sizes (-Xss)
#   Set larger code cache with -XX:ReservedCodeCacheSize=
#   JVM is running with Unscaled Compressed Oops mode in which the Java heap is
#     placed in the first 4GB address space. The Java Heap base address is the
#     maximum limit for the native heap growth. Please use -XX:HeapBaseMinAddress
#     to set the Java Heap base and to place the Java Heap above 4GB virtual address.
# This output file may be truncated or incomplete.
#
#  Out of Memory Error (arena.cpp:168), pid=14204, tid=8212
#
# JRE version: Java(TM) SE Runtime Environment (21.0.9+7) (build 21.0.9+7-LTS-338)
# Java VM: Java HotSpot(TM) 64-Bit Server VM (21.0.9+7-LTS-338, mixed mode, sharing, tiered, compressed oops, compressed class ptrs, g1 gc, windows-amd64)
# No core dump will be written. Minidumps are not enabled by default on client versions of Windows
#

---------------  S U M M A R Y ------------

Command Line: -javaagent:C:\Program Files\JetBrains\IntelliJ IDEA Community Edition 2025.2.4\lib\idea_rt.jar=51987 -Dfile.encoding=UTF-8 -Dsun.stdout.encoding=UTF-8 -Dsun.stderr.encoding=UTF-8 com.techroom.roommanagement.RoomManagementSystemApplication

Host: Intel(R) Core(TM) i7-10750H CPU @ 2.60GHz, 12 cores, 7G,  Windows 10 , 64 bit Build 19041 (10.0.19041.5915)
Time: Fri Dec 19 13:07:47 2025 SE Asia Standard Time elapsed time: 0.910396 seconds (0d 0h 0m 0s)

---------------  T H R E A D  ---------------

Current thread (0x0000025855300ba0):  JavaThread "C2 CompilerThread0" daemon [_thread_in_native, id=8212, stack(0x000000d8b7600000,0x000000d8b7700000) (1024K)]


Current CompileTask:
C2:    910 1958       4       java.lang.invoke.MethodType::makeImpl (109 bytes)

Stack: [0x000000d8b7600000,0x000000d8b7700000]
Native frames: (J=compiled Java code, j=interpreted, Vv=VM code, C=native code)
V  [jvm.dll+0x6cbf89]
V  [jvm.dll+0x858421]
V  [jvm.dll+0x85a94e]
V  [jvm.dll+0x85b023]
V  [jvm.dll+0x27ebc6]
V  [jvm.dll+0xc4f4d]
V  [jvm.dll+0xc5483]
V  [jvm.dll+0x3b69c2]
V  [jvm.dll+0x1e0363]
V  [jvm.dll+0x247792]
V  [jvm.dll+0x246c1f]
V  [jvm.dll+0x1c7a3e]
V  [jvm.dll+0x256329]
V  [jvm.dll+0x2548ba]
V  [jvm.dll+0x3efdee]
V  [jvm.dll+0x80265b]
V  [jvm.dll+0x6ca66d]
C  [ucrtbase.dll+0x21bb2]
C  [KERNEL32.DLL+0x17374]
C  [ntdll.dll+0x4cc91]


---------------  P R O C E S S  ---------------

Threads class SMR info:
_java_thread_list=0x000002589b9c5550, length=17, elements={
0x000002583642c260, 0x00000258552f5c70, 0x00000258552f6b90, 0x00000258552fa770,
0x00000258552fb450, 0x00000258552fbeb0, 0x00000258552fc910, 0x0000025855300ba0,
0x0000025855305660, 0x00000258555c1710, 0x00000258556b3df0, 0x00000258556b44a0,
0x0000025855732070, 0x00000258557326e0, 0x000002589b7f52d0, 0x000002589b7f5940,
0x000002589b8c5ca0
}

Java Threads: ( => current thread )
  0x000002583642c260 JavaThread "main"                              [_thread_blocked, id=9380, stack(0x000000d8b6800000,0x000000d8b6900000) (1024K)]
  0x00000258552f5c70 JavaThread "Reference Handler"          daemon [_thread_blocked, id=13172, stack(0x000000d8b7000000,0x000000d8b7100000) (1024K)]
  0x00000258552f6b90 JavaThread "Finalizer"                  daemon [_thread_blocked, id=13232, stack(0x000000d8b7100000,0x000000d8b7200000) (1024K)]
  0x00000258552fa770 JavaThread "Signal Dispatcher"          daemon [_thread_blocked, id=8648, stack(0x000000d8b7200000,0x000000d8b7300000) (1024K)]
  0x00000258552fb450 JavaThread "Attach Listener"            daemon [_thread_blocked, id=1228, stack(0x000000d8b7300000,0x000000d8b7400000) (1024K)]
  0x00000258552fbeb0 JavaThread "Service Thread"             daemon [_thread_blocked, id=10196, stack(0x000000d8b7400000,0x000000d8b7500000) (1024K)]
  0x00000258552fc910 JavaThread "Monitor Deflation Thread"   daemon [_thread_blocked, id=13508, stack(0x000000d8b7500000,0x000000d8b7600000) (1024K)]
=>0x0000025855300ba0 JavaThread "C2 CompilerThread0"         daemon [_thread_in_native, id=8212, stack(0x000000d8b7600000,0x000000d8b7700000) (1024K)]
  0x0000025855305660 JavaThread "C1 CompilerThread0"         daemon [_thread_in_native, id=13044, stack(0x000000d8b7700000,0x000000d8b7800000) (1024K)]
  0x00000258555c1710 JavaThread "Common-Cleaner"             daemon [_thread_blocked, id=3864, stack(0x000000d8b7800000,0x000000d8b7900000) (1024K)]
  0x00000258556b3df0 JavaThread "C2 CompilerThread1"         daemon [_thread_in_native, id=12924, stack(0x000000d8b7900000,0x000000d8b7a00000) (1024K)]
  0x00000258556b44a0 JavaThread "C2 CompilerThread2"         daemon [_thread_in_native, id=1504, stack(0x000000d8b7a00000,0x000000d8b7b00000) (1024K)]
  0x0000025855732070 JavaThread "Monitor Ctrl-Break"         daemon [_thread_in_native, id=11340, stack(0x000000d8b7b00000,0x000000d8b7c00000) (1024K)]
  0x00000258557326e0 JavaThread "Notification Thread"        daemon [_thread_blocked, id=9880, stack(0x000000d8b7c00000,0x000000d8b7d00000) (1024K)]
  0x000002589b7f52d0 JavaThread "Thread-0"                          [_thread_blocked, id=6152, stack(0x000000d8b7d00000,0x000000d8b7e00000) (1024K)]
  0x000002589b7f5940 JavaThread "restartedMain"                     [_thread_in_vm, id=13064, stack(0x000000d8b7e00000,0x000000d8b7f00000) (1024K)]
  0x000002589b8c5ca0 JavaThread "background-preinit"                [_thread_in_native, id=12040, stack(0x000000d8b8400000,0x000000d8b8500000) (1024K)]
Total: 17

Other Threads:
  0x00000258552d62a0 VMThread "VM Thread"                           [id=13844, stack(0x000000d8b6f00000,0x000000d8b7000000) (1024K)]
  0x00000258552c2eb0 WatcherThread "VM Periodic Task Thread"        [id=9228, stack(0x000000d8b6e00000,0x000000d8b6f00000) (1024K)]
  0x000002583661d6c0 WorkerThread "GC Thread#0"                     [id=13496, stack(0x000000d8b6900000,0x000000d8b6a00000) (1024K)]
  0x000002589b5b3030 WorkerThread "GC Thread#1"                     [id=4636, stack(0x000000d8b7f00000,0x000000d8b8000000) (1024K)]
  0x000002589b5cd2b0 WorkerThread "GC Thread#2"                     [id=480, stack(0x000000d8b8000000,0x000000d8b8100000) (1024K)]
  0x000002589b57fa50 WorkerThread "GC Thread#3"                     [id=14284, stack(0x000000d8b8100000,0x000000d8b8200000) (1024K)]
  0x000002589b81ef30 WorkerThread "GC Thread#4"                     [id=10056, stack(0x000000d8b8200000,0x000000d8b8300000) (1024K)]
  0x000002589b81f6f0 WorkerThread "GC Thread#5"                     [id=9680, stack(0x000000d8b8300000,0x000000d8b8400000) (1024K)]
  0x000002589bcf1900 WorkerThread "GC Thread#6"                     [id=9704, stack(0x000000d8b8500000,0x000000d8b8600000) (1024K)]
  0x000002589b98e5d0 WorkerThread "GC Thread#7"                     [id=2016, stack(0x000000d8b8600000,0x000000d8b8700000) (1024K)]
  0x000002589bcaec90 WorkerThread "GC Thread#8"                     [id=11004, stack(0x000000d8b8700000,0x000000d8b8800000) (1024K)]
  0x000002589be893e0 WorkerThread "GC Thread#9"                     [id=2168, stack(0x000000d8b8800000,0x000000d8b8900000) (1024K)]
  0x000002583662e360 ConcurrentGCThread "G1 Main Marker"            [id=5148, stack(0x000000d8b6a00000,0x000000d8b6b00000) (1024K)]
  0x000002583662f610 WorkerThread "G1 Conc#0"                       [id=4300, stack(0x000000d8b6b00000,0x000000d8b6c00000) (1024K)]
  0x000002583668e6c0 ConcurrentGCThread "G1 Refine#0"               [id=7324, stack(0x000000d8b6c00000,0x000000d8b6d00000) (1024K)]
  0x00000258551924c0 ConcurrentGCThread "G1 Service"                [id=8552, stack(0x000000d8b6d00000,0x000000d8b6e00000) (1024K)]
Total: 16

Threads with active compile tasks:
C2 CompilerThread0      918 1958       4       java.lang.invoke.MethodType::makeImpl (109 bytes)
C1 CompilerThread0      918 2153       3       org.springframework.util.StringUtils::cleanPath (346 bytes)
C2 CompilerThread1      918 2101   !   4       java.net.URL::<init> (543 bytes)
C2 CompilerThread2      918 2079       4       java.lang.invoke.MethodType::methodType (69 bytes)
Total: 4

VM state: not at safepoint (normal execution)

VM Mutex/Monitor currently owned by a thread:  ([mutex/lock_event])
[0x00007fffa3dcf970] MethodCompileQueue_lock - owner thread: 0x0000025855305660
[0x00007fffa3dd0cf0] CodeCache_lock - owner thread: 0x0000025855305660
[0x00007fffa3dd0e70] Compile_lock - owner thread: 0x0000025855305660

Heap address: 0x0000000082c00000, size: 2004 MB, Compressed Oops mode: 32-bit

CDS archive(s) mapped at: [0x0000025856000000-0x0000025856c90000-0x0000025856c90000), size 13172736, SharedBaseAddress: 0x0000025856000000, ArchiveRelocationMode: 1.
Compressed class space mapped at: 0x0000025857000000-0x0000025897000000, reserved size: 1073741824
Narrow klass base: 0x0000025856000000, Narrow klass shift: 0, Narrow klass range: 0x100000000

GC Precious Log:
 CardTable entry size: 512
 Card Set container configuration: InlinePtr #cards 5 size 8 Array Of Cards #cards 12 size 40 Howl #buckets 4 coarsen threshold 1843 Howl Bitmap #cards 512 size 80 coarsen threshold 460 Card regions per heap region 1 cards per card region 2048
 CPUs: 12 total, 12 available
 Memory: 8013M
 Large Page Support: Disabled
 NUMA Support: Disabled
 Compressed Oops: Enabled (32-bit)
 Heap Region Size: 1M
 Heap Min Capacity: 8M
 Heap Initial Capacity: 126M
 Heap Max Capacity: 2004M
 Pre-touch: Disabled
 Parallel Workers: 10
 Concurrent Workers: 3
 Concurrent Refinement Workers: 10
 Periodic GC: Disabled

Heap:
 garbage-first heap   total 129024K, used 15838K [0x0000000082c00000, 0x0000000100000000)
  region size 1024K, 9 young (9216K), 3 survivors (3072K)
 Metaspace       used 15128K, committed 15424K, reserved 1114112K
  class space    used 1997K, committed 2112K, reserved 1048576K

Heap Regions: E=young(eden), S=young(survivor), O=old, HS=humongous(starts), HC=humongous(continues), CS=collection set, F=free, TAMS=top-at-mark-start, PB=parsable bottom
|   0|0x0000000082c00000, 0x0000000082d00000, 0x0000000082d00000|100%|HS|  |TAMS 0x0000000082c00000| PB 0x0000000082c00000| Complete 
|   1|0x0000000082d00000, 0x0000000082e00000, 0x0000000082e00000|100%|HS|  |TAMS 0x0000000082d00000| PB 0x0000000082d00000| Complete 
|   2|0x0000000082e00000, 0x0000000082f00000, 0x0000000082f00000|100%| O|  |TAMS 0x0000000082e00000| PB 0x0000000082e00000| Untracked 
|   3|0x0000000082f00000, 0x0000000083000000, 0x0000000083000000|100%| O|  |TAMS 0x0000000082f00000| PB 0x0000000082f00000| Untracked 
|   4|0x0000000083000000, 0x0000000083100000, 0x0000000083100000|100%| O|  |TAMS 0x0000000083000000| PB 0x0000000083000000| Untracked 
|   5|0x0000000083100000, 0x0000000083200000, 0x0000000083200000|100%| O|  |TAMS 0x0000000083100000| PB 0x0000000083100000| Untracked 
|   6|0x0000000083200000, 0x0000000083300000, 0x0000000083300000|100%| O|  |TAMS 0x0000000083200000| PB 0x0000000083200000| Untracked 
|   7|0x0000000083300000, 0x00000000833ce6c0, 0x0000000083400000| 80%| O|  |TAMS 0x0000000083300000| PB 0x0000000083300000| Untracked 
|   8|0x0000000083400000, 0x0000000083400000, 0x0000000083500000|  0%| F|  |TAMS 0x0000000083400000| PB 0x0000000083400000| Untracked 
|   9|0x0000000083500000, 0x0000000083500000, 0x0000000083600000|  0%| F|  |TAMS 0x0000000083500000| PB 0x0000000083500000| Untracked 
|  10|0x0000000083600000, 0x0000000083600000, 0x0000000083700000|  0%| F|  |TAMS 0x0000000083600000| PB 0x0000000083600000| Untracked 
|  11|0x0000000083700000, 0x0000000083700000, 0x0000000083800000|  0%| F|  |TAMS 0x0000000083700000| PB 0x0000000083700000| Untracked 
|  12|0x0000000083800000, 0x0000000083800000, 0x0000000083900000|  0%| F|  |TAMS 0x0000000083800000| PB 0x0000000083800000| Untracked 
|  13|0x0000000083900000, 0x0000000083900000, 0x0000000083a00000|  0%| F|  |TAMS 0x0000000083900000| PB 0x0000000083900000| Untracked 
|  14|0x0000000083a00000, 0x0000000083a00000, 0x0000000083b00000|  0%| F|  |TAMS 0x0000000083a00000| PB 0x0000000083a00000| Untracked 
|  15|0x0000000083b00000, 0x0000000083b00000, 0x0000000083c00000|  0%| F|  |TAMS 0x0000000083b00000| PB 0x0000000083b00000| Untracked 
|  16|0x0000000083c00000, 0x0000000083c00000, 0x0000000083d00000|  0%| F|  |TAMS 0x0000000083c00000| PB 0x0000000083c00000| Untracked 
|  17|0x0000000083d00000, 0x0000000083d00000, 0x0000000083e00000|  0%| F|  |TAMS 0x0000000083d00000| PB 0x0000000083d00000| Untracked 
|  18|0x0000000083e00000, 0x0000000083e00000, 0x0000000083f00000|  0%| F|  |TAMS 0x0000000083e00000| PB 0x0000000083e00000| Untracked 
|  19|0x0000000083f00000, 0x0000000083f00000, 0x0000000084000000|  0%| F|  |TAMS 0x0000000083f00000| PB 0x0000000083f00000| Untracked 
|  20|0x0000000084000000, 0x0000000084000000, 0x0000000084100000|  0%| F|  |TAMS 0x0000000084000000| PB 0x0000000084000000| Untracked 
|  21|0x0000000084100000, 0x0000000084100000, 0x0000000084200000|  0%| F|  |TAMS 0x0000000084100000| PB 0x0000000084100000| Untracked 
|  22|0x0000000084200000, 0x0000000084200000, 0x0000000084300000|  0%| F|  |TAMS 0x0000000084200000| PB 0x0000000084200000| Untracked 
|  23|0x0000000084300000, 0x0000000084300000, 0x0000000084400000|  0%| F|  |TAMS 0x0000000084300000| PB 0x0000000084300000| Untracked 
|  24|0x0000000084400000, 0x0000000084400000, 0x0000000084500000|  0%| F|  |TAMS 0x0000000084400000| PB 0x0000000084400000| Untracked 
|  25|0x0000000084500000, 0x0000000084500000, 0x0000000084600000|  0%| F|  |TAMS 0x0000000084500000| PB 0x0000000084500000| Untracked 
|  26|0x0000000084600000, 0x0000000084600000, 0x0000000084700000|  0%| F|  |TAMS 0x0000000084600000| PB 0x0000000084600000| Untracked 
|  27|0x0000000084700000, 0x0000000084700000, 0x0000000084800000|  0%| F|  |TAMS 0x0000000084700000| PB 0x0000000084700000| Untracked 
|  28|0x0000000084800000, 0x0000000084800000, 0x0000000084900000|  0%| F|  |TAMS 0x0000000084800000| PB 0x0000000084800000| Untracked 
|  29|0x0000000084900000, 0x0000000084900000, 0x0000000084a00000|  0%| F|  |TAMS 0x0000000084900000| PB 0x0000000084900000| Untracked 
|  30|0x0000000084a00000, 0x0000000084a00000, 0x0000000084b00000|  0%| F|  |TAMS 0x0000000084a00000| PB 0x0000000084a00000| Untracked 
|  31|0x0000000084b00000, 0x0000000084b00000, 0x0000000084c00000|  0%| F|  |TAMS 0x0000000084b00000| PB 0x0000000084b00000| Untracked 
|  32|0x0000000084c00000, 0x0000000084c00000, 0x0000000084d00000|  0%| F|  |TAMS 0x0000000084c00000| PB 0x0000000084c00000| Untracked 
|  33|0x0000000084d00000, 0x0000000084d00000, 0x0000000084e00000|  0%| F|  |TAMS 0x0000000084d00000| PB 0x0000000084d00000| Untracked 
|  34|0x0000000084e00000, 0x0000000084e00000, 0x0000000084f00000|  0%| F|  |TAMS 0x0000000084e00000| PB 0x0000000084e00000| Untracked 
|  35|0x0000000084f00000, 0x0000000084f00000, 0x0000000085000000|  0%| F|  |TAMS 0x0000000084f00000| PB 0x0000000084f00000| Untracked 
|  36|0x0000000085000000, 0x0000000085000000, 0x0000000085100000|  0%| F|  |TAMS 0x0000000085000000| PB 0x0000000085000000| Untracked 
|  37|0x0000000085100000, 0x0000000085100000, 0x0000000085200000|  0%| F|  |TAMS 0x0000000085100000| PB 0x0000000085100000| Untracked 
|  38|0x0000000085200000, 0x0000000085200000, 0x0000000085300000|  0%| F|  |TAMS 0x0000000085200000| PB 0x0000000085200000| Untracked 
|  39|0x0000000085300000, 0x0000000085300000, 0x0000000085400000|  0%| F|  |TAMS 0x0000000085300000| PB 0x0000000085300000| Untracked 
|  40|0x0000000085400000, 0x0000000085400000, 0x0000000085500000|  0%| F|  |TAMS 0x0000000085400000| PB 0x0000000085400000| Untracked 
|  41|0x0000000085500000, 0x0000000085500000, 0x0000000085600000|  0%| F|  |TAMS 0x0000000085500000| PB 0x0000000085500000| Untracked 
|  42|0x0000000085600000, 0x0000000085600000, 0x0000000085700000|  0%| F|  |TAMS 0x0000000085600000| PB 0x0000000085600000| Untracked 
|  43|0x0000000085700000, 0x0000000085700000, 0x0000000085800000|  0%| F|  |TAMS 0x0000000085700000| PB 0x0000000085700000| Untracked 
|  44|0x0000000085800000, 0x0000000085800000, 0x0000000085900000|  0%| F|  |TAMS 0x0000000085800000| PB 0x0000000085800000| Untracked 
|  45|0x0000000085900000, 0x0000000085900000, 0x0000000085a00000|  0%| F|  |TAMS 0x0000000085900000| PB 0x0000000085900000| Untracked 
|  46|0x0000000085a00000, 0x0000000085a00000, 0x0000000085b00000|  0%| F|  |TAMS 0x0000000085a00000| PB 0x0000000085a00000| Untracked 
|  47|0x0000000085b00000, 0x0000000085b00000, 0x0000000085c00000|  0%| F|  |TAMS 0x0000000085b00000| PB 0x0000000085b00000| Untracked 
|  48|0x0000000085c00000, 0x0000000085c00000, 0x0000000085d00000|  0%| F|  |TAMS 0x0000000085c00000| PB 0x0000000085c00000| Untracked 
|  49|0x0000000085d00000, 0x0000000085d00000, 0x0000000085e00000|  0%| F|  |TAMS 0x0000000085d00000| PB 0x0000000085d00000| Untracked 
|  50|0x0000000085e00000, 0x0000000085e00000, 0x0000000085f00000|  0%| F|  |TAMS 0x0000000085e00000| PB 0x0000000085e00000| Untracked 
|  51|0x0000000085f00000, 0x0000000085f00000, 0x0000000086000000|  0%| F|  |TAMS 0x0000000085f00000| PB 0x0000000085f00000| Untracked 
|  52|0x0000000086000000, 0x0000000086000000, 0x0000000086100000|  0%| F|  |TAMS 0x0000000086000000| PB 0x0000000086000000| Untracked 
|  53|0x0000000086100000, 0x0000000086100000, 0x0000000086200000|  0%| F|  |TAMS 0x0000000086100000| PB 0x0000000086100000| Untracked 
|  54|0x0000000086200000, 0x0000000086200000, 0x0000000086300000|  0%| F|  |TAMS 0x0000000086200000| PB 0x0000000086200000| Untracked 
|  55|0x0000000086300000, 0x0000000086300000, 0x0000000086400000|  0%| F|  |TAMS 0x0000000086300000| PB 0x0000000086300000| Untracked 
|  56|0x0000000086400000, 0x0000000086400000, 0x0000000086500000|  0%| F|  |TAMS 0x0000000086400000| PB 0x0000000086400000| Untracked 
|  57|0x0000000086500000, 0x0000000086500000, 0x0000000086600000|  0%| F|  |TAMS 0x0000000086500000| PB 0x0000000086500000| Untracked 
|  58|0x0000000086600000, 0x0000000086600000, 0x0000000086700000|  0%| F|  |TAMS 0x0000000086600000| PB 0x0000000086600000| Untracked 
|  59|0x0000000086700000, 0x0000000086700000, 0x0000000086800000|  0%| F|  |TAMS 0x0000000086700000| PB 0x0000000086700000| Untracked 
|  60|0x0000000086800000, 0x0000000086800000, 0x0000000086900000|  0%| F|  |TAMS 0x0000000086800000| PB 0x0000000086800000| Untracked 
|  61|0x0000000086900000, 0x0000000086900000, 0x0000000086a00000|  0%| F|  |TAMS 0x0000000086900000| PB 0x0000000086900000| Untracked 
|  62|0x0000000086a00000, 0x0000000086a00000, 0x0000000086b00000|  0%| F|  |TAMS 0x0000000086a00000| PB 0x0000000086a00000| Untracked 
|  63|0x0000000086b00000, 0x0000000086b00000, 0x0000000086c00000|  0%| F|  |TAMS 0x0000000086b00000| PB 0x0000000086b00000| Untracked 
|  64|0x0000000086c00000, 0x0000000086c00000, 0x0000000086d00000|  0%| F|  |TAMS 0x0000000086c00000| PB 0x0000000086c00000| Untracked 
|  65|0x0000000086d00000, 0x0000000086d00000, 0x0000000086e00000|  0%| F|  |TAMS 0x0000000086d00000| PB 0x0000000086d00000| Untracked 
|  66|0x0000000086e00000, 0x0000000086e00000, 0x0000000086f00000|  0%| F|  |TAMS 0x0000000086e00000| PB 0x0000000086e00000| Untracked 
|  67|0x0000000086f00000, 0x0000000086f00000, 0x0000000087000000|  0%| F|  |TAMS 0x0000000086f00000| PB 0x0000000086f00000| Untracked 
|  68|0x0000000087000000, 0x0000000087000000, 0x0000000087100000|  0%| F|  |TAMS 0x0000000087000000| PB 0x0000000087000000| Untracked 
|  69|0x0000000087100000, 0x0000000087100000, 0x0000000087200000|  0%| F|  |TAMS 0x0000000087100000| PB 0x0000000087100000| Untracked 
|  70|0x0000000087200000, 0x0000000087200000, 0x0000000087300000|  0%| F|  |TAMS 0x0000000087200000| PB 0x0000000087200000| Untracked 
|  71|0x0000000087300000, 0x0000000087300000, 0x0000000087400000|  0%| F|  |TAMS 0x0000000087300000| PB 0x0000000087300000| Untracked 
|  72|0x0000000087400000, 0x0000000087400000, 0x0000000087500000|  0%| F|  |TAMS 0x0000000087400000| PB 0x0000000087400000| Untracked 
|  73|0x0000000087500000, 0x0000000087500000, 0x0000000087600000|  0%| F|  |TAMS 0x0000000087500000| PB 0x0000000087500000| Untracked 
|  74|0x0000000087600000, 0x0000000087600000, 0x0000000087700000|  0%| F|  |TAMS 0x0000000087600000| PB 0x0000000087600000| Untracked 
|  75|0x0000000087700000, 0x0000000087700000, 0x0000000087800000|  0%| F|  |TAMS 0x0000000087700000| PB 0x0000000087700000| Untracked 
|  76|0x0000000087800000, 0x0000000087800000, 0x0000000087900000|  0%| F|  |TAMS 0x0000000087800000| PB 0x0000000087800000| Untracked 
|  77|0x0000000087900000, 0x0000000087900000, 0x0000000087a00000|  0%| F|  |TAMS 0x0000000087900000| PB 0x0000000087900000| Untracked 
|  78|0x0000000087a00000, 0x0000000087a00000, 0x0000000087b00000|  0%| F|  |TAMS 0x0000000087a00000| PB 0x0000000087a00000| Untracked 
|  79|0x0000000087b00000, 0x0000000087b00000, 0x0000000087c00000|  0%| F|  |TAMS 0x0000000087b00000| PB 0x0000000087b00000| Untracked 
|  80|0x0000000087c00000, 0x0000000087c00000, 0x0000000087d00000|  0%| F|  |TAMS 0x0000000087c00000| PB 0x0000000087c00000| Untracked 
|  81|0x0000000087d00000, 0x0000000087d00000, 0x0000000087e00000|  0%| F|  |TAMS 0x0000000087d00000| PB 0x0000000087d00000| Untracked 
|  82|0x0000000087e00000, 0x0000000087e00000, 0x0000000087f00000|  0%| F|  |TAMS 0x0000000087e00000| PB 0x0000000087e00000| Untracked 
|  83|0x0000000087f00000, 0x0000000087f00000, 0x0000000088000000|  0%| F|  |TAMS 0x0000000087f00000| PB 0x0000000087f00000| Untracked 
|  84|0x0000000088000000, 0x0000000088000000, 0x0000000088100000|  0%| F|  |TAMS 0x0000000088000000| PB 0x0000000088000000| Untracked 
|  85|0x0000000088100000, 0x0000000088100000, 0x0000000088200000|  0%| F|  |TAMS 0x0000000088100000| PB 0x0000000088100000| Untracked 
|  86|0x0000000088200000, 0x0000000088200000, 0x0000000088300000|  0%| F|  |TAMS 0x0000000088200000| PB 0x0000000088200000| Untracked 
|  87|0x0000000088300000, 0x0000000088300000, 0x0000000088400000|  0%| F|  |TAMS 0x0000000088300000| PB 0x0000000088300000| Untracked 
|  88|0x0000000088400000, 0x0000000088400000, 0x0000000088500000|  0%| F|  |TAMS 0x0000000088400000| PB 0x0000000088400000| Untracked 
|  89|0x0000000088500000, 0x0000000088500000, 0x0000000088600000|  0%| F|  |TAMS 0x0000000088500000| PB 0x0000000088500000| Untracked 
|  90|0x0000000088600000, 0x00000000886a9488, 0x0000000088700000| 66%| S|CS|TAMS 0x0000000088600000| PB 0x0000000088600000| Complete 
|  91|0x0000000088700000, 0x0000000088800000, 0x0000000088800000|100%| S|CS|TAMS 0x0000000088700000| PB 0x0000000088700000| Complete 
|  92|0x0000000088800000, 0x0000000088900000, 0x0000000088900000|100%| S|CS|TAMS 0x0000000088800000| PB 0x0000000088800000| Complete 
|  93|0x0000000088900000, 0x0000000088900000, 0x0000000088a00000|  0%| F|  |TAMS 0x0000000088900000| PB 0x0000000088900000| Untracked 
|  94|0x0000000088a00000, 0x0000000088a00000, 0x0000000088b00000|  0%| F|  |TAMS 0x0000000088a00000| PB 0x0000000088a00000| Untracked 
|  95|0x0000000088b00000, 0x0000000088b00000, 0x0000000088c00000|  0%| F|  |TAMS 0x0000000088b00000| PB 0x0000000088b00000| Untracked 
|  96|0x0000000088c00000, 0x0000000088c00000, 0x0000000088d00000|  0%| F|  |TAMS 0x0000000088c00000| PB 0x0000000088c00000| Untracked 
|  97|0x0000000088d00000, 0x0000000088d00000, 0x0000000088e00000|  0%| F|  |TAMS 0x0000000088d00000| PB 0x0000000088d00000| Untracked 
|  98|0x0000000088e00000, 0x0000000088e00000, 0x0000000088f00000|  0%| F|  |TAMS 0x0000000088e00000| PB 0x0000000088e00000| Untracked 
|  99|0x0000000088f00000, 0x0000000088f00000, 0x0000000089000000|  0%| F|  |TAMS 0x0000000088f00000| PB 0x0000000088f00000| Untracked 
| 100|0x0000000089000000, 0x0000000089000000, 0x0000000089100000|  0%| F|  |TAMS 0x0000000089000000| PB 0x0000000089000000| Untracked 
| 101|0x0000000089100000, 0x0000000089100000, 0x0000000089200000|  0%| F|  |TAMS 0x0000000089100000| PB 0x0000000089100000| Untracked 
| 102|0x0000000089200000, 0x0000000089200000, 0x0000000089300000|  0%| F|  |TAMS 0x0000000089200000| PB 0x0000000089200000| Untracked 
| 103|0x0000000089300000, 0x0000000089300000, 0x0000000089400000|  0%| F|  |TAMS 0x0000000089300000| PB 0x0000000089300000| Untracked 
| 104|0x0000000089400000, 0x0000000089400000, 0x0000000089500000|  0%| F|  |TAMS 0x0000000089400000| PB 0x0000000089400000| Untracked 
| 105|0x0000000089500000, 0x0000000089500000, 0x0000000089600000|  0%| F|  |TAMS 0x0000000089500000| PB 0x0000000089500000| Untracked 
| 106|0x0000000089600000, 0x0000000089600000, 0x0000000089700000|  0%| F|  |TAMS 0x0000000089600000| PB 0x0000000089600000| Untracked 
| 107|0x0000000089700000, 0x0000000089700000, 0x0000000089800000|  0%| F|  |TAMS 0x0000000089700000| PB 0x0000000089700000| Untracked 
| 108|0x0000000089800000, 0x0000000089800000, 0x0000000089900000|  0%| F|  |TAMS 0x0000000089800000| PB 0x0000000089800000| Untracked 
| 109|0x0000000089900000, 0x0000000089900000, 0x0000000089a00000|  0%| F|  |TAMS 0x0000000089900000| PB 0x0000000089900000| Untracked 
| 110|0x0000000089a00000, 0x0000000089a00000, 0x0000000089b00000|  0%| F|  |TAMS 0x0000000089a00000| PB 0x0000000089a00000| Untracked 
| 111|0x0000000089b00000, 0x0000000089b00000, 0x0000000089c00000|  0%| F|  |TAMS 0x0000000089b00000| PB 0x0000000089b00000| Untracked 
| 112|0x0000000089c00000, 0x0000000089c00000, 0x0000000089d00000|  0%| F|  |TAMS 0x0000000089c00000| PB 0x0000000089c00000| Untracked 
| 113|0x0000000089d00000, 0x0000000089d00000, 0x0000000089e00000|  0%| F|  |TAMS 0x0000000089d00000| PB 0x0000000089d00000| Untracked 
| 114|0x0000000089e00000, 0x0000000089e00000, 0x0000000089f00000|  0%| F|  |TAMS 0x0000000089e00000| PB 0x0000000089e00000| Untracked 
| 115|0x0000000089f00000, 0x0000000089f00000, 0x000000008a000000|  0%| F|  |TAMS 0x0000000089f00000| PB 0x0000000089f00000| Untracked 
| 116|0x000000008a000000, 0x000000008a000000, 0x000000008a100000|  0%| F|  |TAMS 0x000000008a000000| PB 0x000000008a000000| Untracked 
| 117|0x000000008a100000, 0x000000008a100000, 0x000000008a200000|  0%| F|  |TAMS 0x000000008a100000| PB 0x000000008a100000| Untracked 
| 118|0x000000008a200000, 0x000000008a200000, 0x000000008a300000|  0%| F|  |TAMS 0x000000008a200000| PB 0x000000008a200000| Untracked 
| 119|0x000000008a300000, 0x000000008a338828, 0x000000008a400000| 22%| E|  |TAMS 0x000000008a300000| PB 0x000000008a300000| Complete 
| 120|0x000000008a400000, 0x000000008a500000, 0x000000008a500000|100%| E|CS|TAMS 0x000000008a400000| PB 0x000000008a400000| Complete 
| 121|0x000000008a500000, 0x000000008a600000, 0x000000008a600000|100%| E|CS|TAMS 0x000000008a500000| PB 0x000000008a500000| Complete 
| 122|0x000000008a600000, 0x000000008a700000, 0x000000008a700000|100%| E|CS|TAMS 0x000000008a600000| PB 0x000000008a600000| Complete 
| 123|0x000000008a700000, 0x000000008a800000, 0x000000008a800000|100%| E|CS|TAMS 0x000000008a700000| PB 0x000000008a700000| Complete 
| 124|0x000000008a800000, 0x000000008a900000, 0x000000008a900000|100%| E|CS|TAMS 0x000000008a800000| PB 0x000000008a800000| Complete 
| 125|0x000000008a900000, 0x000000008aa00000, 0x000000008aa00000|100%| E|CS|TAMS 0x000000008a900000| PB 0x000000008a900000| Complete 

Card table byte_map: [0x00000258502e0000,0x00000258506d0000] _byte_map_base: 0x000002584feca000

Marking Bits: (CMBitMap*) 0x000002583661ddd0
 Bits: [0x00000258506d0000, 0x0000025852620000)

Polling page: 0x0000025836690000

Metaspace:

Usage:
  Non-class:     12.86 MB used.
      Class:      1.95 MB used.
       Both:     14.81 MB used.

Virtual space:
  Non-class space:       64.00 MB reserved,      13.00 MB ( 20%) committed,  1 nodes.
      Class space:        1.00 GB reserved,       2.06 MB ( <1%) committed,  1 nodes.
             Both:        1.06 GB reserved,      15.06 MB (  1%) committed. 

Chunk freelists:
   Non-Class:  2.25 MB
       Class:  13.88 MB
        Both:  16.13 MB

MaxMetaspaceSize: unlimited
CompressedClassSpaceSize: 1.00 GB
Initial GC threshold: 21.00 MB
Current GC threshold: 21.00 MB
CDS: on
 - commit_granule_bytes: 65536.
 - commit_granule_words: 8192.
 - virtual_space_node_default_size: 8388608.
 - enlarge_chunks_in_place: 1.
 - use_allocation_guard: 0.


Internal statistics:

num_allocs_failed_limit: 0.
num_arena_births: 400.
num_arena_deaths: 0.
num_vsnodes_births: 2.
num_vsnodes_deaths: 0.
num_space_committed: 241.
num_space_uncommitted: 0.
num_chunks_returned_to_freelist: 0.
num_chunks_taken_from_freelist: 946.
num_chunk_merges: 0.
num_chunk_splits: 602.
num_chunks_enlarged: 384.
num_inconsistent_stats: 0.

CodeHeap 'non-profiled nmethods': size=120000Kb used=800Kb max_used=800Kb free=119199Kb
 bounds [0x0000025847d20000, 0x0000025847f90000, 0x000002584f250000]
CodeHeap 'profiled nmethods': size=120000Kb used=4072Kb max_used=4072Kb free=115927Kb
 bounds [0x0000025840250000, 0x0000025840650000, 0x0000025847780000]
CodeHeap 'non-nmethods': size=5760Kb used=1407Kb max_used=1432Kb free=4352Kb
 bounds [0x0000025847780000, 0x00000258479f0000, 0x0000025847d20000]
 total_blobs=2651 nmethods=2150 adapters=405
 compilation: enabled
              stopped_count=0, restarted_count=0
 full_count=0

Compilation events (20 events):
Event: 0.902 Thread 0x0000025855305660 nmethod 2108 0x0000025840618b10 code [0x0000025840618cc0, 0x0000025840618e98]
Event: 0.902 Thread 0x0000025855305660 2109       3       java.util.stream.ReferencePipeline$Head::<init> (8 bytes)
Event: 0.902 Thread 0x0000025855305660 nmethod 2109 0x0000025840618f90 code [0x0000025840619140, 0x00000258406192d8]
Event: 0.902 Thread 0x0000025855305660 2111   !   3       jdk.internal.loader.BuiltinClassLoader$2::run (114 bytes)
Event: 0.903 Thread 0x0000025855305660 nmethod 2111 0x0000025840619390 code [0x0000025840619640, 0x000002584061a4a0]
Event: 0.903 Thread 0x0000025855305660 2110       3       java.util.stream.ReferencePipeline::<init> (8 bytes)
Event: 0.903 Thread 0x0000025855305660 nmethod 2110 0x000002584061a990 code [0x000002584061ab40, 0x000002584061ac78]
Event: 0.903 Thread 0x0000025855305660 2113   !   3       java.lang.invoke.BoundMethodHandle$Species_L::copyWithExtendL (31 bytes)
Event: 0.904 Thread 0x0000025855305660 nmethod 2113 0x000002584061ad10 code [0x000002584061af60, 0x000002584061ba60]
Event: 0.904 Thread 0x0000025855305660 2114   !   3       java.lang.invoke.CallSite::makeSite (91 bytes)
Event: 0.904 Thread 0x0000025855305660 nmethod 2114 0x000002584061bd90 code [0x000002584061c100, 0x000002584061d2c0]
Event: 0.904 Thread 0x0000025855305660 2115   !   3       java.lang.invoke.BootstrapMethodInvoker::invoke (974 bytes)
Event: 0.909 Thread 0x0000025855305660 nmethod 2115 0x000002584061de10 code [0x000002584061e780, 0x00000258406268a8]
Event: 0.909 Thread 0x0000025855305660 2118       3       java.util.zip.ZipFile$Source::getEntryPos (164 bytes)
Event: 0.909 Thread 0x0000025855305660 nmethod 2118 0x000002584062a290 code [0x000002584062a4e0, 0x000002584062ade0]
Event: 0.909 Thread 0x0000025855305660 2127       3       java.util.jar.JarFile::getVersionedEntry (133 bytes)
Event: 0.909 Thread 0x0000025855305660 nmethod 2127 0x000002584062b290 code [0x000002584062b560, 0x000002584062c2f0]
Event: 0.910 Thread 0x0000025855305660 2117   !   3       jdk.internal.loader.URLClassPath$JarLoader::getResource (40 bytes)
Event: 0.910 Thread 0x0000025855305660 nmethod 2117 0x000002584062c890 code [0x000002584062caa0, 0x000002584062d028]
Event: 0.910 Thread 0x0000025855305660 2119       3       java.util.jar.JarFile::getEntry (35 bytes)

GC Heap History (4 events):
Event: 0.418 GC heap before
{Heap before GC invocations=0 (full 0):
 garbage-first heap   total 129024K, used 24576K [0x0000000082c00000, 0x0000000100000000)
  region size 1024K, 23 young (23552K), 0 survivors (0K)
 Metaspace       used 5337K, committed 5568K, reserved 1114112K
  class space    used 605K, committed 704K, reserved 1048576K
}
Event: 0.421 GC heap after
{Heap after GC invocations=1 (full 0):
 garbage-first heap   total 129024K, used 7812K [0x0000000082c00000, 0x0000000100000000)
  region size 1024K, 3 young (3072K), 3 survivors (3072K)
 Metaspace       used 5337K, committed 5568K, reserved 1114112K
  class space    used 605K, committed 704K, reserved 1048576K
}
Event: 0.861 GC heap before
{Heap before GC invocations=1 (full 0):
 garbage-first heap   total 129024K, used 37508K [0x0000000082c00000, 0x0000000100000000)
  region size 1024K, 33 young (33792K), 3 survivors (3072K)
 Metaspace       used 13334K, committed 13632K, reserved 1114112K
  class space    used 1787K, committed 1920K, reserved 1048576K
}
Event: 0.865 GC heap after
{Heap after GC invocations=2 (full 0):
 garbage-first heap   total 129024K, used 10718K [0x0000000082c00000, 0x0000000100000000)
  region size 1024K, 3 young (3072K), 3 survivors (3072K)
 Metaspace       used 13334K, committed 13632K, reserved 1114112K
  class space    used 1787K, committed 1920K, reserved 1048576K
}

Dll operation events (11 events):
Event: 0.006 Loaded shared library C:\Program Files\Java\jdk-21\bin\java.dll
Event: 0.037 Loaded shared library C:\Program Files\Java\jdk-21\bin\jsvml.dll
Event: 0.090 Loaded shared library C:\Program Files\Java\jdk-21\bin\zip.dll
Event: 0.093 Loaded shared library C:\Program Files\Java\jdk-21\bin\instrument.dll
Event: 0.097 Loaded shared library C:\Program Files\Java\jdk-21\bin\net.dll
Event: 0.098 Loaded shared library C:\Program Files\Java\jdk-21\bin\nio.dll
Event: 0.100 Loaded shared library C:\Program Files\Java\jdk-21\bin\zip.dll
Event: 0.158 Loaded shared library C:\Program Files\Java\jdk-21\bin\extnet.dll
Event: 0.180 Loaded shared library C:\Program Files\Java\jdk-21\bin\jimage.dll
Event: 0.341 Loaded shared library C:\Program Files\Java\jdk-21\bin\management.dll
Event: 0.344 Loaded shared library C:\Program Files\Java\jdk-21\bin\management_ext.dll

Deoptimization events (20 events):
Event: 0.904 Thread 0x000002589b7f5940 Uncommon trap: trap_request=0xffffff45 fr.pc=0x0000025847d6503c relative=0x00000000000006dc
Event: 0.904 Thread 0x000002589b7f5940 Uncommon trap: reason=unstable_if action=reinterpret pc=0x0000025847d6503c method=java.util.zip.ZipCoder.hash(Ljava/lang/String;)I @ 23 c2
Event: 0.904 Thread 0x000002589b7f5940 DEOPT PACKING pc=0x0000025847d6503c sp=0x000000d8b7efdb30
Event: 0.904 Thread 0x000002589b7f5940 DEOPT UNPACKING pc=0x00000258477d46a2 sp=0x000000d8b7efd9f0 mode 2
Event: 0.904 Thread 0x000002589b7f5940 Uncommon trap: trap_request=0xffffff45 fr.pc=0x0000025847d5ffdc relative=0x000000000000049c
Event: 0.904 Thread 0x000002589b7f5940 Uncommon trap: reason=unstable_if action=reinterpret pc=0x0000025847d5ffdc method=java.util.zip.ZipCoder.hash(Ljava/lang/String;)I @ 23 c2
Event: 0.904 Thread 0x000002589b7f5940 DEOPT PACKING pc=0x0000025847d5ffdc sp=0x000000d8b7efdad0
Event: 0.904 Thread 0x000002589b7f5940 DEOPT UNPACKING pc=0x00000258477d46a2 sp=0x000000d8b7efd9f0 mode 2
Event: 0.904 Thread 0x000002589b7f5940 Uncommon trap: trap_request=0xffffff45 fr.pc=0x0000025847d9a39c relative=0x000000000000163c
Event: 0.904 Thread 0x000002589b7f5940 Uncommon trap: reason=unstable_if action=reinterpret pc=0x0000025847d9a39c method=java.util.zip.ZipCoder.hash(Ljava/lang/String;)I @ 23 c2
Event: 0.904 Thread 0x000002589b7f5940 DEOPT PACKING pc=0x0000025847d9a39c sp=0x000000d8b7efdb00
Event: 0.904 Thread 0x000002589b7f5940 DEOPT UNPACKING pc=0x00000258477d46a2 sp=0x000000d8b7efd958 mode 2
Event: 0.904 Thread 0x000002589b7f5940 Uncommon trap: trap_request=0xffffff45 fr.pc=0x0000025847d5f5e0 relative=0x00000000000001a0
Event: 0.904 Thread 0x000002589b7f5940 Uncommon trap: reason=unstable_if action=reinterpret pc=0x0000025847d5f5e0 method=java.util.zip.ZipCoder.hash(Ljava/lang/String;)I @ 23 c2
Event: 0.904 Thread 0x000002589b7f5940 DEOPT PACKING pc=0x0000025847d5f5e0 sp=0x000000d8b7efda60
Event: 0.904 Thread 0x000002589b7f5940 DEOPT UNPACKING pc=0x00000258477d46a2 sp=0x000000d8b7efd9e8 mode 2
Event: 0.905 Thread 0x000002589b7f5940 Uncommon trap: trap_request=0xffffff45 fr.pc=0x0000025847d3ce74 relative=0x0000000000000054
Event: 0.905 Thread 0x000002589b7f5940 Uncommon trap: reason=unstable_if action=reinterpret pc=0x0000025847d3ce74 method=sun.nio.fs.WindowsPathParser.isSlash(C)Z @ 9 c2
Event: 0.905 Thread 0x000002589b7f5940 DEOPT PACKING pc=0x0000025847d3ce74 sp=0x000000d8b7efdcd0
Event: 0.905 Thread 0x000002589b7f5940 DEOPT UNPACKING pc=0x00000258477d46a2 sp=0x000000d8b7efdc58 mode 2

Classes loaded (20 events):
Event: 0.906 Loading class java/nio/file/DirectoryStream$Filter done
Event: 0.906 Loading class java/nio/file/Files$AcceptAllFilter done
Event: 0.906 Loading class sun/nio/fs/WindowsDirectoryStream
Event: 0.907 Loading class java/nio/file/DirectoryStream
Event: 0.907 Loading class java/nio/file/DirectoryStream done
Event: 0.907 Loading class sun/nio/fs/WindowsDirectoryStream done
Event: 0.907 Loading class java/nio/file/FileTreeWalker$DirectoryNode
Event: 0.907 Loading class java/nio/file/FileTreeWalker$DirectoryNode done
Event: 0.907 Loading class sun/nio/fs/WindowsDirectoryStream$WindowsDirectoryIterator
Event: 0.907 Loading class sun/nio/fs/WindowsDirectoryStream$WindowsDirectoryIterator done
Event: 0.907 Loading class java/nio/file/FileTreeWalker$Event
Event: 0.907 Loading class java/nio/file/FileTreeWalker$Event done
Event: 0.907 Loading class java/nio/file/FileTreeWalker$EventType
Event: 0.907 Loading class java/nio/file/FileTreeWalker$EventType done
Event: 0.908 Loading class sun/nio/fs/WindowsPath$WindowsPathWithAttributes
Event: 0.908 Loading class sun/nio/fs/BasicFileAttributesHolder
Event: 0.908 Loading class sun/nio/fs/BasicFileAttributesHolder done
Event: 0.909 Loading class sun/nio/fs/WindowsPath$WindowsPathWithAttributes done
Event: 0.909 Loading class java/util/StringTokenizer
Event: 0.909 Loading class java/util/StringTokenizer done

Classes unloaded (0 events):
No events

Classes redefined (0 events):
No events

Internal exceptions (20 events):
Event: 0.580 Thread 0x000002589b7f5940 Exception <a 'java/lang/NoSuchMethodError'{0x000000008a165ac0}: 'int java.lang.invoke.DirectMethodHandle$Holder.invokeStaticInit(java.lang.Object, double, double)'> (0x000000008a165ac0) 
thrown [s\open\src\hotspot\share\interpreter\linkResolver.cpp, line 773]
Event: 0.580 Thread 0x000002589b7f5940 Exception <a 'java/lang/NoSuchMethodError'{0x000000008a16a0e8}: 'int java.lang.invoke.DirectMethodHandle$Holder.invokeStatic(java.lang.Object, long)'> (0x000000008a16a0e8) 
thrown [s\open\src\hotspot\share\interpreter\linkResolver.cpp, line 773]
Event: 0.583 Thread 0x000002589b7f5940 Exception <a 'java/lang/NoSuchMethodError'{0x000000008a18bd08}: 'int java.lang.invoke.Invokers$Holder.linkToTargetMethod(java.lang.Object, java.lang.Object)'> (0x000000008a18bd08) 
thrown [s\open\src\hotspot\share\interpreter\linkResolver.cpp, line 773]
Event: 0.594 Thread 0x000002589b7f5940 Exception <a 'java/lang/NoSuchMethodError'{0x000000008a003960}: 'java.lang.Object java.lang.invoke.DirectMethodHandle$Holder.invokeSpecial(java.lang.Object, java.lang.Object, java.lang.Object, int, java.lang.Object)'> (0x000000008a003960) 
thrown [s\open\src\hotspot\share\interpreter\linkResolver.cpp, line 773]
Event: 0.594 Thread 0x000002589b7f5940 Exception <a 'java/lang/NoSuchMethodError'{0x000000008a00b178}: 'java.lang.Object java.lang.invoke.DirectMethodHandle$Holder.newInvokeSpecial(java.lang.Object, java.lang.Object, java.lang.Object, int, java.lang.Object)'> (0x000000008a00b178) 
thrown [s\open\src\hotspot\share\interpreter\linkResolver.cpp, line 773]
Event: 0.594 Thread 0x000002589b7f5940 Exception <a 'java/lang/NoSuchMethodError'{0x000000008a012610}: 'java.lang.Object java.lang.invoke.Invokers$Holder.linkToTargetMethod(java.lang.Object, java.lang.Object, int, java.lang.Object, java.lang.Object)'> (0x000000008a012610) 
thrown [s\open\src\hotspot\share\interpreter\linkResolver.cpp, line 773]
Event: 0.596 Thread 0x000002589b7f5940 Exception <a 'java/lang/NoSuchMethodError'{0x000000008a021118}: 'java.lang.Object java.lang.invoke.DirectMethodHandle$Holder.newInvokeSpecial(java.lang.Object, int, java.lang.Object)'> (0x000000008a021118) 
thrown [s\open\src\hotspot\share\interpreter\linkResolver.cpp, line 773]
Event: 0.596 Thread 0x000002589b7f5940 Exception <a 'java/lang/NoSuchMethodError'{0x000000008a025888}: 'int java.lang.invoke.DirectMethodHandle$Holder.invokeSpecialIFC(java.lang.Object, java.lang.Object, java.lang.Object, java.lang.Object)'> (0x000000008a025888) 
thrown [s\open\src\hotspot\share\interpreter\linkResolver.cpp, line 773]
Event: 0.613 Thread 0x000002589b7f5940 Exception <a 'java/lang/NoSuchMethodError'{0x000000008a0ccb08}: 'void java.lang.invoke.DirectMethodHandle$Holder.invokeInterface(java.lang.Object, java.lang.Object, java.lang.Object)'> (0x000000008a0ccb08) 
thrown [s\open\src\hotspot\share\interpreter\linkResolver.cpp, line 773]
Event: 0.630 Thread 0x000002589b7f5940 Exception <a 'java/lang/NoSuchMethodError'{0x0000000089f66068}: 'void java.lang.invoke.DirectMethodHandle$Holder.invokeStaticInit(java.lang.Object, java.lang.Object, java.lang.Object)'> (0x0000000089f66068) 
thrown [s\open\src\hotspot\share\interpreter\linkResolver.cpp, line 773]
Event: 0.633 Thread 0x000002589b7f5940 Exception <a 'java/lang/NoSuchMethodError'{0x0000000089f9d650}: 'java.lang.Object java.lang.invoke.DirectMethodHandle$Holder.invokeStaticInit(java.lang.Object, int)'> (0x0000000089f9d650) 
thrown [s\open\src\hotspot\share\interpreter\linkResolver.cpp, line 773]
Event: 0.635 Thread 0x000002589b7f5940 Exception <a 'java/lang/NoSuchMethodError'{0x0000000089fa7638}: 'java.lang.Object java.lang.invoke.DirectMethodHandle$Holder.invokeStatic(java.lang.Object, int, java.lang.Object)'> (0x0000000089fa7638) 
thrown [s\open\src\hotspot\share\interpreter\linkResolver.cpp, line 773]
Event: 0.636 Thread 0x000002589b7f5940 Exception <a 'java/lang/NoSuchMethodError'{0x0000000089faac98}: 'java.lang.Object java.lang.invoke.DirectMethodHandle$Holder.invokeStaticInit(java.lang.Object, int, java.lang.Object)'> (0x0000000089faac98) 
thrown [s\open\src\hotspot\share\interpreter\linkResolver.cpp, line 773]
Event: 0.641 Thread 0x000002589b7f5940 Exception <a 'java/lang/NoSuchMethodError'{0x0000000089fc7e30}: 'java.lang.Object java.lang.invoke.DirectMethodHandle$Holder.invokeVirtual(java.lang.Object, java.lang.Object, java.lang.Object)'> (0x0000000089fc7e30) 
thrown [s\open\src\hotspot\share\interpreter\linkResolver.cpp, line 773]
Event: 0.659 Thread 0x000002589b7f5940 Exception <a 'java/lang/NoSuchMethodError'{0x0000000089e64628}: 'void java.lang.invoke.DirectMethodHandle$Holder.invokeVirtual(java.lang.Object, java.lang.Object, java.lang.Object, java.lang.Object)'> (0x0000000089e64628) 
thrown [s\open\src\hotspot\share\interpreter\linkResolver.cpp, line 773]
Event: 0.711 Thread 0x000002589b7f5940 Exception <a 'java/lang/NoSuchMethodError'{0x0000000089ca8638}: 'java.lang.Object java.lang.invoke.Invokers$Holder.invoke_MT(java.lang.Object, java.lang.Object, java.lang.Object, java.lang.Object, java.lang.Object, java.lang.Object, java.lang.Object, java.lang.Object, java.lang.Object)'> (0x0000000089ca8638) 
thrown [s\open\src\hotspot\share\interpreter\linkResolver.cpp, line 773]
Event: 0.714 Thread 0x000002589b7f5940 Exception <a 'java/lang/NoSuchMethodError'{0x0000000089cf5170}: 'java.lang.reflect.Field[] java.lang.Class.getDeclaredFields(java.lang.Class)'> (0x0000000089cf5170) 
thrown [s\open\src\hotspot\share\interpreter\linkResolver.cpp, line 773]
Event: 0.722 Thread 0x000002589b7f5940 Exception <a 'java/lang/IncompatibleClassChangeError'{0x0000000089bccd38}: Found class java.lang.Object, but interface was expected> (0x0000000089bccd38) 
thrown [s\open\src\hotspot\share\interpreter\linkResolver.cpp, line 840]
Event: 0.905 Thread 0x000002589b7f5940 Exception <a 'java/lang/NoSuchMethodError'{0x000000008a54f1b8}: 'int java.lang.invoke.DirectMethodHandle$Holder.invokeSpecial(java.lang.Object, java.lang.Object, java.lang.Object, java.lang.Object, java.lang.Object)'> (0x000000008a54f1b8) 
thrown [s\open\src\hotspot\share\interpreter\linkResolver.cpp, line 773]
Event: 0.907 Thread 0x000002589b7f5940 Exception <a 'java/lang/NoSuchMethodError'{0x000000008a557498}: 'void java.lang.invoke.DirectMethodHandle$Holder.invokeVirtual(java.lang.Object, java.lang.Object)'> (0x000000008a557498) 
thrown [s\open\src\hotspot\share\interpreter\linkResolver.cpp, line 773]

ZGC Phase Switch (0 events):
No events

VM Operations (20 events):
Event: 0.338 Executing VM operation: HandshakeAllThreads (Deoptimize)
Event: 0.338 Executing VM operation: HandshakeAllThreads (Deoptimize) done
Event: 0.418 Executing VM operation: HandshakeAllThreads (Deoptimize)
Event: 0.418 Executing VM operation: HandshakeAllThreads (Deoptimize) done
Event: 0.418 Executing VM operation: G1CollectForAllocation (G1 Evacuation Pause)
Event: 0.421 Executing VM operation: G1CollectForAllocation (G1 Evacuation Pause) done
Event: 0.575 Executing VM operation: HandshakeAllThreads (Deoptimize)
Event: 0.575 Executing VM operation: HandshakeAllThreads (Deoptimize) done
Event: 0.702 Executing VM operation: HandshakeAllThreads (Deoptimize)
Event: 0.702 Executing VM operation: HandshakeAllThreads (Deoptimize) done
Event: 0.704 Executing VM operation: HandshakeAllThreads (Deoptimize)
Event: 0.704 Executing VM operation: HandshakeAllThreads (Deoptimize) done
Event: 0.704 Executing VM operation: HandshakeAllThreads (Deoptimize)
Event: 0.704 Executing VM operation: HandshakeAllThreads (Deoptimize) done
Event: 0.706 Executing VM operation: ICBufferFull
Event: 0.706 Executing VM operation: ICBufferFull done
Event: 0.861 Executing VM operation: G1CollectForAllocation (G1 Evacuation Pause)
Event: 0.865 Executing VM operation: G1CollectForAllocation (G1 Evacuation Pause) done
Event: 0.894 Executing VM operation: HandshakeAllThreads (Deoptimize)
Event: 0.894 Executing VM operation: HandshakeAllThreads (Deoptimize) done

Events (17 events):
Event: 0.023 Thread 0x000002583642c260 Thread added: 0x000002583642c260
Event: 0.035 Thread 0x00000258552f5c70 Thread added: 0x00000258552f5c70
Event: 0.035 Thread 0x00000258552f6b90 Thread added: 0x00000258552f6b90
Event: 0.036 Thread 0x00000258552fa770 Thread added: 0x00000258552fa770
Event: 0.036 Thread 0x00000258552fb450 Thread added: 0x00000258552fb450
Event: 0.036 Thread 0x00000258552fbeb0 Thread added: 0x00000258552fbeb0
Event: 0.036 Thread 0x00000258552fc910 Thread added: 0x00000258552fc910
Event: 0.036 Thread 0x0000025855300ba0 Thread added: 0x0000025855300ba0
Event: 0.036 Thread 0x0000025855305660 Thread added: 0x0000025855305660
Event: 0.095 Thread 0x00000258555c1710 Thread added: 0x00000258555c1710
Event: 0.112 Thread 0x00000258556b3df0 Thread added: 0x00000258556b3df0
Event: 0.112 Thread 0x00000258556b44a0 Thread added: 0x00000258556b44a0
Event: 0.153 Thread 0x0000025855732070 Thread added: 0x0000025855732070
Event: 0.153 Thread 0x00000258557326e0 Thread added: 0x00000258557326e0
Event: 0.373 Thread 0x000002589b7f52d0 Thread added: 0x000002589b7f52d0
Event: 0.377 Thread 0x000002589b7f5940 Thread added: 0x000002589b7f5940
Event: 0.709 Thread 0x000002589b8c5ca0 Thread added: 0x000002589b8c5ca0


Dynamic libraries:
0x00007ff7110f0000 - 0x00007ff711100000 	C:\Program Files\Java\jdk-21\bin\java.exe
0x00007ff80ef70000 - 0x00007ff80f168000 	C:\Windows\SYSTEM32\ntdll.dll
0x00007ff80d2f0000 - 0x00007ff80d3b2000 	C:\Windows\System32\KERNEL32.DLL
0x00007ff80c960000 - 0x00007ff80cc56000 	C:\Windows\System32\KERNELBASE.dll
0x00007ff80c740000 - 0x00007ff80c840000 	C:\Windows\System32\ucrtbase.dll
0x00007ff8059f0000 - 0x00007ff805a09000 	C:\Program Files\Java\jdk-21\bin\jli.dll
0x00007ff8054f0000 - 0x00007ff80550b000 	C:\Program Files\Java\jdk-21\bin\VCRUNTIME140.dll
0x00007ff80ec40000 - 0x00007ff80ecf1000 	C:\Windows\System32\ADVAPI32.dll
0x00007ff80eb20000 - 0x00007ff80ebbe000 	C:\Windows\System32\msvcrt.dll
0x00007ff80ee90000 - 0x00007ff80ef2f000 	C:\Windows\System32\sechost.dll
0x00007ff80d3c0000 - 0x00007ff80d4e3000 	C:\Windows\System32\RPCRT4.dll
0x00007ff80cf60000 - 0x00007ff80cf87000 	C:\Windows\System32\bcrypt.dll
0x00007ff80cf90000 - 0x00007ff80d12d000 	C:\Windows\System32\USER32.dll
0x00007ff80cc60000 - 0x00007ff80cc82000 	C:\Windows\System32\win32u.dll
0x00007ffff96f0000 - 0x00007ffff998a000 	C:\Windows\WinSxS\amd64_microsoft.windows.common-controls_6595b64144ccf1df_6.0.19041.5915_none_60b4b9d171f9c7c7\COMCTL32.dll
0x00007ff80e380000 - 0x00007ff80e3ab000 	C:\Windows\System32\GDI32.dll
0x00007ff80c840000 - 0x00007ff80c959000 	C:\Windows\System32\gdi32full.dll
0x00007ff80cce0000 - 0x00007ff80cd7d000 	C:\Windows\System32\msvcp_win.dll
0x00007ffffa3b0000 - 0x00007ffffa3ba000 	C:\Windows\SYSTEM32\VERSION.dll
0x00007ff80d4f0000 - 0x00007ff80d51f000 	C:\Windows\System32\IMM32.DLL
0x00007ff8080c0000 - 0x00007ff8080cc000 	C:\Program Files\Java\jdk-21\bin\vcruntime140_1.dll
0x00007ffff5670000 - 0x00007ffff56fe000 	C:\Program Files\Java\jdk-21\bin\msvcp140.dll
0x00007fffa3190000 - 0x00007fffa3ead000 	C:\Program Files\Java\jdk-21\bin\server\jvm.dll
0x00007ff80d760000 - 0x00007ff80d7cb000 	C:\Windows\System32\WS2_32.dll
0x00007ff80bb90000 - 0x00007ff80bbdb000 	C:\Windows\SYSTEM32\POWRPROF.dll
0x00007ffff9bf0000 - 0x00007ffff9c17000 	C:\Windows\SYSTEM32\WINMM.dll
0x00007ff80ba00000 - 0x00007ff80ba12000 	C:\Windows\SYSTEM32\UMPDC.dll
0x00007ff80a480000 - 0x00007ff80a492000 	C:\Windows\SYSTEM32\kernel.appcore.dll
0x00007ff8054b0000 - 0x00007ff8054ba000 	C:\Program Files\Java\jdk-21\bin\jimage.dll
0x00007ffffa150000 - 0x00007ffffa351000 	C:\Windows\SYSTEM32\DBGHELP.DLL
0x00007ffff7940000 - 0x00007ffff7974000 	C:\Windows\SYSTEM32\dbgcore.DLL
0x00007ff80c600000 - 0x00007ff80c682000 	C:\Windows\System32\bcryptPrimitives.dll
0x00007ff805280000 - 0x00007ff80528f000 	C:\Program Files\Java\jdk-21\bin\instrument.dll
0x00007ff805330000 - 0x00007ff80534f000 	C:\Program Files\Java\jdk-21\bin\java.dll
0x00007ff80e3b0000 - 0x00007ff80eb1e000 	C:\Windows\System32\SHELL32.dll
0x00007ff80a680000 - 0x00007ff80ae24000 	C:\Windows\SYSTEM32\windows.storage.dll
0x00007ff80dfc0000 - 0x00007ff80e313000 	C:\Windows\System32\combase.dll
0x00007ff80c030000 - 0x00007ff80c05b000 	C:\Windows\SYSTEM32\Wldp.dll
0x00007ff80d130000 - 0x00007ff80d1fd000 	C:\Windows\System32\OLEAUT32.dll
0x00007ff80d6b0000 - 0x00007ff80d75d000 	C:\Windows\System32\SHCORE.dll
0x00007ff80e320000 - 0x00007ff80e37b000 	C:\Windows\System32\shlwapi.dll
0x00007ff80c530000 - 0x00007ff80c554000 	C:\Windows\SYSTEM32\profapi.dll
0x00007fffe9480000 - 0x00007fffe9557000 	C:\Program Files\Java\jdk-21\bin\jsvml.dll
0x00007ffffbb20000 - 0x00007ffffbb38000 	C:\Program Files\Java\jdk-21\bin\zip.dll
0x00007ff804900000 - 0x00007ff804910000 	C:\Program Files\Java\jdk-21\bin\net.dll
0x00007ff805b20000 - 0x00007ff805c2a000 	C:\Windows\SYSTEM32\WINHTTP.dll
0x00007ff80bd90000 - 0x00007ff80bdfa000 	C:\Windows\system32\mswsock.dll
0x00007ffffbb40000 - 0x00007ffffbb56000 	C:\Program Files\Java\jdk-21\bin\nio.dll
0x00007ff8048f0000 - 0x00007ff8048f9000 	C:\Program Files\Java\jdk-21\bin\extnet.dll
0x00007ffffbb00000 - 0x00007ffffbb0a000 	C:\Program Files\Java\jdk-21\bin\management.dll
0x00007ffffbac0000 - 0x00007ffffbacb000 	C:\Program Files\Java\jdk-21\bin\management_ext.dll
0x00007ff80d200000 - 0x00007ff80d208000 	C:\Windows\System32\PSAPI.DLL

dbghelp: loaded successfully - version: 4.0.5 - missing functions: none
symbol engine: initialized successfully - sym options: 0x614 - pdb path: .;C:\Program Files\Java\jdk-21\bin;C:\Windows\SYSTEM32;C:\Windows\WinSxS\amd64_microsoft.windows.common-controls_6595b64144ccf1df_6.0.19041.5915_none_60b4b9d171f9c7c7;C:\Program Files\Java\jdk-21\bin\server

VM Arguments:
jvm_args: -javaagent:C:\Program Files\JetBrains\IntelliJ IDEA Community Edition 2025.2.4\lib\idea_rt.jar=51987 -Dfile.encoding=UTF-8 -Dsun.stdout.encoding=UTF-8 -Dsun.stderr.encoding=UTF-8 
java_command: com.techroom.roommanagement.RoomManagementSystemApplication
java_class_path (initial): D:\RMS\RoomManagementSystem\backend\target\classes;C:\Users\Administrator\.m2\repository\org\springframework\boot\spring-boot-starter-data-jpa\3.5.7\spring-boot-starter-data-jpa-3.5.7.jar;C:\Users\Administrator\.m2\repository\org\springframework\boot\spring-boot-starter\3.5.7\spring-boot-starter-3.5.7.jar;C:\Users\Administrator\.m2\repository\org\springframework\boot\spring-boot-starter-logging\3.5.7\spring-boot-starter-logging-3.5.7.jar;C:\Users\Administrator\.m2\repository\ch\qos\logback\logback-classic\1.5.20\logback-classic-1.5.20.jar;C:\Users\Administrator\.m2\repository\ch\qos\logback\logback-core\1.5.20\logback-core-1.5.20.jar;C:\Users\Administrator\.m2\repository\org\apache\logging\log4j\log4j-to-slf4j\2.24.3\log4j-to-slf4j-2.24.3.jar;C:\Users\Administrator\.m2\repository\org\apache\logging\log4j\log4j-api\2.24.3\log4j-api-2.24.3.jar;C:\Users\Administrator\.m2\repository\org\slf4j\jul-to-slf4j\2.0.17\jul-to-slf4j-2.0.17.jar;C:\Users\Administrator\.m2\repository\jakarta\annotation\jakarta.annotation-api\2.1.1\jakarta.annotation-api-2.1.1.jar;C:\Users\Administrator\.m2\repository\org\yaml\snakeyaml\2.4\snakeyaml-2.4.jar;C:\Users\Administrator\.m2\repository\org\springframework\boot\spring-boot-starter-jdbc\3.5.7\spring-boot-starter-jdbc-3.5.7.jar;C:\Users\Administrator\.m2\repository\com\zaxxer\HikariCP\6.3.3\HikariCP-6.3.3.jar;C:\Users\Administrator\.m2\repository\org\springframework\spring-jdbc\6.2.12\spring-jdbc-6.2.12.jar;C:\Users\Administrator\.m2\repository\org\hibernate\orm\hibernate-core\6.6.33.Final\hibernate-core-6.6.33.Final.jar;C:\Users\Administrator\.m2\repository\jakarta\persistence\jakarta.persistence-api\3.1.0\jakarta.persistence-api-3.1.0.jar;C:\Users\Administrator\.m2\repository\org\jboss\logging\jboss-logging\3.6.1.Final\jboss-logging-3.6.1.Final.jar;C:\Users\Administrator\.m2\repository\org\hibernate\common\hibernate-commons-annotations\7.0.3.Final\hibernate-commons-annotations-7.0.3.Final.jar;C:\Users\Administrator\.m2\repository\io\smallrye\jandex\3.2.0\jandex-3.2.0.jar;C:\Users\Administrator\.m2\repository\com\fasterxml\classmate\1.7.1\classmate-1.7.1.jar;C:\Users\Administrator\.m2\repository\net\bytebuddy\byte-buddy\1.17.8\byte-buddy-1.17.8.jar;C:\Users\Administrator\.m2\repository\org\glassfish\jaxb\jaxb-runtime\4.0.6\jaxb-runtime-4.0.6.jar;C:\Users\Administrator\.m2\repository\org\glassfish\jaxb\jaxb-core\4.0.6\jaxb-core-4.0.6.jar;C:\Users\Administrator\.m2\repository\org\eclipse\angus\angus-activation\2.0.3\angus-activation-2.0.3.jar;C:\Users\Administrator\.m2\repository\org\glassfish\jaxb\txw2\4.0.6\txw2-4.0.6.jar;C:\Users\Administrator\.m2\repository\com\sun\istack\istack-commons-runtime\4.1.2\istack-commons-runtime-4.1.2.jar;C:\Users\Administrator\.m2\repository\jakarta\inject\jakarta.inject-api\2.0.1\jakarta.inject-api-2.0.1.jar;C:\Users\Administrator\.m2\repository\org\antlr\antlr4-runtime\4.13.0\antlr4-runtime-4.13.0.jar;C:\Users\Administrator\.m2\repository\org\springframework\data\spring-data-jpa\3.5.5\spring-data-jpa-3.5.5.jar;C:\Users\Administrator\.m2\repository\org\springframework\data\spring-data-commons\3.5.5\spring-data-commons-3.5.5.jar;C:\Users\Administrator\.m2\repository\org\springframework\spring-orm\6.2.12\spring-orm-6.2.12.jar;C:\Users\Administrator\.m2\repository\org\springframework\spring-context\6.2.12\spring-context-6.2.12.jar;C:\Users\Administrator\.m2\repository\org\springframework\spring-tx\6.2.12\spring-tx-6.2.12.jar;C:\Users\Administrator\.m2\repository\org\springframework\spring-beans\6.2.12\spring-beans-6.2.12.jar;C:\Users\Administrator\.m2\repository\org\slf4j\slf4j-api\2.0.17\slf4j-api-2.0.17.jar;C:\Users\Administrator\.m2\repository\org\springframework\spring-aspects\6.2.12\spring-aspects-6.2.12.jar;C:\Users\Administrator\.m2\repository\org\aspectj\aspectjweaver\1.9.24\aspectjweaver-1.9.24.jar;C:\Users\Administrator\.m2\repository\org\springframework\boot\spring-boot-starter-web\3.5.7\spring-boot-starter-web-3.5.7.jar;C:\Users\Administrator\.m2\repository\org\springframework\boot\spring-boot-starter-json\3.5.7\spring-boot-starter-json-3.5.7.jar;C:\Users\Administrator\.m2\repository\com\fasterxml\jackson\datatype\jackson-datatype-jdk8\2.19.2\jackson-datatype-jdk8-2.19.2.jar;C:\Users\Administrator\.m2\repository\com\fasterxml\jackson\datatype\jackson-datatype-jsr310\2.19.2\jackson-datatype-jsr310-2.19.2.jar;C:\Users\Administrator\.m2\repository\com\fasterxml\jackson\module\jackson-module-parameter-names\2.19.2\jackson-module-parameter-names-2.19.2.jar;C:\Users\Administrator\.m2\repository\org\springframework\boot\spring-boot-starter-tomcat\3.5.7\spring-boot-starter-tomcat-3.5.7.jar;C:\Users\Administrator\.m2\repository\org\apache\tomcat\embed\tomcat-embed-core\10.1.48\tomcat-embed-core-10.1.48.jar;C:\Users\Administrator\.m2\repository\org\apache\tomcat\embed\tomcat-embed-websocket\10.1.48\tomcat-embed-websocket-10.1.48.jar;C:\Users\Administrator\.m2\repository\org\springframework\spring-web\6.2.12\spring-web-6.2.12.jar;C:\Users\Administrator\.m2\repository\io\micrometer\micrometer-observation\1.15.5\micrometer-observation-1.15.5.jar;C:\Users\Administrator\.m2\repository\io\micrometer\micrometer-commons\1.15.5\micrometer-commons-1.15.5.jar;C:\Users\Administrator\.m2\repository\org\springframework\spring-webmvc\6.2.12\spring-webmvc-6.2.12.jar;C:\Users\Administrator\.m2\repository\org\springframework\spring-expression\6.2.12\spring-expression-6.2.12.jar;C:\Users\Administrator\.m2\repository\org\springframework\boot\spring-boot-starter-validation\3.5.7\spring-boot-starter-validation-3.5.7.jar;C:\Users\Administrator\.m2\repository\org\apache\tomcat\embed\tomcat-embed-el\10.1.48\tomcat-embed-el-10.1.48.jar;C:\Users\Administrator\.m2\repository\org\hibernate\validator\hibernate-validator\8.0.3.Final\hibernate-validator-8.0.3.Final.jar;C:\Users\Administrator\.m2\repository\jakarta\validation\jakarta.validation-api\3.0.2\jakarta.validation-api-3.0.2.jar;C:\Users\Administrator\.m2\repository\org\springframework\boot\spring-boot-devtools\3.5.7\spring-boot-devtools-3.5.7.jar;C:\Users\Administrator\.m2\repository\org\springframework\boot\spring-boot\3.5.7\spring-boot-3.5.7.jar;C:\Users\Administrator\.m2\repository\org\springframework\boot\spring-boot-autoconfigure\3.5.7\spring-boot-autoconfigure-3.5.7.jar;C:\Users\Administrator\.m2\repository\com\mysql\mysql-connector-j\9.4.0\mysql-connector-j-9.4.0.jar;C:\Users\Administrator\.m2\repository\org\projectlombok\lombok\1.18.42\lombok-1.18.42.jar;C:\Users\Administrator\.m2\repository\jakarta\xml\bind\jakarta.xml.bind-api\4.0.4\jakarta.xml.bind-api-4.0.4.jar;C:\Users\Administrator\.m2\repository\jakarta\activation\jakarta.activation-api\2.1.4\jakarta.activation-api-2.1.4.jar;C:\Users\Administrator\.m2\repository\org\springframework\spring-core\6.2.12\spring-core-6.2.12.jar;C:\Users\Administrator\.m2\repository\org\springframework\spring-jcl\6.2.12\spring-jcl-6.2.12.jar;C:\Users\Administrator\.m2\repository\org\springframework\boot\spring-boot-starter-security\3.5.7\spring-boot-starter-security-3.5.7.jar;C:\Users\Administrator\.m2\repository\org\springframework\spring-aop\6.2.12\spring-aop-6.2.12.jar;C:\Users\Administrator\.m2\repository\org\springframework\security\spring-security-config\6.5.6\spring-security-config-6.5.6.jar;C:\Users\Administrator\.m2\repository\org\springframework\security\spring-security-core\6.5.6\spring-security-core-6.5.6.jar;C:\Users\Administrator\.m2\repository\org\springframework\security\spring-security-crypto\6.5.6\spring-security-crypto-6.5.6.jar;C:\Users\Administrator\.m2\repository\org\springframework\security\spring-security-web\6.5.6\spring-security-web-6.5.6.jar;C:\Users\Administrator\.m2\repository\io\jsonwebtoken\jjwt-api\0.11.5\jjwt-api-0.11.5.jar;C:\Users\Administrator\.m2\repository\io\jsonwebtoken\jjwt-impl\0.11.5\jjwt-impl-0.11.5.jar;C:\Users\Administrator\.m2\repository\io\jsonwebtoken\jjwt-jackson\0.11.5\jjwt-jackson-0.11.5.jar;C:\Users\Administrator\.m2\repository\com\fasterxml\jackson\core\jackson-databind\2.19.2\jackson-databind-2.19.2.jar;C:\Users\Administrator\.m2\repository\com\fasterxml\jackson\core\jackson-annotations\2.19.2\jackson-annotations-2.19.2.jar;C:\Users\Administrator\.m2\repository\com\fasterxml\jackson\core\jackson-core\2.19.2\jackson-core-2.19.2.jar;C:\Users\Administrator\.m2\repository\jakarta\transaction\jakarta.transaction-api\2.0.1\jakarta.transaction-api-2.0.1.jar
Launcher Type: SUN_STANDARD

[Global flags]
     intx CICompilerCount                          = 4                                         {product} {ergonomic}
     uint ConcGCThreads                            = 3                                         {product} {ergonomic}
     uint G1ConcRefinementThreads                  = 10                                        {product} {ergonomic}
   size_t G1HeapRegionSize                         = 1048576                                   {product} {ergonomic}
    uintx GCDrainStackTargetSize                   = 64                                        {product} {ergonomic}
   size_t InitialHeapSize                          = 132120576                                 {product} {ergonomic}
   size_t MarkStackSize                            = 4194304                                   {product} {ergonomic}
   size_t MaxHeapSize                              = 2101346304                                {product} {ergonomic}
   size_t MaxNewSize                               = 1260388352                                {product} {ergonomic}
   size_t MinHeapDeltaBytes                        = 1048576                                   {product} {ergonomic}
   size_t MinHeapSize                              = 8388608                                   {product} {ergonomic}
    uintx NonNMethodCodeHeapSize                   = 5839372                                {pd product} {ergonomic}
    uintx NonProfiledCodeHeapSize                  = 122909434                              {pd product} {ergonomic}
    uintx ProfiledCodeHeapSize                     = 122909434                              {pd product} {ergonomic}
    uintx ReservedCodeCacheSize                    = 251658240                              {pd product} {ergonomic}
     bool SegmentedCodeCache                       = true                                      {product} {ergonomic}
   size_t SoftMaxHeapSize                          = 2101346304                             {manageable} {ergonomic}
     bool UseCompressedOops                        = true                           {product lp64_product} {ergonomic}
     bool UseG1GC                                  = true                                      {product} {ergonomic}
     bool UseLargePagesIndividualAllocation        = false                                  {pd product} {ergonomic}

Logging:
Log output configuration:
 #0: stdout all=warning uptime,level,tags foldmultilines=false
 #1: stderr all=off uptime,level,tags foldmultilines=false

Environment Variables:
JAVA_HOME=C:\Program Files\Java\jdk-21
PATH=C:\Windows\system32;C:\Windows;C:\Windows\System32\Wbem;C:\Windows\System32\WindowsPowerShell\v1.0\;C:\Windows\System32\OpenSSH\;C:\Program Files (x86)\mingw-w64\i686-8.1.0-posix-dwarf-rt_v6-rev0\mingw32\bin;C:\Program Files\Microsoft SQL Server\Client SDK\ODBC\170\Tools\Binn\;C:\Program Files (x86)\Microsoft SQL Server\160\Tools\Binn\;C:\Program Files\Microsoft SQL Server\160\Tools\Binn\;C:\Program Files\Microsoft SQL Server\160\DTS\Binn\;C:\Program Files\MySQL\MySQL Server 5.7\bin;C:\Graphviz-12.2.1-win64\bin;C:\Program Files (x86)\Microsoft SQL Server\160\DTS\Binn\;C:\Program Files\Git\cmd;D:\flutter\flutter\bin;C:\Program Files\nodejs\;C:\Program Files\Java\jdk-21\bin;C:\apache-maven-3.9.11\bin;C:\Users\Administrator\AppData\Local\Microsoft\WindowsApps;C:\Users\Administrator\AppData\Local\Programs\Microsoft VS Code\bin;C:\Program Files\MySQL\MySQL Server 5.7\bin;C:\Users\Administrator\AppData\Roaming\npm;C:\Program Files\JetBrains\IntelliJ IDEA Community Edition 2025.2.4\bin
USERNAME=MSI
OS=Windows_NT
PROCESSOR_IDENTIFIER=Intel64 Family 6 Model 165 Stepping 2, GenuineIntel
TMP=C:\Users\ADMINI~1\AppData\Local\Temp
TEMP=C:\Users\ADMINI~1\AppData\Local\Temp




Periodic native trim disabled

---------------  S Y S T E M  ---------------

OS:
 Windows 10 , 64 bit Build 19041 (10.0.19041.5915)
OS uptime: 0 days 1:37 hours

CPU: total 12 (initial active 12) (6 cores per cpu, 2 threads per core) family 6 model 165 stepping 2 microcode 0xe2, cx8, cmov, fxsr, ht, mmx, 3dnowpref, sse, sse2, sse3, ssse3, sse4.1, sse4.2, popcnt, lzcnt, tsc, tscinvbit, avx, avx2, aes, erms, clmul, bmi1, bmi2, adx, fma, vzeroupper, clflush, clflushopt, rdtscp, f16c, pku
Processor Information for all 12 processors :
  Max Mhz: 2592, Current Mhz: 2592, Mhz Limit: 2592

Memory: 4k page, system-wide physical 8013M (904M free)
TotalPageFile size 12109M (AvailPageFile size 4M)
current process WorkingSet (physical memory assigned to process): 134M, peak: 134M
current process commit charge ("private bytes"): 264M, peak: 264M

vm_info: Java HotSpot(TM) 64-Bit Server VM (21.0.9+7-LTS-338) for windows-amd64 JRE (21.0.9+7-LTS-338), built on 2025-09-26T06:33:49Z by "mach5run" with MS VC++ 17.6 (VS2022)

END.
