#
# There is insufficient memory for the Java Runtime Environment to continue.
# Native memory allocation (malloc) failed to allocate 299536 bytes for Chunk::new
# Possible reasons:
#   The system is out of physical RAM or swap space
#   The process is running with CompressedOops enabled, and the Java Heap may be blocking the growth of the native heap
# Possible solutions:
#   Reduce memory load on the system
#   Increase physical memory or swap space
#   Check if swap backing store is full
#   Decrease Java heap size (-Xmx/-Xms)
#   Decrease number of Java threads
#   Decrease Java thread stack sizes (-Xss)
#   Set larger code cache with -XX:ReservedCodeCacheSize=
#   JVM is running with Unscaled Compressed Oops mode in which the Java heap is
#     placed in the first 4GB address space. The Java Heap base address is the
#     maximum limit for the native heap growth. Please use -XX:HeapBaseMinAddress
#     to set the Java Heap base and to place the Java Heap above 4GB virtual address.
# This output file may be truncated or incomplete.
#
#  Out of Memory Error (arena.cpp:168), pid=14000, tid=14984
#
# JRE version: Java(TM) SE Runtime Environment (21.0.9+7) (build 21.0.9+7-LTS-338)
# Java VM: Java HotSpot(TM) 64-Bit Server VM (21.0.9+7-LTS-338, mixed mode, sharing, tiered, compressed oops, compressed class ptrs, g1 gc, windows-amd64)
# No core dump will be written. Minidumps are not enabled by default on client versions of Windows
#

---------------  S U M M A R Y ------------

Command Line: --enable-native-access=ALL-UNNAMED -Dclassworlds.conf=C:\apache-maven-3.9.11\bin\m2.conf -Dmaven.home=C:\apache-maven-3.9.11 -Dlibrary.jansi.path=C:\apache-maven-3.9.11\lib\jansi-native -Dmaven.multiModuleProjectDirectory=D:\RMS\RoomManagementSystem\backend org.codehaus.plexus.classworlds.launcher.Launcher clean install -DskipTests

Host: Intel(R) Core(TM) i7-10750H CPU @ 2.60GHz, 12 cores, 7G,  Windows 10 , 64 bit Build 19041 (10.0.19041.5915)
Time: Fri Dec 19 10:24:59 2025 SE Asia Standard Time elapsed time: 0.695247 seconds (0d 0h 0m 0s)

---------------  T H R E A D  ---------------

Current thread (0x0000016a74943290):  JavaThread "C2 CompilerThread1" daemon [_thread_in_native, id=14984, stack(0x0000000650f00000,0x0000000651000000) (1024K)]


Current CompileTask:
C2:    695 1486       4       jdk.internal.jimage.BasicImageReader::verifyLocation (39 bytes)

Stack: [0x0000000650f00000,0x0000000651000000]
Native frames: (J=compiled Java code, j=interpreted, Vv=VM code, C=native code)
V  [jvm.dll+0x6cbf89]
V  [jvm.dll+0x858421]
V  [jvm.dll+0x85a94e]
V  [jvm.dll+0x85b023]
V  [jvm.dll+0x27ebc6]
V  [jvm.dll+0xc4f4d]
V  [jvm.dll+0xc5483]
V  [jvm.dll+0x2f1f8d]
V  [jvm.dll+0x5f6cea]
V  [jvm.dll+0x2506d2]
V  [jvm.dll+0x250a8f]
V  [jvm.dll+0x2495ac]
V  [jvm.dll+0x246b14]
V  [jvm.dll+0x1c7a3e]
V  [jvm.dll+0x256329]
V  [jvm.dll+0x2548ba]
V  [jvm.dll+0x3efdee]
V  [jvm.dll+0x80265b]
V  [jvm.dll+0x6ca66d]
C  [ucrtbase.dll+0x21bb2]
C  [KERNEL32.DLL+0x17374]
C  [ntdll.dll+0x4cc91]


---------------  P R O C E S S  ---------------

Threads class SMR info:
_java_thread_list=0x0000016a74c32d30, length=13, elements={
0x0000016a5101fae0, 0x0000016a6ff67c70, 0x0000016a6ff6ac50, 0x0000016a6ff6db90,
0x0000016a6ff6e5f0, 0x0000016a6ff6fd60, 0x0000016a6ff74c80, 0x0000016a6ff76f30,
0x0000016a6ff7c160, 0x0000016a741f6d90, 0x0000016a741f7420, 0x0000016a74943290,
0x0000016a74d88000
}

Java Threads: ( => current thread )
  0x0000016a5101fae0 JavaThread "main"                              [_thread_in_native, id=12828, stack(0x000000064fd00000,0x000000064fe00000) (1024K)]
  0x0000016a6ff67c70 JavaThread "Reference Handler"          daemon [_thread_blocked, id=14968, stack(0x0000000650500000,0x0000000650600000) (1024K)]
  0x0000016a6ff6ac50 JavaThread "Finalizer"                  daemon [_thread_blocked, id=14956, stack(0x0000000650600000,0x0000000650700000) (1024K)]
  0x0000016a6ff6db90 JavaThread "Signal Dispatcher"          daemon [_thread_blocked, id=14960, stack(0x0000000650700000,0x0000000650800000) (1024K)]
  0x0000016a6ff6e5f0 JavaThread "Attach Listener"            daemon [_thread_blocked, id=14972, stack(0x0000000650800000,0x0000000650900000) (1024K)]
  0x0000016a6ff6fd60 JavaThread "Service Thread"             daemon [_thread_blocked, id=14964, stack(0x0000000650900000,0x0000000650a00000) (1024K)]
  0x0000016a6ff74c80 JavaThread "Monitor Deflation Thread"   daemon [_thread_blocked, id=14976, stack(0x0000000650a00000,0x0000000650b00000) (1024K)]
  0x0000016a6ff76f30 JavaThread "C2 CompilerThread0"         daemon [_thread_in_native, id=14912, stack(0x0000000650b00000,0x0000000650c00000) (1024K)]
  0x0000016a6ff7c160 JavaThread "C1 CompilerThread0"         daemon [_thread_blocked, id=14908, stack(0x0000000650c00000,0x0000000650d00000) (1024K)]
  0x0000016a741f6d90 JavaThread "Notification Thread"        daemon [_thread_blocked, id=14904, stack(0x0000000650d00000,0x0000000650e00000) (1024K)]
  0x0000016a741f7420 JavaThread "Common-Cleaner"             daemon [_thread_blocked, id=14900, stack(0x0000000650e00000,0x0000000650f00000) (1024K)]
=>0x0000016a74943290 JavaThread "C2 CompilerThread1"         daemon [_thread_in_native, id=14984, stack(0x0000000650f00000,0x0000000651000000) (1024K)]
  0x0000016a74d88000 JavaThread "C2 CompilerThread2"         daemon [_thread_in_native, id=14896, stack(0x0000000651000000,0x0000000651100000) (1024K)]
Total: 13

Other Threads:
  0x0000016a6ff48220 VMThread "VM Thread"                           [id=11656, stack(0x0000000650400000,0x0000000650500000) (1024K)]
  0x0000016a6ff377f0 WatcherThread "VM Periodic Task Thread"        [id=13328, stack(0x0000000650300000,0x0000000650400000) (1024K)]
  0x0000016a53253320 WorkerThread "GC Thread#0"                     [id=6684, stack(0x000000064fe00000,0x000000064ff00000) (1024K)]
  0x0000016a74df6600 WorkerThread "GC Thread#1"                     [id=14788, stack(0x0000000651100000,0x0000000651200000) (1024K)]
  0x0000016a74df69b0 WorkerThread "GC Thread#2"                     [id=14952, stack(0x0000000651200000,0x0000000651300000) (1024K)]
  0x0000016a750be320 WorkerThread "GC Thread#3"                     [id=14948, stack(0x0000000651300000,0x0000000651400000) (1024K)]
  0x0000016a75089ef0 WorkerThread "GC Thread#4"                     [id=14776, stack(0x0000000651400000,0x0000000651500000) (1024K)]
  0x0000016a7508a2a0 WorkerThread "GC Thread#5"                     [id=14780, stack(0x0000000651500000,0x0000000651600000) (1024K)]
  0x0000016a7508a650 WorkerThread "GC Thread#6"                     [id=14792, stack(0x0000000651600000,0x0000000651700000) (1024K)]
  0x0000016a7508aa00 WorkerThread "GC Thread#7"                     [id=14784, stack(0x0000000651700000,0x0000000651800000) (1024K)]
  0x0000016a53263e50 ConcurrentGCThread "G1 Main Marker"            [id=15196, stack(0x000000064ff00000,0x0000000650000000) (1024K)]
  0x0000016a53265010 WorkerThread "G1 Conc#0"                       [id=15192, stack(0x0000000650000000,0x0000000650100000) (1024K)]
  0x0000016a532ce400 ConcurrentGCThread "G1 Refine#0"               [id=15200, stack(0x0000000650100000,0x0000000650200000) (1024K)]
  0x0000016a6fe08110 ConcurrentGCThread "G1 Service"                [id=1140, stack(0x0000000650200000,0x0000000650300000) (1024K)]
Total: 14

Threads with active compile tasks:
C2 CompilerThread0      710 1501   !   4       java.util.concurrent.ConcurrentHashMap::transfer (849 bytes)
C2 CompilerThread1      710 1486       4       jdk.internal.jimage.BasicImageReader::verifyLocation (39 bytes)
C2 CompilerThread2      710 1505       4       jdk.internal.loader.URLClassPath::getResource (74 bytes)
Total: 3

VM state: not at safepoint (normal execution)

VM Mutex/Monitor currently owned by a thread: None

Heap address: 0x0000000082c00000, size: 2004 MB, Compressed Oops mode: 32-bit

CDS archive(s) mapped at: [0x0000016a00000000-0x0000016a00c90000-0x0000016a00c90000), size 13172736, SharedBaseAddress: 0x0000016a00000000, ArchiveRelocationMode: 1.
Compressed class space mapped at: 0x0000016a01000000-0x0000016a41000000, reserved size: 1073741824
Narrow klass base: 0x0000016a00000000, Narrow klass shift: 0, Narrow klass range: 0x100000000

GC Precious Log:
 CardTable entry size: 512
 Card Set container configuration: InlinePtr #cards 5 size 8 Array Of Cards #cards 12 size 40 Howl #buckets 4 coarsen threshold 1843 Howl Bitmap #cards 512 size 80 coarsen threshold 460 Card regions per heap region 1 cards per card region 2048
 CPUs: 12 total, 12 available
 Memory: 8013M
 Large Page Support: Disabled
 NUMA Support: Disabled
 Compressed Oops: Enabled (32-bit)
 Heap Region Size: 1M
 Heap Min Capacity: 8M
 Heap Initial Capacity: 126M
 Heap Max Capacity: 2004M
 Pre-touch: Disabled
 Parallel Workers: 10
 Concurrent Workers: 3
 Concurrent Refinement Workers: 10
 Periodic GC: Disabled

Heap:
 garbage-first heap   total 129024K, used 22109K [0x0000000082c00000, 0x0000000100000000)
  region size 1024K, 22 young (22528K), 3 survivors (3072K)
 Metaspace       used 7128K, committed 7296K, reserved 1114112K
  class space    used 825K, committed 896K, reserved 1048576K

Heap Regions: E=young(eden), S=young(survivor), O=old, HS=humongous(starts), HC=humongous(continues), CS=collection set, F=free, TAMS=top-at-mark-start, PB=parsable bottom
|   0|0x0000000082c00000, 0x0000000082c97690, 0x0000000082d00000| 59%| O|  |TAMS 0x0000000082c00000| PB 0x0000000082c00000| Untracked 
|   1|0x0000000082d00000, 0x0000000082d00000, 0x0000000082e00000|  0%| F|  |TAMS 0x0000000082d00000| PB 0x0000000082d00000| Untracked 
|   2|0x0000000082e00000, 0x0000000082e00000, 0x0000000082f00000|  0%| F|  |TAMS 0x0000000082e00000| PB 0x0000000082e00000| Untracked 
|   3|0x0000000082f00000, 0x0000000082f00000, 0x0000000083000000|  0%| F|  |TAMS 0x0000000082f00000| PB 0x0000000082f00000| Untracked 
|   4|0x0000000083000000, 0x0000000083000000, 0x0000000083100000|  0%| F|  |TAMS 0x0000000083000000| PB 0x0000000083000000| Untracked 
|   5|0x0000000083100000, 0x0000000083100000, 0x0000000083200000|  0%| F|  |TAMS 0x0000000083100000| PB 0x0000000083100000| Untracked 
|   6|0x0000000083200000, 0x0000000083200000, 0x0000000083300000|  0%| F|  |TAMS 0x0000000083200000| PB 0x0000000083200000| Untracked 
|   7|0x0000000083300000, 0x0000000083300000, 0x0000000083400000|  0%| F|  |TAMS 0x0000000083300000| PB 0x0000000083300000| Untracked 
|   8|0x0000000083400000, 0x0000000083400000, 0x0000000083500000|  0%| F|  |TAMS 0x0000000083400000| PB 0x0000000083400000| Untracked 
|   9|0x0000000083500000, 0x0000000083500000, 0x0000000083600000|  0%| F|  |TAMS 0x0000000083500000| PB 0x0000000083500000| Untracked 
|  10|0x0000000083600000, 0x0000000083600000, 0x0000000083700000|  0%| F|  |TAMS 0x0000000083600000| PB 0x0000000083600000| Untracked 
|  11|0x0000000083700000, 0x0000000083700000, 0x0000000083800000|  0%| F|  |TAMS 0x0000000083700000| PB 0x0000000083700000| Untracked 
|  12|0x0000000083800000, 0x0000000083800000, 0x0000000083900000|  0%| F|  |TAMS 0x0000000083800000| PB 0x0000000083800000| Untracked 
|  13|0x0000000083900000, 0x0000000083900000, 0x0000000083a00000|  0%| F|  |TAMS 0x0000000083900000| PB 0x0000000083900000| Untracked 
|  14|0x0000000083a00000, 0x0000000083a00000, 0x0000000083b00000|  0%| F|  |TAMS 0x0000000083a00000| PB 0x0000000083a00000| Untracked 
|  15|0x0000000083b00000, 0x0000000083b00000, 0x0000000083c00000|  0%| F|  |TAMS 0x0000000083b00000| PB 0x0000000083b00000| Untracked 
|  16|0x0000000083c00000, 0x0000000083c00000, 0x0000000083d00000|  0%| F|  |TAMS 0x0000000083c00000| PB 0x0000000083c00000| Untracked 
|  17|0x0000000083d00000, 0x0000000083d00000, 0x0000000083e00000|  0%| F|  |TAMS 0x0000000083d00000| PB 0x0000000083d00000| Untracked 
|  18|0x0000000083e00000, 0x0000000083e00000, 0x0000000083f00000|  0%| F|  |TAMS 0x0000000083e00000| PB 0x0000000083e00000| Untracked 
|  19|0x0000000083f00000, 0x0000000083f00000, 0x0000000084000000|  0%| F|  |TAMS 0x0000000083f00000| PB 0x0000000083f00000| Untracked 
|  20|0x0000000084000000, 0x0000000084000000, 0x0000000084100000|  0%| F|  |TAMS 0x0000000084000000| PB 0x0000000084000000| Untracked 
|  21|0x0000000084100000, 0x0000000084100000, 0x0000000084200000|  0%| F|  |TAMS 0x0000000084100000| PB 0x0000000084100000| Untracked 
|  22|0x0000000084200000, 0x0000000084200000, 0x0000000084300000|  0%| F|  |TAMS 0x0000000084200000| PB 0x0000000084200000| Untracked 
|  23|0x0000000084300000, 0x0000000084300000, 0x0000000084400000|  0%| F|  |TAMS 0x0000000084300000| PB 0x0000000084300000| Untracked 
|  24|0x0000000084400000, 0x0000000084400000, 0x0000000084500000|  0%| F|  |TAMS 0x0000000084400000| PB 0x0000000084400000| Untracked 
|  25|0x0000000084500000, 0x0000000084500000, 0x0000000084600000|  0%| F|  |TAMS 0x0000000084500000| PB 0x0000000084500000| Untracked 
|  26|0x0000000084600000, 0x0000000084600000, 0x0000000084700000|  0%| F|  |TAMS 0x0000000084600000| PB 0x0000000084600000| Untracked 
|  27|0x0000000084700000, 0x0000000084700000, 0x0000000084800000|  0%| F|  |TAMS 0x0000000084700000| PB 0x0000000084700000| Untracked 
|  28|0x0000000084800000, 0x0000000084800000, 0x0000000084900000|  0%| F|  |TAMS 0x0000000084800000| PB 0x0000000084800000| Untracked 
|  29|0x0000000084900000, 0x0000000084900000, 0x0000000084a00000|  0%| F|  |TAMS 0x0000000084900000| PB 0x0000000084900000| Untracked 
|  30|0x0000000084a00000, 0x0000000084a00000, 0x0000000084b00000|  0%| F|  |TAMS 0x0000000084a00000| PB 0x0000000084a00000| Untracked 
|  31|0x0000000084b00000, 0x0000000084b00000, 0x0000000084c00000|  0%| F|  |TAMS 0x0000000084b00000| PB 0x0000000084b00000| Untracked 
|  32|0x0000000084c00000, 0x0000000084c00000, 0x0000000084d00000|  0%| F|  |TAMS 0x0000000084c00000| PB 0x0000000084c00000| Untracked 
|  33|0x0000000084d00000, 0x0000000084d00000, 0x0000000084e00000|  0%| F|  |TAMS 0x0000000084d00000| PB 0x0000000084d00000| Untracked 
|  34|0x0000000084e00000, 0x0000000084e00000, 0x0000000084f00000|  0%| F|  |TAMS 0x0000000084e00000| PB 0x0000000084e00000| Untracked 
|  35|0x0000000084f00000, 0x0000000084f00000, 0x0000000085000000|  0%| F|  |TAMS 0x0000000084f00000| PB 0x0000000084f00000| Untracked 
|  36|0x0000000085000000, 0x0000000085000000, 0x0000000085100000|  0%| F|  |TAMS 0x0000000085000000| PB 0x0000000085000000| Untracked 
|  37|0x0000000085100000, 0x0000000085100000, 0x0000000085200000|  0%| F|  |TAMS 0x0000000085100000| PB 0x0000000085100000| Untracked 
|  38|0x0000000085200000, 0x0000000085200000, 0x0000000085300000|  0%| F|  |TAMS 0x0000000085200000| PB 0x0000000085200000| Untracked 
|  39|0x0000000085300000, 0x0000000085300000, 0x0000000085400000|  0%| F|  |TAMS 0x0000000085300000| PB 0x0000000085300000| Untracked 
|  40|0x0000000085400000, 0x0000000085400000, 0x0000000085500000|  0%| F|  |TAMS 0x0000000085400000| PB 0x0000000085400000| Untracked 
|  41|0x0000000085500000, 0x0000000085500000, 0x0000000085600000|  0%| F|  |TAMS 0x0000000085500000| PB 0x0000000085500000| Untracked 
|  42|0x0000000085600000, 0x0000000085600000, 0x0000000085700000|  0%| F|  |TAMS 0x0000000085600000| PB 0x0000000085600000| Untracked 
|  43|0x0000000085700000, 0x0000000085700000, 0x0000000085800000|  0%| F|  |TAMS 0x0000000085700000| PB 0x0000000085700000| Untracked 
|  44|0x0000000085800000, 0x0000000085800000, 0x0000000085900000|  0%| F|  |TAMS 0x0000000085800000| PB 0x0000000085800000| Untracked 
|  45|0x0000000085900000, 0x0000000085900000, 0x0000000085a00000|  0%| F|  |TAMS 0x0000000085900000| PB 0x0000000085900000| Untracked 
|  46|0x0000000085a00000, 0x0000000085a00000, 0x0000000085b00000|  0%| F|  |TAMS 0x0000000085a00000| PB 0x0000000085a00000| Untracked 
|  47|0x0000000085b00000, 0x0000000085b00000, 0x0000000085c00000|  0%| F|  |TAMS 0x0000000085b00000| PB 0x0000000085b00000| Untracked 
|  48|0x0000000085c00000, 0x0000000085c00000, 0x0000000085d00000|  0%| F|  |TAMS 0x0000000085c00000| PB 0x0000000085c00000| Untracked 
|  49|0x0000000085d00000, 0x0000000085d00000, 0x0000000085e00000|  0%| F|  |TAMS 0x0000000085d00000| PB 0x0000000085d00000| Untracked 
|  50|0x0000000085e00000, 0x0000000085e00000, 0x0000000085f00000|  0%| F|  |TAMS 0x0000000085e00000| PB 0x0000000085e00000| Untracked 
|  51|0x0000000085f00000, 0x0000000085f00000, 0x0000000086000000|  0%| F|  |TAMS 0x0000000085f00000| PB 0x0000000085f00000| Untracked 
|  52|0x0000000086000000, 0x0000000086000000, 0x0000000086100000|  0%| F|  |TAMS 0x0000000086000000| PB 0x0000000086000000| Untracked 
|  53|0x0000000086100000, 0x0000000086100000, 0x0000000086200000|  0%| F|  |TAMS 0x0000000086100000| PB 0x0000000086100000| Untracked 
|  54|0x0000000086200000, 0x0000000086200000, 0x0000000086300000|  0%| F|  |TAMS 0x0000000086200000| PB 0x0000000086200000| Untracked 
|  55|0x0000000086300000, 0x0000000086300000, 0x0000000086400000|  0%| F|  |TAMS 0x0000000086300000| PB 0x0000000086300000| Untracked 
|  56|0x0000000086400000, 0x0000000086400000, 0x0000000086500000|  0%| F|  |TAMS 0x0000000086400000| PB 0x0000000086400000| Untracked 
|  57|0x0000000086500000, 0x0000000086500000, 0x0000000086600000|  0%| F|  |TAMS 0x0000000086500000| PB 0x0000000086500000| Untracked 
|  58|0x0000000086600000, 0x0000000086600000, 0x0000000086700000|  0%| F|  |TAMS 0x0000000086600000| PB 0x0000000086600000| Untracked 
|  59|0x0000000086700000, 0x0000000086700000, 0x0000000086800000|  0%| F|  |TAMS 0x0000000086700000| PB 0x0000000086700000| Untracked 
|  60|0x0000000086800000, 0x0000000086800000, 0x0000000086900000|  0%| F|  |TAMS 0x0000000086800000| PB 0x0000000086800000| Untracked 
|  61|0x0000000086900000, 0x0000000086900000, 0x0000000086a00000|  0%| F|  |TAMS 0x0000000086900000| PB 0x0000000086900000| Untracked 
|  62|0x0000000086a00000, 0x0000000086a00000, 0x0000000086b00000|  0%| F|  |TAMS 0x0000000086a00000| PB 0x0000000086a00000| Untracked 
|  63|0x0000000086b00000, 0x0000000086b00000, 0x0000000086c00000|  0%| F|  |TAMS 0x0000000086b00000| PB 0x0000000086b00000| Untracked 
|  64|0x0000000086c00000, 0x0000000086c00000, 0x0000000086d00000|  0%| F|  |TAMS 0x0000000086c00000| PB 0x0000000086c00000| Untracked 
|  65|0x0000000086d00000, 0x0000000086d00000, 0x0000000086e00000|  0%| F|  |TAMS 0x0000000086d00000| PB 0x0000000086d00000| Untracked 
|  66|0x0000000086e00000, 0x0000000086e00000, 0x0000000086f00000|  0%| F|  |TAMS 0x0000000086e00000| PB 0x0000000086e00000| Untracked 
|  67|0x0000000086f00000, 0x0000000086f00000, 0x0000000087000000|  0%| F|  |TAMS 0x0000000086f00000| PB 0x0000000086f00000| Untracked 
|  68|0x0000000087000000, 0x0000000087000000, 0x0000000087100000|  0%| F|  |TAMS 0x0000000087000000| PB 0x0000000087000000| Untracked 
|  69|0x0000000087100000, 0x0000000087100000, 0x0000000087200000|  0%| F|  |TAMS 0x0000000087100000| PB 0x0000000087100000| Untracked 
|  70|0x0000000087200000, 0x0000000087200000, 0x0000000087300000|  0%| F|  |TAMS 0x0000000087200000| PB 0x0000000087200000| Untracked 
|  71|0x0000000087300000, 0x0000000087300000, 0x0000000087400000|  0%| F|  |TAMS 0x0000000087300000| PB 0x0000000087300000| Untracked 
|  72|0x0000000087400000, 0x0000000087400000, 0x0000000087500000|  0%| F|  |TAMS 0x0000000087400000| PB 0x0000000087400000| Untracked 
|  73|0x0000000087500000, 0x0000000087500000, 0x0000000087600000|  0%| F|  |TAMS 0x0000000087500000| PB 0x0000000087500000| Untracked 
|  74|0x0000000087600000, 0x0000000087600000, 0x0000000087700000|  0%| F|  |TAMS 0x0000000087600000| PB 0x0000000087600000| Untracked 
|  75|0x0000000087700000, 0x0000000087700000, 0x0000000087800000|  0%| F|  |TAMS 0x0000000087700000| PB 0x0000000087700000| Untracked 
|  76|0x0000000087800000, 0x0000000087800000, 0x0000000087900000|  0%| F|  |TAMS 0x0000000087800000| PB 0x0000000087800000| Untracked 
|  77|0x0000000087900000, 0x0000000087900000, 0x0000000087a00000|  0%| F|  |TAMS 0x0000000087900000| PB 0x0000000087900000| Untracked 
|  78|0x0000000087a00000, 0x0000000087a00000, 0x0000000087b00000|  0%| F|  |TAMS 0x0000000087a00000| PB 0x0000000087a00000| Untracked 
|  79|0x0000000087b00000, 0x0000000087b00000, 0x0000000087c00000|  0%| F|  |TAMS 0x0000000087b00000| PB 0x0000000087b00000| Untracked 
|  80|0x0000000087c00000, 0x0000000087c00000, 0x0000000087d00000|  0%| F|  |TAMS 0x0000000087c00000| PB 0x0000000087c00000| Untracked 
|  81|0x0000000087d00000, 0x0000000087d00000, 0x0000000087e00000|  0%| F|  |TAMS 0x0000000087d00000| PB 0x0000000087d00000| Untracked 
|  82|0x0000000087e00000, 0x0000000087e00000, 0x0000000087f00000|  0%| F|  |TAMS 0x0000000087e00000| PB 0x0000000087e00000| Untracked 
|  83|0x0000000087f00000, 0x0000000087f00000, 0x0000000088000000|  0%| F|  |TAMS 0x0000000087f00000| PB 0x0000000087f00000| Untracked 
|  84|0x0000000088000000, 0x0000000088000000, 0x0000000088100000|  0%| F|  |TAMS 0x0000000088000000| PB 0x0000000088000000| Untracked 
|  85|0x0000000088100000, 0x0000000088100000, 0x0000000088200000|  0%| F|  |TAMS 0x0000000088100000| PB 0x0000000088100000| Untracked 
|  86|0x0000000088200000, 0x0000000088200000, 0x0000000088300000|  0%| F|  |TAMS 0x0000000088200000| PB 0x0000000088200000| Untracked 
|  87|0x0000000088300000, 0x0000000088300000, 0x0000000088400000|  0%| F|  |TAMS 0x0000000088300000| PB 0x0000000088300000| Untracked 
|  88|0x0000000088400000, 0x0000000088400000, 0x0000000088500000|  0%| F|  |TAMS 0x0000000088400000| PB 0x0000000088400000| Untracked 
|  89|0x0000000088500000, 0x0000000088500000, 0x0000000088600000|  0%| F|  |TAMS 0x0000000088500000| PB 0x0000000088500000| Untracked 
|  90|0x0000000088600000, 0x0000000088600000, 0x0000000088700000|  0%| F|  |TAMS 0x0000000088600000| PB 0x0000000088600000| Untracked 
|  91|0x0000000088700000, 0x0000000088700000, 0x0000000088800000|  0%| F|  |TAMS 0x0000000088700000| PB 0x0000000088700000| Untracked 
|  92|0x0000000088800000, 0x0000000088800000, 0x0000000088900000|  0%| F|  |TAMS 0x0000000088800000| PB 0x0000000088800000| Untracked 
|  93|0x0000000088900000, 0x0000000088900000, 0x0000000088a00000|  0%| F|  |TAMS 0x0000000088900000| PB 0x0000000088900000| Untracked 
|  94|0x0000000088a00000, 0x0000000088a00000, 0x0000000088b00000|  0%| F|  |TAMS 0x0000000088a00000| PB 0x0000000088a00000| Untracked 
|  95|0x0000000088b00000, 0x0000000088b00000, 0x0000000088c00000|  0%| F|  |TAMS 0x0000000088b00000| PB 0x0000000088b00000| Untracked 
|  96|0x0000000088c00000, 0x0000000088c00000, 0x0000000088d00000|  0%| F|  |TAMS 0x0000000088c00000| PB 0x0000000088c00000| Untracked 
|  97|0x0000000088d00000, 0x0000000088d00000, 0x0000000088e00000|  0%| F|  |TAMS 0x0000000088d00000| PB 0x0000000088d00000| Untracked 
|  98|0x0000000088e00000, 0x0000000088e00000, 0x0000000088f00000|  0%| F|  |TAMS 0x0000000088e00000| PB 0x0000000088e00000| Untracked 
|  99|0x0000000088f00000, 0x0000000088f00000, 0x0000000089000000|  0%| F|  |TAMS 0x0000000088f00000| PB 0x0000000088f00000| Untracked 
| 100|0x0000000089000000, 0x0000000089100000, 0x0000000089100000|100%| S|CS|TAMS 0x0000000089000000| PB 0x0000000089000000| Complete 
| 101|0x0000000089100000, 0x0000000089200000, 0x0000000089200000|100%| S|CS|TAMS 0x0000000089100000| PB 0x0000000089100000| Complete 
| 102|0x0000000089200000, 0x0000000089300000, 0x0000000089300000|100%| S|CS|TAMS 0x0000000089200000| PB 0x0000000089200000| Complete 
| 103|0x0000000089300000, 0x0000000089300000, 0x0000000089400000|  0%| F|  |TAMS 0x0000000089300000| PB 0x0000000089300000| Untracked 
| 104|0x0000000089400000, 0x0000000089400000, 0x0000000089500000|  0%| F|  |TAMS 0x0000000089400000| PB 0x0000000089400000| Untracked 
| 105|0x0000000089500000, 0x0000000089500000, 0x0000000089600000|  0%| F|  |TAMS 0x0000000089500000| PB 0x0000000089500000| Untracked 
| 106|0x0000000089600000, 0x0000000089600000, 0x0000000089700000|  0%| F|  |TAMS 0x0000000089600000| PB 0x0000000089600000| Untracked 
| 107|0x0000000089700000, 0x00000000897c1e50, 0x0000000089800000| 75%| E|  |TAMS 0x0000000089700000| PB 0x0000000089700000| Complete 
| 108|0x0000000089800000, 0x0000000089900000, 0x0000000089900000|100%| E|CS|TAMS 0x0000000089800000| PB 0x0000000089800000| Complete 
| 109|0x0000000089900000, 0x0000000089a00000, 0x0000000089a00000|100%| E|CS|TAMS 0x0000000089900000| PB 0x0000000089900000| Complete 
| 110|0x0000000089a00000, 0x0000000089b00000, 0x0000000089b00000|100%| E|CS|TAMS 0x0000000089a00000| PB 0x0000000089a00000| Complete 
| 111|0x0000000089b00000, 0x0000000089c00000, 0x0000000089c00000|100%| E|CS|TAMS 0x0000000089b00000| PB 0x0000000089b00000| Complete 
| 112|0x0000000089c00000, 0x0000000089d00000, 0x0000000089d00000|100%| E|CS|TAMS 0x0000000089c00000| PB 0x0000000089c00000| Complete 
| 113|0x0000000089d00000, 0x0000000089e00000, 0x0000000089e00000|100%| E|CS|TAMS 0x0000000089d00000| PB 0x0000000089d00000| Complete 
| 114|0x0000000089e00000, 0x0000000089f00000, 0x0000000089f00000|100%| E|CS|TAMS 0x0000000089e00000| PB 0x0000000089e00000| Complete 
| 115|0x0000000089f00000, 0x000000008a000000, 0x000000008a000000|100%| E|CS|TAMS 0x0000000089f00000| PB 0x0000000089f00000| Complete 
| 116|0x000000008a000000, 0x000000008a100000, 0x000000008a100000|100%| E|CS|TAMS 0x000000008a000000| PB 0x000000008a000000| Complete 
| 117|0x000000008a100000, 0x000000008a200000, 0x000000008a200000|100%| E|CS|TAMS 0x000000008a100000| PB 0x000000008a100000| Complete 
| 118|0x000000008a200000, 0x000000008a300000, 0x000000008a300000|100%| E|CS|TAMS 0x000000008a200000| PB 0x000000008a200000| Complete 
| 119|0x000000008a300000, 0x000000008a400000, 0x000000008a400000|100%| E|CS|TAMS 0x000000008a300000| PB 0x000000008a300000| Complete 
| 120|0x000000008a400000, 0x000000008a500000, 0x000000008a500000|100%| E|CS|TAMS 0x000000008a400000| PB 0x000000008a400000| Complete 
| 121|0x000000008a500000, 0x000000008a600000, 0x000000008a600000|100%| E|CS|TAMS 0x000000008a500000| PB 0x000000008a500000| Complete 
| 122|0x000000008a600000, 0x000000008a700000, 0x000000008a700000|100%| E|CS|TAMS 0x000000008a600000| PB 0x000000008a600000| Complete 
| 123|0x000000008a700000, 0x000000008a800000, 0x000000008a800000|100%| E|CS|TAMS 0x000000008a700000| PB 0x000000008a700000| Complete 
| 124|0x000000008a800000, 0x000000008a900000, 0x000000008a900000|100%| E|CS|TAMS 0x000000008a800000| PB 0x000000008a800000| Complete 
| 125|0x000000008a900000, 0x000000008aa00000, 0x000000008aa00000|100%| E|CS|TAMS 0x000000008a900000| PB 0x000000008a900000| Complete 

Card table byte_map: [0x0000016a6aff0000,0x0000016a6b3e0000] _byte_map_base: 0x0000016a6abda000

Marking Bits: (CMBitMap*) 0x0000016a53253940
 Bits: [0x0000016a6b3e0000, 0x0000016a6d330000)

Polling page: 0x0000016a529d0000

Metaspace:

Usage:
  Non-class:      6.17 MB used.
      Class:    828.05 KB used.
       Both:      6.98 MB used.

Virtual space:
  Non-class space:       64.00 MB reserved,       6.25 MB ( 10%) committed,  1 nodes.
      Class space:        1.00 GB reserved,     960.00 KB ( <1%) committed,  1 nodes.
             Both:        1.06 GB reserved,       7.19 MB ( <1%) committed. 

Chunk freelists:
   Non-Class:  8.06 MB
       Class:  15.11 MB
        Both:  23.17 MB

MaxMetaspaceSize: unlimited
CompressedClassSpaceSize: 1.00 GB
Initial GC threshold: 21.00 MB
Current GC threshold: 21.00 MB
CDS: on
 - commit_granule_bytes: 65536.
 - commit_granule_words: 8192.
 - virtual_space_node_default_size: 8388608.
 - enlarge_chunks_in_place: 1.
 - use_allocation_guard: 0.


Internal statistics:

num_allocs_failed_limit: 0.
num_arena_births: 64.
num_arena_deaths: 0.
num_vsnodes_births: 2.
num_vsnodes_deaths: 0.
num_space_committed: 115.
num_space_uncommitted: 0.
num_chunks_returned_to_freelist: 0.
num_chunks_taken_from_freelist: 264.
num_chunk_merges: 0.
num_chunk_splits: 185.
num_chunks_enlarged: 157.
num_inconsistent_stats: 0.

CodeHeap 'non-profiled nmethods': size=120000Kb used=708Kb max_used=708Kb free=119291Kb
 bounds [0x0000016a63180000, 0x0000016a633f0000, 0x0000016a6a6b0000]
CodeHeap 'profiled nmethods': size=120000Kb used=2877Kb max_used=2877Kb free=117122Kb
 bounds [0x0000016a5b6b0000, 0x0000016a5b980000, 0x0000016a62be0000]
CodeHeap 'non-nmethods': size=5760Kb used=1358Kb max_used=1449Kb free=4401Kb
 bounds [0x0000016a62be0000, 0x0000016a62e50000, 0x0000016a63180000]
 total_blobs=2011 nmethods=1548 adapters=368
 compilation: enabled
              stopped_count=0, restarted_count=0
 full_count=0

Compilation events (20 events):
Event: 0.688 Thread 0x0000016a6ff7c160 1508       1       com.google.common.collect.ImmutableMapEntry$NonTerminalImmutableMapEntry::getNextInKeyBucket (5 bytes)
Event: 0.688 Thread 0x0000016a6ff7c160 nmethod 1508 0x0000016a6322d410 code [0x0000016a6322d5a0, 0x0000016a6322d668]
Event: 0.689 Thread 0x0000016a6ff7c160 1509       3       org.objectweb.asm.ClassReader::getFirstAttributeOffset (136 bytes)
Event: 0.690 Thread 0x0000016a6ff7c160 nmethod 1509 0x0000016a5b969890 code [0x0000016a5b969ae0, 0x0000016a5b96a180]
Event: 0.691 Thread 0x0000016a6ff7c160 1510   !   3       sun.reflect.annotation.AnnotationParser::parseAnnotations (37 bytes)
Event: 0.691 Thread 0x0000016a6ff7c160 nmethod 1510 0x0000016a5b96a410 code [0x0000016a5b96a600, 0x0000016a5b96a930]
Event: 0.692 Thread 0x0000016a6ff7c160 1511   !   3       sun.reflect.generics.factory.CoreReflectionFactory::makeNamedType (21 bytes)
Event: 0.692 Thread 0x0000016a6ff7c160 nmethod 1511 0x0000016a5b96aa90 code [0x0000016a5b96ac60, 0x0000016a5b96aef8]
Event: 0.692 Thread 0x0000016a6ff7c160 1513       3       java.security.AccessController::doPrivileged (9 bytes)
Event: 0.692 Thread 0x0000016a6ff7c160 nmethod 1513 0x0000016a5b96b090 code [0x0000016a5b96b260, 0x0000016a5b96b598]
Event: 0.692 Thread 0x0000016a6ff7c160 1512       3       sun.reflect.generics.factory.CoreReflectionFactory::getDeclsLoader (85 bytes)
Event: 0.693 Thread 0x0000016a6ff7c160 nmethod 1512 0x0000016a5b96b710 code [0x0000016a5b96b960, 0x0000016a5b96c510]
Event: 0.693 Thread 0x0000016a6ff7c160 1514       3       java.lang.StringLatin1::compareToCI (108 bytes)
Event: 0.693 Thread 0x0000016a6ff7c160 nmethod 1514 0x0000016a5b96c790 code [0x0000016a5b96ca00, 0x0000016a5b96d2e0]
Event: 0.693 Thread 0x0000016a6ff7c160 1515       3       org.objectweb.asm.ClassReader::readClass (7 bytes)
Event: 0.693 Thread 0x0000016a6ff7c160 nmethod 1515 0x0000016a5b96d710 code [0x0000016a5b96d900, 0x0000016a5b96dc58]
Event: 0.693 Thread 0x0000016a6ff7c160 1516       3       org.objectweb.asm.ClassReader::readStringish (16 bytes)
Event: 0.693 Thread 0x0000016a6ff7c160 nmethod 1516 0x0000016a5b96de10 code [0x0000016a5b96dfe0, 0x0000016a5b96e2d0]
Event: 0.694 Thread 0x0000016a6ff7c160 1518   !   3       java.util.zip.ZipFile::getManifestName (61 bytes)
Event: 0.694 Thread 0x0000016a6ff7c160 nmethod 1518 0x0000016a5b96e490 code [0x0000016a5b96e660, 0x0000016a5b96ea08]

GC Heap History (2 events):
Event: 0.484 GC heap before
{Heap before GC invocations=0 (full 0):
 garbage-first heap   total 129024K, used 23552K [0x0000000082c00000, 0x0000000100000000)
  region size 1024K, 23 young (23552K), 0 survivors (0K)
 Metaspace       used 5616K, committed 5824K, reserved 1114112K
  class space    used 649K, committed 768K, reserved 1048576K
}
Event: 0.489 GC heap after
{Heap after GC invocations=1 (full 0):
 garbage-first heap   total 129024K, used 3677K [0x0000000082c00000, 0x0000000100000000)
  region size 1024K, 3 young (3072K), 3 survivors (3072K)
 Metaspace       used 5616K, committed 5824K, reserved 1114112K
  class space    used 649K, committed 768K, reserved 1048576K
}

Dll operation events (8 events):
Event: 0.003 Loaded shared library C:\Program Files\Java\jdk-21\bin\java.dll
Event: 0.025 Loaded shared library C:\Program Files\Java\jdk-21\bin\jsvml.dll
Event: 0.037 Loaded shared library C:\Program Files\Java\jdk-21\bin\net.dll
Event: 0.039 Loaded shared library C:\Program Files\Java\jdk-21\bin\nio.dll
Event: 0.042 Loaded shared library C:\Program Files\Java\jdk-21\bin\zip.dll
Event: 0.155 Loaded shared library C:\Program Files\Java\jdk-21\bin\jimage.dll
Event: 0.156 Loaded shared library C:\apache-maven-3.9.11\lib\jansi-native\Windows\x86_64\jansi.dll
Event: 0.166 Loaded shared library C:\Program Files\Java\jdk-21\bin\verify.dll

Deoptimization events (20 events):
Event: 0.526 Thread 0x0000016a5101fae0 Uncommon trap: trap_request=0xffffff45 fr.pc=0x0000016a631e1eec relative=0x000000000000186c
Event: 0.526 Thread 0x0000016a5101fae0 Uncommon trap: reason=unstable_if action=reinterpret pc=0x0000016a631e1eec method=sun.nio.cs.StreamDecoder.lockedRead0()I @ 30 c2
Event: 0.526 Thread 0x0000016a5101fae0 DEOPT PACKING pc=0x0000016a631e1eec sp=0x000000064fdfdcb0
Event: 0.526 Thread 0x0000016a5101fae0 DEOPT UNPACKING pc=0x0000016a62c346a2 sp=0x000000064fdfdbb8 mode 2
Event: 0.527 Thread 0x0000016a5101fae0 Uncommon trap: trap_request=0xffffff45 fr.pc=0x0000016a631d9378 relative=0x0000000000000798
Event: 0.527 Thread 0x0000016a5101fae0 Uncommon trap: reason=unstable_if action=reinterpret pc=0x0000016a631d9378 method=sun.nio.cs.StreamDecoder.implRead([CII)I @ 186 c2
Event: 0.527 Thread 0x0000016a5101fae0 DEOPT PACKING pc=0x0000016a631d9378 sp=0x000000064fdfd9c0
Event: 0.527 Thread 0x0000016a5101fae0 DEOPT UNPACKING pc=0x0000016a62c346a2 sp=0x000000064fdfd980 mode 2
Event: 0.650 Thread 0x0000016a5101fae0 Uncommon trap: trap_request=0xffffff45 fr.pc=0x0000016a6320ad54 relative=0x0000000000000714
Event: 0.650 Thread 0x0000016a5101fae0 Uncommon trap: reason=unstable_if action=reinterpret pc=0x0000016a6320ad54 method=java.lang.String.<init>([CIILjava/lang/Void;)V @ 5 c2
Event: 0.650 Thread 0x0000016a5101fae0 DEOPT PACKING pc=0x0000016a6320ad54 sp=0x000000064fdfde10
Event: 0.650 Thread 0x0000016a5101fae0 DEOPT UNPACKING pc=0x0000016a62c346a2 sp=0x000000064fdfdcb0 mode 2
Event: 0.668 Thread 0x0000016a5101fae0 DEOPT PACKING pc=0x0000016a5b90c448 sp=0x000000064fdfdff0
Event: 0.668 Thread 0x0000016a5101fae0 DEOPT UNPACKING pc=0x0000016a62c34e42 sp=0x000000064fdfd460 mode 0
Event: 0.671 Thread 0x0000016a5101fae0 DEOPT PACKING pc=0x0000016a5b90c427 sp=0x000000064fdfdff0
Event: 0.671 Thread 0x0000016a5101fae0 DEOPT UNPACKING pc=0x0000016a62c34e42 sp=0x000000064fdfd460 mode 0
Event: 0.674 Thread 0x0000016a5101fae0 DEOPT PACKING pc=0x0000016a5b90c427 sp=0x000000064fdfdff0
Event: 0.674 Thread 0x0000016a5101fae0 DEOPT UNPACKING pc=0x0000016a62c34e42 sp=0x000000064fdfd460 mode 0
Event: 0.678 Thread 0x0000016a5101fae0 DEOPT PACKING pc=0x0000016a5b90c427 sp=0x000000064fdfdff0
Event: 0.678 Thread 0x0000016a5101fae0 DEOPT UNPACKING pc=0x0000016a62c34e42 sp=0x000000064fdfd460 mode 0

Classes loaded (20 events):
Event: 0.444 Loading class java/lang/reflect/WildcardType
Event: 0.444 Loading class java/lang/reflect/WildcardType done
Event: 0.446 Loading class sun/reflect/generics/tree/TypeVariableSignature
Event: 0.446 Loading class sun/reflect/generics/tree/TypeVariableSignature done
Event: 0.454 Loading class java/lang/annotation/IncompleteAnnotationException
Event: 0.454 Loading class java/lang/annotation/IncompleteAnnotationException done
Event: 0.482 Loading class java/lang/foreign/MemorySegment
Event: 0.483 Loading class java/lang/foreign/MemorySegment done
Event: 0.532 Loading class sun/reflect/generics/reflectiveObjects/TypeVariableImpl
Event: 0.532 Loading class sun/reflect/generics/reflectiveObjects/LazyReflectiveObjectGenerator
Event: 0.532 Loading class sun/reflect/generics/reflectiveObjects/LazyReflectiveObjectGenerator done
Event: 0.532 Loading class sun/reflect/generics/reflectiveObjects/TypeVariableImpl done
Event: 0.532 Loading class sun/reflect/generics/reflectiveObjects/ParameterizedTypeImpl
Event: 0.532 Loading class sun/reflect/generics/reflectiveObjects/ParameterizedTypeImpl done
Event: 0.574 Loading class java/lang/ArrayIndexOutOfBoundsException
Event: 0.574 Loading class java/lang/ArrayIndexOutOfBoundsException done
Event: 0.599 Loading class jdk/internal/foreign/MemorySessionImpl
Event: 0.600 Loading class java/lang/foreign/MemorySegment$Scope
Event: 0.600 Loading class java/lang/foreign/MemorySegment$Scope done
Event: 0.600 Loading class jdk/internal/foreign/MemorySessionImpl done

Classes unloaded (0 events):
No events

Classes redefined (0 events):
No events

Internal exceptions (20 events):
Event: 0.159 Thread 0x0000016a5101fae0 Exception <a 'java/lang/NullPointerException'{0x000000008a41e970}> (0x000000008a41e970) 
thrown [s\open\src\hotspot\share\interpreter\linkResolver.cpp, line 1372]
Event: 0.159 Thread 0x0000016a5101fae0 Exception <a 'java/lang/NullPointerException'{0x000000008a41ec50}> (0x000000008a41ec50) 
thrown [s\open\src\hotspot\share\interpreter\linkResolver.cpp, line 1372]
Event: 0.159 Thread 0x0000016a5101fae0 Exception <a 'java/lang/NullPointerException'{0x000000008a41ef30}> (0x000000008a41ef30) 
thrown [s\open\src\hotspot\share\interpreter\linkResolver.cpp, line 1372]
Event: 0.160 Thread 0x0000016a5101fae0 Exception <a 'java/lang/NullPointerException'{0x000000008a425118}> (0x000000008a425118) 
thrown [s\open\src\hotspot\share\interpreter\linkResolver.cpp, line 1372]
Event: 0.161 Thread 0x0000016a5101fae0 Exception <a 'java/lang/NullPointerException'{0x000000008a438b90}> (0x000000008a438b90) 
thrown [s\open\src\hotspot\share\interpreter\linkResolver.cpp, line 1372]
Event: 0.161 Thread 0x0000016a5101fae0 Exception <a 'java/lang/NullPointerException'{0x000000008a438e70}> (0x000000008a438e70) 
thrown [s\open\src\hotspot\share\interpreter\linkResolver.cpp, line 1372]
Event: 0.161 Thread 0x0000016a5101fae0 Exception <a 'java/lang/NullPointerException'{0x000000008a439150}> (0x000000008a439150) 
thrown [s\open\src\hotspot\share\interpreter\linkResolver.cpp, line 1372]
Event: 0.161 Thread 0x0000016a5101fae0 Exception <a 'java/lang/NullPointerException'{0x000000008a439430}> (0x000000008a439430) 
thrown [s\open\src\hotspot\share\interpreter\linkResolver.cpp, line 1372]
Event: 0.173 Thread 0x0000016a5101fae0 Exception <a 'java/lang/NoSuchMethodError'{0x000000008a329b28}: 'void java.lang.invoke.DirectMethodHandle$Holder.invokeStatic(java.lang.Object, java.lang.Object)'> (0x000000008a329b28) 
thrown [s\open\src\hotspot\share\interpreter\linkResolver.cpp, line 773]
Event: 0.173 Thread 0x0000016a5101fae0 Exception <a 'java/lang/NoSuchMethodError'{0x000000008a32cf08}: 'void java.lang.invoke.DirectMethodHandle$Holder.invokeStaticInit(java.lang.Object, java.lang.Object)'> (0x000000008a32cf08) 
thrown [s\open\src\hotspot\share\interpreter\linkResolver.cpp, line 773]
Event: 0.181 Thread 0x0000016a5101fae0 Exception <a 'java/lang/NoSuchMethodError'{0x000000008a376b30}: 'void java.lang.invoke.DirectMethodHandle$Holder.invokeStatic(java.lang.Object, java.lang.Object, java.lang.Object)'> (0x000000008a376b30) 
thrown [s\open\src\hotspot\share\interpreter\linkResolver.cpp, line 773]
Event: 0.222 Thread 0x0000016a5101fae0 Exception <a 'java/lang/NoSuchMethodError'{0x000000008a178e70}: 'java.lang.Object java.lang.invoke.DirectMethodHandle$Holder.invokeSpecialIFC(java.lang.Object, java.lang.Object, java.lang.Object, java.lang.Object)'> (0x000000008a178e70) 
thrown [s\open\src\hotspot\share\interpreter\linkResolver.cpp, line 773]
Event: 0.346 Thread 0x0000016a5101fae0 Exception <a 'java/lang/NoSuchMethodError'{0x0000000089bdf3d8}: 'void java.lang.invoke.DirectMethodHandle$Holder.invokeSpecial(java.lang.Object, java.lang.Object, java.lang.Object)'> (0x0000000089bdf3d8) 
thrown [s\open\src\hotspot\share\interpreter\linkResolver.cpp, line 773]
Event: 0.372 Thread 0x0000016a5101fae0 Exception <a 'java/lang/NoSuchMethodError'{0x0000000089938770}: 'java.lang.Object java.lang.invoke.DirectMethodHandle$Holder.invokeInterface(java.lang.Object, java.lang.Object)'> (0x0000000089938770) 
thrown [s\open\src\hotspot\share\interpreter\linkResolver.cpp, line 773]
Event: 0.385 Thread 0x0000016a5101fae0 Exception <a 'java/lang/NoSuchMethodError'{0x00000000899d7b50}: 'int java.lang.invoke.DirectMethodHandle$Holder.invokeStatic(java.lang.Object, java.lang.Object, java.lang.Object, java.lang.Object)'> (0x00000000899d7b50) 
thrown [s\open\src\hotspot\share\interpreter\linkResolver.cpp, line 773]
Event: 0.385 Thread 0x0000016a5101fae0 Exception <a 'java/lang/NoSuchMethodError'{0x00000000899db1e0}: 'java.lang.Object java.lang.invoke.Invokers$Holder.invokeExact_MT(java.lang.Object, java.lang.Object, java.lang.Object, java.lang.Object, java.lang.Object, java.lang.Object)'> (0x00000000899db1e0) 
thrown [s\open\src\hotspot\share\interpreter\linkResolver.cpp, line 773]
Event: 0.387 Thread 0x0000016a5101fae0 Exception <a 'java/lang/NoSuchMethodError'{0x00000000899e9790}: 'int java.lang.invoke.DirectMethodHandle$Holder.invokeSpecialIFC(java.lang.Object, java.lang.Object, java.lang.Object, java.lang.Object, java.lang.Object)'> (0x00000000899e9790) 
thrown [s\open\src\hotspot\share\interpreter\linkResolver.cpp, line 773]
Event: 0.427 Thread 0x0000016a5101fae0 Exception <a 'java/lang/NoSuchMethodError'{0x000000008960d960}: 'java.lang.Object java.lang.invoke.DirectMethodHandle$Holder.newInvokeSpecial(java.lang.Object, java.lang.Object, java.lang.Object, java.lang.Object, java.lang.Object)'> (0x000000008960d960) 
thrown [s\open\src\hotspot\share\interpreter\linkResolver.cpp, line 773]
Event: 0.450 Thread 0x0000016a5101fae0 Exception <a 'java/lang/NoSuchMethodError'{0x0000000089528078}: 'int java.lang.invoke.DirectMethodHandle$Holder.invokeStaticInit(java.lang.Object, java.lang.Object)'> (0x0000000089528078) 
thrown [s\open\src\hotspot\share\interpreter\linkResolver.cpp, line 773]
Event: 0.455 Thread 0x0000016a5101fae0 Exception <a 'java/lang/NoClassDefFoundError'{0x000000008955f340}: javax/enterprise/inject/Typed> (0x000000008955f340) 
thrown [s\open\src\hotspot\share\classfile\systemDictionary.cpp, line 301]

ZGC Phase Switch (0 events):
No events

VM Operations (10 events):
Event: 0.043 Executing VM operation: HandshakeAllThreads (Deoptimize)
Event: 0.043 Executing VM operation: HandshakeAllThreads (Deoptimize) done
Event: 0.150 Executing VM operation: HandshakeAllThreads (Deoptimize)
Event: 0.150 Executing VM operation: HandshakeAllThreads (Deoptimize) done
Event: 0.158 Executing VM operation: HandshakeAllThreads (Deoptimize)
Event: 0.158 Executing VM operation: HandshakeAllThreads (Deoptimize) done
Event: 0.471 Executing VM operation: ICBufferFull
Event: 0.471 Executing VM operation: ICBufferFull done
Event: 0.484 Executing VM operation: G1CollectForAllocation (G1 Evacuation Pause)
Event: 0.489 Executing VM operation: G1CollectForAllocation (G1 Evacuation Pause) done

Events (15 events):
Event: 0.014 Thread 0x0000016a5101fae0 Thread added: 0x0000016a5101fae0
Event: 0.024 Thread 0x0000016a6ff67c70 Thread added: 0x0000016a6ff67c70
Event: 0.024 Thread 0x0000016a6ff6ac50 Thread added: 0x0000016a6ff6ac50
Event: 0.024 Thread 0x0000016a6ff6db90 Thread added: 0x0000016a6ff6db90
Event: 0.024 Thread 0x0000016a6ff6e5f0 Thread added: 0x0000016a6ff6e5f0
Event: 0.024 Thread 0x0000016a6ff6fd60 Thread added: 0x0000016a6ff6fd60
Event: 0.024 Thread 0x0000016a6ff74c80 Thread added: 0x0000016a6ff74c80
Event: 0.024 Thread 0x0000016a6ff76f30 Thread added: 0x0000016a6ff76f30
Event: 0.024 Thread 0x0000016a6ff7c160 Thread added: 0x0000016a6ff7c160
Event: 0.034 Thread 0x0000016a741f6d90 Thread added: 0x0000016a741f6d90
Event: 0.035 Thread 0x0000016a741f7420 Thread added: 0x0000016a741f7420
Event: 0.153 Thread 0x0000016a741f7ab0 Thread added: 0x0000016a741f7ab0
Event: 0.398 Thread 0x0000016a741f7ab0 Thread exited: 0x0000016a741f7ab0
Event: 0.461 Thread 0x0000016a74943290 Thread added: 0x0000016a74943290
Event: 0.477 Thread 0x0000016a74d88000 Thread added: 0x0000016a74d88000


Dynamic libraries:
0x00007ff795970000 - 0x00007ff795980000 	C:\Program Files\Java\jdk-21\bin\java.exe
0x00007ff9209f0000 - 0x00007ff920be8000 	C:\Windows\SYSTEM32\ntdll.dll
0x00007ff91f680000 - 0x00007ff91f742000 	C:\Windows\System32\KERNEL32.DLL
0x00007ff91e120000 - 0x00007ff91e416000 	C:\Windows\System32\KERNELBASE.dll
0x00007ff91e4a0000 - 0x00007ff91e5a0000 	C:\Windows\System32\ucrtbase.dll
0x00007ff91b6e0000 - 0x00007ff91b6fb000 	C:\Program Files\Java\jdk-21\bin\VCRUNTIME140.dll
0x00007ff916f30000 - 0x00007ff916f49000 	C:\Program Files\Java\jdk-21\bin\jli.dll
0x00007ff91ef30000 - 0x00007ff91efe1000 	C:\Windows\System32\ADVAPI32.dll
0x00007ff91f110000 - 0x00007ff91f1ae000 	C:\Windows\System32\msvcrt.dll
0x00007ff920260000 - 0x00007ff9202ff000 	C:\Windows\System32\sechost.dll
0x00007ff920880000 - 0x00007ff9209a3000 	C:\Windows\System32\RPCRT4.dll
0x00007ff91e7a0000 - 0x00007ff91e7c7000 	C:\Windows\System32\bcrypt.dll
0x00007ff91eb80000 - 0x00007ff91ed1d000 	C:\Windows\System32\USER32.dll
0x00007ff91e880000 - 0x00007ff91e8a2000 	C:\Windows\System32\win32u.dll
0x00007ff920230000 - 0x00007ff92025b000 	C:\Windows\System32\GDI32.dll
0x00007ff90ae50000 - 0x00007ff90b0ea000 	C:\Windows\WinSxS\amd64_microsoft.windows.common-controls_6595b64144ccf1df_6.0.19041.5915_none_60b4b9d171f9c7c7\COMCTL32.dll
0x00007ff91e680000 - 0x00007ff91e799000 	C:\Windows\System32\gdi32full.dll
0x00007ff91e080000 - 0x00007ff91e11d000 	C:\Windows\System32\msvcp_win.dll
0x00007ff90b710000 - 0x00007ff90b71a000 	C:\Windows\SYSTEM32\VERSION.dll
0x00007ff91ea10000 - 0x00007ff91ea3f000 	C:\Windows\System32\IMM32.DLL
0x00007ff916b00000 - 0x00007ff916b0c000 	C:\Program Files\Java\jdk-21\bin\vcruntime140_1.dll
0x00007ff9045a0000 - 0x00007ff90462e000 	C:\Program Files\Java\jdk-21\bin\msvcp140.dll
0x00007ff8aedb0000 - 0x00007ff8afacd000 	C:\Program Files\Java\jdk-21\bin\server\jvm.dll
0x00007ff91f080000 - 0x00007ff91f0eb000 	C:\Windows\System32\WS2_32.dll
0x00007ff91d610000 - 0x00007ff91d65b000 	C:\Windows\SYSTEM32\POWRPROF.dll
0x00007ff90b600000 - 0x00007ff90b627000 	C:\Windows\SYSTEM32\WINMM.dll
0x00007ff91d480000 - 0x00007ff91d492000 	C:\Windows\SYSTEM32\UMPDC.dll
0x00007ff91bf00000 - 0x00007ff91bf12000 	C:\Windows\SYSTEM32\kernel.appcore.dll
0x00007ff916af0000 - 0x00007ff916afa000 	C:\Program Files\Java\jdk-21\bin\jimage.dll
0x00007ff90bbd0000 - 0x00007ff90bdd1000 	C:\Windows\SYSTEM32\DBGHELP.DLL
0x00007ff9095b0000 - 0x00007ff9095e4000 	C:\Windows\SYSTEM32\dbgcore.DLL
0x00007ff91e5a0000 - 0x00007ff91e622000 	C:\Windows\System32\bcryptPrimitives.dll
0x00007ff916310000 - 0x00007ff91632f000 	C:\Program Files\Java\jdk-21\bin\java.dll
0x00007ff91fa00000 - 0x00007ff92016e000 	C:\Windows\System32\SHELL32.dll
0x00007ff91c100000 - 0x00007ff91c8a4000 	C:\Windows\SYSTEM32\windows.storage.dll
0x00007ff920520000 - 0x00007ff920873000 	C:\Windows\System32\combase.dll
0x00007ff91dab0000 - 0x00007ff91dadb000 	C:\Windows\SYSTEM32\Wldp.dll
0x00007ff91eaa0000 - 0x00007ff91eb6d000 	C:\Windows\System32\OLEAUT32.dll
0x00007ff91f8f0000 - 0x00007ff91f99d000 	C:\Windows\System32\SHCORE.dll
0x00007ff91ed20000 - 0x00007ff91ed7b000 	C:\Windows\System32\shlwapi.dll
0x00007ff91dfb0000 - 0x00007ff91dfd4000 	C:\Windows\SYSTEM32\profapi.dll
0x00007ff902080000 - 0x00007ff902157000 	C:\Program Files\Java\jdk-21\bin\jsvml.dll
0x00007ff908880000 - 0x00007ff908890000 	C:\Program Files\Java\jdk-21\bin\net.dll
0x00007ff919820000 - 0x00007ff91992a000 	C:\Windows\SYSTEM32\WINHTTP.dll
0x00007ff91d810000 - 0x00007ff91d87a000 	C:\Windows\system32\mswsock.dll
0x00007ff906030000 - 0x00007ff906046000 	C:\Program Files\Java\jdk-21\bin\nio.dll
0x00007ff906010000 - 0x00007ff906028000 	C:\Program Files\Java\jdk-21\bin\zip.dll
0x00007ff904ef0000 - 0x00007ff904f14000 	C:\apache-maven-3.9.11\lib\jansi-native\Windows\x86_64\jansi.dll
0x00007ff905300000 - 0x00007ff905310000 	C:\Program Files\Java\jdk-21\bin\verify.dll

dbghelp: loaded successfully - version: 4.0.5 - missing functions: none
symbol engine: initialized successfully - sym options: 0x614 - pdb path: .;C:\Program Files\Java\jdk-21\bin;C:\Windows\SYSTEM32;C:\Windows\WinSxS\amd64_microsoft.windows.common-controls_6595b64144ccf1df_6.0.19041.5915_none_60b4b9d171f9c7c7;C:\Program Files\Java\jdk-21\bin\server;C:\apache-maven-3.9.11\lib\jansi-native\Windows\x86_64

VM Arguments:
jvm_args: --enable-native-access=ALL-UNNAMED -Dclassworlds.conf=C:\apache-maven-3.9.11\bin\m2.conf -Dmaven.home=C:\apache-maven-3.9.11 -Dlibrary.jansi.path=C:\apache-maven-3.9.11\lib\jansi-native -Dmaven.multiModuleProjectDirectory=D:\RMS\RoomManagementSystem\backend 
java_command: org.codehaus.plexus.classworlds.launcher.Launcher clean install -DskipTests
java_class_path (initial): C:\apache-maven-3.9.11\boot\plexus-classworlds-2.9.0.jar
Launcher Type: SUN_STANDARD

[Global flags]
     intx CICompilerCount                          = 4                                         {product} {ergonomic}
     uint ConcGCThreads                            = 3                                         {product} {ergonomic}
     uint G1ConcRefinementThreads                  = 10                                        {product} {ergonomic}
   size_t G1HeapRegionSize                         = 1048576                                   {product} {ergonomic}
    uintx GCDrainStackTargetSize                   = 64                                        {product} {ergonomic}
   size_t InitialHeapSize                          = 132120576                                 {product} {ergonomic}
   size_t MarkStackSize                            = 4194304                                   {product} {ergonomic}
   size_t MaxHeapSize                              = 2101346304                                {product} {ergonomic}
   size_t MaxNewSize                               = 1260388352                                {product} {ergonomic}
   size_t MinHeapDeltaBytes                        = 1048576                                   {product} {ergonomic}
   size_t MinHeapSize                              = 8388608                                   {product} {ergonomic}
    uintx NonNMethodCodeHeapSize                   = 5839372                                {pd product} {ergonomic}
    uintx NonProfiledCodeHeapSize                  = 122909434                              {pd product} {ergonomic}
    uintx ProfiledCodeHeapSize                     = 122909434                              {pd product} {ergonomic}
    uintx ReservedCodeCacheSize                    = 251658240                              {pd product} {ergonomic}
     bool SegmentedCodeCache                       = true                                      {product} {ergonomic}
   size_t SoftMaxHeapSize                          = 2101346304                             {manageable} {ergonomic}
     bool UseCompressedOops                        = true                           {product lp64_product} {ergonomic}
     bool UseG1GC                                  = true                                      {product} {ergonomic}
     bool UseLargePagesIndividualAllocation        = false                                  {pd product} {ergonomic}

Logging:
Log output configuration:
 #0: stdout all=warning uptime,level,tags foldmultilines=false
 #1: stderr all=off uptime,level,tags foldmultilines=false

Environment Variables:
JAVA_HOME=C:\Program Files\Java\jdk-21
PATH=C:\Windows\system32;C:\Windows;C:\Windows\System32\Wbem;C:\Windows\System32\WindowsPowerShell\v1.0\;C:\Windows\System32\OpenSSH\;C:\Program Files (x86)\mingw-w64\i686-8.1.0-posix-dwarf-rt_v6-rev0\mingw32\bin;C:\Program Files\Microsoft SQL Server\Client SDK\ODBC\170\Tools\Binn\;C:\Program Files (x86)\Microsoft SQL Server\160\Tools\Binn\;C:\Program Files\Microsoft SQL Server\160\Tools\Binn\;C:\Program Files\Microsoft SQL Server\160\DTS\Binn\;C:\Program Files\MySQL\MySQL Server 5.7\bin;C:\Graphviz-12.2.1-win64\bin;C:\Program Files (x86)\Microsoft SQL Server\160\DTS\Binn\;C:\Program Files\Git\cmd;D:\flutter\flutter\bin;C:\Program Files\nodejs\;C:\Program Files\Java\jdk-21\bin;C:\apache-maven-3.9.11\bin;C:\Users\Administrator\AppData\Local\Microsoft\WindowsApps;C:\Users\Administrator\AppData\Local\Programs\Microsoft VS Code\bin;C:\Program Files\MySQL\MySQL Server 5.7\bin;C:\Users\Administrator\AppData\Roaming\npm;C:\Program Files\JetBrains\IntelliJ IDEA Community Edition 2025.2.4\bin
USERNAME=MSI
OS=Windows_NT
PROCESSOR_IDENTIFIER=Intel64 Family 6 Model 165 Stepping 2, GenuineIntel
TMP=C:\Users\ADMINI~1\AppData\Local\Temp
TEMP=C:\Users\ADMINI~1\AppData\Local\Temp




Periodic native trim disabled

---------------  S Y S T E M  ---------------

OS:
 Windows 10 , 64 bit Build 19041 (10.0.19041.5915)
OS uptime: 0 days 0:18 hours

CPU: total 12 (initial active 12) (6 cores per cpu, 2 threads per core) family 6 model 165 stepping 2 microcode 0xe2, cx8, cmov, fxsr, ht, mmx, 3dnowpref, sse, sse2, sse3, ssse3, sse4.1, sse4.2, popcnt, lzcnt, tsc, tscinvbit, avx, avx2, aes, erms, clmul, bmi1, bmi2, adx, fma, vzeroupper, clflush, clflushopt, rdtscp, f16c, pku
Processor Information for all 12 processors :
  Max Mhz: 2592, Current Mhz: 2592, Mhz Limit: 2592

Memory: 4k page, system-wide physical 8013M (604M free)
TotalPageFile size 12109M (AvailPageFile size 5M)
current process WorkingSet (physical memory assigned to process): 95M, peak: 97M
current process commit charge ("private bytes"): 241M, peak: 244M

vm_info: Java HotSpot(TM) 64-Bit Server VM (21.0.9+7-LTS-338) for windows-amd64 JRE (21.0.9+7-LTS-338), built on 2025-09-26T06:33:49Z by "mach5run" with MS VC++ 17.6 (VS2022)

END.
