#
# There is insufficient memory for the Java Runtime Environment to continue.
# Native memory allocation (malloc) failed to allocate 262160 bytes for Chunk::new
# Possible reasons:
#   The system is out of physical RAM or swap space
#   The process is running with CompressedOops enabled, and the Java Heap may be blocking the growth of the native heap
# Possible solutions:
#   Reduce memory load on the system
#   Increase physical memory or swap space
#   Check if swap backing store is full
#   Decrease Java heap size (-Xmx/-Xms)
#   Decrease number of Java threads
#   Decrease Java thread stack sizes (-Xss)
#   Set larger code cache with -XX:ReservedCodeCacheSize=
#   JVM is running with Unscaled Compressed Oops mode in which the Java heap is
#     placed in the first 4GB address space. The Java Heap base address is the
#     maximum limit for the native heap growth. Please use -XX:HeapBaseMinAddress
#     to set the Java Heap base and to place the Java Heap above 4GB virtual address.
# This output file may be truncated or incomplete.
#
#  Out of Memory Error (arena.cpp:168), pid=5952, tid=8980
#
# JRE version: Java(TM) SE Runtime Environment (21.0.9+7) (build 21.0.9+7-LTS-338)
# Java VM: Java HotSpot(TM) 64-Bit Server VM (21.0.9+7-LTS-338, mixed mode, sharing, tiered, compressed oops, compressed class ptrs, g1 gc, windows-amd64)
# No core dump will be written. Minidumps are not enabled by default on client versions of Windows
#

---------------  S U M M A R Y ------------

Command Line: -javaagent:C:\Program Files\JetBrains\IntelliJ IDEA Community Edition 2025.2.4\lib\idea_rt.jar=54750 -Dfile.encoding=UTF-8 -Dsun.stdout.encoding=UTF-8 -Dsun.stderr.encoding=UTF-8 com.techroom.roommanagement.RoomManagementSystemApplication

Host: Intel(R) Core(TM) i7-10750H CPU @ 2.60GHz, 12 cores, 7G,  Windows 10 , 64 bit Build 19041 (10.0.19041.5915)
Time: Sat Dec  6 15:15:04 2025 SE Asia Standard Time elapsed time: 65.449300 seconds (0d 0h 1m 5s)

---------------  T H R E A D  ---------------

Current thread (0x000002593b3524b0):  JavaThread "C2 CompilerThread0" daemon [_thread_in_native, id=8980, stack(0x00000096aeb00000,0x00000096aec00000) (1024K)]


Current CompileTask:
C2:  65449 9150   !   4       org.springframework.beans.factory.support.DefaultListableBeanFactory::doGetBeanNamesForType (527 bytes)

Stack: [0x00000096aeb00000,0x00000096aec00000]
Native frames: (J=compiled Java code, j=interpreted, Vv=VM code, C=native code)
V  [jvm.dll+0x6cbf89]
V  [jvm.dll+0x858421]
V  [jvm.dll+0x85a94e]
V  [jvm.dll+0x85b023]
V  [jvm.dll+0x27ebc6]
V  [jvm.dll+0xc4f4d]
V  [jvm.dll+0xc5483]
V  [jvm.dll+0xc5075]
V  [jvm.dll+0x6f2f4f]
V  [jvm.dll+0x1cbf23]
V  [jvm.dll+0x6f51ff]
V  [jvm.dll+0x39c292]
V  [jvm.dll+0x1ca5ff]
V  [jvm.dll+0x2f119f]
V  [jvm.dll+0x6e61e8]
V  [jvm.dll+0x6de415]
V  [jvm.dll+0x6dd8de]
V  [jvm.dll+0x6dbafc]
V  [jvm.dll+0x1caafc]
V  [jvm.dll+0x1cb67c]
V  [jvm.dll+0x2f119f]
V  [jvm.dll+0x6e61e8]
V  [jvm.dll+0x6de415]
V  [jvm.dll+0x6dd8de]
V  [jvm.dll+0x6dbafc]
V  [jvm.dll+0x1caafc]
V  [jvm.dll+0x2f119f]
V  [jvm.dll+0x6e61e8]
V  [jvm.dll+0x6de415]
V  [jvm.dll+0x6dd8de]
V  [jvm.dll+0x6dbafc]
V  [jvm.dll+0x1caafc]
V  [jvm.dll+0x1cb67c]
V  [jvm.dll+0x2f119f]
V  [jvm.dll+0x6e61e8]
V  [jvm.dll+0x6de415]
V  [jvm.dll+0x6dd8de]
V  [jvm.dll+0x6dbafc]
V  [jvm.dll+0x1caafc]
V  [jvm.dll+0x1cb67c]
V  [jvm.dll+0x2f119f]
V  [jvm.dll+0x6e61e8]
V  [jvm.dll+0x6de415]
V  [jvm.dll+0x6dd8de]
V  [jvm.dll+0x6dbafc]
V  [jvm.dll+0x1caafc]
V  [jvm.dll+0x24678e]
V  [jvm.dll+0x1c7a3e]
V  [jvm.dll+0x256329]
V  [jvm.dll+0x2548ba]
V  [jvm.dll+0x3efdee]
V  [jvm.dll+0x80265b]
V  [jvm.dll+0x6ca66d]
C  [ucrtbase.dll+0x21bb2]
C  [KERNEL32.DLL+0x17374]
C  [ntdll.dll+0x4cc91]


---------------  P R O C E S S  ---------------

Threads class SMR info:
_java_thread_list=0x000002597d6d98a0, length=31, elements={
0x000002593b343160, 0x000002593b347e90, 0x000002593b349a60, 0x000002593b34ad50,
0x000002593b34d7c0, 0x000002593b34e220, 0x000002593b3524b0, 0x000002593b352f50,
0x000002593b741470, 0x000002593b88c0b0, 0x000002593b7cec10, 0x000002597eb65c40,
0x00000259041b9c40, 0x000002597f63fb20, 0x000002597f641bf0, 0x000002597f6401b0,
0x0000025905c3d390, 0x0000025905c3e740, 0x0000025905c40ea0, 0x0000025905c3b950,
0x0000025905c41530, 0x0000025905c3a5a0, 0x0000025905c3bfe0, 0x0000025905c3e0b0,
0x0000025905c3c670, 0x0000025905c3da20, 0x0000025905c3b2c0, 0x0000025905c3cd00,
0x0000025905c3edd0, 0x0000025905c3f460, 0x0000025905c3faf0
}

Java Threads: ( => current thread )
  0x000002593b343160 JavaThread "Reference Handler"          daemon [_thread_blocked, id=5432, stack(0x00000096ae500000,0x00000096ae600000) (1024K)]
  0x000002593b347e90 JavaThread "Finalizer"                  daemon [_thread_blocked, id=2688, stack(0x00000096ae600000,0x00000096ae700000) (1024K)]
  0x000002593b349a60 JavaThread "Signal Dispatcher"          daemon [_thread_blocked, id=11796, stack(0x00000096ae700000,0x00000096ae800000) (1024K)]
  0x000002593b34ad50 JavaThread "Attach Listener"            daemon [_thread_blocked, id=8784, stack(0x00000096ae800000,0x00000096ae900000) (1024K)]
  0x000002593b34d7c0 JavaThread "Service Thread"             daemon [_thread_blocked, id=4456, stack(0x00000096ae900000,0x00000096aea00000) (1024K)]
  0x000002593b34e220 JavaThread "Monitor Deflation Thread"   daemon [_thread_blocked, id=5344, stack(0x00000096aea00000,0x00000096aeb00000) (1024K)]
=>0x000002593b3524b0 JavaThread "C2 CompilerThread0"         daemon [_thread_in_native, id=8980, stack(0x00000096aeb00000,0x00000096aec00000) (1024K)]
  0x000002593b352f50 JavaThread "C1 CompilerThread0"         daemon [_thread_blocked, id=6804, stack(0x00000096aec00000,0x00000096aed00000) (1024K)]
  0x000002593b741470 JavaThread "Common-Cleaner"             daemon [_thread_blocked, id=5664, stack(0x00000096aed00000,0x00000096aee00000) (1024K)]
  0x000002593b88c0b0 JavaThread "Monitor Ctrl-Break"         daemon [_thread_in_native, id=10624, stack(0x00000096af000000,0x00000096af100000) (1024K)]
  0x000002593b7cec10 JavaThread "Notification Thread"        daemon [_thread_blocked, id=13012, stack(0x00000096af100000,0x00000096af200000) (1024K)]
  0x000002597eb65c40 JavaThread "mysql-cj-abandoned-connection-cleanup" daemon [_thread_blocked, id=6912, stack(0x00000096af900000,0x00000096afa00000) (1024K)]
  0x00000259041b9c40 JavaThread "HikariPool-1:housekeeper"   daemon [_thread_blocked, id=11732, stack(0x00000096b0100000,0x00000096b0200000) (1024K)]
  0x000002597f63fb20 JavaThread "Catalina-utility-1"                [_thread_blocked, id=9180, stack(0x00000096aef00000,0x00000096af000000) (1024K)]
  0x000002597f641bf0 JavaThread "Catalina-utility-2"                [_thread_blocked, id=13460, stack(0x00000096b0300000,0x00000096b0400000) (1024K)]
  0x000002597f6401b0 JavaThread "container-0"                       [_thread_blocked, id=2984, stack(0x00000096b0400000,0x00000096b0500000) (1024K)]
  0x0000025905c3d390 JavaThread "File Watcher"               daemon [_thread_blocked, id=5948, stack(0x00000096b0500000,0x00000096b0600000) (1024K)]
  0x0000025905c3e740 JavaThread "Live Reload Server"         daemon [_thread_in_native, id=3276, stack(0x00000096b0700000,0x00000096b0800000) (1024K)]
  0x0000025905c40ea0 JavaThread "http-nio-8081-exec-1"       daemon [_thread_in_native, id=8600, stack(0x00000096b0600000,0x00000096b0700000) (1024K)]
  0x0000025905c3b950 JavaThread "http-nio-8081-exec-2"       daemon [_thread_blocked, id=10928, stack(0x00000096b0800000,0x00000096b0900000) (1024K)]
  0x0000025905c41530 JavaThread "http-nio-8081-exec-3"       daemon [_thread_blocked, id=4296, stack(0x00000096b0900000,0x00000096b0a00000) (1024K)]
  0x0000025905c3a5a0 JavaThread "http-nio-8081-exec-4"       daemon [_thread_blocked, id=6180, stack(0x00000096b0a00000,0x00000096b0b00000) (1024K)]
  0x0000025905c3bfe0 JavaThread "http-nio-8081-exec-5"       daemon [_thread_blocked, id=13004, stack(0x00000096b0b00000,0x00000096b0c00000) (1024K)]
  0x0000025905c3e0b0 JavaThread "http-nio-8081-exec-6"       daemon [_thread_blocked, id=2428, stack(0x00000096b0c00000,0x00000096b0d00000) (1024K)]
  0x0000025905c3c670 JavaThread "http-nio-8081-exec-7"       daemon [_thread_blocked, id=12472, stack(0x00000096b0d00000,0x00000096b0e00000) (1024K)]
  0x0000025905c3da20 JavaThread "http-nio-8081-exec-8"       daemon [_thread_blocked, id=12184, stack(0x00000096b0e00000,0x00000096b0f00000) (1024K)]
  0x0000025905c3b2c0 JavaThread "http-nio-8081-exec-9"       daemon [_thread_blocked, id=8764, stack(0x00000096b0f00000,0x00000096b1000000) (1024K)]
  0x0000025905c3cd00 JavaThread "http-nio-8081-exec-10"      daemon [_thread_blocked, id=4972, stack(0x00000096b1000000,0x00000096b1100000) (1024K)]
  0x0000025905c3edd0 JavaThread "http-nio-8081-Poller"       daemon [_thread_in_native, id=11752, stack(0x00000096b1100000,0x00000096b1200000) (1024K)]
  0x0000025905c3f460 JavaThread "http-nio-8081-Acceptor"     daemon [_thread_in_native, id=8580, stack(0x00000096b1200000,0x00000096b1300000) (1024K)]
  0x0000025905c3faf0 JavaThread "DestroyJavaVM"                     [_thread_blocked, id=12956, stack(0x00000096add00000,0x00000096ade00000) (1024K)]
Total: 31

Other Threads:
  0x000002593b325c70 VMThread "VM Thread"                           [id=13472, stack(0x00000096ae400000,0x00000096ae500000) (1024K)]
  0x000002593b3159e0 WatcherThread "VM Periodic Task Thread"        [id=9276, stack(0x00000096ae300000,0x00000096ae400000) (1024K)]
  0x000002591e620690 WorkerThread "GC Thread#0"                     [id=9204, stack(0x00000096ade00000,0x00000096adf00000) (1024K)]
  0x000002597d7f6970 WorkerThread "GC Thread#1"                     [id=7280, stack(0x00000096af400000,0x00000096af500000) (1024K)]
  0x000002597d589080 WorkerThread "GC Thread#2"                     [id=2704, stack(0x00000096af500000,0x00000096af600000) (1024K)]
  0x000002597d82a100 WorkerThread "GC Thread#3"                     [id=8888, stack(0x00000096af600000,0x00000096af700000) (1024K)]
  0x000002597d2e11a0 WorkerThread "GC Thread#4"                     [id=2904, stack(0x00000096af700000,0x00000096af800000) (1024K)]
  0x000002597d2e1550 WorkerThread "GC Thread#5"                     [id=10352, stack(0x00000096af800000,0x00000096af900000) (1024K)]
  0x000002597dbd5900 WorkerThread "GC Thread#6"                     [id=13812, stack(0x00000096afa00000,0x00000096afb00000) (1024K)]
  0x000002597dd81d50 WorkerThread "GC Thread#7"                     [id=3232, stack(0x00000096afb00000,0x00000096afc00000) (1024K)]
  0x000002597ddc5c20 WorkerThread "GC Thread#8"                     [id=304, stack(0x00000096afc00000,0x00000096afd00000) (1024K)]
  0x000002597ddbf7d0 WorkerThread "GC Thread#9"                     [id=13452, stack(0x00000096afd00000,0x00000096afe00000) (1024K)]
  0x000002591e6320d0 ConcurrentGCThread "G1 Main Marker"            [id=8276, stack(0x00000096adf00000,0x00000096ae000000) (1024K)]
  0x000002591e6329f0 WorkerThread "G1 Conc#0"                       [id=9824, stack(0x00000096ae000000,0x00000096ae100000) (1024K)]
  0x000002597efa0890 WorkerThread "G1 Conc#1"                       [id=11596, stack(0x00000096aff00000,0x00000096b0000000) (1024K)]
  0x000002597efa0c40 WorkerThread "G1 Conc#2"                       [id=7248, stack(0x00000096b0000000,0x00000096b0100000) (1024K)]
  0x000002591e68e940 ConcurrentGCThread "G1 Refine#0"               [id=8684, stack(0x00000096ae100000,0x00000096ae200000) (1024K)]
  0x000002593b1e6590 ConcurrentGCThread "G1 Service"                [id=13652, stack(0x00000096ae200000,0x00000096ae300000) (1024K)]
Total: 18

Threads with active compile tasks:
C2 CompilerThread0    65471 9150   !   4       org.springframework.beans.factory.support.DefaultListableBeanFactory::doGetBeanNamesForType (527 bytes)
Total: 1

VM state: not at safepoint (normal execution)

VM Mutex/Monitor currently owned by a thread: None

Heap address: 0x0000000082c00000, size: 2004 MB, Compressed Oops mode: 32-bit

CDS archive(s) mapped at: [0x000002593c000000-0x000002593cc90000-0x000002593cc90000), size 13172736, SharedBaseAddress: 0x000002593c000000, ArchiveRelocationMode: 1.
Compressed class space mapped at: 0x000002593d000000-0x000002597d000000, reserved size: 1073741824
Narrow klass base: 0x000002593c000000, Narrow klass shift: 0, Narrow klass range: 0x100000000

GC Precious Log:
 CardTable entry size: 512
 Card Set container configuration: InlinePtr #cards 5 size 8 Array Of Cards #cards 12 size 40 Howl #buckets 4 coarsen threshold 1843 Howl Bitmap #cards 512 size 80 coarsen threshold 460 Card regions per heap region 1 cards per card region 2048
 CPUs: 12 total, 12 available
 Memory: 8013M
 Large Page Support: Disabled
 NUMA Support: Disabled
 Compressed Oops: Enabled (32-bit)
 Heap Region Size: 1M
 Heap Min Capacity: 8M
 Heap Initial Capacity: 126M
 Heap Max Capacity: 2004M
 Pre-touch: Disabled
 Parallel Workers: 10
 Concurrent Workers: 3
 Concurrent Refinement Workers: 10
 Periodic GC: Disabled

Heap:
 garbage-first heap   total 286720K, used 121924K [0x0000000082c00000, 0x0000000100000000)
  region size 1024K, 68 young (69632K), 6 survivors (6144K)
 Metaspace       used 81096K, committed 81856K, reserved 1179648K
  class space    used 11137K, committed 11520K, reserved 1048576K

Heap Regions: E=young(eden), S=young(survivor), O=old, HS=humongous(starts), HC=humongous(continues), CS=collection set, F=free, TAMS=top-at-mark-start, PB=parsable bottom
|   0|0x0000000082c00000, 0x0000000082d00000, 0x0000000082d00000|100%|HS|  |TAMS 0x0000000082c00000| PB 0x0000000082c00000| Complete 
|   1|0x0000000082d00000, 0x0000000082e00000, 0x0000000082e00000|100%|HS|  |TAMS 0x0000000082d00000| PB 0x0000000082d00000| Complete 
|   2|0x0000000082e00000, 0x0000000082f00000, 0x0000000082f00000|100%| O|  |TAMS 0x0000000082e00000| PB 0x0000000082e00000| Untracked 
|   3|0x0000000082f00000, 0x0000000083000000, 0x0000000083000000|100%| O|  |TAMS 0x0000000082f00000| PB 0x0000000082f00000| Untracked 
|   4|0x0000000083000000, 0x0000000083100000, 0x0000000083100000|100%| O|  |TAMS 0x0000000083000000| PB 0x0000000083000000| Untracked 
|   5|0x0000000083100000, 0x0000000083200000, 0x0000000083200000|100%| O|  |TAMS 0x0000000083100000| PB 0x0000000083100000| Untracked 
|   6|0x0000000083200000, 0x0000000083300000, 0x0000000083300000|100%| O|  |TAMS 0x0000000083200000| PB 0x0000000083200000| Untracked 
|   7|0x0000000083300000, 0x0000000083400000, 0x0000000083400000|100%| O|  |TAMS 0x0000000083300000| PB 0x0000000083300000| Untracked 
|   8|0x0000000083400000, 0x0000000083500000, 0x0000000083500000|100%| O|  |TAMS 0x0000000083400000| PB 0x0000000083400000| Untracked 
|   9|0x0000000083500000, 0x0000000083600000, 0x0000000083600000|100%| O|  |TAMS 0x0000000083500000| PB 0x0000000083500000| Untracked 
|  10|0x0000000083600000, 0x0000000083700000, 0x0000000083700000|100%| O|  |TAMS 0x0000000083600000| PB 0x0000000083600000| Untracked 
|  11|0x0000000083700000, 0x0000000083800000, 0x0000000083800000|100%| O|  |TAMS 0x0000000083700000| PB 0x0000000083700000| Untracked 
|  12|0x0000000083800000, 0x0000000083900000, 0x0000000083900000|100%| O|  |TAMS 0x0000000083800000| PB 0x0000000083800000| Untracked 
|  13|0x0000000083900000, 0x0000000083a00000, 0x0000000083a00000|100%| O|  |TAMS 0x0000000083900000| PB 0x0000000083900000| Untracked 
|  14|0x0000000083a00000, 0x0000000083b00000, 0x0000000083b00000|100%| O|  |TAMS 0x0000000083a00000| PB 0x0000000083a00000| Untracked 
|  15|0x0000000083b00000, 0x0000000083c00000, 0x0000000083c00000|100%| O|  |TAMS 0x0000000083b00000| PB 0x0000000083b00000| Untracked 
|  16|0x0000000083c00000, 0x0000000083d00000, 0x0000000083d00000|100%| O|  |TAMS 0x0000000083c00000| PB 0x0000000083c00000| Untracked 
|  17|0x0000000083d00000, 0x0000000083e00000, 0x0000000083e00000|100%| O|  |TAMS 0x0000000083d00000| PB 0x0000000083d00000| Untracked 
|  18|0x0000000083e00000, 0x0000000083f00000, 0x0000000083f00000|100%| O|  |TAMS 0x0000000083e00000| PB 0x0000000083e00000| Untracked 
|  19|0x0000000083f00000, 0x0000000084000000, 0x0000000084000000|100%| O|  |TAMS 0x0000000083f00000| PB 0x0000000083f00000| Untracked 
|  20|0x0000000084000000, 0x0000000084100000, 0x0000000084100000|100%| O|  |TAMS 0x0000000084000000| PB 0x0000000084000000| Untracked 
|  21|0x0000000084100000, 0x0000000084200000, 0x0000000084200000|100%| O|  |TAMS 0x0000000084100000| PB 0x0000000084100000| Untracked 
|  22|0x0000000084200000, 0x0000000084300000, 0x0000000084300000|100%| O|  |TAMS 0x0000000084200000| PB 0x0000000084200000| Untracked 
|  23|0x0000000084300000, 0x0000000084400000, 0x0000000084400000|100%| O|  |TAMS 0x0000000084300000| PB 0x0000000084300000| Untracked 
|  24|0x0000000084400000, 0x0000000084500000, 0x0000000084500000|100%| O|  |TAMS 0x0000000084400000| PB 0x0000000084400000| Untracked 
|  25|0x0000000084500000, 0x0000000084600000, 0x0000000084600000|100%| O|  |TAMS 0x0000000084500000| PB 0x0000000084500000| Untracked 
|  26|0x0000000084600000, 0x0000000084700000, 0x0000000084700000|100%| O|  |TAMS 0x0000000084600000| PB 0x0000000084600000| Untracked 
|  27|0x0000000084700000, 0x0000000084800000, 0x0000000084800000|100%| O|  |TAMS 0x0000000084700000| PB 0x0000000084700000| Untracked 
|  28|0x0000000084800000, 0x0000000084900000, 0x0000000084900000|100%| O|  |TAMS 0x0000000084800000| PB 0x0000000084800000| Untracked 
|  29|0x0000000084900000, 0x0000000084a00000, 0x0000000084a00000|100%| O|  |TAMS 0x0000000084900000| PB 0x0000000084900000| Untracked 
|  30|0x0000000084a00000, 0x0000000084b00000, 0x0000000084b00000|100%| O|  |TAMS 0x0000000084a00000| PB 0x0000000084a00000| Untracked 
|  31|0x0000000084b00000, 0x0000000084c00000, 0x0000000084c00000|100%| O|  |TAMS 0x0000000084b00000| PB 0x0000000084b00000| Untracked 
|  32|0x0000000084c00000, 0x0000000084d00000, 0x0000000084d00000|100%| O|  |TAMS 0x0000000084c00000| PB 0x0000000084c00000| Untracked 
|  33|0x0000000084d00000, 0x0000000084e00000, 0x0000000084e00000|100%| O|  |TAMS 0x0000000084d00000| PB 0x0000000084d00000| Untracked 
|  34|0x0000000084e00000, 0x0000000084f00000, 0x0000000084f00000|100%| O|  |TAMS 0x0000000084e00000| PB 0x0000000084e00000| Untracked 
|  35|0x0000000084f00000, 0x0000000085000000, 0x0000000085000000|100%| O|  |TAMS 0x0000000084f00000| PB 0x0000000084f00000| Untracked 
|  36|0x0000000085000000, 0x0000000085100000, 0x0000000085100000|100%| O|  |TAMS 0x0000000085000000| PB 0x0000000085000000| Untracked 
|  37|0x0000000085100000, 0x0000000085200000, 0x0000000085200000|100%| O|  |TAMS 0x0000000085100000| PB 0x0000000085100000| Untracked 
|  38|0x0000000085200000, 0x0000000085300000, 0x0000000085300000|100%| O|  |TAMS 0x0000000085200000| PB 0x0000000085200000| Untracked 
|  39|0x0000000085300000, 0x0000000085400000, 0x0000000085400000|100%| O|  |TAMS 0x0000000085300000| PB 0x0000000085300000| Untracked 
|  40|0x0000000085400000, 0x0000000085500000, 0x0000000085500000|100%| O|  |TAMS 0x0000000085400000| PB 0x0000000085400000| Untracked 
|  41|0x0000000085500000, 0x0000000085600000, 0x0000000085600000|100%| O|  |TAMS 0x0000000085500000| PB 0x0000000085500000| Untracked 
|  42|0x0000000085600000, 0x0000000085700000, 0x0000000085700000|100%| O|  |TAMS 0x0000000085600000| PB 0x0000000085600000| Untracked 
|  43|0x0000000085700000, 0x0000000085800000, 0x0000000085800000|100%| O|  |TAMS 0x0000000085700000| PB 0x0000000085700000| Untracked 
|  44|0x0000000085800000, 0x0000000085900000, 0x0000000085900000|100%| O|  |TAMS 0x0000000085800000| PB 0x0000000085800000| Untracked 
|  45|0x0000000085900000, 0x000000008597c710, 0x0000000085a00000| 48%| O|  |TAMS 0x0000000085900000| PB 0x0000000085900000| Untracked 
|  46|0x0000000085a00000, 0x0000000085a00000, 0x0000000085b00000|  0%| F|  |TAMS 0x0000000085a00000| PB 0x0000000085a00000| Untracked 
|  47|0x0000000085b00000, 0x0000000085b00000, 0x0000000085c00000|  0%| F|  |TAMS 0x0000000085b00000| PB 0x0000000085b00000| Untracked 
|  48|0x0000000085c00000, 0x0000000085c00000, 0x0000000085d00000|  0%| F|  |TAMS 0x0000000085c00000| PB 0x0000000085c00000| Untracked 
|  49|0x0000000085d00000, 0x0000000085d00000, 0x0000000085e00000|  0%| F|  |TAMS 0x0000000085d00000| PB 0x0000000085d00000| Untracked 
|  50|0x0000000085e00000, 0x0000000085e00000, 0x0000000085f00000|  0%| F|  |TAMS 0x0000000085e00000| PB 0x0000000085e00000| Untracked 
|  51|0x0000000085f00000, 0x0000000085f00000, 0x0000000086000000|  0%| F|  |TAMS 0x0000000085f00000| PB 0x0000000085f00000| Untracked 
|  52|0x0000000086000000, 0x00000000860948f0, 0x0000000086100000| 58%| S|CS|TAMS 0x0000000086000000| PB 0x0000000086000000| Complete 
|  53|0x0000000086100000, 0x0000000086200000, 0x0000000086200000|100%| S|CS|TAMS 0x0000000086100000| PB 0x0000000086100000| Complete 
|  54|0x0000000086200000, 0x0000000086300000, 0x0000000086300000|100%| S|CS|TAMS 0x0000000086200000| PB 0x0000000086200000| Complete 
|  55|0x0000000086300000, 0x0000000086400000, 0x0000000086400000|100%| S|CS|TAMS 0x0000000086300000| PB 0x0000000086300000| Complete 
|  56|0x0000000086400000, 0x0000000086500000, 0x0000000086500000|100%| S|CS|TAMS 0x0000000086400000| PB 0x0000000086400000| Complete 
|  57|0x0000000086500000, 0x0000000086600000, 0x0000000086600000|100%| S|CS|TAMS 0x0000000086500000| PB 0x0000000086500000| Complete 
|  58|0x0000000086600000, 0x0000000086600000, 0x0000000086700000|  0%| F|  |TAMS 0x0000000086600000| PB 0x0000000086600000| Untracked 
|  59|0x0000000086700000, 0x0000000086700000, 0x0000000086800000|  0%| F|  |TAMS 0x0000000086700000| PB 0x0000000086700000| Untracked 
|  60|0x0000000086800000, 0x0000000086800000, 0x0000000086900000|  0%| F|  |TAMS 0x0000000086800000| PB 0x0000000086800000| Untracked 
|  61|0x0000000086900000, 0x0000000086900000, 0x0000000086a00000|  0%| F|  |TAMS 0x0000000086900000| PB 0x0000000086900000| Untracked 
|  62|0x0000000086a00000, 0x0000000086a00000, 0x0000000086b00000|  0%| F|  |TAMS 0x0000000086a00000| PB 0x0000000086a00000| Untracked 
|  63|0x0000000086b00000, 0x0000000086b00000, 0x0000000086c00000|  0%| F|  |TAMS 0x0000000086b00000| PB 0x0000000086b00000| Untracked 
|  64|0x0000000086c00000, 0x0000000086c00000, 0x0000000086d00000|  0%| F|  |TAMS 0x0000000086c00000| PB 0x0000000086c00000| Untracked 
|  65|0x0000000086d00000, 0x0000000086d00000, 0x0000000086e00000|  0%| F|  |TAMS 0x0000000086d00000| PB 0x0000000086d00000| Untracked 
|  66|0x0000000086e00000, 0x0000000086e00000, 0x0000000086f00000|  0%| F|  |TAMS 0x0000000086e00000| PB 0x0000000086e00000| Untracked 
|  67|0x0000000086f00000, 0x0000000086f00000, 0x0000000087000000|  0%| F|  |TAMS 0x0000000086f00000| PB 0x0000000086f00000| Untracked 
|  68|0x0000000087000000, 0x0000000087000000, 0x0000000087100000|  0%| F|  |TAMS 0x0000000087000000| PB 0x0000000087000000| Untracked 
|  69|0x0000000087100000, 0x0000000087100000, 0x0000000087200000|  0%| F|  |TAMS 0x0000000087100000| PB 0x0000000087100000| Untracked 
|  70|0x0000000087200000, 0x0000000087200000, 0x0000000087300000|  0%| F|  |TAMS 0x0000000087200000| PB 0x0000000087200000| Untracked 
|  71|0x0000000087300000, 0x0000000087300000, 0x0000000087400000|  0%| F|  |TAMS 0x0000000087300000| PB 0x0000000087300000| Untracked 
|  72|0x0000000087400000, 0x0000000087400000, 0x0000000087500000|  0%| F|  |TAMS 0x0000000087400000| PB 0x0000000087400000| Untracked 
|  73|0x0000000087500000, 0x0000000087500000, 0x0000000087600000|  0%| F|  |TAMS 0x0000000087500000| PB 0x0000000087500000| Untracked 
|  74|0x0000000087600000, 0x0000000087600000, 0x0000000087700000|  0%| F|  |TAMS 0x0000000087600000| PB 0x0000000087600000| Untracked 
|  75|0x0000000087700000, 0x0000000087700000, 0x0000000087800000|  0%| F|  |TAMS 0x0000000087700000| PB 0x0000000087700000| Untracked 
|  76|0x0000000087800000, 0x0000000087800000, 0x0000000087900000|  0%| F|  |TAMS 0x0000000087800000| PB 0x0000000087800000| Untracked 
|  77|0x0000000087900000, 0x0000000087900000, 0x0000000087a00000|  0%| F|  |TAMS 0x0000000087900000| PB 0x0000000087900000| Untracked 
|  78|0x0000000087a00000, 0x0000000087a00000, 0x0000000087b00000|  0%| F|  |TAMS 0x0000000087a00000| PB 0x0000000087a00000| Untracked 
|  79|0x0000000087b00000, 0x0000000087b00000, 0x0000000087c00000|  0%| F|  |TAMS 0x0000000087b00000| PB 0x0000000087b00000| Untracked 
|  80|0x0000000087c00000, 0x0000000087c00000, 0x0000000087d00000|  0%| F|  |TAMS 0x0000000087c00000| PB 0x0000000087c00000| Untracked 
|  81|0x0000000087d00000, 0x0000000087d00000, 0x0000000087e00000|  0%| F|  |TAMS 0x0000000087d00000| PB 0x0000000087d00000| Untracked 
|  82|0x0000000087e00000, 0x0000000087e00000, 0x0000000087f00000|  0%| F|  |TAMS 0x0000000087e00000| PB 0x0000000087e00000| Untracked 
|  83|0x0000000087f00000, 0x0000000087f00000, 0x0000000088000000|  0%| F|  |TAMS 0x0000000087f00000| PB 0x0000000087f00000| Untracked 
|  84|0x0000000088000000, 0x0000000088000000, 0x0000000088100000|  0%| F|  |TAMS 0x0000000088000000| PB 0x0000000088000000| Untracked 
|  85|0x0000000088100000, 0x0000000088100000, 0x0000000088200000|  0%| F|  |TAMS 0x0000000088100000| PB 0x0000000088100000| Untracked 
|  86|0x0000000088200000, 0x0000000088200000, 0x0000000088300000|  0%| F|  |TAMS 0x0000000088200000| PB 0x0000000088200000| Untracked 
|  87|0x0000000088300000, 0x0000000088300000, 0x0000000088400000|  0%| F|  |TAMS 0x0000000088300000| PB 0x0000000088300000| Untracked 
|  88|0x0000000088400000, 0x0000000088400000, 0x0000000088500000|  0%| F|  |TAMS 0x0000000088400000| PB 0x0000000088400000| Untracked 
|  89|0x0000000088500000, 0x0000000088500000, 0x0000000088600000|  0%| F|  |TAMS 0x0000000088500000| PB 0x0000000088500000| Untracked 
|  90|0x0000000088600000, 0x0000000088600000, 0x0000000088700000|  0%| F|  |TAMS 0x0000000088600000| PB 0x0000000088600000| Untracked 
|  91|0x0000000088700000, 0x0000000088700000, 0x0000000088800000|  0%| F|  |TAMS 0x0000000088700000| PB 0x0000000088700000| Untracked 
|  92|0x0000000088800000, 0x0000000088800000, 0x0000000088900000|  0%| F|  |TAMS 0x0000000088800000| PB 0x0000000088800000| Untracked 
|  93|0x0000000088900000, 0x0000000088900000, 0x0000000088a00000|  0%| F|  |TAMS 0x0000000088900000| PB 0x0000000088900000| Untracked 
|  94|0x0000000088a00000, 0x0000000088a00000, 0x0000000088b00000|  0%| F|  |TAMS 0x0000000088a00000| PB 0x0000000088a00000| Untracked 
|  95|0x0000000088b00000, 0x0000000088b00000, 0x0000000088c00000|  0%| F|  |TAMS 0x0000000088b00000| PB 0x0000000088b00000| Untracked 
|  96|0x0000000088c00000, 0x0000000088c00000, 0x0000000088d00000|  0%| F|  |TAMS 0x0000000088c00000| PB 0x0000000088c00000| Untracked 
|  97|0x0000000088d00000, 0x0000000088d00000, 0x0000000088e00000|  0%| F|  |TAMS 0x0000000088d00000| PB 0x0000000088d00000| Untracked 
|  98|0x0000000088e00000, 0x0000000088e00000, 0x0000000088f00000|  0%| F|  |TAMS 0x0000000088e00000| PB 0x0000000088e00000| Untracked 
|  99|0x0000000088f00000, 0x0000000088f00000, 0x0000000089000000|  0%| F|  |TAMS 0x0000000088f00000| PB 0x0000000088f00000| Untracked 
| 100|0x0000000089000000, 0x0000000089000000, 0x0000000089100000|  0%| F|  |TAMS 0x0000000089000000| PB 0x0000000089000000| Untracked 
| 101|0x0000000089100000, 0x0000000089100000, 0x0000000089200000|  0%| F|  |TAMS 0x0000000089100000| PB 0x0000000089100000| Untracked 
| 102|0x0000000089200000, 0x0000000089200000, 0x0000000089300000|  0%| F|  |TAMS 0x0000000089200000| PB 0x0000000089200000| Untracked 
| 103|0x0000000089300000, 0x0000000089300000, 0x0000000089400000|  0%| F|  |TAMS 0x0000000089300000| PB 0x0000000089300000| Untracked 
| 104|0x0000000089400000, 0x0000000089400000, 0x0000000089500000|  0%| F|  |TAMS 0x0000000089400000| PB 0x0000000089400000| Untracked 
| 105|0x0000000089500000, 0x0000000089500000, 0x0000000089600000|  0%| F|  |TAMS 0x0000000089500000| PB 0x0000000089500000| Untracked 
| 106|0x0000000089600000, 0x0000000089600000, 0x0000000089700000|  0%| F|  |TAMS 0x0000000089600000| PB 0x0000000089600000| Untracked 
| 107|0x0000000089700000, 0x0000000089700000, 0x0000000089800000|  0%| F|  |TAMS 0x0000000089700000| PB 0x0000000089700000| Untracked 
| 108|0x0000000089800000, 0x0000000089800000, 0x0000000089900000|  0%| F|  |TAMS 0x0000000089800000| PB 0x0000000089800000| Untracked 
| 109|0x0000000089900000, 0x0000000089900000, 0x0000000089a00000|  0%| F|  |TAMS 0x0000000089900000| PB 0x0000000089900000| Untracked 
| 110|0x0000000089a00000, 0x0000000089a00000, 0x0000000089b00000|  0%| F|  |TAMS 0x0000000089a00000| PB 0x0000000089a00000| Untracked 
| 111|0x0000000089b00000, 0x0000000089b00000, 0x0000000089c00000|  0%| F|  |TAMS 0x0000000089b00000| PB 0x0000000089b00000| Untracked 
| 112|0x0000000089c00000, 0x0000000089c00000, 0x0000000089d00000|  0%| F|  |TAMS 0x0000000089c00000| PB 0x0000000089c00000| Untracked 
| 113|0x0000000089d00000, 0x0000000089d00000, 0x0000000089e00000|  0%| F|  |TAMS 0x0000000089d00000| PB 0x0000000089d00000| Untracked 
| 114|0x0000000089e00000, 0x0000000089e00000, 0x0000000089f00000|  0%| F|  |TAMS 0x0000000089e00000| PB 0x0000000089e00000| Untracked 
| 115|0x0000000089f00000, 0x0000000089f00000, 0x000000008a000000|  0%| F|  |TAMS 0x0000000089f00000| PB 0x0000000089f00000| Untracked 
| 116|0x000000008a000000, 0x000000008a000000, 0x000000008a100000|  0%| F|  |TAMS 0x000000008a000000| PB 0x000000008a000000| Untracked 
| 117|0x000000008a100000, 0x000000008a100000, 0x000000008a200000|  0%| F|  |TAMS 0x000000008a100000| PB 0x000000008a100000| Untracked 
| 118|0x000000008a200000, 0x000000008a200000, 0x000000008a300000|  0%| F|  |TAMS 0x000000008a200000| PB 0x000000008a200000| Untracked 
| 119|0x000000008a300000, 0x000000008a300000, 0x000000008a400000|  0%| F|  |TAMS 0x000000008a300000| PB 0x000000008a300000| Untracked 
| 120|0x000000008a400000, 0x000000008a400000, 0x000000008a500000|  0%| F|  |TAMS 0x000000008a400000| PB 0x000000008a400000| Untracked 
| 121|0x000000008a500000, 0x000000008a500000, 0x000000008a600000|  0%| F|  |TAMS 0x000000008a500000| PB 0x000000008a500000| Untracked 
| 122|0x000000008a600000, 0x000000008a600000, 0x000000008a700000|  0%| F|  |TAMS 0x000000008a600000| PB 0x000000008a600000| Untracked 
| 123|0x000000008a700000, 0x000000008a700000, 0x000000008a800000|  0%| F|  |TAMS 0x000000008a700000| PB 0x000000008a700000| Untracked 
| 124|0x000000008a800000, 0x000000008a800000, 0x000000008a900000|  0%| F|  |TAMS 0x000000008a800000| PB 0x000000008a800000| Untracked 
| 125|0x000000008a900000, 0x000000008a900000, 0x000000008aa00000|  0%| F|  |TAMS 0x000000008a900000| PB 0x000000008a900000| Untracked 
| 126|0x000000008aa00000, 0x000000008aa00000, 0x000000008ab00000|  0%| F|  |TAMS 0x000000008aa00000| PB 0x000000008aa00000| Untracked 
| 127|0x000000008ab00000, 0x000000008ab00000, 0x000000008ac00000|  0%| F|  |TAMS 0x000000008ab00000| PB 0x000000008ab00000| Untracked 
| 128|0x000000008ac00000, 0x000000008ac00000, 0x000000008ad00000|  0%| F|  |TAMS 0x000000008ac00000| PB 0x000000008ac00000| Untracked 
| 129|0x000000008ad00000, 0x000000008ad00000, 0x000000008ae00000|  0%| F|  |TAMS 0x000000008ad00000| PB 0x000000008ad00000| Untracked 
| 130|0x000000008ae00000, 0x000000008ae00000, 0x000000008af00000|  0%| F|  |TAMS 0x000000008ae00000| PB 0x000000008ae00000| Untracked 
| 131|0x000000008af00000, 0x000000008af00000, 0x000000008b000000|  0%| F|  |TAMS 0x000000008af00000| PB 0x000000008af00000| Untracked 
| 132|0x000000008b000000, 0x000000008b000000, 0x000000008b100000|  0%| F|  |TAMS 0x000000008b000000| PB 0x000000008b000000| Untracked 
| 133|0x000000008b100000, 0x000000008b100000, 0x000000008b200000|  0%| F|  |TAMS 0x000000008b100000| PB 0x000000008b100000| Untracked 
| 134|0x000000008b200000, 0x000000008b200000, 0x000000008b300000|  0%| F|  |TAMS 0x000000008b200000| PB 0x000000008b200000| Untracked 
| 135|0x000000008b300000, 0x000000008b300000, 0x000000008b400000|  0%| F|  |TAMS 0x000000008b300000| PB 0x000000008b300000| Untracked 
| 136|0x000000008b400000, 0x000000008b400000, 0x000000008b500000|  0%| F|  |TAMS 0x000000008b400000| PB 0x000000008b400000| Untracked 
| 137|0x000000008b500000, 0x000000008b500000, 0x000000008b600000|  0%| F|  |TAMS 0x000000008b500000| PB 0x000000008b500000| Untracked 
| 138|0x000000008b600000, 0x000000008b600000, 0x000000008b700000|  0%| F|  |TAMS 0x000000008b600000| PB 0x000000008b600000| Untracked 
| 139|0x000000008b700000, 0x000000008b700000, 0x000000008b800000|  0%| F|  |TAMS 0x000000008b700000| PB 0x000000008b700000| Untracked 
| 140|0x000000008b800000, 0x000000008b800000, 0x000000008b900000|  0%| F|  |TAMS 0x000000008b800000| PB 0x000000008b800000| Untracked 
| 141|0x000000008b900000, 0x000000008b900000, 0x000000008ba00000|  0%| F|  |TAMS 0x000000008b900000| PB 0x000000008b900000| Untracked 
| 142|0x000000008ba00000, 0x000000008ba00000, 0x000000008bb00000|  0%| F|  |TAMS 0x000000008ba00000| PB 0x000000008ba00000| Untracked 
| 143|0x000000008bb00000, 0x000000008bb00000, 0x000000008bc00000|  0%| F|  |TAMS 0x000000008bb00000| PB 0x000000008bb00000| Untracked 
| 144|0x000000008bc00000, 0x000000008bc00000, 0x000000008bd00000|  0%| F|  |TAMS 0x000000008bc00000| PB 0x000000008bc00000| Untracked 
| 145|0x000000008bd00000, 0x000000008bd00000, 0x000000008be00000|  0%| F|  |TAMS 0x000000008bd00000| PB 0x000000008bd00000| Untracked 
| 146|0x000000008be00000, 0x000000008be00000, 0x000000008bf00000|  0%| F|  |TAMS 0x000000008be00000| PB 0x000000008be00000| Untracked 
| 147|0x000000008bf00000, 0x000000008bf00000, 0x000000008c000000|  0%| F|  |TAMS 0x000000008bf00000| PB 0x000000008bf00000| Untracked 
| 148|0x000000008c000000, 0x000000008c000000, 0x000000008c100000|  0%| F|  |TAMS 0x000000008c000000| PB 0x000000008c000000| Untracked 
| 149|0x000000008c100000, 0x000000008c100000, 0x000000008c200000|  0%| F|  |TAMS 0x000000008c100000| PB 0x000000008c100000| Untracked 
| 150|0x000000008c200000, 0x000000008c200000, 0x000000008c300000|  0%| F|  |TAMS 0x000000008c200000| PB 0x000000008c200000| Untracked 
| 151|0x000000008c300000, 0x000000008c300000, 0x000000008c400000|  0%| F|  |TAMS 0x000000008c300000| PB 0x000000008c300000| Untracked 
| 152|0x000000008c400000, 0x000000008c400000, 0x000000008c500000|  0%| F|  |TAMS 0x000000008c400000| PB 0x000000008c400000| Untracked 
| 153|0x000000008c500000, 0x000000008c500000, 0x000000008c600000|  0%| F|  |TAMS 0x000000008c500000| PB 0x000000008c500000| Untracked 
| 154|0x000000008c600000, 0x000000008c600000, 0x000000008c700000|  0%| F|  |TAMS 0x000000008c600000| PB 0x000000008c600000| Untracked 
| 155|0x000000008c700000, 0x000000008c700000, 0x000000008c800000|  0%| F|  |TAMS 0x000000008c700000| PB 0x000000008c700000| Untracked 
| 156|0x000000008c800000, 0x000000008c800000, 0x000000008c900000|  0%| F|  |TAMS 0x000000008c800000| PB 0x000000008c800000| Untracked 
| 157|0x000000008c900000, 0x000000008c900000, 0x000000008ca00000|  0%| F|  |TAMS 0x000000008c900000| PB 0x000000008c900000| Untracked 
| 158|0x000000008ca00000, 0x000000008ca00000, 0x000000008cb00000|  0%| F|  |TAMS 0x000000008ca00000| PB 0x000000008ca00000| Untracked 
| 159|0x000000008cb00000, 0x000000008cb00000, 0x000000008cc00000|  0%| F|  |TAMS 0x000000008cb00000| PB 0x000000008cb00000| Untracked 
| 160|0x000000008cc00000, 0x000000008cc00000, 0x000000008cd00000|  0%| F|  |TAMS 0x000000008cc00000| PB 0x000000008cc00000| Untracked 
| 161|0x000000008cd00000, 0x000000008cd00000, 0x000000008ce00000|  0%| F|  |TAMS 0x000000008cd00000| PB 0x000000008cd00000| Untracked 
| 162|0x000000008ce00000, 0x000000008ce00000, 0x000000008cf00000|  0%| F|  |TAMS 0x000000008ce00000| PB 0x000000008ce00000| Untracked 
| 163|0x000000008cf00000, 0x000000008cf00000, 0x000000008d000000|  0%| F|  |TAMS 0x000000008cf00000| PB 0x000000008cf00000| Untracked 
| 164|0x000000008d000000, 0x000000008d000000, 0x000000008d100000|  0%| F|  |TAMS 0x000000008d000000| PB 0x000000008d000000| Untracked 
| 165|0x000000008d100000, 0x000000008d100000, 0x000000008d200000|  0%| F|  |TAMS 0x000000008d100000| PB 0x000000008d100000| Untracked 
| 166|0x000000008d200000, 0x000000008d200000, 0x000000008d300000|  0%| F|  |TAMS 0x000000008d200000| PB 0x000000008d200000| Untracked 
| 167|0x000000008d300000, 0x000000008d300000, 0x000000008d400000|  0%| F|  |TAMS 0x000000008d300000| PB 0x000000008d300000| Untracked 
| 168|0x000000008d400000, 0x000000008d400000, 0x000000008d500000|  0%| F|  |TAMS 0x000000008d400000| PB 0x000000008d400000| Untracked 
| 169|0x000000008d500000, 0x000000008d500000, 0x000000008d600000|  0%| F|  |TAMS 0x000000008d500000| PB 0x000000008d500000| Untracked 
| 170|0x000000008d600000, 0x000000008d600000, 0x000000008d700000|  0%| F|  |TAMS 0x000000008d600000| PB 0x000000008d600000| Untracked 
| 171|0x000000008d700000, 0x000000008d700000, 0x000000008d800000|  0%| F|  |TAMS 0x000000008d700000| PB 0x000000008d700000| Untracked 
| 172|0x000000008d800000, 0x000000008d800000, 0x000000008d900000|  0%| F|  |TAMS 0x000000008d800000| PB 0x000000008d800000| Untracked 
| 173|0x000000008d900000, 0x000000008d900000, 0x000000008da00000|  0%| F|  |TAMS 0x000000008d900000| PB 0x000000008d900000| Untracked 
| 174|0x000000008da00000, 0x000000008da00000, 0x000000008db00000|  0%| F|  |TAMS 0x000000008da00000| PB 0x000000008da00000| Untracked 
| 175|0x000000008db00000, 0x000000008db00000, 0x000000008dc00000|  0%| F|  |TAMS 0x000000008db00000| PB 0x000000008db00000| Untracked 
| 176|0x000000008dc00000, 0x000000008dc00000, 0x000000008dd00000|  0%| F|  |TAMS 0x000000008dc00000| PB 0x000000008dc00000| Untracked 
| 177|0x000000008dd00000, 0x000000008dd00000, 0x000000008de00000|  0%| F|  |TAMS 0x000000008dd00000| PB 0x000000008dd00000| Untracked 
| 178|0x000000008de00000, 0x000000008de00000, 0x000000008df00000|  0%| F|  |TAMS 0x000000008de00000| PB 0x000000008de00000| Untracked 
| 179|0x000000008df00000, 0x000000008df00000, 0x000000008e000000|  0%| F|  |TAMS 0x000000008df00000| PB 0x000000008df00000| Untracked 
| 180|0x000000008e000000, 0x000000008e000000, 0x000000008e100000|  0%| F|  |TAMS 0x000000008e000000| PB 0x000000008e000000| Untracked 
| 181|0x000000008e100000, 0x000000008e100000, 0x000000008e200000|  0%| F|  |TAMS 0x000000008e100000| PB 0x000000008e100000| Untracked 
| 182|0x000000008e200000, 0x000000008e200000, 0x000000008e300000|  0%| F|  |TAMS 0x000000008e200000| PB 0x000000008e200000| Untracked 
| 183|0x000000008e300000, 0x000000008e300000, 0x000000008e400000|  0%| F|  |TAMS 0x000000008e300000| PB 0x000000008e300000| Untracked 
| 184|0x000000008e400000, 0x000000008e400000, 0x000000008e500000|  0%| F|  |TAMS 0x000000008e400000| PB 0x000000008e400000| Untracked 
| 185|0x000000008e500000, 0x000000008e500000, 0x000000008e600000|  0%| F|  |TAMS 0x000000008e500000| PB 0x000000008e500000| Untracked 
| 186|0x000000008e600000, 0x000000008e600000, 0x000000008e700000|  0%| F|  |TAMS 0x000000008e600000| PB 0x000000008e600000| Untracked 
| 187|0x000000008e700000, 0x000000008e700000, 0x000000008e800000|  0%| F|  |TAMS 0x000000008e700000| PB 0x000000008e700000| Untracked 
| 188|0x000000008e800000, 0x000000008e800000, 0x000000008e900000|  0%| F|  |TAMS 0x000000008e800000| PB 0x000000008e800000| Untracked 
| 189|0x000000008e900000, 0x000000008e900000, 0x000000008ea00000|  0%| F|  |TAMS 0x000000008e900000| PB 0x000000008e900000| Untracked 
| 190|0x000000008ea00000, 0x000000008ea00000, 0x000000008eb00000|  0%| F|  |TAMS 0x000000008ea00000| PB 0x000000008ea00000| Untracked 
| 191|0x000000008eb00000, 0x000000008eb00000, 0x000000008ec00000|  0%| F|  |TAMS 0x000000008eb00000| PB 0x000000008eb00000| Untracked 
| 192|0x000000008ec00000, 0x000000008ec00000, 0x000000008ed00000|  0%| F|  |TAMS 0x000000008ec00000| PB 0x000000008ec00000| Untracked 
| 193|0x000000008ed00000, 0x000000008ed00000, 0x000000008ee00000|  0%| F|  |TAMS 0x000000008ed00000| PB 0x000000008ed00000| Untracked 
| 194|0x000000008ee00000, 0x000000008ee00000, 0x000000008ef00000|  0%| F|  |TAMS 0x000000008ee00000| PB 0x000000008ee00000| Untracked 
| 195|0x000000008ef00000, 0x000000008ef00000, 0x000000008f000000|  0%| F|  |TAMS 0x000000008ef00000| PB 0x000000008ef00000| Untracked 
| 196|0x000000008f000000, 0x000000008f000000, 0x000000008f100000|  0%| F|  |TAMS 0x000000008f000000| PB 0x000000008f000000| Untracked 
| 197|0x000000008f100000, 0x000000008f100000, 0x000000008f200000|  0%| F|  |TAMS 0x000000008f100000| PB 0x000000008f100000| Untracked 
| 198|0x000000008f200000, 0x000000008f200000, 0x000000008f300000|  0%| F|  |TAMS 0x000000008f200000| PB 0x000000008f200000| Untracked 
| 199|0x000000008f300000, 0x000000008f300000, 0x000000008f400000|  0%| F|  |TAMS 0x000000008f300000| PB 0x000000008f300000| Untracked 
| 200|0x000000008f400000, 0x000000008f400000, 0x000000008f500000|  0%| F|  |TAMS 0x000000008f400000| PB 0x000000008f400000| Untracked 
| 201|0x000000008f500000, 0x000000008f500000, 0x000000008f600000|  0%| F|  |TAMS 0x000000008f500000| PB 0x000000008f500000| Untracked 
| 202|0x000000008f600000, 0x000000008f600000, 0x000000008f700000|  0%| F|  |TAMS 0x000000008f600000| PB 0x000000008f600000| Untracked 
| 203|0x000000008f700000, 0x000000008f700000, 0x000000008f800000|  0%| F|  |TAMS 0x000000008f700000| PB 0x000000008f700000| Untracked 
| 204|0x000000008f800000, 0x000000008f800000, 0x000000008f900000|  0%| F|  |TAMS 0x000000008f800000| PB 0x000000008f800000| Untracked 
| 205|0x000000008f900000, 0x000000008f900000, 0x000000008fa00000|  0%| F|  |TAMS 0x000000008f900000| PB 0x000000008f900000| Untracked 
| 206|0x000000008fa00000, 0x000000008fa00000, 0x000000008fb00000|  0%| F|  |TAMS 0x000000008fa00000| PB 0x000000008fa00000| Untracked 
| 207|0x000000008fb00000, 0x000000008fb00000, 0x000000008fc00000|  0%| F|  |TAMS 0x000000008fb00000| PB 0x000000008fb00000| Untracked 
| 208|0x000000008fc00000, 0x000000008fc00000, 0x000000008fd00000|  0%| F|  |TAMS 0x000000008fc00000| PB 0x000000008fc00000| Untracked 
| 209|0x000000008fd00000, 0x000000008fd00000, 0x000000008fe00000|  0%| F|  |TAMS 0x000000008fd00000| PB 0x000000008fd00000| Untracked 
| 210|0x000000008fe00000, 0x000000008fe00000, 0x000000008ff00000|  0%| F|  |TAMS 0x000000008fe00000| PB 0x000000008fe00000| Untracked 
| 211|0x000000008ff00000, 0x000000008ffc9f60, 0x0000000090000000| 78%| E|  |TAMS 0x000000008ff00000| PB 0x000000008ff00000| Complete 
| 212|0x0000000090000000, 0x0000000090100000, 0x0000000090100000|100%| E|CS|TAMS 0x0000000090000000| PB 0x0000000090000000| Complete 
| 213|0x0000000090100000, 0x0000000090200000, 0x0000000090200000|100%| E|CS|TAMS 0x0000000090100000| PB 0x0000000090100000| Complete 
| 214|0x0000000090200000, 0x0000000090300000, 0x0000000090300000|100%| E|CS|TAMS 0x0000000090200000| PB 0x0000000090200000| Complete 
| 215|0x0000000090300000, 0x0000000090400000, 0x0000000090400000|100%| E|CS|TAMS 0x0000000090300000| PB 0x0000000090300000| Complete 
| 216|0x0000000090400000, 0x0000000090500000, 0x0000000090500000|100%| E|CS|TAMS 0x0000000090400000| PB 0x0000000090400000| Complete 
| 217|0x0000000090500000, 0x0000000090600000, 0x0000000090600000|100%| E|CS|TAMS 0x0000000090500000| PB 0x0000000090500000| Complete 
| 218|0x0000000090600000, 0x0000000090700000, 0x0000000090700000|100%| E|CS|TAMS 0x0000000090600000| PB 0x0000000090600000| Complete 
| 219|0x0000000090700000, 0x0000000090800000, 0x0000000090800000|100%| E|CS|TAMS 0x0000000090700000| PB 0x0000000090700000| Complete 
| 220|0x0000000090800000, 0x0000000090900000, 0x0000000090900000|100%| E|CS|TAMS 0x0000000090800000| PB 0x0000000090800000| Complete 
| 221|0x0000000090900000, 0x0000000090a00000, 0x0000000090a00000|100%| E|CS|TAMS 0x0000000090900000| PB 0x0000000090900000| Complete 
| 222|0x0000000090a00000, 0x0000000090b00000, 0x0000000090b00000|100%| E|CS|TAMS 0x0000000090a00000| PB 0x0000000090a00000| Complete 
| 223|0x0000000090b00000, 0x0000000090c00000, 0x0000000090c00000|100%| E|CS|TAMS 0x0000000090b00000| PB 0x0000000090b00000| Complete 
| 224|0x0000000090c00000, 0x0000000090d00000, 0x0000000090d00000|100%| E|CS|TAMS 0x0000000090c00000| PB 0x0000000090c00000| Complete 
| 225|0x0000000090d00000, 0x0000000090e00000, 0x0000000090e00000|100%| E|CS|TAMS 0x0000000090d00000| PB 0x0000000090d00000| Complete 
| 226|0x0000000090e00000, 0x0000000090f00000, 0x0000000090f00000|100%| E|CS|TAMS 0x0000000090e00000| PB 0x0000000090e00000| Complete 
| 227|0x0000000090f00000, 0x0000000091000000, 0x0000000091000000|100%| E|CS|TAMS 0x0000000090f00000| PB 0x0000000090f00000| Complete 
| 228|0x0000000091000000, 0x0000000091100000, 0x0000000091100000|100%| E|CS|TAMS 0x0000000091000000| PB 0x0000000091000000| Complete 
| 229|0x0000000091100000, 0x0000000091200000, 0x0000000091200000|100%| E|CS|TAMS 0x0000000091100000| PB 0x0000000091100000| Complete 
| 230|0x0000000091200000, 0x0000000091300000, 0x0000000091300000|100%| E|CS|TAMS 0x0000000091200000| PB 0x0000000091200000| Complete 
| 231|0x0000000091300000, 0x0000000091400000, 0x0000000091400000|100%| E|CS|TAMS 0x0000000091300000| PB 0x0000000091300000| Complete 
| 232|0x0000000091400000, 0x0000000091500000, 0x0000000091500000|100%| E|CS|TAMS 0x0000000091400000| PB 0x0000000091400000| Complete 
| 233|0x0000000091500000, 0x0000000091600000, 0x0000000091600000|100%| E|CS|TAMS 0x0000000091500000| PB 0x0000000091500000| Complete 
| 234|0x0000000091600000, 0x0000000091700000, 0x0000000091700000|100%| E|CS|TAMS 0x0000000091600000| PB 0x0000000091600000| Complete 
| 235|0x0000000091700000, 0x0000000091800000, 0x0000000091800000|100%| E|CS|TAMS 0x0000000091700000| PB 0x0000000091700000| Complete 
| 236|0x0000000091800000, 0x0000000091900000, 0x0000000091900000|100%| E|CS|TAMS 0x0000000091800000| PB 0x0000000091800000| Complete 
| 237|0x0000000091900000, 0x0000000091a00000, 0x0000000091a00000|100%| E|CS|TAMS 0x0000000091900000| PB 0x0000000091900000| Complete 
| 238|0x0000000091a00000, 0x0000000091b00000, 0x0000000091b00000|100%| E|CS|TAMS 0x0000000091a00000| PB 0x0000000091a00000| Complete 
| 239|0x0000000091b00000, 0x0000000091c00000, 0x0000000091c00000|100%| E|CS|TAMS 0x0000000091b00000| PB 0x0000000091b00000| Complete 
| 240|0x0000000091c00000, 0x0000000091d00000, 0x0000000091d00000|100%| E|CS|TAMS 0x0000000091c00000| PB 0x0000000091c00000| Complete 
| 241|0x0000000091d00000, 0x0000000091e00000, 0x0000000091e00000|100%| E|CS|TAMS 0x0000000091d00000| PB 0x0000000091d00000| Complete 
| 242|0x0000000091e00000, 0x0000000091f00000, 0x0000000091f00000|100%| E|CS|TAMS 0x0000000091e00000| PB 0x0000000091e00000| Complete 
| 243|0x0000000091f00000, 0x0000000092000000, 0x0000000092000000|100%| E|CS|TAMS 0x0000000091f00000| PB 0x0000000091f00000| Complete 
| 244|0x0000000092000000, 0x0000000092100000, 0x0000000092100000|100%| E|CS|TAMS 0x0000000092000000| PB 0x0000000092000000| Complete 
| 245|0x0000000092100000, 0x0000000092200000, 0x0000000092200000|100%| E|CS|TAMS 0x0000000092100000| PB 0x0000000092100000| Complete 
| 246|0x0000000092200000, 0x0000000092300000, 0x0000000092300000|100%| E|CS|TAMS 0x0000000092200000| PB 0x0000000092200000| Complete 
| 247|0x0000000092300000, 0x0000000092400000, 0x0000000092400000|100%| E|CS|TAMS 0x0000000092300000| PB 0x0000000092300000| Complete 
| 248|0x0000000092400000, 0x0000000092500000, 0x0000000092500000|100%| E|CS|TAMS 0x0000000092400000| PB 0x0000000092400000| Complete 
| 249|0x0000000092500000, 0x0000000092600000, 0x0000000092600000|100%| E|CS|TAMS 0x0000000092500000| PB 0x0000000092500000| Complete 
| 250|0x0000000092600000, 0x0000000092700000, 0x0000000092700000|100%| E|CS|TAMS 0x0000000092600000| PB 0x0000000092600000| Complete 
| 251|0x0000000092700000, 0x0000000092800000, 0x0000000092800000|100%| E|CS|TAMS 0x0000000092700000| PB 0x0000000092700000| Complete 
| 252|0x0000000092800000, 0x0000000092900000, 0x0000000092900000|100%| E|CS|TAMS 0x0000000092800000| PB 0x0000000092800000| Complete 
| 253|0x0000000092900000, 0x0000000092a00000, 0x0000000092a00000|100%| E|CS|TAMS 0x0000000092900000| PB 0x0000000092900000| Complete 
| 254|0x0000000092a00000, 0x0000000092b00000, 0x0000000092b00000|100%| E|CS|TAMS 0x0000000092a00000| PB 0x0000000092a00000| Complete 
| 255|0x0000000092b00000, 0x0000000092c00000, 0x0000000092c00000|100%| E|CS|TAMS 0x0000000092b00000| PB 0x0000000092b00000| Complete 
| 256|0x0000000092c00000, 0x0000000092d00000, 0x0000000092d00000|100%| E|CS|TAMS 0x0000000092c00000| PB 0x0000000092c00000| Complete 
| 257|0x0000000092d00000, 0x0000000092e00000, 0x0000000092e00000|100%| E|CS|TAMS 0x0000000092d00000| PB 0x0000000092d00000| Complete 
| 258|0x0000000092e00000, 0x0000000092f00000, 0x0000000092f00000|100%| E|CS|TAMS 0x0000000092e00000| PB 0x0000000092e00000| Complete 
| 259|0x0000000092f00000, 0x0000000093000000, 0x0000000093000000|100%| E|CS|TAMS 0x0000000092f00000| PB 0x0000000092f00000| Complete 
| 260|0x0000000093000000, 0x0000000093100000, 0x0000000093100000|100%| E|CS|TAMS 0x0000000093000000| PB 0x0000000093000000| Complete 
| 261|0x0000000093100000, 0x0000000093200000, 0x0000000093200000|100%| E|CS|TAMS 0x0000000093100000| PB 0x0000000093100000| Complete 
| 262|0x0000000093200000, 0x0000000093300000, 0x0000000093300000|100%| E|CS|TAMS 0x0000000093200000| PB 0x0000000093200000| Complete 
| 263|0x0000000093300000, 0x0000000093400000, 0x0000000093400000|100%| E|CS|TAMS 0x0000000093300000| PB 0x0000000093300000| Complete 
| 264|0x0000000093400000, 0x0000000093500000, 0x0000000093500000|100%| E|CS|TAMS 0x0000000093400000| PB 0x0000000093400000| Complete 
| 265|0x0000000093500000, 0x0000000093600000, 0x0000000093600000|100%| E|CS|TAMS 0x0000000093500000| PB 0x0000000093500000| Complete 
| 266|0x0000000093600000, 0x0000000093700000, 0x0000000093700000|100%| E|CS|TAMS 0x0000000093600000| PB 0x0000000093600000| Complete 
| 267|0x0000000093700000, 0x0000000093800000, 0x0000000093800000|100%| E|CS|TAMS 0x0000000093700000| PB 0x0000000093700000| Complete 
| 268|0x0000000093800000, 0x0000000093900000, 0x0000000093900000|100%| E|CS|TAMS 0x0000000093800000| PB 0x0000000093800000| Complete 
| 269|0x0000000093900000, 0x0000000093a00000, 0x0000000093a00000|100%| E|CS|TAMS 0x0000000093900000| PB 0x0000000093900000| Complete 
| 270|0x0000000093a00000, 0x0000000093b00000, 0x0000000093b00000|100%| E|CS|TAMS 0x0000000093a00000| PB 0x0000000093a00000| Complete 
| 271|0x0000000093b00000, 0x0000000093c00000, 0x0000000093c00000|100%| E|CS|TAMS 0x0000000093b00000| PB 0x0000000093b00000| Complete 
|1996|0x00000000ff800000, 0x00000000ff900000, 0x00000000ff900000|100%| E|CS|TAMS 0x00000000ff800000| PB 0x00000000ff800000| Complete 
|1997|0x00000000ff900000, 0x00000000ffa00000, 0x00000000ffa00000|100%| O|Cm|TAMS 0x00000000ff900000| PB 0x00000000ff900000| Complete 
|1998|0x00000000ffa00000, 0x00000000ffb00000, 0x00000000ffb00000|100%| O|  |TAMS 0x00000000ffa00000| PB 0x00000000ffa00000| Untracked 
|1999|0x00000000ffb00000, 0x00000000ffc00000, 0x00000000ffc00000|100%| O|  |TAMS 0x00000000ffb00000| PB 0x00000000ffb00000| Untracked 
|2000|0x00000000ffc00000, 0x00000000ffd00000, 0x00000000ffd00000|100%| O|  |TAMS 0x00000000ffc00000| PB 0x00000000ffc00000| Untracked 
|2001|0x00000000ffd00000, 0x00000000ffe00000, 0x00000000ffe00000|100%| O|  |TAMS 0x00000000ffd00000| PB 0x00000000ffd00000| Untracked 
|2002|0x00000000ffe00000, 0x00000000fff00000, 0x00000000fff00000|100%| O|  |TAMS 0x00000000ffe00000| PB 0x00000000ffe00000| Untracked 
|2003|0x00000000fff00000, 0x0000000100000000, 0x0000000100000000|100%| O|  |TAMS 0x00000000fff00000| PB 0x00000000fff00000| Untracked 

Card table byte_map: [0x00000259363c0000,0x00000259367b0000] _byte_map_base: 0x0000025935faa000

Marking Bits: (CMBitMap*) 0x000002591e621bc0
 Bits: [0x00000259367b0000, 0x0000025938700000)

Polling page: 0x000002591dd90000

Metaspace:

Usage:
  Non-class:     68.53 MB used.
      Class:     10.91 MB used.
       Both:     79.44 MB used.

Virtual space:
  Non-class space:      128.00 MB reserved,      68.94 MB ( 54%) committed,  2 nodes.
      Class space:        1.00 GB reserved,      11.25 MB (  1%) committed,  1 nodes.
             Both:        1.12 GB reserved,      80.19 MB (  7%) committed. 

Chunk freelists:
   Non-Class:  10.78 MB
       Class:  4.62 MB
        Both:  15.41 MB

MaxMetaspaceSize: unlimited
CompressedClassSpaceSize: 1.00 GB
Initial GC threshold: 21.00 MB
Current GC threshold: 118.38 MB
CDS: on
 - commit_granule_bytes: 65536.
 - commit_granule_words: 8192.
 - virtual_space_node_default_size: 8388608.
 - enlarge_chunks_in_place: 1.
 - use_allocation_guard: 0.


Internal statistics:

num_allocs_failed_limit: 9.
num_arena_births: 1130.
num_arena_deaths: 0.
num_vsnodes_births: 3.
num_vsnodes_deaths: 0.
num_space_committed: 1283.
num_space_uncommitted: 0.
num_chunks_returned_to_freelist: 9.
num_chunks_taken_from_freelist: 4217.
num_chunk_merges: 6.
num_chunk_splits: 3002.
num_chunks_enlarged: 2303.
num_inconsistent_stats: 0.

CodeHeap 'non-profiled nmethods': size=120000Kb used=5359Kb max_used=5359Kb free=114640Kb
 bounds [0x000002592e540000, 0x000002592ea80000, 0x0000025935a70000]
CodeHeap 'profiled nmethods': size=120000Kb used=14968Kb max_used=14968Kb free=105031Kb
 bounds [0x0000025926a70000, 0x0000025927910000, 0x000002592dfa0000]
CodeHeap 'non-nmethods': size=5760Kb used=1710Kb max_used=1759Kb free=4049Kb
 bounds [0x000002592dfa0000, 0x000002592e210000, 0x000002592e540000]
 total_blobs=8650 nmethods=7915 adapters=638
 compilation: enabled
              stopped_count=0, restarted_count=0
 full_count=0

Compilation events (20 events):
Event: 65.395 Thread 0x000002593b352f50 9157       3       java.lang.invoke.MethodHandle::withVarargs (39 bytes)
Event: 65.395 Thread 0x000002593b352f50 nmethod 9157 0x0000025927909b10 code [0x0000025927909ce0, 0x000002592790a098]
Event: 65.395 Thread 0x000002593b352f50 9158       3       java.lang.invoke.MethodHandle::asVarargsCollector (40 bytes)
Event: 65.395 Thread 0x000002593b352f50 nmethod 9158 0x000002592790a210 code [0x000002592790a420, 0x000002592790aa08]
Event: 65.398 Thread 0x000002593b3524b0 nmethod 9146% 0x000002592ea74e90 code [0x000002592ea751c0, 0x000002592ea76b28]
Event: 65.398 Thread 0x000002593b3524b0 9149       4       org.springframework.beans.factory.support.AbstractBeanFactory::isFactoryBean (71 bytes)
Event: 65.435 Thread 0x000002593b3524b0 nmethod 9149 0x000002592ea77a90 code [0x000002592ea77ea0, 0x000002592ea79f20]
Event: 65.435 Thread 0x000002593b3524b0 9150   !   4       org.springframework.beans.factory.support.DefaultListableBeanFactory::doGetBeanNamesForType (527 bytes)
Event: 65.440 Thread 0x000002593b352f50 9159       3       java.util.concurrent.atomic.AtomicReference::<init> (10 bytes)
Event: 65.440 Thread 0x000002593b352f50 nmethod 9159 0x000002592790ac10 code [0x000002592790adc0, 0x000002592790af80]
Event: 65.444 Thread 0x000002593b352f50 9160       3       sun.reflect.generics.repository.ClassRepository::parse (8 bytes)
Event: 65.444 Thread 0x000002593b352f50 nmethod 9160 0x000002592790b010 code [0x000002592790b1e0, 0x000002592790b5a8]
Event: 65.444 Thread 0x000002593b352f50 9162       3       sun.reflect.generics.parser.SignatureParser::parseSuperInterfaces (51 bytes)
Event: 65.444 Thread 0x000002593b352f50 nmethod 9162 0x000002592790b710 code [0x000002592790b940, 0x000002592790c318]
Event: 65.444 Thread 0x000002593b352f50 9161       3       sun.reflect.generics.parser.SignatureParser::parseClassSig (10 bytes)
Event: 65.444 Thread 0x000002593b352f50 nmethod 9161 0x000002592790c610 code [0x000002592790c7c0, 0x000002592790c9c8]
Event: 65.444 Thread 0x000002593b352f50 9163       3       sun.reflect.generics.tree.ClassSignature::make (11 bytes)
Event: 65.444 Thread 0x000002593b352f50 nmethod 9163 0x000002592790ca90 code [0x000002592790cc40, 0x000002592790cf58]
Event: 65.445 Thread 0x000002593b352f50 9164       1       com.fasterxml.jackson.databind.JavaType::getRawClass (5 bytes)
Event: 65.445 Thread 0x000002593b352f50 nmethod 9164 0x000002592ea7b610 code [0x000002592ea7b7a0, 0x000002592ea7b868]

GC Heap History (20 events):
Event: 4.857 GC heap before
{Heap before GC invocations=14 (full 0):
 garbage-first heap   total 79872K, used 70315K [0x0000000082c00000, 0x0000000100000000)
  region size 1024K, 41 young (41984K), 4 survivors (4096K)
 Metaspace       used 69489K, committed 70144K, reserved 1114112K
  class space    used 9568K, committed 9856K, reserved 1048576K
}
Event: 4.861 GC heap after
{Heap after GC invocations=15 (full 0):
 garbage-first heap   total 79872K, used 34916K [0x0000000082c00000, 0x0000000100000000)
  region size 1024K, 6 young (6144K), 6 survivors (6144K)
 Metaspace       used 69489K, committed 70144K, reserved 1114112K
  class space    used 9568K, committed 9856K, reserved 1048576K
}
Event: 4.981 GC heap before
{Heap before GC invocations=15 (full 0):
 garbage-first heap   total 79872K, used 67684K [0x0000000082c00000, 0x0000000100000000)
  region size 1024K, 38 young (38912K), 6 survivors (6144K)
 Metaspace       used 70952K, committed 71552K, reserved 1114112K
  class space    used 9777K, committed 10048K, reserved 1048576K
}
Event: 4.985 GC heap after
{Heap after GC invocations=16 (full 0):
 garbage-first heap   total 79872K, used 35334K [0x0000000082c00000, 0x0000000100000000)
  region size 1024K, 4 young (4096K), 4 survivors (4096K)
 Metaspace       used 70952K, committed 71552K, reserved 1114112K
  class space    used 9777K, committed 10048K, reserved 1048576K
}
Event: 5.055 GC heap before
{Heap before GC invocations=16 (full 0):
 garbage-first heap   total 79872K, used 69126K [0x0000000082c00000, 0x0000000100000000)
  region size 1024K, 37 young (37888K), 4 survivors (4096K)
 Metaspace       used 71053K, committed 71744K, reserved 1114112K
  class space    used 9798K, committed 10112K, reserved 1048576K
}
Event: 5.057 GC heap after
{Heap after GC invocations=17 (full 0):
 garbage-first heap   total 79872K, used 36160K [0x0000000082c00000, 0x0000000100000000)
  region size 1024K, 2 young (2048K), 2 survivors (2048K)
 Metaspace       used 71053K, committed 71744K, reserved 1114112K
  class space    used 9798K, committed 10112K, reserved 1048576K
}
Event: 5.106 GC heap before
{Heap before GC invocations=18 (full 0):
 garbage-first heap   total 79872K, used 72000K [0x0000000082c00000, 0x0000000100000000)
  region size 1024K, 37 young (37888K), 2 survivors (2048K)
 Metaspace       used 71064K, committed 71808K, reserved 1114112K
  class space    used 9800K, committed 10112K, reserved 1048576K
}
Event: 5.110 GC heap after
{Heap after GC invocations=19 (full 0):
 garbage-first heap   total 80896K, used 42054K [0x0000000082c00000, 0x0000000100000000)
  region size 1024K, 5 young (5120K), 5 survivors (5120K)
 Metaspace       used 71064K, committed 71808K, reserved 1114112K
  class space    used 9800K, committed 10112K, reserved 1048576K
}
Event: 5.138 GC heap before
{Heap before GC invocations=19 (full 0):
 garbage-first heap   total 80896K, used 69702K [0x0000000082c00000, 0x0000000100000000)
  region size 1024K, 32 young (32768K), 5 survivors (5120K)
 Metaspace       used 71064K, committed 71808K, reserved 1114112K
  class space    used 9800K, committed 10112K, reserved 1048576K
}
Event: 5.146 GC heap after
{Heap after GC invocations=20 (full 0):
 garbage-first heap   total 123904K, used 50908K [0x0000000082c00000, 0x0000000100000000)
  region size 1024K, 4 young (4096K), 4 survivors (4096K)
 Metaspace       used 71064K, committed 71808K, reserved 1114112K
  class space    used 9800K, committed 10112K, reserved 1048576K
}
Event: 5.329 GC heap before
{Heap before GC invocations=20 (full 0):
 garbage-first heap   total 123904K, used 105180K [0x0000000082c00000, 0x0000000100000000)
  region size 1024K, 57 young (58368K), 4 survivors (4096K)
 Metaspace       used 71767K, committed 72384K, reserved 1114112K
  class space    used 9914K, committed 10176K, reserved 1048576K
}
Event: 5.333 GC heap after
{Heap after GC invocations=21 (full 0):
 garbage-first heap   total 123904K, used 54062K [0x0000000082c00000, 0x0000000100000000)
  region size 1024K, 8 young (8192K), 8 survivors (8192K)
 Metaspace       used 71767K, committed 72384K, reserved 1114112K
  class space    used 9914K, committed 10176K, reserved 1048576K
}
Event: 5.393 GC heap before
{Heap before GC invocations=21 (full 0):
 garbage-first heap   total 123904K, used 106286K [0x0000000082c00000, 0x0000000100000000)
  region size 1024K, 59 young (60416K), 8 survivors (8192K)
 Metaspace       used 71774K, committed 72384K, reserved 1114112K
  class space    used 9914K, committed 10176K, reserved 1048576K
}
Event: 5.400 GC heap after
{Heap after GC invocations=22 (full 0):
 garbage-first heap   total 123904K, used 59201K [0x0000000082c00000, 0x0000000100000000)
  region size 1024K, 8 young (8192K), 8 survivors (8192K)
 Metaspace       used 71774K, committed 72384K, reserved 1114112K
  class space    used 9914K, committed 10176K, reserved 1048576K
}
Event: 5.490 GC heap before
{Heap before GC invocations=22 (full 0):
 garbage-first heap   total 123904K, used 107329K [0x0000000082c00000, 0x0000000100000000)
  region size 1024K, 55 young (56320K), 8 survivors (8192K)
 Metaspace       used 71970K, committed 72704K, reserved 1114112K
  class space    used 9940K, committed 10240K, reserved 1048576K
}
Event: 5.493 GC heap after
{Heap after GC invocations=23 (full 0):
 garbage-first heap   total 123904K, used 56048K [0x0000000082c00000, 0x0000000100000000)
  region size 1024K, 2 young (2048K), 2 survivors (2048K)
 Metaspace       used 71970K, committed 72704K, reserved 1114112K
  class space    used 9940K, committed 10240K, reserved 1048576K
}
Event: 5.664 GC heap before
{Heap before GC invocations=24 (full 0):
 garbage-first heap   total 143360K, used 109296K [0x0000000082c00000, 0x0000000100000000)
  region size 1024K, 54 young (55296K), 2 survivors (2048K)
 Metaspace       used 72871K, committed 73600K, reserved 1114112K
  class space    used 10078K, committed 10432K, reserved 1048576K
}
Event: 5.666 GC heap after
{Heap after GC invocations=25 (full 0):
 garbage-first heap   total 143360K, used 56697K [0x0000000082c00000, 0x0000000100000000)
  region size 1024K, 3 young (3072K), 3 survivors (3072K)
 Metaspace       used 72871K, committed 73600K, reserved 1114112K
  class space    used 10078K, committed 10432K, reserved 1048576K
}
Event: 6.082 GC heap before
{Heap before GC invocations=25 (full 0):
 garbage-first heap   total 143360K, used 129401K [0x0000000082c00000, 0x0000000100000000)
  region size 1024K, 74 young (75776K), 3 survivors (3072K)
 Metaspace       used 75385K, committed 76096K, reserved 1179648K
  class space    used 10341K, committed 10688K, reserved 1048576K
}
Event: 6.089 GC heap after
{Heap after GC invocations=26 (full 0):
 garbage-first heap   total 286720K, used 59460K [0x0000000082c00000, 0x0000000100000000)
  region size 1024K, 6 young (6144K), 6 survivors (6144K)
 Metaspace       used 75385K, committed 76096K, reserved 1179648K
  class space    used 10341K, committed 10688K, reserved 1048576K
}

Dll operation events (12 events):
Event: 0.010 Loaded shared library C:\Program Files\Java\jdk-21\bin\java.dll
Event: 0.063 Loaded shared library C:\Program Files\Java\jdk-21\bin\jsvml.dll
Event: 0.144 Loaded shared library C:\Program Files\Java\jdk-21\bin\zip.dll
Event: 0.148 Loaded shared library C:\Program Files\Java\jdk-21\bin\instrument.dll
Event: 0.152 Loaded shared library C:\Program Files\Java\jdk-21\bin\net.dll
Event: 0.153 Loaded shared library C:\Program Files\Java\jdk-21\bin\nio.dll
Event: 0.155 Loaded shared library C:\Program Files\Java\jdk-21\bin\zip.dll
Event: 0.219 Loaded shared library C:\Program Files\Java\jdk-21\bin\extnet.dll
Event: 0.239 Loaded shared library C:\Program Files\Java\jdk-21\bin\jimage.dll
Event: 0.427 Loaded shared library C:\Program Files\Java\jdk-21\bin\management.dll
Event: 0.430 Loaded shared library C:\Program Files\Java\jdk-21\bin\management_ext.dll
Event: 1.273 Loaded shared library C:\Program Files\Java\jdk-21\bin\sunmscapi.dll

Deoptimization events (20 events):
Event: 6.475 Thread 0x000002597d2d1590 DEOPT PACKING pc=0x000002592ea3bae0 sp=0x00000096af3fe3a0
Event: 6.475 Thread 0x000002597d2d1590 DEOPT UNPACKING pc=0x000002592dff46a2 sp=0x00000096af3fe3c8 mode 2
Event: 6.475 Thread 0x000002597d2d1590 Uncommon trap: trap_request=0xffffffde fr.pc=0x000002592ea47120 relative=0x0000000000005f60
Event: 6.475 Thread 0x000002597d2d1590 Uncommon trap: reason=class_check action=maybe_recompile pc=0x000002592ea47120 method=org.springframework.core.ResolvableType.resolveType()Lorg/springframework/core/ResolvableType; @ 44 c2
Event: 6.475 Thread 0x000002597d2d1590 DEOPT PACKING pc=0x000002592ea47120 sp=0x00000096af3fe3f0
Event: 6.475 Thread 0x000002597d2d1590 DEOPT UNPACKING pc=0x000002592dff46a2 sp=0x00000096af3fe3a8 mode 2
Event: 8.474 Thread 0x000002597f63fb20 Uncommon trap: trap_request=0xffffff45 fr.pc=0x000002592e78bfa8 relative=0x0000000000000268
Event: 8.474 Thread 0x000002597f63fb20 Uncommon trap: reason=unstable_if action=reinterpret pc=0x000002592e78bfa8 method=java.util.concurrent.locks.ReentrantLock$Sync.lock()V @ 4 c2
Event: 8.474 Thread 0x000002597f63fb20 DEOPT PACKING pc=0x000002592e78bfa8 sp=0x00000096aefff2a0
Event: 8.474 Thread 0x000002597f63fb20 DEOPT UNPACKING pc=0x000002592dff46a2 sp=0x00000096aefff200 mode 2
Event: 65.380 Thread 0x0000025905c40ea0 DEOPT PACKING pc=0x0000025927207441 sp=0x00000096b06fe240
Event: 65.380 Thread 0x0000025905c40ea0 DEOPT UNPACKING pc=0x000002592dff4e42 sp=0x00000096b06fd7e0 mode 0
Event: 65.398 Thread 0x0000025905c40ea0 Uncommon trap: trap_request=0xffffff45 fr.pc=0x000002592e6f4d70 relative=0x0000000000000390
Event: 65.398 Thread 0x0000025905c40ea0 Uncommon trap: reason=unstable_if action=reinterpret pc=0x000002592e6f4d70 method=org.springframework.util.AntPathMatcher.skipSegment(Ljava/lang/String;ILjava/lang/String;)I @ 60 c2
Event: 65.398 Thread 0x0000025905c40ea0 DEOPT PACKING pc=0x000002592e6f4d70 sp=0x00000096b06fccd0
Event: 65.398 Thread 0x0000025905c40ea0 DEOPT UNPACKING pc=0x000002592dff46a2 sp=0x00000096b06fcc58 mode 2
Event: 65.414 Thread 0x0000025905c40ea0 Uncommon trap: trap_request=0xffffff45 fr.pc=0x000002592e598710 relative=0x0000000000000450
Event: 65.414 Thread 0x0000025905c40ea0 Uncommon trap: reason=unstable_if action=reinterpret pc=0x000002592e598710 method=java.util.IdentityHashMap.put(Ljava/lang/Object;Ljava/lang/Object;)Ljava/lang/Object; @ 38 c2
Event: 65.414 Thread 0x0000025905c40ea0 DEOPT PACKING pc=0x000002592e598710 sp=0x00000096b06fbfc0
Event: 65.414 Thread 0x0000025905c40ea0 DEOPT UNPACKING pc=0x000002592dff46a2 sp=0x00000096b06fbf50 mode 2

Classes loaded (20 events):
Event: 65.352 Loading class sun/nio/cs/ThreadLocalCoders
Event: 65.353 Loading class sun/nio/cs/ThreadLocalCoders done
Event: 65.353 Loading class sun/nio/cs/ThreadLocalCoders$1
Event: 65.353 Loading class sun/nio/cs/ThreadLocalCoders$Cache
Event: 65.353 Loading class sun/nio/cs/ThreadLocalCoders$Cache done
Event: 65.353 Loading class sun/nio/cs/ThreadLocalCoders$1 done
Event: 65.353 Loading class sun/nio/cs/ThreadLocalCoders$2
Event: 65.353 Loading class sun/nio/cs/ThreadLocalCoders$2 done
Event: 65.408 Loading class javax/crypto/SecretKey
Event: 65.408 Loading class javax/crypto/SecretKey done
Event: 65.409 Loading class javax/crypto/spec/SecretKeySpec
Event: 65.410 Loading class javax/crypto/spec/SecretKeySpec done
Event: 65.410 Loading class jdk/internal/access/JavaxCryptoSpecAccess
Event: 65.410 Loading class jdk/internal/access/JavaxCryptoSpecAccess done
Event: 65.417 Loading class java/util/zip/DeflaterOutputStream
Event: 65.418 Loading class java/util/zip/DeflaterOutputStream done
Event: 65.418 Loading class java/util/zip/GZIPInputStream
Event: 65.419 Loading class java/util/zip/GZIPInputStream done
Event: 65.420 Loading class java/util/zip/GZIPOutputStream
Event: 65.420 Loading class java/util/zip/GZIPOutputStream done

Classes unloaded (0 events):
No events

Classes redefined (0 events):
No events

Internal exceptions (20 events):
Event: 4.415 Thread 0x000002597d2d1590 Exception <a 'java/lang/IncompatibleClassChangeError'{0x0000000085962840}: Found class java.lang.Object, but interface was expected> (0x0000000085962840) 
thrown [s\open\src\hotspot\share\interpreter\linkResolver.cpp, line 840]
Event: 4.464 Thread 0x000002597d2d1590 Exception <a 'java/lang/IncompatibleClassChangeError'{0x0000000085504d40}: Found class java.lang.Object, but interface was expected> (0x0000000085504d40) 
thrown [s\open\src\hotspot\share\interpreter\linkResolver.cpp, line 840]
Event: 4.529 Thread 0x000002597d2d1590 Exception <a 'java/lang/IncompatibleClassChangeError'{0x0000000084fe0968}: Found class java.lang.Object, but interface was expected> (0x0000000084fe0968) 
thrown [s\open\src\hotspot\share\interpreter\linkResolver.cpp, line 840]
Event: 4.529 Thread 0x000002597d2d1590 Exception <a 'java/lang/IncompatibleClassChangeError'{0x0000000084fe6100}: Found class java.lang.Object, but interface was expected> (0x0000000084fe6100) 
thrown [s\open\src\hotspot\share\interpreter\linkResolver.cpp, line 840]
Event: 5.214 Thread 0x000002597d2d1590 Exception <a 'java/lang/NoSuchMethodError'{0x0000000088620aa8}: 'long java.lang.invoke.DirectMethodHandle$Holder.invokeVirtual(java.lang.Object, java.lang.Object)'> (0x0000000088620aa8) 
thrown [s\open\src\hotspot\share\interpreter\linkResolver.cpp, line 773]
Event: 5.217 Thread 0x000002597d2d1590 Exception <a 'java/io/FileNotFoundException'{0x0000000088648380}> (0x0000000088648380) 
thrown [s\open\src\hotspot\share\prims\jni.cpp, line 520]
Event: 5.237 Thread 0x000002597d2d1590 Exception <a 'java/lang/NoSuchMethodError'{0x0000000088425b88}: 'void java.lang.invoke.DirectMethodHandle$Holder.invokeVirtual(java.lang.Object, java.lang.Object, long)'> (0x0000000088425b88) 
thrown [s\open\src\hotspot\share\interpreter\linkResolver.cpp, line 773]
Event: 5.566 Thread 0x000002597d2d1590 Exception <a 'java/lang/NoSuchMethodError'{0x000000008acbe0b0}: 'int java.lang.invoke.DirectMethodHandle$Holder.invokeStaticInit(java.lang.Object, int, java.lang.Object, java.lang.Object, java.lang.Object, java.lang.Object)'> (0x000000008acbe0b0) 
thrown [s\open\src\hotspot\share\interpreter\linkResolver.cpp, line 773]
Event: 5.805 Thread 0x000002597d2d1590 Exception <a 'sun/nio/fs/WindowsException'{0x00000000884cb620}> (0x00000000884cb620) 
thrown [s\open\src\hotspot\share\prims\jni.cpp, line 520]
Event: 5.870 Thread 0x000002597d2d1590 Exception <a 'java/lang/NoSuchMethodError'{0x00000000878778a0}: 'java.lang.Object java.lang.invoke.DirectMethodHandle$Holder.newInvokeSpecial(java.lang.Object, java.lang.Object, java.lang.Object, java.lang.Object, java.lang.Object, java.lang.Object, java.lang.Object, java.lang.Object)'> (0x00000000878778a0) 
thrown [s\open\src\hotspot\share\interpreter\linkResolver.cpp, line 773]
Event: 6.078 Thread 0x000002597d2d1590 Exception <a 'java/lang/IncompatibleClassChangeError'{0x000000008668d1f8}: Found class java.lang.Object, but interface was expected> (0x000000008668d1f8) 
thrown [s\open\src\hotspot\share\interpreter\linkResolver.cpp, line 840]
Event: 6.274 Thread 0x000002597d2d1590 Exception <a 'java/lang/NoSuchMethodError'{0x0000000092cd7bc0}: 'java.lang.Object java.lang.invoke.DirectMethodHandle$Holder.invokeInterface(java.lang.Object, java.lang.Object, java.lang.Object, java.lang.Object)'> (0x0000000092cd7bc0) 
thrown [s\open\src\hotspot\share\interpreter\linkResolver.cpp, line 773]
Event: 6.330 Thread 0x000002597d2d1590 Exception <a 'java/lang/NoSuchMethodError'{0x00000000927a0a38}: 'int java.lang.invoke.DirectMethodHandle$Holder.invokeStaticInit(java.lang.Object, java.lang.Object, java.lang.Object, java.lang.Object)'> (0x00000000927a0a38) 
thrown [s\open\src\hotspot\share\interpreter\linkResolver.cpp, line 773]
Event: 6.366 Thread 0x000002597d2d1590 Exception <a 'java/lang/IncompatibleClassChangeError'{0x0000000092499ff8}: Found class java.lang.Object, but interface was expected> (0x0000000092499ff8) 
thrown [s\open\src\hotspot\share\interpreter\linkResolver.cpp, line 840]
Event: 6.397 Thread 0x000002597d2d1590 Exception <a 'java/lang/NoSuchMethodError'{0x00000000920ca400}: 'java.lang.Object java.lang.invoke.Invokers$Holder.invoke_MT(java.lang.Object, java.lang.Object, java.lang.Object, java.lang.Object, java.lang.Object, java.lang.Object, java.lang.Object, java.lang.Object, java.lang.Object, java.lang.Object, java.lang.Object)'> (0x00000000920ca400) 
thrown [s\open\src\hotspot\share\interpreter\linkResolver.cpp, line 773]
Event: 6.454 Thread 0x000002597d2d1590 Exception <a 'java/lang/NoSuchMethodError'{0x000000009193c198}: 'java.lang.Object java.lang.invoke.DirectMethodHandle$Holder.newInvokeSpecial(java.lang.Object, java.lang.Object, int, java.lang.Object, java.lang.Object)'> (0x000000009193c198) 
thrown [s\open\src\hotspot\share\interpreter\linkResolver.cpp, line 773]
Event: 65.312 Thread 0x0000025905c3f460 Exception <a 'java/lang/NoSuchMethodError'{0x00000000913a3818}: 'java.lang.Object java.lang.invoke.DirectMethodHandle$Holder.invokeStatic(java.lang.Object, java.lang.Object, java.lang.Object, int, int)'> (0x00000000913a3818) 
thrown [s\open\src\hotspot\share\interpreter\linkResolver.cpp, line 773]
Event: 65.312 Thread 0x0000025905c3f460 Exception <a 'java/lang/NoSuchMethodError'{0x00000000913a6f80}: 'java.lang.Object java.lang.invoke.DirectMethodHandle$Holder.invokeStaticInit(java.lang.Object, java.lang.Object, java.lang.Object, int, int)'> (0x00000000913a6f80) 
thrown [s\open\src\hotspot\share\interpreter\linkResolver.cpp, line 773]
Event: 65.347 Thread 0x0000025905c40ea0 Exception <a 'java/lang/NoSuchMethodError'{0x000000009059dd48}: 'java.lang.Object java.lang.invoke.DirectMethodHandle$Holder.invokeSpecial(java.lang.Object, java.lang.Object, java.lang.Object, java.lang.Object, java.lang.Object, long)'> (0x000000009059dd48) 
thrown [s\open\src\hotspot\share\interpreter\linkResolver.cpp, line 773]
Event: 65.347 Thread 0x0000025905c40ea0 Exception <a 'java/lang/NoSuchMethodError'{0x00000000905a14d0}: 'java.lang.Object java.lang.invoke.Invokers$Holder.linkToTargetMethod(java.lang.Object, java.lang.Object, java.lang.Object, long, java.lang.Object)'> (0x00000000905a14d0) 
thrown [s\open\src\hotspot\share\interpreter\linkResolver.cpp, line 773]

ZGC Phase Switch (0 events):
No events

VM Operations (20 events):
Event: 19.524 Executing VM operation: Cleanup
Event: 19.524 Executing VM operation: Cleanup done
Event: 23.570 Executing VM operation: Cleanup
Event: 23.570 Executing VM operation: Cleanup done
Event: 27.600 Executing VM operation: Cleanup
Event: 27.600 Executing VM operation: Cleanup done
Event: 58.815 Executing VM operation: Cleanup
Event: 58.815 Executing VM operation: Cleanup done
Event: 60.245 Executing VM operation: HandshakeAllThreads (HandshakeForDeflation)
Event: 60.245 Executing VM operation: HandshakeAllThreads (HandshakeForDeflation) done
Event: 60.246 Executing VM operation: RendezvousGCThreads
Event: 60.246 Executing VM operation: RendezvousGCThreads done
Event: 65.314 Executing VM operation: HandshakeAllThreads (Deoptimize)
Event: 65.314 Executing VM operation: HandshakeAllThreads (Deoptimize) done
Event: 65.314 Executing VM operation: Cleanup
Event: 65.314 Executing VM operation: Cleanup done
Event: 65.366 Executing VM operation: HandshakeAllThreads (Deoptimize)
Event: 65.366 Executing VM operation: HandshakeAllThreads (Deoptimize) done
Event: 65.432 Executing VM operation: HandshakeAllThreads (Deoptimize)
Event: 65.432 Executing VM operation: HandshakeAllThreads (Deoptimize) done

Events (20 events):
Event: 6.444 Thread 0x0000025905c3a5a0 Thread exited: 0x0000025905c3a5a0
Event: 6.444 Thread 0x0000025905c3e740 Thread added: 0x0000025905c3e740
Event: 6.459 Thread 0x0000025905c40ea0 Thread added: 0x0000025905c40ea0
Event: 6.459 Thread 0x0000025905c3b950 Thread added: 0x0000025905c3b950
Event: 6.459 Thread 0x0000025905c41530 Thread added: 0x0000025905c41530
Event: 6.459 Thread 0x0000025905c3a5a0 Thread added: 0x0000025905c3a5a0
Event: 6.459 Thread 0x0000025905c3bfe0 Thread added: 0x0000025905c3bfe0
Event: 6.459 Thread 0x0000025905c3e0b0 Thread added: 0x0000025905c3e0b0
Event: 6.459 Thread 0x0000025905c3c670 Thread added: 0x0000025905c3c670
Event: 6.459 Thread 0x0000025905c3da20 Thread added: 0x0000025905c3da20
Event: 6.459 Thread 0x0000025905c3b2c0 Thread added: 0x0000025905c3b2c0
Event: 6.459 Thread 0x0000025905c3cd00 Thread added: 0x0000025905c3cd00
Event: 6.465 Thread 0x0000025905c3edd0 Thread added: 0x0000025905c3edd0
Event: 6.466 Thread 0x0000025905c3f460 Thread added: 0x0000025905c3f460
Event: 6.477 Thread 0x000002597d2d1590 Thread exited: 0x000002597d2d1590
Event: 6.478 Thread 0x000002597d436fa0 Thread exited: 0x000002597d436fa0
Event: 6.478 Thread 0x000002591e5c9d80 Thread exited: 0x000002591e5c9d80
Event: 6.478 Thread 0x0000025905c3faf0 Thread added: 0x0000025905c3faf0
Event: 7.046 Thread 0x00000259041e66c0 Thread exited: 0x00000259041e66c0
Event: 8.286 Thread 0x0000025904b8c530 Thread exited: 0x0000025904b8c530


Dynamic libraries:
0x00007ff626b50000 - 0x00007ff626b60000 	C:\Program Files\Java\jdk-21\bin\java.exe
0x00007ff848eb0000 - 0x00007ff8490a8000 	C:\Windows\SYSTEM32\ntdll.dll
0x00007ff848cd0000 - 0x00007ff848d92000 	C:\Windows\System32\KERNEL32.DLL
0x00007ff8467a0000 - 0x00007ff846a96000 	C:\Windows\System32\KERNELBASE.dll
0x00007ff846aa0000 - 0x00007ff846ba0000 	C:\Windows\System32\ucrtbase.dll
0x00007ff842550000 - 0x00007ff84256b000 	C:\Program Files\Java\jdk-21\bin\VCRUNTIME140.dll
0x00007ff842530000 - 0x00007ff842549000 	C:\Program Files\Java\jdk-21\bin\jli.dll
0x00007ff847c90000 - 0x00007ff847d41000 	C:\Windows\System32\ADVAPI32.dll
0x00007ff847b20000 - 0x00007ff847bbe000 	C:\Windows\System32\msvcrt.dll
0x00007ff847980000 - 0x00007ff847a1f000 	C:\Windows\System32\sechost.dll
0x00007ff847080000 - 0x00007ff8471a3000 	C:\Windows\System32\RPCRT4.dll
0x00007ff846d60000 - 0x00007ff846d87000 	C:\Windows\System32\bcrypt.dll
0x00007ff846ee0000 - 0x00007ff84707d000 	C:\Windows\System32\USER32.dll
0x00007ff846ea0000 - 0x00007ff846ec2000 	C:\Windows\System32\win32u.dll
0x00007ff833390000 - 0x00007ff83362a000 	C:\Windows\WinSxS\amd64_microsoft.windows.common-controls_6595b64144ccf1df_6.0.19041.5915_none_60b4b9d171f9c7c7\COMCTL32.dll
0x00007ff847370000 - 0x00007ff84739b000 	C:\Windows\System32\GDI32.dll
0x00007ff846c40000 - 0x00007ff846d59000 	C:\Windows\System32\gdi32full.dll
0x00007ff846ba0000 - 0x00007ff846c3d000 	C:\Windows\System32\msvcp_win.dll
0x00007ff833c10000 - 0x00007ff833c1a000 	C:\Windows\SYSTEM32\VERSION.dll
0x00007ff847a90000 - 0x00007ff847abf000 	C:\Windows\System32\IMM32.DLL
0x00007ff843bb0000 - 0x00007ff843bbc000 	C:\Program Files\Java\jdk-21\bin\vcruntime140_1.dll
0x00007ff82cf70000 - 0x00007ff82cffe000 	C:\Program Files\Java\jdk-21\bin\msvcp140.dll
0x00007fffd4e30000 - 0x00007fffd5b4d000 	C:\Program Files\Java\jdk-21\bin\server\jvm.dll
0x00007ff8480b0000 - 0x00007ff84811b000 	C:\Windows\System32\WS2_32.dll
0x00007ff845ad0000 - 0x00007ff845b1b000 	C:\Windows\SYSTEM32\POWRPROF.dll
0x00007ff833bc0000 - 0x00007ff833be7000 	C:\Windows\SYSTEM32\WINMM.dll
0x00007ff845940000 - 0x00007ff845952000 	C:\Windows\SYSTEM32\UMPDC.dll
0x00007ff8443c0000 - 0x00007ff8443d2000 	C:\Windows\SYSTEM32\kernel.appcore.dll
0x00007ff842520000 - 0x00007ff84252a000 	C:\Program Files\Java\jdk-21\bin\jimage.dll
0x00007ff833db0000 - 0x00007ff833fb1000 	C:\Windows\SYSTEM32\DBGHELP.DLL
0x00007ff831cd0000 - 0x00007ff831d04000 	C:\Windows\SYSTEM32\dbgcore.DLL
0x00007ff846e10000 - 0x00007ff846e92000 	C:\Windows\System32\bcryptPrimitives.dll
0x00007ff842510000 - 0x00007ff84251f000 	C:\Program Files\Java\jdk-21\bin\instrument.dll
0x00007ff835ad0000 - 0x00007ff835aef000 	C:\Program Files\Java\jdk-21\bin\java.dll
0x00007ff848390000 - 0x00007ff848afe000 	C:\Windows\System32\SHELL32.dll
0x00007ff8445c0000 - 0x00007ff844d64000 	C:\Windows\SYSTEM32\windows.storage.dll
0x00007ff847d50000 - 0x00007ff8480a3000 	C:\Windows\System32\combase.dll
0x00007ff845f70000 - 0x00007ff845f9b000 	C:\Windows\SYSTEM32\Wldp.dll
0x00007ff847bc0000 - 0x00007ff847c8d000 	C:\Windows\System32\OLEAUT32.dll
0x00007ff848c20000 - 0x00007ff848ccd000 	C:\Windows\System32\SHCORE.dll
0x00007ff847ac0000 - 0x00007ff847b1b000 	C:\Windows\System32\shlwapi.dll
0x00007ff846470000 - 0x00007ff846494000 	C:\Windows\SYSTEM32\profapi.dll
0x00007ff82ce90000 - 0x00007ff82cf67000 	C:\Program Files\Java\jdk-21\bin\jsvml.dll
0x00007ff835900000 - 0x00007ff835918000 	C:\Program Files\Java\jdk-21\bin\zip.dll
0x00007ff83f6d0000 - 0x00007ff83f6e0000 	C:\Program Files\Java\jdk-21\bin\net.dll
0x00007ff83fc50000 - 0x00007ff83fd5a000 	C:\Windows\SYSTEM32\WINHTTP.dll
0x00007ff845cd0000 - 0x00007ff845d3a000 	C:\Windows\system32\mswsock.dll
0x00007ff835990000 - 0x00007ff8359a6000 	C:\Program Files\Java\jdk-21\bin\nio.dll
0x00007ff83f600000 - 0x00007ff83f609000 	C:\Program Files\Java\jdk-21\bin\extnet.dll
0x00007ff8358f0000 - 0x00007ff8358fa000 	C:\Program Files\Java\jdk-21\bin\management.dll
0x00007ff8358e0000 - 0x00007ff8358eb000 	C:\Program Files\Java\jdk-21\bin\management_ext.dll
0x00007ff846ed0000 - 0x00007ff846ed8000 	C:\Windows\System32\PSAPI.DLL
0x00007ff835980000 - 0x00007ff83598e000 	C:\Program Files\Java\jdk-21\bin\sunmscapi.dll
0x00007ff846640000 - 0x00007ff84679d000 	C:\Windows\System32\CRYPT32.dll
0x00007ff845fe0000 - 0x00007ff846007000 	C:\Windows\SYSTEM32\ncrypt.dll
0x00007ff845fa0000 - 0x00007ff845fdb000 	C:\Windows\SYSTEM32\NTASN1.dll
0x00007ff845ed0000 - 0x00007ff845ee8000 	C:\Windows\SYSTEM32\CRYPTSP.dll
0x00007ff845580000 - 0x00007ff8455b8000 	C:\Windows\system32\rsaenh.dll
0x00007ff846430000 - 0x00007ff84645e000 	C:\Windows\SYSTEM32\USERENV.dll
0x00007ff845ec0000 - 0x00007ff845ecc000 	C:\Windows\SYSTEM32\CRYPTBASE.dll
0x00007ff845960000 - 0x00007ff84599b000 	C:\Windows\SYSTEM32\IPHLPAPI.DLL
0x00007ff8471b0000 - 0x00007ff8471b8000 	C:\Windows\System32\NSI.dll
0x00007ff8459a0000 - 0x00007ff845a6a000 	C:\Windows\SYSTEM32\DNSAPI.dll
0x00007ff840b20000 - 0x00007ff840b2a000 	C:\Windows\System32\rasadhlp.dll
0x00007ff835d40000 - 0x00007ff835dc0000 	C:\Windows\System32\fwpuclnt.dll
0x00007ff82fb50000 - 0x00007ff82fb57000 	C:\Windows\system32\wshunix.dll

dbghelp: loaded successfully - version: 4.0.5 - missing functions: none
symbol engine: initialized successfully - sym options: 0x614 - pdb path: .;C:\Program Files\Java\jdk-21\bin;C:\Windows\SYSTEM32;C:\Windows\WinSxS\amd64_microsoft.windows.common-controls_6595b64144ccf1df_6.0.19041.5915_none_60b4b9d171f9c7c7;C:\Program Files\Java\jdk-21\bin\server

VM Arguments:
jvm_args: -javaagent:C:\Program Files\JetBrains\IntelliJ IDEA Community Edition 2025.2.4\lib\idea_rt.jar=54750 -Dfile.encoding=UTF-8 -Dsun.stdout.encoding=UTF-8 -Dsun.stderr.encoding=UTF-8 
java_command: com.techroom.roommanagement.RoomManagementSystemApplication
java_class_path (initial): D:\RMS\RoomManagementSystem\backend\target\classes;C:\Users\Administrator\.m2\repository\org\springframework\boot\spring-boot-starter-data-jpa\3.5.7\spring-boot-starter-data-jpa-3.5.7.jar;C:\Users\Administrator\.m2\repository\org\springframework\boot\spring-boot-starter\3.5.7\spring-boot-starter-3.5.7.jar;C:\Users\Administrator\.m2\repository\org\springframework\boot\spring-boot-starter-logging\3.5.7\spring-boot-starter-logging-3.5.7.jar;C:\Users\Administrator\.m2\repository\ch\qos\logback\logback-classic\1.5.20\logback-classic-1.5.20.jar;C:\Users\Administrator\.m2\repository\ch\qos\logback\logback-core\1.5.20\logback-core-1.5.20.jar;C:\Users\Administrator\.m2\repository\org\apache\logging\log4j\log4j-to-slf4j\2.24.3\log4j-to-slf4j-2.24.3.jar;C:\Users\Administrator\.m2\repository\org\apache\logging\log4j\log4j-api\2.24.3\log4j-api-2.24.3.jar;C:\Users\Administrator\.m2\repository\org\slf4j\jul-to-slf4j\2.0.17\jul-to-slf4j-2.0.17.jar;C:\Users\Administrator\.m2\repository\jakarta\annotation\jakarta.annotation-api\2.1.1\jakarta.annotation-api-2.1.1.jar;C:\Users\Administrator\.m2\repository\org\yaml\snakeyaml\2.4\snakeyaml-2.4.jar;C:\Users\Administrator\.m2\repository\org\springframework\boot\spring-boot-starter-jdbc\3.5.7\spring-boot-starter-jdbc-3.5.7.jar;C:\Users\Administrator\.m2\repository\com\zaxxer\HikariCP\6.3.3\HikariCP-6.3.3.jar;C:\Users\Administrator\.m2\repository\org\springframework\spring-jdbc\6.2.12\spring-jdbc-6.2.12.jar;C:\Users\Administrator\.m2\repository\org\hibernate\orm\hibernate-core\6.6.33.Final\hibernate-core-6.6.33.Final.jar;C:\Users\Administrator\.m2\repository\jakarta\persistence\jakarta.persistence-api\3.1.0\jakarta.persistence-api-3.1.0.jar;C:\Users\Administrator\.m2\repository\org\jboss\logging\jboss-logging\3.6.1.Final\jboss-logging-3.6.1.Final.jar;C:\Users\Administrator\.m2\repository\org\hibernate\common\hibernate-commons-annotations\7.0.3.Final\hibernate-commons-annotations-7.0.3.Final.jar;C:\Users\Administrator\.m2\repository\io\smallrye\jandex\3.2.0\jandex-3.2.0.jar;C:\Users\Administrator\.m2\repository\com\fasterxml\classmate\1.7.1\classmate-1.7.1.jar;C:\Users\Administrator\.m2\repository\net\bytebuddy\byte-buddy\1.17.8\byte-buddy-1.17.8.jar;C:\Users\Administrator\.m2\repository\org\glassfish\jaxb\jaxb-runtime\4.0.6\jaxb-runtime-4.0.6.jar;C:\Users\Administrator\.m2\repository\org\glassfish\jaxb\jaxb-core\4.0.6\jaxb-core-4.0.6.jar;C:\Users\Administrator\.m2\repository\org\eclipse\angus\angus-activation\2.0.3\angus-activation-2.0.3.jar;C:\Users\Administrator\.m2\repository\org\glassfish\jaxb\txw2\4.0.6\txw2-4.0.6.jar;C:\Users\Administrator\.m2\repository\com\sun\istack\istack-commons-runtime\4.1.2\istack-commons-runtime-4.1.2.jar;C:\Users\Administrator\.m2\repository\jakarta\inject\jakarta.inject-api\2.0.1\jakarta.inject-api-2.0.1.jar;C:\Users\Administrator\.m2\repository\org\antlr\antlr4-runtime\4.13.0\antlr4-runtime-4.13.0.jar;C:\Users\Administrator\.m2\repository\org\springframework\data\spring-data-jpa\3.5.5\spring-data-jpa-3.5.5.jar;C:\Users\Administrator\.m2\repository\org\springframework\data\spring-data-commons\3.5.5\spring-data-commons-3.5.5.jar;C:\Users\Administrator\.m2\repository\org\springframework\spring-orm\6.2.12\spring-orm-6.2.12.jar;C:\Users\Administrator\.m2\repository\org\springframework\spring-context\6.2.12\spring-context-6.2.12.jar;C:\Users\Administrator\.m2\repository\org\springframework\spring-tx\6.2.12\spring-tx-6.2.12.jar;C:\Users\Administrator\.m2\repository\org\springframework\spring-beans\6.2.12\spring-beans-6.2.12.jar;C:\Users\Administrator\.m2\repository\org\slf4j\slf4j-api\2.0.17\slf4j-api-2.0.17.jar;C:\Users\Administrator\.m2\repository\org\springframework\spring-aspects\6.2.12\spring-aspects-6.2.12.jar;C:\Users\Administrator\.m2\repository\org\aspectj\aspectjweaver\1.9.24\aspectjweaver-1.9.24.jar;C:\Users\Administrator\.m2\repository\org\springframework\boot\spring-boot-starter-web\3.5.7\spring-boot-starter-web-3.5.7.jar;C:\Users\Administrator\.m2\repository\org\springframework\boot\spring-boot-starter-json\3.5.7\spring-boot-starter-json-3.5.7.jar;C:\Users\Administrator\.m2\repository\com\fasterxml\jackson\datatype\jackson-datatype-jdk8\2.19.2\jackson-datatype-jdk8-2.19.2.jar;C:\Users\Administrator\.m2\repository\com\fasterxml\jackson\datatype\jackson-datatype-jsr310\2.19.2\jackson-datatype-jsr310-2.19.2.jar;C:\Users\Administrator\.m2\repository\com\fasterxml\jackson\module\jackson-module-parameter-names\2.19.2\jackson-module-parameter-names-2.19.2.jar;C:\Users\Administrator\.m2\repository\org\springframework\boot\spring-boot-starter-tomcat\3.5.7\spring-boot-starter-tomcat-3.5.7.jar;C:\Users\Administrator\.m2\repository\org\apache\tomcat\embed\tomcat-embed-core\10.1.48\tomcat-embed-core-10.1.48.jar;C:\Users\Administrator\.m2\repository\org\apache\tomcat\embed\tomcat-embed-websocket\10.1.48\tomcat-embed-websocket-10.1.48.jar;C:\Users\Administrator\.m2\repository\org\springframework\spring-web\6.2.12\spring-web-6.2.12.jar;C:\Users\Administrator\.m2\repository\io\micrometer\micrometer-observation\1.15.5\micrometer-observation-1.15.5.jar;C:\Users\Administrator\.m2\repository\io\micrometer\micrometer-commons\1.15.5\micrometer-commons-1.15.5.jar;C:\Users\Administrator\.m2\repository\org\springframework\spring-webmvc\6.2.12\spring-webmvc-6.2.12.jar;C:\Users\Administrator\.m2\repository\org\springframework\spring-expression\6.2.12\spring-expression-6.2.12.jar;C:\Users\Administrator\.m2\repository\org\springframework\boot\spring-boot-starter-validation\3.5.7\spring-boot-starter-validation-3.5.7.jar;C:\Users\Administrator\.m2\repository\org\apache\tomcat\embed\tomcat-embed-el\10.1.48\tomcat-embed-el-10.1.48.jar;C:\Users\Administrator\.m2\repository\org\hibernate\validator\hibernate-validator\8.0.3.Final\hibernate-validator-8.0.3.Final.jar;C:\Users\Administrator\.m2\repository\jakarta\validation\jakarta.validation-api\3.0.2\jakarta.validation-api-3.0.2.jar;C:\Users\Administrator\.m2\repository\org\springframework\boot\spring-boot-devtools\3.5.7\spring-boot-devtools-3.5.7.jar;C:\Users\Administrator\.m2\repository\org\springframework\boot\spring-boot\3.5.7\spring-boot-3.5.7.jar;C:\Users\Administrator\.m2\repository\org\springframework\boot\spring-boot-autoconfigure\3.5.7\spring-boot-autoconfigure-3.5.7.jar;C:\Users\Administrator\.m2\repository\com\mysql\mysql-connector-j\9.4.0\mysql-connector-j-9.4.0.jar;C:\Users\Administrator\.m2\repository\org\projectlombok\lombok\1.18.42\lombok-1.18.42.jar;C:\Users\Administrator\.m2\repository\jakarta\xml\bind\jakarta.xml.bind-api\4.0.4\jakarta.xml.bind-api-4.0.4.jar;C:\Users\Administrator\.m2\repository\jakarta\activation\jakarta.activation-api\2.1.4\jakarta.activation-api-2.1.4.jar;C:\Users\Administrator\.m2\repository\org\springframework\spring-core\6.2.12\spring-core-6.2.12.jar;C:\Users\Administrator\.m2\repository\org\springframework\spring-jcl\6.2.12\spring-jcl-6.2.12.jar;C:\Users\Administrator\.m2\repository\org\springframework\boot\spring-boot-starter-security\3.5.7\spring-boot-starter-security-3.5.7.jar;C:\Users\Administrator\.m2\repository\org\springframework\spring-aop\6.2.12\spring-aop-6.2.12.jar;C:\Users\Administrator\.m2\repository\org\springframework\security\spring-security-config\6.5.6\spring-security-config-6.5.6.jar;C:\Users\Administrator\.m2\repository\org\springframework\security\spring-security-core\6.5.6\spring-security-core-6.5.6.jar;C:\Users\Administrator\.m2\repository\org\springframework\security\spring-security-crypto\6.5.6\spring-security-crypto-6.5.6.jar;C:\Users\Administrator\.m2\repository\org\springframework\security\spring-security-web\6.5.6\spring-security-web-6.5.6.jar;C:\Users\Administrator\.m2\repository\io\jsonwebtoken\jjwt-api\0.11.5\jjwt-api-0.11.5.jar;C:\Users\Administrator\.m2\repository\io\jsonwebtoken\jjwt-impl\0.11.5\jjwt-impl-0.11.5.jar;C:\Users\Administrator\.m2\repository\io\jsonwebtoken\jjwt-jackson\0.11.5\jjwt-jackson-0.11.5.jar;C:\Users\Administrator\.m2\repository\com\fasterxml\jackson\core\jackson-databind\2.19.2\jackson-databind-2.19.2.jar;C:\Users\Administrator\.m2\repository\com\fasterxml\jackson\core\jackson-annotations\2.19.2\jackson-annotations-2.19.2.jar;C:\Users\Administrator\.m2\repository\com\fasterxml\jackson\core\jackson-core\2.19.2\jackson-core-2.19.2.jar;C:\Users\Administrator\.m2\repository\jakarta\transaction\jakarta.transaction-api\2.0.1\jakarta.transaction-api-2.0.1.jar
Launcher Type: SUN_STANDARD

[Global flags]
     intx CICompilerCount                          = 4                                         {product} {ergonomic}
     uint ConcGCThreads                            = 3                                         {product} {ergonomic}
     uint G1ConcRefinementThreads                  = 10                                        {product} {ergonomic}
   size_t G1HeapRegionSize                         = 1048576                                   {product} {ergonomic}
    uintx GCDrainStackTargetSize                   = 64                                        {product} {ergonomic}
   size_t InitialHeapSize                          = 132120576                                 {product} {ergonomic}
   size_t MarkStackSize                            = 4194304                                   {product} {ergonomic}
   size_t MaxHeapSize                              = 2101346304                                {product} {ergonomic}
   size_t MaxNewSize                               = 1260388352                                {product} {ergonomic}
   size_t MinHeapDeltaBytes                        = 1048576                                   {product} {ergonomic}
   size_t MinHeapSize                              = 8388608                                   {product} {ergonomic}
    uintx NonNMethodCodeHeapSize                   = 5839372                                {pd product} {ergonomic}
    uintx NonProfiledCodeHeapSize                  = 122909434                              {pd product} {ergonomic}
    uintx ProfiledCodeHeapSize                     = 122909434                              {pd product} {ergonomic}
    uintx ReservedCodeCacheSize                    = 251658240                              {pd product} {ergonomic}
     bool SegmentedCodeCache                       = true                                      {product} {ergonomic}
   size_t SoftMaxHeapSize                          = 2101346304                             {manageable} {ergonomic}
     bool UseCompressedOops                        = true                           {product lp64_product} {ergonomic}
     bool UseG1GC                                  = true                                      {product} {ergonomic}
     bool UseLargePagesIndividualAllocation        = false                                  {pd product} {ergonomic}

Logging:
Log output configuration:
 #0: stdout all=warning uptime,level,tags foldmultilines=false
 #1: stderr all=off uptime,level,tags foldmultilines=false

Environment Variables:
JAVA_HOME=C:\Program Files\Java\jdk-21
PATH=C:\Windows\system32;C:\Windows;C:\Windows\System32\Wbem;C:\Windows\System32\WindowsPowerShell\v1.0\;C:\Windows\System32\OpenSSH\;C:\Program Files (x86)\mingw-w64\i686-8.1.0-posix-dwarf-rt_v6-rev0\mingw32\bin;C:\Program Files\Microsoft SQL Server\Client SDK\ODBC\170\Tools\Binn\;C:\Program Files (x86)\Microsoft SQL Server\160\Tools\Binn\;C:\Program Files\Microsoft SQL Server\160\Tools\Binn\;C:\Program Files\Microsoft SQL Server\160\DTS\Binn\;C:\Program Files\MySQL\MySQL Server 5.7\bin;C:\Graphviz-12.2.1-win64\bin;C:\Program Files (x86)\Microsoft SQL Server\160\DTS\Binn\;C:\Program Files\Git\cmd;D:\flutter\flutter\bin;C:\Program Files\nodejs\;C:\Program Files\Java\jdk-21\bin;C:\apache-maven-3.9.11\bin;C:\Users\Administrator\AppData\Local\Microsoft\WindowsApps;C:\Users\Administrator\AppData\Local\Programs\Microsoft VS Code\bin;C:\Program Files\MySQL\MySQL Server 5.7\bin;C:\Users\Administrator\AppData\Roaming\npm;C:\Program Files\JetBrains\IntelliJ IDEA Community Edition 2025.2.4\bin
USERNAME=MSI
OS=Windows_NT
PROCESSOR_IDENTIFIER=Intel64 Family 6 Model 165 Stepping 2, GenuineIntel
TMP=C:\Users\ADMINI~1\AppData\Local\Temp
TEMP=C:\Users\ADMINI~1\AppData\Local\Temp




Periodic native trim disabled

---------------  S Y S T E M  ---------------

OS:
 Windows 10 , 64 bit Build 19041 (10.0.19041.5915)
OS uptime: 0 days 4:37 hours

CPU: total 12 (initial active 12) (6 cores per cpu, 2 threads per core) family 6 model 165 stepping 2 microcode 0xe2, cx8, cmov, fxsr, ht, mmx, 3dnowpref, sse, sse2, sse3, ssse3, sse4.1, sse4.2, popcnt, lzcnt, tsc, tscinvbit, avx, avx2, aes, erms, clmul, bmi1, bmi2, adx, fma, vzeroupper, clflush, clflushopt, rdtscp, f16c, pku
Processor Information for all 12 processors :
  Max Mhz: 2592, Current Mhz: 2592, Mhz Limit: 2592

Memory: 4k page, system-wide physical 8013M (720M free)
TotalPageFile size 12109M (AvailPageFile size 2M)
current process WorkingSet (physical memory assigned to process): 396M, peak: 403M
current process commit charge ("private bytes"): 534M, peak: 556M

vm_info: Java HotSpot(TM) 64-Bit Server VM (21.0.9+7-LTS-338) for windows-amd64 JRE (21.0.9+7-LTS-338), built on 2025-09-26T06:33:49Z by "mach5run" with MS VC++ 17.6 (VS2022)

END.
