#
# There is insufficient memory for the Java Runtime Environment to continue.
# Native memory allocation (malloc) failed to allocate 158064 bytes for Chunk::new
# Possible reasons:
#   The system is out of physical RAM or swap space
#   The process is running with CompressedOops enabled, and the Java Heap may be blocking the growth of the native heap
# Possible solutions:
#   Reduce memory load on the system
#   Increase physical memory or swap space
#   Check if swap backing store is full
#   Decrease Java heap size (-Xmx/-Xms)
#   Decrease number of Java threads
#   Decrease Java thread stack sizes (-Xss)
#   Set larger code cache with -XX:ReservedCodeCacheSize=
#   JVM is running with Unscaled Compressed Oops mode in which the Java heap is
#     placed in the first 4GB address space. The Java Heap base address is the
#     maximum limit for the native heap growth. Please use -XX:HeapBaseMinAddress
#     to set the Java Heap base and to place the Java Heap above 4GB virtual address.
# This output file may be truncated or incomplete.
#
#  Out of Memory Error (arena.cpp:168), pid=1736, tid=9552
#
# JRE version: Java(TM) SE Runtime Environment (21.0.9+7) (build 21.0.9+7-LTS-338)
# Java VM: Java HotSpot(TM) 64-Bit Server VM (21.0.9+7-LTS-338, mixed mode, sharing, tiered, compressed oops, compressed class ptrs, g1 gc, windows-amd64)
# No core dump will be written. Minidumps are not enabled by default on client versions of Windows
#

---------------  S U M M A R Y ------------

Command Line: -javaagent:C:\Program Files\JetBrains\IntelliJ IDEA Community Edition 2025.2.4\lib\idea_rt.jar=52652 -Dfile.encoding=UTF-8 -Dsun.stdout.encoding=UTF-8 -Dsun.stderr.encoding=UTF-8 com.techroom.roommanagement.RoomManagementSystemApplication

Host: Intel(R) Core(TM) i7-10750H CPU @ 2.60GHz, 12 cores, 7G,  Windows 10 , 64 bit Build 19041 (10.0.19041.5915)
Time: Sun Dec 21 14:28:56 2025 SE Asia Standard Time elapsed time: 2974.662932 seconds (0d 0h 49m 34s)

---------------  T H R E A D  ---------------

Current thread (0x00000290145b3b70):  JavaThread "C2 CompilerThread0" daemon [_thread_in_native, id=9552, stack(0x000000c976e00000,0x000000c976f00000) (1024K)]


Current CompileTask:
C2:2974662 11650 %     4       sun.nio.fs.WindowsPathParser::normalize @ 18 (233 bytes)

Stack: [0x000000c976e00000,0x000000c976f00000]
Native frames: (J=compiled Java code, j=interpreted, Vv=VM code, C=native code)
V  [jvm.dll+0x6cbf89]
V  [jvm.dll+0x858421]
V  [jvm.dll+0x85a94e]
V  [jvm.dll+0x85b023]
V  [jvm.dll+0x27ebc6]
V  [jvm.dll+0xc4f4d]
V  [jvm.dll+0xc5483]
V  [jvm.dll+0x3b69fc]
V  [jvm.dll+0x1e01da]
V  [jvm.dll+0x247792]
V  [jvm.dll+0x246c1f]
V  [jvm.dll+0x1c7a3e]
V  [jvm.dll+0x256329]
V  [jvm.dll+0x2548ba]
V  [jvm.dll+0x3efdee]
V  [jvm.dll+0x80265b]
V  [jvm.dll+0x6ca66d]
C  [ucrtbase.dll+0x21bb2]
C  [KERNEL32.DLL+0x17374]
C  [ntdll.dll+0x4cc91]


---------------  P R O C E S S  ---------------

Threads class SMR info:
_java_thread_list=0x000002905c449290, length=31, elements={
0x00000290145a4010, 0x00000290145a4f30, 0x00000290145acea0, 0x00000290145ad900,
0x00000290145ae360, 0x00000290145aedc0, 0x00000290145b3b70, 0x00000290145c5e90,
0x0000029014875400, 0x0000029014ad8ff0, 0x0000029014ad9660, 0x000002905ce1da80,
0x000002905a35d870, 0x000002905bba7310, 0x000002905bba79a0, 0x000002905bba4520,
0x000002905bba58d0, 0x0000029060000730, 0x000002905fffdfd0, 0x0000029060001ae0,
0x0000029060002170, 0x000002905fffb870, 0x000002905fffe660, 0x000002905fffcc20,
0x000002905fffecf0, 0x0000029060001450, 0x000002905ffff380, 0x000002905fffd2b0,
0x000002905fffd940, 0x000002905ffffa10, 0x00000290600000a0
}

Java Threads: ( => current thread )
  0x00000290145a4010 JavaThread "Reference Handler"          daemon [_thread_blocked, id=2632, stack(0x000000c976800000,0x000000c976900000) (1024K)]
  0x00000290145a4f30 JavaThread "Finalizer"                  daemon [_thread_blocked, id=3256, stack(0x000000c976900000,0x000000c976a00000) (1024K)]
  0x00000290145acea0 JavaThread "Signal Dispatcher"          daemon [_thread_blocked, id=12852, stack(0x000000c976a00000,0x000000c976b00000) (1024K)]
  0x00000290145ad900 JavaThread "Attach Listener"            daemon [_thread_blocked, id=12580, stack(0x000000c976b00000,0x000000c976c00000) (1024K)]
  0x00000290145ae360 JavaThread "Service Thread"             daemon [_thread_blocked, id=3184, stack(0x000000c976c00000,0x000000c976d00000) (1024K)]
  0x00000290145aedc0 JavaThread "Monitor Deflation Thread"   daemon [_thread_blocked, id=8068, stack(0x000000c976d00000,0x000000c976e00000) (1024K)]
=>0x00000290145b3b70 JavaThread "C2 CompilerThread0"         daemon [_thread_in_native, id=9552, stack(0x000000c976e00000,0x000000c976f00000) (1024K)]
  0x00000290145c5e90 JavaThread "C1 CompilerThread0"         daemon [_thread_blocked, id=13572, stack(0x000000c976f00000,0x000000c977000000) (1024K)]
  0x0000029014875400 JavaThread "Common-Cleaner"             daemon [_thread_blocked, id=2224, stack(0x000000c977000000,0x000000c977100000) (1024K)]
  0x0000029014ad8ff0 JavaThread "Monitor Ctrl-Break"         daemon [_thread_in_native, id=13880, stack(0x000000c977300000,0x000000c977400000) (1024K)]
  0x0000029014ad9660 JavaThread "Notification Thread"        daemon [_thread_blocked, id=5440, stack(0x000000c977400000,0x000000c977500000) (1024K)]
  0x000002905ce1da80 JavaThread "mysql-cj-abandoned-connection-cleanup" daemon [_thread_blocked, id=12952, stack(0x000000c977c00000,0x000000c977d00000) (1024K)]
  0x000002905a35d870 JavaThread "HikariPool-1:housekeeper"   daemon [_thread_blocked, id=3688, stack(0x000000c978400000,0x000000c978500000) (1024K)]
  0x000002905bba7310 JavaThread "Catalina-utility-1"                [_thread_blocked, id=12332, stack(0x000000c978600000,0x000000c978700000) (1024K)]
  0x000002905bba79a0 JavaThread "Catalina-utility-2"                [_thread_blocked, id=7748, stack(0x000000c978700000,0x000000c978800000) (1024K)]
  0x000002905bba4520 JavaThread "container-0"                       [_thread_blocked, id=14248, stack(0x000000c978800000,0x000000c978900000) (1024K)]
  0x000002905bba58d0 JavaThread "File Watcher"               daemon [_thread_blocked, id=13492, stack(0x000000c978900000,0x000000c978a00000) (1024K)]
  0x0000029060000730 JavaThread "Live Reload Server"         daemon [_thread_in_native, id=4172, stack(0x000000c978b00000,0x000000c978c00000) (1024K)]
  0x000002905fffdfd0 JavaThread "http-nio-8081-exec-1"       daemon [_thread_blocked, id=11912, stack(0x000000c978a00000,0x000000c978b00000) (1024K)]
  0x0000029060001ae0 JavaThread "http-nio-8081-exec-2"       daemon [_thread_blocked, id=7952, stack(0x000000c978c00000,0x000000c978d00000) (1024K)]
  0x0000029060002170 JavaThread "http-nio-8081-exec-3"       daemon [_thread_blocked, id=6264, stack(0x000000c978d00000,0x000000c978e00000) (1024K)]
  0x000002905fffb870 JavaThread "http-nio-8081-exec-4"       daemon [_thread_blocked, id=8680, stack(0x000000c978e00000,0x000000c978f00000) (1024K)]
  0x000002905fffe660 JavaThread "http-nio-8081-exec-5"       daemon [_thread_blocked, id=9276, stack(0x000000c978f00000,0x000000c979000000) (1024K)]
  0x000002905fffcc20 JavaThread "http-nio-8081-exec-6"       daemon [_thread_blocked, id=12684, stack(0x000000c979000000,0x000000c979100000) (1024K)]
  0x000002905fffecf0 JavaThread "http-nio-8081-exec-7"       daemon [_thread_blocked, id=4400, stack(0x000000c979100000,0x000000c979200000) (1024K)]
  0x0000029060001450 JavaThread "http-nio-8081-exec-8"       daemon [_thread_blocked, id=9192, stack(0x000000c979200000,0x000000c979300000) (1024K)]
  0x000002905ffff380 JavaThread "http-nio-8081-exec-9"       daemon [_thread_blocked, id=12912, stack(0x000000c979300000,0x000000c979400000) (1024K)]
  0x000002905fffd2b0 JavaThread "http-nio-8081-exec-10"      daemon [_thread_blocked, id=4564, stack(0x000000c979400000,0x000000c979500000) (1024K)]
  0x000002905fffd940 JavaThread "http-nio-8081-Poller"       daemon [_thread_in_native, id=12828, stack(0x000000c979500000,0x000000c979600000) (1024K)]
  0x000002905ffffa10 JavaThread "http-nio-8081-Acceptor"     daemon [_thread_in_native, id=8160, stack(0x000000c979600000,0x000000c979700000) (1024K)]
  0x00000290600000a0 JavaThread "DestroyJavaVM"                     [_thread_blocked, id=10688, stack(0x000000c976000000,0x000000c976100000) (1024K)]
Total: 31

Other Threads:
  0x0000029014588a10 VMThread "VM Thread"                           [id=7424, stack(0x000000c976700000,0x000000c976800000) (1024K)]
  0x00000290145778f0 WatcherThread "VM Periodic Task Thread"        [id=15204, stack(0x000000c976600000,0x000000c976700000) (1024K)]
  0x000002907785d9d0 WorkerThread "GC Thread#0"                     [id=8984, stack(0x000000c976100000,0x000000c976200000) (1024K)]
  0x000002905a833400 WorkerThread "GC Thread#1"                     [id=628, stack(0x000000c977700000,0x000000c977800000) (1024K)]
  0x000002905a727750 WorkerThread "GC Thread#2"                     [id=6724, stack(0x000000c977800000,0x000000c977900000) (1024K)]
  0x000002905a727b00 WorkerThread "GC Thread#3"                     [id=11376, stack(0x000000c977900000,0x000000c977a00000) (1024K)]
  0x000002905a72aa40 WorkerThread "GC Thread#4"                     [id=13080, stack(0x000000c977a00000,0x000000c977b00000) (1024K)]
  0x000002905a72adf0 WorkerThread "GC Thread#5"                     [id=3172, stack(0x000000c977b00000,0x000000c977c00000) (1024K)]
  0x000002905ad13f40 WorkerThread "GC Thread#6"                     [id=5248, stack(0x000000c977d00000,0x000000c977e00000) (1024K)]
  0x000002905a9a3bb0 WorkerThread "GC Thread#7"                     [id=2976, stack(0x000000c977e00000,0x000000c977f00000) (1024K)]
  0x000002905abf1c20 WorkerThread "GC Thread#8"                     [id=10976, stack(0x000000c977f00000,0x000000c978000000) (1024K)]
  0x000002905abf1fd0 WorkerThread "GC Thread#9"                     [id=12696, stack(0x000000c978000000,0x000000c978100000) (1024K)]
  0x000002907786fda0 ConcurrentGCThread "G1 Main Marker"            [id=3992, stack(0x000000c976200000,0x000000c976300000) (1024K)]
  0x0000029077870f60 WorkerThread "G1 Conc#0"                       [id=2636, stack(0x000000c976300000,0x000000c976400000) (1024K)]
  0x000002905bf618b0 WorkerThread "G1 Conc#1"                       [id=12464, stack(0x000000c978200000,0x000000c978300000) (1024K)]
  0x000002905b28efd0 WorkerThread "G1 Conc#2"                       [id=8752, stack(0x000000c978300000,0x000000c978400000) (1024K)]
  0x00000290778cea00 ConcurrentGCThread "G1 Refine#0"               [id=2288, stack(0x000000c976400000,0x000000c976500000) (1024K)]
  0x00000290144446d0 ConcurrentGCThread "G1 Service"                [id=3888, stack(0x000000c976500000,0x000000c976600000) (1024K)]
Total: 18

Threads with active compile tasks:
C2 CompilerThread0  2974683 11650 %     4       sun.nio.fs.WindowsPathParser::normalize @ 18 (233 bytes)
Total: 1

VM state: not at safepoint (normal execution)

VM Mutex/Monitor currently owned by a thread: None

Heap address: 0x0000000082c00000, size: 2004 MB, Compressed Oops mode: 32-bit

CDS archive(s) mapped at: [0x0000029015000000-0x0000029015c90000-0x0000029015c90000), size 13172736, SharedBaseAddress: 0x0000029015000000, ArchiveRelocationMode: 1.
Compressed class space mapped at: 0x0000029016000000-0x0000029056000000, reserved size: 1073741824
Narrow klass base: 0x0000029015000000, Narrow klass shift: 0, Narrow klass range: 0x100000000

GC Precious Log:
 CardTable entry size: 512
 Card Set container configuration: InlinePtr #cards 5 size 8 Array Of Cards #cards 12 size 40 Howl #buckets 4 coarsen threshold 1843 Howl Bitmap #cards 512 size 80 coarsen threshold 460 Card regions per heap region 1 cards per card region 2048
 CPUs: 12 total, 12 available
 Memory: 8013M
 Large Page Support: Disabled
 NUMA Support: Disabled
 Compressed Oops: Enabled (32-bit)
 Heap Region Size: 1M
 Heap Min Capacity: 8M
 Heap Initial Capacity: 126M
 Heap Max Capacity: 2004M
 Pre-touch: Disabled
 Parallel Workers: 10
 Concurrent Workers: 3
 Concurrent Refinement Workers: 10
 Periodic GC: Disabled

Heap:
 garbage-first heap   total 229376K, used 82810K [0x0000000082c00000, 0x0000000100000000)
  region size 1024K, 26 young (26624K), 8 survivors (8192K)
 Metaspace       used 87888K, committed 88960K, reserved 1179648K
  class space    used 11908K, committed 12352K, reserved 1048576K

Heap Regions: E=young(eden), S=young(survivor), O=old, HS=humongous(starts), HC=humongous(continues), CS=collection set, F=free, TAMS=top-at-mark-start, PB=parsable bottom
|   0|0x0000000082c00000, 0x0000000082d00000, 0x0000000082d00000|100%|HS|  |TAMS 0x0000000082c00000| PB 0x0000000082c00000| Complete 
|   1|0x0000000082d00000, 0x0000000082e00000, 0x0000000082e00000|100%|HS|  |TAMS 0x0000000082d00000| PB 0x0000000082d00000| Complete 
|   2|0x0000000082e00000, 0x0000000082f00000, 0x0000000082f00000|100%| O|  |TAMS 0x0000000082e00000| PB 0x0000000082e00000| Untracked 
|   3|0x0000000082f00000, 0x0000000083000000, 0x0000000083000000|100%| O|  |TAMS 0x0000000082f00000| PB 0x0000000082f00000| Untracked 
|   4|0x0000000083000000, 0x0000000083100000, 0x0000000083100000|100%| O|  |TAMS 0x0000000083000000| PB 0x0000000083000000| Untracked 
|   5|0x0000000083100000, 0x0000000083200000, 0x0000000083200000|100%| O|  |TAMS 0x0000000083100000| PB 0x0000000083100000| Untracked 
|   6|0x0000000083200000, 0x0000000083300000, 0x0000000083300000|100%| O|  |TAMS 0x0000000083200000| PB 0x0000000083200000| Untracked 
|   7|0x0000000083300000, 0x0000000083400000, 0x0000000083400000|100%| O|  |TAMS 0x0000000083300000| PB 0x0000000083300000| Untracked 
|   8|0x0000000083400000, 0x0000000083500000, 0x0000000083500000|100%| O|  |TAMS 0x0000000083400000| PB 0x0000000083400000| Untracked 
|   9|0x0000000083500000, 0x0000000083600000, 0x0000000083600000|100%| O|  |TAMS 0x0000000083500000| PB 0x0000000083500000| Untracked 
|  10|0x0000000083600000, 0x0000000083700000, 0x0000000083700000|100%| O|  |TAMS 0x0000000083600000| PB 0x0000000083600000| Untracked 
|  11|0x0000000083700000, 0x0000000083800000, 0x0000000083800000|100%| O|  |TAMS 0x0000000083700000| PB 0x0000000083700000| Untracked 
|  12|0x0000000083800000, 0x0000000083900000, 0x0000000083900000|100%| O|  |TAMS 0x0000000083800000| PB 0x0000000083800000| Untracked 
|  13|0x0000000083900000, 0x0000000083a00000, 0x0000000083a00000|100%| O|  |TAMS 0x0000000083900000| PB 0x0000000083900000| Untracked 
|  14|0x0000000083a00000, 0x0000000083b00000, 0x0000000083b00000|100%| O|  |TAMS 0x0000000083a00000| PB 0x0000000083a00000| Untracked 
|  15|0x0000000083b00000, 0x0000000083c00000, 0x0000000083c00000|100%| O|  |TAMS 0x0000000083b00000| PB 0x0000000083b00000| Untracked 
|  16|0x0000000083c00000, 0x0000000083d00000, 0x0000000083d00000|100%| O|  |TAMS 0x0000000083c00000| PB 0x0000000083c00000| Untracked 
|  17|0x0000000083d00000, 0x0000000083e00000, 0x0000000083e00000|100%| O|  |TAMS 0x0000000083d00000| PB 0x0000000083d00000| Untracked 
|  18|0x0000000083e00000, 0x0000000083f00000, 0x0000000083f00000|100%| O|  |TAMS 0x0000000083e00000| PB 0x0000000083e00000| Untracked 
|  19|0x0000000083f00000, 0x0000000084000000, 0x0000000084000000|100%| O|  |TAMS 0x0000000083f00000| PB 0x0000000083f00000| Untracked 
|  20|0x0000000084000000, 0x0000000084100000, 0x0000000084100000|100%| O|  |TAMS 0x0000000084000000| PB 0x0000000084000000| Untracked 
|  21|0x0000000084100000, 0x0000000084200000, 0x0000000084200000|100%| O|  |TAMS 0x0000000084100000| PB 0x0000000084100000| Untracked 
|  22|0x0000000084200000, 0x0000000084300000, 0x0000000084300000|100%| O|  |TAMS 0x0000000084200000| PB 0x0000000084200000| Untracked 
|  23|0x0000000084300000, 0x0000000084400000, 0x0000000084400000|100%| O|  |TAMS 0x0000000084300000| PB 0x0000000084300000| Untracked 
|  24|0x0000000084400000, 0x0000000084500000, 0x0000000084500000|100%| O|  |TAMS 0x0000000084400000| PB 0x0000000084400000| Untracked 
|  25|0x0000000084500000, 0x0000000084600000, 0x0000000084600000|100%| O|  |TAMS 0x0000000084500000| PB 0x0000000084500000| Untracked 
|  26|0x0000000084600000, 0x0000000084700000, 0x0000000084700000|100%| O|  |TAMS 0x0000000084600000| PB 0x0000000084600000| Untracked 
|  27|0x0000000084700000, 0x0000000084800000, 0x0000000084800000|100%| O|  |TAMS 0x0000000084700000| PB 0x0000000084700000| Untracked 
|  28|0x0000000084800000, 0x0000000084900000, 0x0000000084900000|100%| O|  |TAMS 0x0000000084800000| PB 0x0000000084800000| Untracked 
|  29|0x0000000084900000, 0x0000000084a00000, 0x0000000084a00000|100%| O|Cm|TAMS 0x0000000084900000| PB 0x0000000084900000| Complete 
|  30|0x0000000084a00000, 0x0000000084b00000, 0x0000000084b00000|100%| O|  |TAMS 0x0000000084a00000| PB 0x0000000084a00000| Untracked 
|  31|0x0000000084b00000, 0x0000000084c00000, 0x0000000084c00000|100%| O|  |TAMS 0x0000000084b00000| PB 0x0000000084b00000| Untracked 
|  32|0x0000000084c00000, 0x0000000084d00000, 0x0000000084d00000|100%| O|  |TAMS 0x0000000084c00000| PB 0x0000000084c00000| Untracked 
|  33|0x0000000084d00000, 0x0000000084e00000, 0x0000000084e00000|100%| O|  |TAMS 0x0000000084d00000| PB 0x0000000084d00000| Untracked 
|  34|0x0000000084e00000, 0x0000000084f00000, 0x0000000084f00000|100%| O|  |TAMS 0x0000000084e00000| PB 0x0000000084e00000| Untracked 
|  35|0x0000000084f00000, 0x0000000084f00000, 0x0000000085000000|  0%| F|  |TAMS 0x0000000084f00000| PB 0x0000000084f00000| Untracked 
|  36|0x0000000085000000, 0x0000000085100000, 0x0000000085100000|100%| O|Cm|TAMS 0x0000000085000000| PB 0x0000000085000000| Complete 
|  37|0x0000000085100000, 0x0000000085100000, 0x0000000085200000|  0%| F|  |TAMS 0x0000000085100000| PB 0x0000000085100000| Untracked 
|  38|0x0000000085200000, 0x0000000085300000, 0x0000000085300000|100%| O|  |TAMS 0x0000000085200000| PB 0x0000000085200000| Untracked 
|  39|0x0000000085300000, 0x0000000085400000, 0x0000000085400000|100%| O|  |TAMS 0x0000000085300000| PB 0x0000000085300000| Untracked 
|  40|0x0000000085400000, 0x0000000085500000, 0x0000000085500000|100%| O|Cm|TAMS 0x0000000085400000| PB 0x0000000085400000| Complete 
|  41|0x0000000085500000, 0x0000000085500000, 0x0000000085600000|  0%| F|  |TAMS 0x0000000085500000| PB 0x0000000085500000| Untracked 
|  42|0x0000000085600000, 0x0000000085600000, 0x0000000085700000|  0%| F|  |TAMS 0x0000000085600000| PB 0x0000000085600000| Untracked 
|  43|0x0000000085700000, 0x0000000085800000, 0x0000000085800000|100%| O|  |TAMS 0x0000000085700000| PB 0x0000000085700000| Untracked 
|  44|0x0000000085800000, 0x0000000085800000, 0x0000000085900000|  0%| F|  |TAMS 0x0000000085800000| PB 0x0000000085800000| Untracked 
|  45|0x0000000085900000, 0x0000000085a00000, 0x0000000085a00000|100%| O|Cm|TAMS 0x0000000085900000| PB 0x0000000085900000| Complete 
|  46|0x0000000085a00000, 0x0000000085b00000, 0x0000000085b00000|100%| O|Cm|TAMS 0x0000000085a00000| PB 0x0000000085a00000| Complete 
|  47|0x0000000085b00000, 0x0000000085c00000, 0x0000000085c00000|100%| O|  |TAMS 0x0000000085b00000| PB 0x0000000085b00000| Untracked 
|  48|0x0000000085c00000, 0x0000000085c00000, 0x0000000085d00000|  0%| F|  |TAMS 0x0000000085c00000| PB 0x0000000085c00000| Untracked 
|  49|0x0000000085d00000, 0x0000000085d00000, 0x0000000085e00000|  0%| F|  |TAMS 0x0000000085d00000| PB 0x0000000085d00000| Untracked 
|  50|0x0000000085e00000, 0x0000000085e00000, 0x0000000085f00000|  0%| F|  |TAMS 0x0000000085e00000| PB 0x0000000085e00000| Untracked 
|  51|0x0000000085f00000, 0x0000000085f00000, 0x0000000086000000|  0%| F|  |TAMS 0x0000000085f00000| PB 0x0000000085f00000| Untracked 
|  52|0x0000000086000000, 0x0000000086000000, 0x0000000086100000|  0%| F|  |TAMS 0x0000000086000000| PB 0x0000000086000000| Untracked 
|  53|0x0000000086100000, 0x0000000086100000, 0x0000000086200000|  0%| F|  |TAMS 0x0000000086100000| PB 0x0000000086100000| Untracked 
|  54|0x0000000086200000, 0x0000000086300000, 0x0000000086300000|100%| O|Cm|TAMS 0x0000000086200000| PB 0x0000000086200000| Complete 
|  55|0x0000000086300000, 0x0000000086400000, 0x0000000086400000|100%| O|Cm|TAMS 0x0000000086300000| PB 0x0000000086300000| Complete 
|  56|0x0000000086400000, 0x0000000086500000, 0x0000000086500000|100%| O|Cm|TAMS 0x0000000086400000| PB 0x0000000086400000| Complete 
|  57|0x0000000086500000, 0x0000000086600000, 0x0000000086600000|100%| O|Cm|TAMS 0x0000000086500000| PB 0x0000000086500000| Complete 
|  58|0x0000000086600000, 0x0000000086700000, 0x0000000086700000|100%| O|Cm|TAMS 0x0000000086600000| PB 0x0000000086600000| Complete 
|  59|0x0000000086700000, 0x0000000086800000, 0x0000000086800000|100%| O|Cm|TAMS 0x0000000086700000| PB 0x0000000086700000| Complete 
|  60|0x0000000086800000, 0x0000000086900000, 0x0000000086900000|100%| O|Cm|TAMS 0x0000000086800000| PB 0x0000000086800000| Complete 
|  61|0x0000000086900000, 0x000000008696ee30, 0x0000000086a00000| 43%| O|  |TAMS 0x0000000086900000| PB 0x0000000086900000| Untracked 
|  62|0x0000000086a00000, 0x0000000086b00000, 0x0000000086b00000|100%| O|  |TAMS 0x0000000086a00000| PB 0x0000000086a00000| Untracked 
|  63|0x0000000086b00000, 0x0000000086c00000, 0x0000000086c00000|100%| O|  |TAMS 0x0000000086b00000| PB 0x0000000086b00000| Untracked 
|  64|0x0000000086c00000, 0x0000000086d00000, 0x0000000086d00000|100%| O|  |TAMS 0x0000000086c00000| PB 0x0000000086c00000| Untracked 
|  65|0x0000000086d00000, 0x0000000086d40370, 0x0000000086e00000| 25%| O|Cm|TAMS 0x0000000086d00000| PB 0x0000000086d00000| Complete 
|  66|0x0000000086e00000, 0x0000000086e00000, 0x0000000086f00000|  0%| F|  |TAMS 0x0000000086e00000| PB 0x0000000086e00000| Untracked 
|  67|0x0000000086f00000, 0x0000000086f00000, 0x0000000087000000|  0%| F|  |TAMS 0x0000000086f00000| PB 0x0000000086f00000| Untracked 
|  68|0x0000000087000000, 0x0000000087000000, 0x0000000087100000|  0%| F|  |TAMS 0x0000000087000000| PB 0x0000000087000000| Untracked 
|  69|0x0000000087100000, 0x0000000087100000, 0x0000000087200000|  0%| F|  |TAMS 0x0000000087100000| PB 0x0000000087100000| Untracked 
|  70|0x0000000087200000, 0x0000000087200000, 0x0000000087300000|  0%| F|  |TAMS 0x0000000087200000| PB 0x0000000087200000| Untracked 
|  71|0x0000000087300000, 0x0000000087300000, 0x0000000087400000|  0%| F|  |TAMS 0x0000000087300000| PB 0x0000000087300000| Untracked 
|  72|0x0000000087400000, 0x0000000087400000, 0x0000000087500000|  0%| F|  |TAMS 0x0000000087400000| PB 0x0000000087400000| Untracked 
|  73|0x0000000087500000, 0x0000000087500000, 0x0000000087600000|  0%| F|  |TAMS 0x0000000087500000| PB 0x0000000087500000| Untracked 
|  74|0x0000000087600000, 0x0000000087600000, 0x0000000087700000|  0%| F|  |TAMS 0x0000000087600000| PB 0x0000000087600000| Untracked 
|  75|0x0000000087700000, 0x0000000087700000, 0x0000000087800000|  0%| F|  |TAMS 0x0000000087700000| PB 0x0000000087700000| Untracked 
|  76|0x0000000087800000, 0x0000000087800000, 0x0000000087900000|  0%| F|  |TAMS 0x0000000087800000| PB 0x0000000087800000| Untracked 
|  77|0x0000000087900000, 0x0000000087900000, 0x0000000087a00000|  0%| F|  |TAMS 0x0000000087900000| PB 0x0000000087900000| Untracked 
|  78|0x0000000087a00000, 0x0000000087a00000, 0x0000000087b00000|  0%| F|  |TAMS 0x0000000087a00000| PB 0x0000000087a00000| Untracked 
|  79|0x0000000087b00000, 0x0000000087b00000, 0x0000000087c00000|  0%| F|  |TAMS 0x0000000087b00000| PB 0x0000000087b00000| Untracked 
|  80|0x0000000087c00000, 0x0000000087c00000, 0x0000000087d00000|  0%| F|  |TAMS 0x0000000087c00000| PB 0x0000000087c00000| Untracked 
|  81|0x0000000087d00000, 0x0000000087d00000, 0x0000000087e00000|  0%| F|  |TAMS 0x0000000087d00000| PB 0x0000000087d00000| Untracked 
|  82|0x0000000087e00000, 0x0000000087e00000, 0x0000000087f00000|  0%| F|  |TAMS 0x0000000087e00000| PB 0x0000000087e00000| Untracked 
|  83|0x0000000087f00000, 0x0000000087f00000, 0x0000000088000000|  0%| F|  |TAMS 0x0000000087f00000| PB 0x0000000087f00000| Untracked 
|  84|0x0000000088000000, 0x0000000088000000, 0x0000000088100000|  0%| F|  |TAMS 0x0000000088000000| PB 0x0000000088000000| Untracked 
|  85|0x0000000088100000, 0x0000000088100000, 0x0000000088200000|  0%| F|  |TAMS 0x0000000088100000| PB 0x0000000088100000| Untracked 
|  86|0x0000000088200000, 0x0000000088200000, 0x0000000088300000|  0%| F|  |TAMS 0x0000000088200000| PB 0x0000000088200000| Untracked 
|  87|0x0000000088300000, 0x0000000088300000, 0x0000000088400000|  0%| F|  |TAMS 0x0000000088300000| PB 0x0000000088300000| Untracked 
|  88|0x0000000088400000, 0x0000000088400000, 0x0000000088500000|  0%| F|  |TAMS 0x0000000088400000| PB 0x0000000088400000| Untracked 
|  89|0x0000000088500000, 0x0000000088500000, 0x0000000088600000|  0%| F|  |TAMS 0x0000000088500000| PB 0x0000000088500000| Untracked 
|  90|0x0000000088600000, 0x0000000088600000, 0x0000000088700000|  0%| F|  |TAMS 0x0000000088600000| PB 0x0000000088600000| Untracked 
|  91|0x0000000088700000, 0x0000000088700000, 0x0000000088800000|  0%| F|  |TAMS 0x0000000088700000| PB 0x0000000088700000| Untracked 
|  92|0x0000000088800000, 0x0000000088800000, 0x0000000088900000|  0%| F|  |TAMS 0x0000000088800000| PB 0x0000000088800000| Untracked 
|  93|0x0000000088900000, 0x0000000088900000, 0x0000000088a00000|  0%| F|  |TAMS 0x0000000088900000| PB 0x0000000088900000| Untracked 
|  94|0x0000000088a00000, 0x0000000088a2f6b8, 0x0000000088b00000| 18%| S|CS|TAMS 0x0000000088a00000| PB 0x0000000088a00000| Complete 
|  95|0x0000000088b00000, 0x0000000088c00000, 0x0000000088c00000|100%| S|CS|TAMS 0x0000000088b00000| PB 0x0000000088b00000| Complete 
|  96|0x0000000088c00000, 0x0000000088d00000, 0x0000000088d00000|100%| S|CS|TAMS 0x0000000088c00000| PB 0x0000000088c00000| Complete 
|  97|0x0000000088d00000, 0x0000000088e00000, 0x0000000088e00000|100%| S|CS|TAMS 0x0000000088d00000| PB 0x0000000088d00000| Complete 
|  98|0x0000000088e00000, 0x0000000088f00000, 0x0000000088f00000|100%| S|CS|TAMS 0x0000000088e00000| PB 0x0000000088e00000| Complete 
|  99|0x0000000088f00000, 0x0000000089000000, 0x0000000089000000|100%| S|CS|TAMS 0x0000000088f00000| PB 0x0000000088f00000| Complete 
| 100|0x0000000089000000, 0x0000000089100000, 0x0000000089100000|100%| S|CS|TAMS 0x0000000089000000| PB 0x0000000089000000| Complete 
| 101|0x0000000089100000, 0x0000000089100000, 0x0000000089200000|  0%| F|  |TAMS 0x0000000089100000| PB 0x0000000089100000| Untracked 
| 102|0x0000000089200000, 0x0000000089200000, 0x0000000089300000|  0%| F|  |TAMS 0x0000000089200000| PB 0x0000000089200000| Untracked 
| 103|0x0000000089300000, 0x0000000089300000, 0x0000000089400000|  0%| F|  |TAMS 0x0000000089300000| PB 0x0000000089300000| Untracked 
| 104|0x0000000089400000, 0x0000000089400000, 0x0000000089500000|  0%| F|  |TAMS 0x0000000089400000| PB 0x0000000089400000| Untracked 
| 105|0x0000000089500000, 0x0000000089500000, 0x0000000089600000|  0%| F|  |TAMS 0x0000000089500000| PB 0x0000000089500000| Untracked 
| 106|0x0000000089600000, 0x0000000089600000, 0x0000000089700000|  0%| F|  |TAMS 0x0000000089600000| PB 0x0000000089600000| Untracked 
| 107|0x0000000089700000, 0x0000000089800000, 0x0000000089800000|100%| S|CS|TAMS 0x0000000089700000| PB 0x0000000089700000| Complete 
| 108|0x0000000089800000, 0x0000000089800000, 0x0000000089900000|  0%| F|  |TAMS 0x0000000089800000| PB 0x0000000089800000| Untracked 
| 109|0x0000000089900000, 0x0000000089900000, 0x0000000089a00000|  0%| F|  |TAMS 0x0000000089900000| PB 0x0000000089900000| Untracked 
| 110|0x0000000089a00000, 0x0000000089a00000, 0x0000000089b00000|  0%| F|  |TAMS 0x0000000089a00000| PB 0x0000000089a00000| Untracked 
| 111|0x0000000089b00000, 0x0000000089b00000, 0x0000000089c00000|  0%| F|  |TAMS 0x0000000089b00000| PB 0x0000000089b00000| Untracked 
| 112|0x0000000089c00000, 0x0000000089c00000, 0x0000000089d00000|  0%| F|  |TAMS 0x0000000089c00000| PB 0x0000000089c00000| Untracked 
| 113|0x0000000089d00000, 0x0000000089d00000, 0x0000000089e00000|  0%| F|  |TAMS 0x0000000089d00000| PB 0x0000000089d00000| Untracked 
| 114|0x0000000089e00000, 0x0000000089e00000, 0x0000000089f00000|  0%| F|  |TAMS 0x0000000089e00000| PB 0x0000000089e00000| Untracked 
| 115|0x0000000089f00000, 0x0000000089f00000, 0x000000008a000000|  0%| F|  |TAMS 0x0000000089f00000| PB 0x0000000089f00000| Untracked 
| 116|0x000000008a000000, 0x000000008a000000, 0x000000008a100000|  0%| F|  |TAMS 0x000000008a000000| PB 0x000000008a000000| Untracked 
| 117|0x000000008a100000, 0x000000008a100000, 0x000000008a200000|  0%| F|  |TAMS 0x000000008a100000| PB 0x000000008a100000| Untracked 
| 118|0x000000008a200000, 0x000000008a200000, 0x000000008a300000|  0%| F|  |TAMS 0x000000008a200000| PB 0x000000008a200000| Untracked 
| 119|0x000000008a300000, 0x000000008a300000, 0x000000008a400000|  0%| F|  |TAMS 0x000000008a300000| PB 0x000000008a300000| Untracked 
| 120|0x000000008a400000, 0x000000008a400000, 0x000000008a500000|  0%| F|  |TAMS 0x000000008a400000| PB 0x000000008a400000| Untracked 
| 121|0x000000008a500000, 0x000000008a500000, 0x000000008a600000|  0%| F|  |TAMS 0x000000008a500000| PB 0x000000008a500000| Untracked 
| 122|0x000000008a600000, 0x000000008a600000, 0x000000008a700000|  0%| F|  |TAMS 0x000000008a600000| PB 0x000000008a600000| Untracked 
| 123|0x000000008a700000, 0x000000008a700000, 0x000000008a800000|  0%| F|  |TAMS 0x000000008a700000| PB 0x000000008a700000| Untracked 
| 124|0x000000008a800000, 0x000000008a800000, 0x000000008a900000|  0%| F|  |TAMS 0x000000008a800000| PB 0x000000008a800000| Untracked 
| 125|0x000000008a900000, 0x000000008a900000, 0x000000008aa00000|  0%| F|  |TAMS 0x000000008a900000| PB 0x000000008a900000| Untracked 
| 126|0x000000008aa00000, 0x000000008aa00000, 0x000000008ab00000|  0%| F|  |TAMS 0x000000008aa00000| PB 0x000000008aa00000| Untracked 
| 127|0x000000008ab00000, 0x000000008ab00000, 0x000000008ac00000|  0%| F|  |TAMS 0x000000008ab00000| PB 0x000000008ab00000| Untracked 
| 128|0x000000008ac00000, 0x000000008ac00000, 0x000000008ad00000|  0%| F|  |TAMS 0x000000008ac00000| PB 0x000000008ac00000| Untracked 
| 129|0x000000008ad00000, 0x000000008ad00000, 0x000000008ae00000|  0%| F|  |TAMS 0x000000008ad00000| PB 0x000000008ad00000| Untracked 
| 130|0x000000008ae00000, 0x000000008ae00000, 0x000000008af00000|  0%| F|  |TAMS 0x000000008ae00000| PB 0x000000008ae00000| Untracked 
| 131|0x000000008af00000, 0x000000008af00000, 0x000000008b000000|  0%| F|  |TAMS 0x000000008af00000| PB 0x000000008af00000| Untracked 
| 132|0x000000008b000000, 0x000000008b000000, 0x000000008b100000|  0%| F|  |TAMS 0x000000008b000000| PB 0x000000008b000000| Untracked 
| 133|0x000000008b100000, 0x000000008b100000, 0x000000008b200000|  0%| F|  |TAMS 0x000000008b100000| PB 0x000000008b100000| Untracked 
| 134|0x000000008b200000, 0x000000008b200000, 0x000000008b300000|  0%| F|  |TAMS 0x000000008b200000| PB 0x000000008b200000| Untracked 
| 135|0x000000008b300000, 0x000000008b300000, 0x000000008b400000|  0%| F|  |TAMS 0x000000008b300000| PB 0x000000008b300000| Untracked 
| 136|0x000000008b400000, 0x000000008b400000, 0x000000008b500000|  0%| F|  |TAMS 0x000000008b400000| PB 0x000000008b400000| Untracked 
| 137|0x000000008b500000, 0x000000008b500000, 0x000000008b600000|  0%| F|  |TAMS 0x000000008b500000| PB 0x000000008b500000| Untracked 
| 138|0x000000008b600000, 0x000000008b600000, 0x000000008b700000|  0%| F|  |TAMS 0x000000008b600000| PB 0x000000008b600000| Untracked 
| 139|0x000000008b700000, 0x000000008b700000, 0x000000008b800000|  0%| F|  |TAMS 0x000000008b700000| PB 0x000000008b700000| Untracked 
| 140|0x000000008b800000, 0x000000008b800000, 0x000000008b900000|  0%| F|  |TAMS 0x000000008b800000| PB 0x000000008b800000| Untracked 
| 141|0x000000008b900000, 0x000000008b900000, 0x000000008ba00000|  0%| F|  |TAMS 0x000000008b900000| PB 0x000000008b900000| Untracked 
| 142|0x000000008ba00000, 0x000000008ba00000, 0x000000008bb00000|  0%| F|  |TAMS 0x000000008ba00000| PB 0x000000008ba00000| Untracked 
| 143|0x000000008bb00000, 0x000000008bb00000, 0x000000008bc00000|  0%| F|  |TAMS 0x000000008bb00000| PB 0x000000008bb00000| Untracked 
| 144|0x000000008bc00000, 0x000000008bc00000, 0x000000008bd00000|  0%| F|  |TAMS 0x000000008bc00000| PB 0x000000008bc00000| Untracked 
| 145|0x000000008bd00000, 0x000000008bd00000, 0x000000008be00000|  0%| F|  |TAMS 0x000000008bd00000| PB 0x000000008bd00000| Untracked 
| 146|0x000000008be00000, 0x000000008be00000, 0x000000008bf00000|  0%| F|  |TAMS 0x000000008be00000| PB 0x000000008be00000| Untracked 
| 147|0x000000008bf00000, 0x000000008bf00000, 0x000000008c000000|  0%| F|  |TAMS 0x000000008bf00000| PB 0x000000008bf00000| Untracked 
| 148|0x000000008c000000, 0x000000008c000000, 0x000000008c100000|  0%| F|  |TAMS 0x000000008c000000| PB 0x000000008c000000| Untracked 
| 149|0x000000008c100000, 0x000000008c100000, 0x000000008c200000|  0%| F|  |TAMS 0x000000008c100000| PB 0x000000008c100000| Untracked 
| 150|0x000000008c200000, 0x000000008c200000, 0x000000008c300000|  0%| F|  |TAMS 0x000000008c200000| PB 0x000000008c200000| Untracked 
| 151|0x000000008c300000, 0x000000008c300000, 0x000000008c400000|  0%| F|  |TAMS 0x000000008c300000| PB 0x000000008c300000| Untracked 
| 152|0x000000008c400000, 0x000000008c400000, 0x000000008c500000|  0%| F|  |TAMS 0x000000008c400000| PB 0x000000008c400000| Untracked 
| 153|0x000000008c500000, 0x000000008c500000, 0x000000008c600000|  0%| F|  |TAMS 0x000000008c500000| PB 0x000000008c500000| Untracked 
| 154|0x000000008c600000, 0x000000008c600000, 0x000000008c700000|  0%| F|  |TAMS 0x000000008c600000| PB 0x000000008c600000| Untracked 
| 155|0x000000008c700000, 0x000000008c700000, 0x000000008c800000|  0%| F|  |TAMS 0x000000008c700000| PB 0x000000008c700000| Untracked 
| 156|0x000000008c800000, 0x000000008c800000, 0x000000008c900000|  0%| F|  |TAMS 0x000000008c800000| PB 0x000000008c800000| Untracked 
| 157|0x000000008c900000, 0x000000008c900000, 0x000000008ca00000|  0%| F|  |TAMS 0x000000008c900000| PB 0x000000008c900000| Untracked 
| 158|0x000000008ca00000, 0x000000008ca00000, 0x000000008cb00000|  0%| F|  |TAMS 0x000000008ca00000| PB 0x000000008ca00000| Untracked 
| 159|0x000000008cb00000, 0x000000008cb00000, 0x000000008cc00000|  0%| F|  |TAMS 0x000000008cb00000| PB 0x000000008cb00000| Untracked 
| 160|0x000000008cc00000, 0x000000008cc00000, 0x000000008cd00000|  0%| F|  |TAMS 0x000000008cc00000| PB 0x000000008cc00000| Untracked 
| 161|0x000000008cd00000, 0x000000008cd00000, 0x000000008ce00000|  0%| F|  |TAMS 0x000000008cd00000| PB 0x000000008cd00000| Untracked 
| 162|0x000000008ce00000, 0x000000008ce00000, 0x000000008cf00000|  0%| F|  |TAMS 0x000000008ce00000| PB 0x000000008ce00000| Untracked 
| 163|0x000000008cf00000, 0x000000008cf00000, 0x000000008d000000|  0%| F|  |TAMS 0x000000008cf00000| PB 0x000000008cf00000| Untracked 
| 164|0x000000008d000000, 0x000000008d000000, 0x000000008d100000|  0%| F|  |TAMS 0x000000008d000000| PB 0x000000008d000000| Untracked 
| 165|0x000000008d100000, 0x000000008d100000, 0x000000008d200000|  0%| F|  |TAMS 0x000000008d100000| PB 0x000000008d100000| Untracked 
| 166|0x000000008d200000, 0x000000008d200000, 0x000000008d300000|  0%| F|  |TAMS 0x000000008d200000| PB 0x000000008d200000| Untracked 
| 167|0x000000008d300000, 0x000000008d300000, 0x000000008d400000|  0%| F|  |TAMS 0x000000008d300000| PB 0x000000008d300000| Untracked 
| 168|0x000000008d400000, 0x000000008d400000, 0x000000008d500000|  0%| F|  |TAMS 0x000000008d400000| PB 0x000000008d400000| Untracked 
| 169|0x000000008d500000, 0x000000008d500000, 0x000000008d600000|  0%| F|  |TAMS 0x000000008d500000| PB 0x000000008d500000| Untracked 
| 170|0x000000008d600000, 0x000000008d600000, 0x000000008d700000|  0%| F|  |TAMS 0x000000008d600000| PB 0x000000008d600000| Untracked 
| 171|0x000000008d700000, 0x000000008d700000, 0x000000008d800000|  0%| F|  |TAMS 0x000000008d700000| PB 0x000000008d700000| Untracked 
| 172|0x000000008d800000, 0x000000008d800000, 0x000000008d900000|  0%| F|  |TAMS 0x000000008d800000| PB 0x000000008d800000| Untracked 
| 173|0x000000008d900000, 0x000000008d900000, 0x000000008da00000|  0%| F|  |TAMS 0x000000008d900000| PB 0x000000008d900000| Untracked 
| 174|0x000000008da00000, 0x000000008da00000, 0x000000008db00000|  0%| F|  |TAMS 0x000000008da00000| PB 0x000000008da00000| Untracked 
| 175|0x000000008db00000, 0x000000008db00000, 0x000000008dc00000|  0%| F|  |TAMS 0x000000008db00000| PB 0x000000008db00000| Untracked 
| 176|0x000000008dc00000, 0x000000008dc00000, 0x000000008dd00000|  0%| F|  |TAMS 0x000000008dc00000| PB 0x000000008dc00000| Untracked 
| 177|0x000000008dd00000, 0x000000008dd00000, 0x000000008de00000|  0%| F|  |TAMS 0x000000008dd00000| PB 0x000000008dd00000| Untracked 
| 178|0x000000008de00000, 0x000000008de00000, 0x000000008df00000|  0%| F|  |TAMS 0x000000008de00000| PB 0x000000008de00000| Untracked 
| 179|0x000000008df00000, 0x000000008df00000, 0x000000008e000000|  0%| F|  |TAMS 0x000000008df00000| PB 0x000000008df00000| Untracked 
| 180|0x000000008e000000, 0x000000008e000000, 0x000000008e100000|  0%| F|  |TAMS 0x000000008e000000| PB 0x000000008e000000| Untracked 
| 181|0x000000008e100000, 0x000000008e100000, 0x000000008e200000|  0%| F|  |TAMS 0x000000008e100000| PB 0x000000008e100000| Untracked 
| 182|0x000000008e200000, 0x000000008e200000, 0x000000008e300000|  0%| F|  |TAMS 0x000000008e200000| PB 0x000000008e200000| Untracked 
| 183|0x000000008e300000, 0x000000008e300000, 0x000000008e400000|  0%| F|  |TAMS 0x000000008e300000| PB 0x000000008e300000| Untracked 
| 184|0x000000008e400000, 0x000000008e400000, 0x000000008e500000|  0%| F|  |TAMS 0x000000008e400000| PB 0x000000008e400000| Untracked 
| 185|0x000000008e500000, 0x000000008e500000, 0x000000008e600000|  0%| F|  |TAMS 0x000000008e500000| PB 0x000000008e500000| Untracked 
| 186|0x000000008e600000, 0x000000008e600000, 0x000000008e700000|  0%| F|  |TAMS 0x000000008e600000| PB 0x000000008e600000| Untracked 
| 187|0x000000008e700000, 0x000000008e700000, 0x000000008e800000|  0%| F|  |TAMS 0x000000008e700000| PB 0x000000008e700000| Untracked 
| 188|0x000000008e800000, 0x000000008e800000, 0x000000008e900000|  0%| F|  |TAMS 0x000000008e800000| PB 0x000000008e800000| Untracked 
| 189|0x000000008e900000, 0x000000008e900000, 0x000000008ea00000|  0%| F|  |TAMS 0x000000008e900000| PB 0x000000008e900000| Untracked 
| 190|0x000000008ea00000, 0x000000008ea00000, 0x000000008eb00000|  0%| F|  |TAMS 0x000000008ea00000| PB 0x000000008ea00000| Untracked 
| 191|0x000000008eb00000, 0x000000008eb00000, 0x000000008ec00000|  0%| F|  |TAMS 0x000000008eb00000| PB 0x000000008eb00000| Untracked 
| 192|0x000000008ec00000, 0x000000008ec00000, 0x000000008ed00000|  0%| F|  |TAMS 0x000000008ec00000| PB 0x000000008ec00000| Untracked 
| 193|0x000000008ed00000, 0x000000008ed00000, 0x000000008ee00000|  0%| F|  |TAMS 0x000000008ed00000| PB 0x000000008ed00000| Untracked 
| 194|0x000000008ee00000, 0x000000008ee00000, 0x000000008ef00000|  0%| F|  |TAMS 0x000000008ee00000| PB 0x000000008ee00000| Untracked 
| 195|0x000000008ef00000, 0x000000008ef00000, 0x000000008f000000|  0%| F|  |TAMS 0x000000008ef00000| PB 0x000000008ef00000| Untracked 
| 196|0x000000008f000000, 0x000000008f000000, 0x000000008f100000|  0%| F|  |TAMS 0x000000008f000000| PB 0x000000008f000000| Untracked 
| 197|0x000000008f100000, 0x000000008f100000, 0x000000008f200000|  0%| F|  |TAMS 0x000000008f100000| PB 0x000000008f100000| Untracked 
| 198|0x000000008f200000, 0x000000008f200000, 0x000000008f300000|  0%| F|  |TAMS 0x000000008f200000| PB 0x000000008f200000| Untracked 
| 199|0x000000008f300000, 0x000000008f300000, 0x000000008f400000|  0%| F|  |TAMS 0x000000008f300000| PB 0x000000008f300000| Untracked 
| 200|0x000000008f400000, 0x000000008f400000, 0x000000008f500000|  0%| F|  |TAMS 0x000000008f400000| PB 0x000000008f400000| Untracked 
| 201|0x000000008f500000, 0x000000008f500000, 0x000000008f600000|  0%| F|  |TAMS 0x000000008f500000| PB 0x000000008f500000| Untracked 
| 202|0x000000008f600000, 0x000000008f600000, 0x000000008f700000|  0%| F|  |TAMS 0x000000008f600000| PB 0x000000008f600000| Untracked 
| 203|0x000000008f700000, 0x000000008f78bd18, 0x000000008f800000| 54%| E|  |TAMS 0x000000008f700000| PB 0x000000008f700000| Complete 
| 204|0x000000008f800000, 0x000000008f900000, 0x000000008f900000|100%| E|CS|TAMS 0x000000008f800000| PB 0x000000008f800000| Complete 
| 205|0x000000008f900000, 0x000000008fa00000, 0x000000008fa00000|100%| E|CS|TAMS 0x000000008f900000| PB 0x000000008f900000| Complete 
| 206|0x000000008fa00000, 0x000000008fb00000, 0x000000008fb00000|100%| E|CS|TAMS 0x000000008fa00000| PB 0x000000008fa00000| Complete 
| 207|0x000000008fb00000, 0x000000008fc00000, 0x000000008fc00000|100%| E|CS|TAMS 0x000000008fb00000| PB 0x000000008fb00000| Complete 
| 208|0x000000008fc00000, 0x000000008fd00000, 0x000000008fd00000|100%| E|CS|TAMS 0x000000008fc00000| PB 0x000000008fc00000| Complete 
| 209|0x000000008fd00000, 0x000000008fe00000, 0x000000008fe00000|100%| E|CS|TAMS 0x000000008fd00000| PB 0x000000008fd00000| Complete 
| 210|0x000000008fe00000, 0x000000008ff00000, 0x000000008ff00000|100%| E|CS|TAMS 0x000000008fe00000| PB 0x000000008fe00000| Complete 
| 211|0x000000008ff00000, 0x0000000090000000, 0x0000000090000000|100%| E|CS|TAMS 0x000000008ff00000| PB 0x000000008ff00000| Complete 
| 212|0x0000000090000000, 0x0000000090100000, 0x0000000090100000|100%| E|CS|TAMS 0x0000000090000000| PB 0x0000000090000000| Complete 
| 213|0x0000000090100000, 0x0000000090200000, 0x0000000090200000|100%| E|CS|TAMS 0x0000000090100000| PB 0x0000000090100000| Complete 
| 214|0x0000000090200000, 0x0000000090300000, 0x0000000090300000|100%| E|CS|TAMS 0x0000000090200000| PB 0x0000000090200000| Complete 
| 215|0x0000000090300000, 0x0000000090400000, 0x0000000090400000|100%| E|CS|TAMS 0x0000000090300000| PB 0x0000000090300000| Complete 
| 216|0x0000000090400000, 0x0000000090500000, 0x0000000090500000|100%| E|CS|TAMS 0x0000000090400000| PB 0x0000000090400000| Complete 
| 217|0x0000000090500000, 0x0000000090600000, 0x0000000090600000|100%| E|CS|TAMS 0x0000000090500000| PB 0x0000000090500000| Complete 
| 218|0x0000000090600000, 0x0000000090700000, 0x0000000090700000|100%| E|CS|TAMS 0x0000000090600000| PB 0x0000000090600000| Complete 
| 219|0x0000000090700000, 0x0000000090800000, 0x0000000090800000|100%| E|CS|TAMS 0x0000000090700000| PB 0x0000000090700000| Complete 
| 260|0x0000000093000000, 0x0000000093100000, 0x0000000093100000|100%| E|CS|TAMS 0x0000000093000000| PB 0x0000000093000000| Complete 
|2001|0x00000000ffd00000, 0x00000000ffe00000, 0x00000000ffe00000|100%| O|  |TAMS 0x00000000ffd00000| PB 0x00000000ffd00000| Untracked 
|2002|0x00000000ffe00000, 0x00000000fff00000, 0x00000000fff00000|100%| O|  |TAMS 0x00000000ffe00000| PB 0x00000000ffe00000| Untracked 
|2003|0x00000000fff00000, 0x0000000100000000, 0x0000000100000000|100%| O|  |TAMS 0x00000000fff00000| PB 0x00000000fff00000| Untracked 

Card table byte_map: [0x000002900f610000,0x000002900fa00000] _byte_map_base: 0x000002900f1fa000

Marking Bits: (CMBitMap*) 0x000002907785f810
 Bits: [0x000002900fa00000, 0x0000029011950000)

Polling page: 0x0000029075750000

Metaspace:

Usage:
  Non-class:     74.20 MB used.
      Class:     11.63 MB used.
       Both:     85.83 MB used.

Virtual space:
  Non-class space:      128.00 MB reserved,      74.81 MB ( 58%) committed,  2 nodes.
      Class space:        1.00 GB reserved,      12.06 MB (  1%) committed,  1 nodes.
             Both:        1.12 GB reserved,      86.88 MB (  8%) committed. 

Chunk freelists:
   Non-Class:  4.68 MB
       Class:  4.00 MB
        Both:  8.68 MB

MaxMetaspaceSize: unlimited
CompressedClassSpaceSize: 1.00 GB
Initial GC threshold: 21.00 MB
Current GC threshold: 144.69 MB
CDS: on
 - commit_granule_bytes: 65536.
 - commit_granule_words: 8192.
 - virtual_space_node_default_size: 8388608.
 - enlarge_chunks_in_place: 1.
 - use_allocation_guard: 0.


Internal statistics:

num_allocs_failed_limit: 9.
num_arena_births: 1192.
num_arena_deaths: 374.
num_vsnodes_births: 3.
num_vsnodes_deaths: 0.
num_space_committed: 1389.
num_space_uncommitted: 0.
num_chunks_returned_to_freelist: 448.
num_chunks_taken_from_freelist: 4569.
num_chunk_merges: 110.
num_chunk_splits: 3253.
num_chunks_enlarged: 2490.
num_inconsistent_stats: 0.

CodeHeap 'non-profiled nmethods': size=120000Kb used=5128Kb max_used=7092Kb free=114871Kb
 bounds [0x0000029007ad0000, 0x00000290081c0000, 0x000002900f000000]
CodeHeap 'profiled nmethods': size=120000Kb used=15347Kb max_used=19624Kb free=104652Kb
 bounds [0x0000029000000000, 0x0000029001330000, 0x0000029007530000]
CodeHeap 'non-nmethods': size=5760Kb used=1729Kb max_used=1789Kb free=4030Kb
 bounds [0x0000029007530000, 0x00000290077a0000, 0x0000029007ad0000]
 total_blobs=8728 nmethods=7976 adapters=654
 compilation: enabled
              stopped_count=0, restarted_count=0
 full_count=0

Compilation events (20 events):
Event: 2974.654 Thread 0x00000290145c5e90 11688       3       com.mysql.cj.protocol.a.NativeServerSession::getCapabilities (5 bytes)
Event: 2974.654 Thread 0x00000290145c5e90 nmethod 11688 0x0000029000301310 code [0x00000290003014a0, 0x00000290003015d8]
Event: 2974.655 Thread 0x00000290145c5e90 11689       3       org.hibernate.event.spi.PreLoadEvent::<init> (6 bytes)
Event: 2974.655 Thread 0x00000290145c5e90 nmethod 11689 0x00000290000ab810 code [0x00000290000ab9c0, 0x00000290000abbe0]
Event: 2974.655 Thread 0x00000290145c5e90 11690       3       org.hibernate.sql.results.internal.ResultsHelper::createRowReader (13 bytes)
Event: 2974.655 Thread 0x00000290145c5e90 nmethod 11690 0x0000029000191710 code [0x00000290001918c0, 0x0000029000191a40]
Event: 2974.655 Thread 0x00000290145c5e90 11691       3       org.hibernate.sql.results.internal.StandardRowReader::<init> (199 bytes)
Event: 2974.656 Thread 0x00000290145c5e90 nmethod 11691 0x00000290009c8790 code [0x00000290009c8a20, 0x00000290009c9868]
Event: 2974.656 Thread 0x00000290145c5e90 11693       3       org.springframework.security.web.firewall.FirewalledResponse::addHeader (13 bytes)
Event: 2974.657 Thread 0x00000290145c5e90 nmethod 11693 0x0000029000119f90 code [0x000002900011a2a0, 0x000002900011b4c0]
Event: 2974.657 Thread 0x00000290145c5e90 11694       3       org.apache.catalina.connector.Response::addHeader (8 bytes)
Event: 2974.657 Thread 0x00000290145c5e90 nmethod 11694 0x00000290001b7f90 code [0x00000290001b8140, 0x00000290001b8288]
Event: 2974.657 Thread 0x00000290145c5e90 11695       1       java.time.format.DateTimeFormatter::getChronology (5 bytes)
Event: 2974.657 Thread 0x00000290145c5e90 nmethod 11695 0x0000029007ba3690 code [0x0000029007ba3820, 0x0000029007ba38e8]
Event: 2974.657 Thread 0x00000290145c5e90 11696       1       java.time.format.DateTimeFormatter::getZone (5 bytes)
Event: 2974.657 Thread 0x00000290145c5e90 nmethod 11696 0x0000029007ba9390 code [0x0000029007ba9520, 0x0000029007ba95e8]
Event: 2974.657 Thread 0x00000290145c5e90 11692       3       org.hibernate.engine.internal.StatefulPersistenceContext::initializeNonLazyCollections (10 bytes)
Event: 2974.658 Thread 0x00000290145c5e90 nmethod 11692 0x0000029000243f90 code [0x0000029000244160, 0x0000029000244448]
Event: 2974.658 Thread 0x00000290145c5e90 11697       1       com.fasterxml.jackson.databind.ObjectMapper::getSerializationConfig (5 bytes)
Event: 2974.658 Thread 0x00000290145c5e90 nmethod 11697 0x0000029007bab310 code [0x0000029007bab4a0, 0x0000029007bab568]

GC Heap History (20 events):
Event: 5.041 GC heap before
{Heap before GC invocations=15 (full 0):
 garbage-first heap   total 83968K, used 74928K [0x0000000082c00000, 0x0000000100000000)
  region size 1024K, 41 young (41984K), 2 survivors (2048K)
 Metaspace       used 71361K, committed 72064K, reserved 1114112K
  class space    used 9816K, committed 10112K, reserved 1048576K
}
Event: 5.046 GC heap after
{Heap after GC invocations=16 (full 0):
 garbage-first heap   total 83968K, used 41617K [0x0000000082c00000, 0x0000000100000000)
  region size 1024K, 6 young (6144K), 6 survivors (6144K)
 Metaspace       used 71361K, committed 72064K, reserved 1114112K
  class space    used 9816K, committed 10112K, reserved 1048576K
}
Event: 5.091 GC heap before
{Heap before GC invocations=16 (full 0):
 garbage-first heap   total 83968K, used 71313K [0x0000000082c00000, 0x0000000100000000)
  region size 1024K, 35 young (35840K), 6 survivors (6144K)
 Metaspace       used 71377K, committed 72064K, reserved 1114112K
  class space    used 9818K, committed 10112K, reserved 1048576K
}
Event: 5.097 GC heap after
{Heap after GC invocations=17 (full 0):
 garbage-first heap   total 83968K, used 47799K [0x0000000082c00000, 0x0000000100000000)
  region size 1024K, 5 young (5120K), 5 survivors (5120K)
 Metaspace       used 71377K, committed 72064K, reserved 1114112K
  class space    used 9818K, committed 10112K, reserved 1048576K
}
Event: 5.128 GC heap before
{Heap before GC invocations=18 (full 0):
 garbage-first heap   total 106496K, used 71351K [0x0000000082c00000, 0x0000000100000000)
  region size 1024K, 28 young (28672K), 5 survivors (5120K)
 Metaspace       used 71383K, committed 72064K, reserved 1114112K
  class space    used 9818K, committed 10112K, reserved 1048576K
}
Event: 5.136 GC heap after
{Heap after GC invocations=19 (full 0):
 garbage-first heap   total 106496K, used 58287K [0x0000000082c00000, 0x0000000100000000)
  region size 1024K, 4 young (4096K), 4 survivors (4096K)
 Metaspace       used 71383K, committed 72064K, reserved 1114112K
  class space    used 9818K, committed 10112K, reserved 1048576K
}
Event: 5.172 GC heap before
{Heap before GC invocations=19 (full 0):
 garbage-first heap   total 106496K, used 85935K [0x0000000082c00000, 0x0000000100000000)
  region size 1024K, 31 young (31744K), 4 survivors (4096K)
 Metaspace       used 71385K, committed 72064K, reserved 1114112K
  class space    used 9818K, committed 10112K, reserved 1048576K
}
Event: 5.179 GC heap after
{Heap after GC invocations=20 (full 0):
 garbage-first heap   total 270336K, used 65842K [0x0000000082c00000, 0x0000000100000000)
  region size 1024K, 4 young (4096K), 4 survivors (4096K)
 Metaspace       used 71385K, committed 72064K, reserved 1114112K
  class space    used 9818K, committed 10112K, reserved 1048576K
}
Event: 5.504 GC heap before
{Heap before GC invocations=20 (full 0):
 garbage-first heap   total 270336K, used 186674K [0x0000000082c00000, 0x0000000100000000)
  region size 1024K, 122 young (124928K), 4 survivors (4096K)
 Metaspace       used 72295K, committed 73024K, reserved 1114112K
  class space    used 9961K, committed 10240K, reserved 1048576K
}
Event: 5.509 GC heap after
{Heap after GC invocations=21 (full 0):
 garbage-first heap   total 270336K, used 69464K [0x0000000082c00000, 0x0000000100000000)
  region size 1024K, 8 young (8192K), 8 survivors (8192K)
 Metaspace       used 72295K, committed 73024K, reserved 1114112K
  class space    used 9961K, committed 10240K, reserved 1048576K
}
Event: 5.994 GC heap before
{Heap before GC invocations=21 (full 0):
 garbage-first heap   total 270336K, used 223064K [0x0000000082c00000, 0x0000000100000000)
  region size 1024K, 158 young (161792K), 8 survivors (8192K)
 Metaspace       used 74588K, committed 75328K, reserved 1114112K
  class space    used 10226K, committed 10560K, reserved 1048576K
}
Event: 6.002 GC heap after
{Heap after GC invocations=22 (full 0):
 garbage-first heap   total 270336K, used 73499K [0x0000000082c00000, 0x0000000100000000)
  region size 1024K, 12 young (12288K), 12 survivors (12288K)
 Metaspace       used 74588K, committed 75328K, reserved 1114112K
  class space    used 10226K, committed 10560K, reserved 1048576K
}
Event: 331.971 GC heap before
{Heap before GC invocations=22 (full 0):
 garbage-first heap   total 270336K, used 221979K [0x0000000082c00000, 0x0000000100000000)
  region size 1024K, 158 young (161792K), 12 survivors (12288K)
 Metaspace       used 87161K, committed 88000K, reserved 1179648K
  class space    used 11969K, committed 12352K, reserved 1048576K
}
Event: 331.985 GC heap after
{Heap after GC invocations=23 (full 0):
 garbage-first heap   total 270336K, used 80315K [0x0000000082c00000, 0x0000000100000000)
  region size 1024K, 14 young (14336K), 14 survivors (14336K)
 Metaspace       used 87161K, committed 88000K, reserved 1179648K
  class space    used 11969K, committed 12352K, reserved 1048576K
}
Event: 1164.707 GC heap before
{Heap before GC invocations=24 (full 0):
 garbage-first heap   total 260096K, used 217531K [0x0000000082c00000, 0x0000000100000000)
  region size 1024K, 152 young (155648K), 14 survivors (14336K)
 Metaspace       used 87493K, committed 88320K, reserved 1179648K
  class space    used 11986K, committed 12352K, reserved 1048576K
}
Event: 1164.713 GC heap after
{Heap after GC invocations=25 (full 0):
 garbage-first heap   total 260096K, used 76669K [0x0000000082c00000, 0x0000000100000000)
  region size 1024K, 8 young (8192K), 8 survivors (8192K)
 Metaspace       used 87493K, committed 88320K, reserved 1179648K
  class space    used 11986K, committed 12352K, reserved 1048576K
}
Event: 2027.407 GC heap before
{Heap before GC invocations=25 (full 0):
 garbage-first heap   total 260096K, used 224125K [0x0000000082c00000, 0x0000000100000000)
  region size 1024K, 152 young (155648K), 8 survivors (8192K)
 Metaspace       used 87812K, committed 88640K, reserved 1179648K
  class space    used 11996K, committed 12352K, reserved 1048576K
}
Event: 2027.413 GC heap after
{Heap after GC invocations=26 (full 0):
 garbage-first heap   total 260096K, used 73603K [0x0000000082c00000, 0x0000000100000000)
  region size 1024K, 9 young (9216K), 9 survivors (9216K)
 Metaspace       used 87812K, committed 88640K, reserved 1179648K
  class space    used 11996K, committed 12352K, reserved 1048576K
}
Event: 2887.149 GC heap before
{Heap before GC invocations=26 (full 0):
 garbage-first heap   total 260096K, used 220035K [0x0000000082c00000, 0x0000000100000000)
  region size 1024K, 152 young (155648K), 9 survivors (9216K)
 Metaspace       used 88109K, committed 88896K, reserved 1179648K
  class space    used 12000K, committed 12352K, reserved 1048576K
}
Event: 2887.153 GC heap after
{Heap after GC invocations=27 (full 0):
 garbage-first heap   total 260096K, used 72570K [0x0000000082c00000, 0x0000000100000000)
  region size 1024K, 8 young (8192K), 8 survivors (8192K)
 Metaspace       used 88109K, committed 88896K, reserved 1179648K
  class space    used 12000K, committed 12352K, reserved 1048576K
}

Dll operation events (12 events):
Event: 0.006 Loaded shared library C:\Program Files\Java\jdk-21\bin\java.dll
Event: 0.044 Loaded shared library C:\Program Files\Java\jdk-21\bin\jsvml.dll
Event: 0.098 Loaded shared library C:\Program Files\Java\jdk-21\bin\zip.dll
Event: 0.101 Loaded shared library C:\Program Files\Java\jdk-21\bin\instrument.dll
Event: 0.105 Loaded shared library C:\Program Files\Java\jdk-21\bin\net.dll
Event: 0.106 Loaded shared library C:\Program Files\Java\jdk-21\bin\nio.dll
Event: 0.107 Loaded shared library C:\Program Files\Java\jdk-21\bin\zip.dll
Event: 0.162 Loaded shared library C:\Program Files\Java\jdk-21\bin\extnet.dll
Event: 0.177 Loaded shared library C:\Program Files\Java\jdk-21\bin\jimage.dll
Event: 0.346 Loaded shared library C:\Program Files\Java\jdk-21\bin\management.dll
Event: 0.349 Loaded shared library C:\Program Files\Java\jdk-21\bin\management_ext.dll
Event: 1.120 Loaded shared library C:\Program Files\Java\jdk-21\bin\sunmscapi.dll

Deoptimization events (20 events):
Event: 2894.304 Thread 0x000002905fffecf0 Uncommon trap: trap_request=0xffffff54 fr.pc=0x0000029007d08a68 relative=0x0000000000000408
Event: 2894.305 Thread 0x000002905fffecf0 Uncommon trap: reason=speculate_null_assert action=make_not_entrant pc=0x0000029007d08a68 method=org.springframework.util.ConcurrentReferenceHashMap$Segment.restructureIfNecessary(Z)V @ 41 c2
Event: 2894.305 Thread 0x000002905fffecf0 DEOPT PACKING pc=0x0000029007d08a68 sp=0x000000c9791fbb90
Event: 2894.305 Thread 0x000002905fffecf0 DEOPT UNPACKING pc=0x00000290075846a2 sp=0x000000c9791fba58 mode 2
Event: 2894.305 Thread 0x000002905fffecf0 Uncommon trap: trap_request=0xffffffd6 fr.pc=0x0000029008165c28 relative=0x0000000000001688
Event: 2894.305 Thread 0x000002905fffecf0 Uncommon trap: reason=array_check action=maybe_recompile pc=0x0000029008165c28 method=org.springframework.util.ConcurrentReferenceHashMap$Segment.restructure(ZLorg/springframework/util/ConcurrentReferenceHashMap$Reference;)V @ 374 c2
Event: 2894.305 Thread 0x000002905fffecf0 DEOPT PACKING pc=0x0000029008165c28 sp=0x000000c9791fb9a0
Event: 2894.305 Thread 0x000002905fffecf0 DEOPT UNPACKING pc=0x00000290075846a2 sp=0x000000c9791fb960 mode 2
Event: 2894.307 Thread 0x000002905fffcc20 Uncommon trap: trap_request=0xffffffd6 fr.pc=0x0000029008165c28 relative=0x0000000000001688
Event: 2894.307 Thread 0x000002905fffecf0 Uncommon trap: trap_request=0xffffffd6 fr.pc=0x0000029008165c28 relative=0x0000000000001688
Event: 2894.307 Thread 0x000002905fffcc20 Uncommon trap: reason=array_check action=maybe_recompile pc=0x0000029008165c28 method=org.springframework.util.ConcurrentReferenceHashMap$Segment.restructure(ZLorg/springframework/util/ConcurrentReferenceHashMap$Reference;)V @ 374 c2
Event: 2894.307 Thread 0x000002905fffecf0 Uncommon trap: reason=array_check action=maybe_recompile pc=0x0000029008165c28 method=org.springframework.util.ConcurrentReferenceHashMap$Segment.restructure(ZLorg/springframework/util/ConcurrentReferenceHashMap$Reference;)V @ 374 c2
Event: 2894.307 Thread 0x000002905fffcc20 DEOPT PACKING pc=0x0000029008165c28 sp=0x000000c9790fa610
Event: 2894.307 Thread 0x000002905fffecf0 DEOPT PACKING pc=0x0000029008165c28 sp=0x000000c9791fa9b0
Event: 2894.307 Thread 0x000002905fffecf0 DEOPT UNPACKING pc=0x00000290075846a2 sp=0x000000c9791fa958 mode 2
Event: 2894.307 Thread 0x000002905fffcc20 DEOPT UNPACKING pc=0x00000290075846a2 sp=0x000000c9790fa5b8 mode 2
Event: 2894.317 Thread 0x000002905fffcc20 Uncommon trap: trap_request=0xffffff54 fr.pc=0x0000029007c8b8a4 relative=0x00000000000001a4
Event: 2894.317 Thread 0x000002905fffcc20 Uncommon trap: reason=speculate_null_assert action=make_not_entrant pc=0x0000029007c8b8a4 method=org.springframework.util.ConcurrentReferenceHashMap$Segment.restructureIfNecessary(Z)V @ 41 c2
Event: 2894.317 Thread 0x000002905fffcc20 DEOPT PACKING pc=0x0000029007c8b8a4 sp=0x000000c9790fa860
Event: 2894.318 Thread 0x000002905fffcc20 DEOPT UNPACKING pc=0x00000290075846a2 sp=0x000000c9790fa778 mode 2

Classes loaded (20 events):
Event: 273.729 Loading class java/util/ArrayList$SubList$2
Event: 273.730 Loading class java/util/ArrayList$SubList$2 done
Event: 273.737 Loading class java/lang/Throwable$WrappedPrintStream
Event: 273.737 Loading class java/lang/Throwable$PrintStreamOrWriter
Event: 273.737 Loading class java/lang/Throwable$PrintStreamOrWriter done
Event: 273.737 Loading class java/lang/Throwable$WrappedPrintStream done
Event: 303.481 Loading class java/io/PushbackInputStream
Event: 303.481 Loading class java/io/PushbackInputStream done
Event: 1473.506 Loading class java/security/SignatureException
Event: 1473.507 Loading class java/security/SignatureException done
Event: 1473.507 Loading class javax/net/ssl/SSLSocket
Event: 1473.507 Loading class javax/net/ssl/SSLSocket done
Event: 1473.507 Loading class java/security/spec/InvalidKeySpecException
Event: 1473.508 Loading class java/security/spec/InvalidKeySpecException done
Event: 1473.508 Loading class javax/crypto/NoSuchPaddingException
Event: 1473.508 Loading class javax/crypto/NoSuchPaddingException done
Event: 1473.508 Loading class javax/crypto/IllegalBlockSizeException
Event: 1473.508 Loading class javax/crypto/IllegalBlockSizeException done
Event: 1473.508 Loading class javax/crypto/BadPaddingException
Event: 1473.508 Loading class javax/crypto/BadPaddingException done

Classes unloaded (20 events):
Event: 2887.175 Thread 0x0000029014588a10 Unloading class 0x0000029016090800 'java/lang/invoke/LambdaForm$MH+0x0000029016090800'
Event: 2887.175 Thread 0x0000029014588a10 Unloading class 0x0000029016084c00 'java/lang/invoke/LambdaForm$MH+0x0000029016084c00'
Event: 2887.175 Thread 0x0000029014588a10 Unloading class 0x000002901601b000 'java/lang/invoke/LambdaForm$MH+0x000002901601b000'
Event: 2887.175 Thread 0x0000029014588a10 Unloading class 0x000002901601a800 'java/lang/invoke/LambdaForm$MH+0x000002901601a800'
Event: 2887.175 Thread 0x0000029014588a10 Unloading class 0x000002901601a000 'java/lang/invoke/LambdaForm$MH+0x000002901601a000'
Event: 2887.175 Thread 0x0000029014588a10 Unloading class 0x0000029016019c00 'java/lang/invoke/LambdaForm$MH+0x0000029016019c00'
Event: 2887.175 Thread 0x0000029014588a10 Unloading class 0x0000029016018c00 'java/lang/invoke/LambdaForm$MH+0x0000029016018c00'
Event: 2887.175 Thread 0x0000029014588a10 Unloading class 0x0000029016018000 'java/lang/invoke/LambdaForm$MH+0x0000029016018000'
Event: 2887.175 Thread 0x0000029014588a10 Unloading class 0x0000029016017c00 'java/lang/invoke/LambdaForm$MH+0x0000029016017c00'
Event: 2887.175 Thread 0x0000029014588a10 Unloading class 0x0000029016017400 'java/lang/invoke/LambdaForm$MH+0x0000029016017400'
Event: 2887.175 Thread 0x0000029014588a10 Unloading class 0x0000029016017000 'java/lang/invoke/LambdaForm$MH+0x0000029016017000'
Event: 2887.175 Thread 0x0000029014588a10 Unloading class 0x0000029016016c00 'java/lang/invoke/LambdaForm$MH+0x0000029016016c00'
Event: 2887.175 Thread 0x0000029014588a10 Unloading class 0x0000029016016000 'java/lang/invoke/LambdaForm$MH+0x0000029016016000'
Event: 2887.175 Thread 0x0000029014588a10 Unloading class 0x0000029016015000 'java/lang/invoke/LambdaForm$MH+0x0000029016015000'
Event: 2887.175 Thread 0x0000029014588a10 Unloading class 0x0000029016014400 'java/lang/invoke/LambdaForm$MH+0x0000029016014400'
Event: 2887.175 Thread 0x0000029014588a10 Unloading class 0x0000029016008400 'java/lang/invoke/LambdaForm$MH+0x0000029016008400'
Event: 2887.175 Thread 0x0000029014588a10 Unloading class 0x0000029016002400 'java/lang/invoke/LambdaForm$MH+0x0000029016002400'
Event: 2887.175 Thread 0x0000029014588a10 Unloading class 0x0000029016002000 'java/lang/invoke/LambdaForm$MH+0x0000029016002000'
Event: 2887.175 Thread 0x0000029014588a10 Unloading class 0x0000029016001c00 'java/lang/invoke/LambdaForm$MH+0x0000029016001c00'
Event: 2887.175 Thread 0x0000029014588a10 Unloading class 0x0000029016001400 'java/lang/invoke/LambdaForm$MH+0x0000029016001400'

Classes redefined (0 events):
No events

Internal exceptions (20 events):
Event: 273.377 Thread 0x0000029060001ae0 Exception <a 'java/lang/NoSuchMethodError'{0x000000008bc23d68}: 'void java.lang.invoke.DirectMethodHandle$Holder.invokeSpecialIFC(java.lang.Object, java.lang.Object, int, java.lang.Object, java.lang.Object, java.lang.Object, java.lang.Object)'> (0x000000008bc23d68) 
thrown [s\open\src\hotspot\share\interpreter\linkResolver.cpp, line 773]
Event: 273.377 Thread 0x0000029060002170 Exception <a 'java/lang/NoSuchMethodError'{0x000000008bd90e70}: 'void java.lang.invoke.DirectMethodHandle$Holder.invokeSpecialIFC(java.lang.Object, java.lang.Object, int, java.lang.Object, java.lang.Object, java.lang.Object, java.lang.Object)'> (0x000000008bd90e70) 
thrown [s\open\src\hotspot\share\interpreter\linkResolver.cpp, line 773]
Event: 273.427 Thread 0x000002905fffdfd0 Exception <a 'java/lang/NoSuchMethodError'{0x000000008bcde008}: 'void java.lang.invoke.Invokers$Holder.invokeExact_MT(java.lang.Object, java.lang.Object, int, java.lang.Object)'> (0x000000008bcde008) 
thrown [s\open\src\hotspot\share\interpreter\linkResolver.cpp, line 773]
Event: 273.427 Thread 0x0000029060001ae0 Exception <a 'java/lang/NoSuchMethodError'{0x000000008ba9dac0}: 'void java.lang.invoke.Invokers$Holder.invokeExact_MT(java.lang.Object, java.lang.Object, int, java.lang.Object)'> (0x000000008ba9dac0) 
thrown [s\open\src\hotspot\share\interpreter\linkResolver.cpp, line 773]
Event: 273.427 Thread 0x0000029060002170 Exception <a 'java/lang/NoSuchMethodError'{0x000000008b918358}: 'void java.lang.invoke.Invokers$Holder.invokeExact_MT(java.lang.Object, java.lang.Object, int, java.lang.Object)'> (0x000000008b918358) 
thrown [s\open\src\hotspot\share\interpreter\linkResolver.cpp, line 773]
Event: 273.525 Thread 0x0000029060002170 Exception <a 'java/lang/IncompatibleClassChangeError'{0x000000008b75f9c8}: Found class java.lang.Object, but interface was expected> (0x000000008b75f9c8) 
thrown [s\open\src\hotspot\share\interpreter\linkResolver.cpp, line 840]
Event: 273.525 Thread 0x000002905fffdfd0 Exception <a 'java/lang/IncompatibleClassChangeError'{0x000000008b7b7eb8}: Found class java.lang.Object, but interface was expected> (0x000000008b7b7eb8) 
thrown [s\open\src\hotspot\share\interpreter\linkResolver.cpp, line 840]
Event: 273.525 Thread 0x0000029060001ae0 Exception <a 'java/lang/IncompatibleClassChangeError'{0x000000008b633ba8}: Found class java.lang.Object, but interface was expected> (0x000000008b633ba8) 
thrown [s\open\src\hotspot\share\interpreter\linkResolver.cpp, line 840]
Event: 273.536 Thread 0x0000029060001ae0 Exception <a 'java/lang/IncompatibleClassChangeError'{0x000000008b641c08}: Found class java.lang.Object, but interface was expected> (0x000000008b641c08) 
thrown [s\open\src\hotspot\share\interpreter\linkResolver.cpp, line 840]
Event: 273.544 Thread 0x000002905fffdfd0 Exception <a 'java/lang/IncompatibleClassChangeError'{0x000000008b7f85e0}: Found class java.lang.Object, but interface was expected> (0x000000008b7f85e0) 
thrown [s\open\src\hotspot\share\interpreter\linkResolver.cpp, line 840]
Event: 273.682 Thread 0x000002905fffdfd0 Implicit null exception at 0x0000029007e0542c to 0x0000029007e05a6c
Event: 273.729 Thread 0x000002905fffcc20 Exception <a 'java/lang/NoSuchMethodError'{0x000000008fb12168}: 'java.lang.Object java.lang.invoke.DirectMethodHandle$Holder.invokeStatic(java.lang.Object, int, int)'> (0x000000008fb12168) 
thrown [s\open\src\hotspot\share\interpreter\linkResolver.cpp, line 773]
Event: 273.729 Thread 0x000002905fffe660 Exception <a 'java/lang/NoSuchMethodError'{0x000000008fc8c260}: 'java.lang.Object java.lang.invoke.DirectMethodHandle$Holder.invokeStatic(java.lang.Object, int, int)'> (0x000000008fc8c260) 
thrown [s\open\src\hotspot\share\interpreter\linkResolver.cpp, line 773]
Event: 273.729 Thread 0x000002905fffb870 Exception <a 'java/lang/NoSuchMethodError'{0x000000008fc0cb58}: 'java.lang.Object java.lang.invoke.DirectMethodHandle$Holder.invokeStatic(java.lang.Object, int, int)'> (0x000000008fc0cb58) 
thrown [s\open\src\hotspot\share\interpreter\linkResolver.cpp, line 773]
Event: 273.729 Thread 0x000002905fffecf0 Exception <a 'java/lang/NoSuchMethodError'{0x000000008fba15d0}: 'java.lang.Object java.lang.invoke.DirectMethodHandle$Holder.invokeStatic(java.lang.Object, int, int)'> (0x000000008fba15d0) 
thrown [s\open\src\hotspot\share\interpreter\linkResolver.cpp, line 773]
Event: 273.729 Thread 0x000002905ffff380 Exception <a 'java/lang/NoSuchMethodError'{0x000000008fa1b390}: 'java.lang.Object java.lang.invoke.DirectMethodHandle$Holder.invokeStatic(java.lang.Object, int, int)'> (0x000000008fa1b390) 
thrown [s\open\src\hotspot\share\interpreter\linkResolver.cpp, line 773]
Event: 273.729 Thread 0x0000029060001450 Exception <a 'java/lang/NoSuchMethodError'{0x000000008fa9b530}: 'java.lang.Object java.lang.invoke.DirectMethodHandle$Holder.invokeStatic(java.lang.Object, int, int)'> (0x000000008fa9b530) 
thrown [s\open\src\hotspot\share\interpreter\linkResolver.cpp, line 773]
Event: 303.589 Thread 0x000002905fffcc20 Exception <a 'java/lang/NoSuchMethodError'{0x000000008a6c0c90}: 'java.lang.Object java.lang.invoke.DirectMethodHandle$Holder.invokeInterface(java.lang.Object, java.lang.Object, java.lang.Object, java.lang.Object, java.lang.Object)'> (0x000000008a6c0c90) 
thrown [s\open\src\hotspot\share\interpreter\linkResolver.cpp, line 773]
Event: 303.609 Thread 0x000002905fffcc20 Exception <a 'java/lang/NoSuchMethodError'{0x000000008a5ad1c0}: 'int java.lang.invoke.DirectMethodHandle$Holder.invokeStatic(java.lang.Object, java.lang.Object, int, int)'> (0x000000008a5ad1c0) 
thrown [s\open\src\hotspot\share\interpreter\linkResolver.cpp, line 773]
Event: 652.213 Thread 0x0000029060001ae0 Exception <a 'java/lang/NoSuchMethodError'{0x000000008f080738}: 'int java.lang.invoke.DirectMethodHandle$Holder.invokeStatic(java.lang.Object, java.lang.Object, int, java.lang.Object)'> (0x000000008f080738) 
thrown [s\open\src\hotspot\share\interpreter\linkResolver.cpp, line 773]

ZGC Phase Switch (0 events):
No events

VM Operations (20 events):
Event: 2766.669 Executing VM operation: HandshakeAllThreads (HandshakeForDeflation)
Event: 2766.669 Executing VM operation: HandshakeAllThreads (HandshakeForDeflation) done
Event: 2766.669 Executing VM operation: RendezvousGCThreads
Event: 2766.669 Executing VM operation: RendezvousGCThreads done
Event: 2808.033 Executing VM operation: Cleanup
Event: 2808.033 Executing VM operation: Cleanup done
Event: 2887.149 Executing VM operation: G1CollectForAllocation (G1 Evacuation Pause)
Event: 2887.153 Executing VM operation: G1CollectForAllocation (G1 Evacuation Pause) done
Event: 2887.172 Executing VM operation: G1PauseRemark
Event: 2887.213 Executing VM operation: G1PauseRemark done
Event: 2887.223 Executing VM operation: G1PauseCleanup
Event: 2887.223 Executing VM operation: G1PauseCleanup done
Event: 2895.286 Executing VM operation: Cleanup
Event: 2895.286 Executing VM operation: Cleanup done
Event: 2897.297 Executing VM operation: Cleanup
Event: 2897.297 Executing VM operation: Cleanup done
Event: 2947.131 Executing VM operation: HandshakeAllThreads (HandshakeForDeflation)
Event: 2947.131 Executing VM operation: HandshakeAllThreads (HandshakeForDeflation) done
Event: 2947.131 Executing VM operation: RendezvousGCThreads
Event: 2947.131 Executing VM operation: RendezvousGCThreads done

Events (20 events):
Event: 2887.211 Thread 0x0000029014588a10 flushing nmethod 0x0000029000bb8e10
Event: 2887.211 Thread 0x0000029014588a10 flushing nmethod 0x0000029000bb9410
Event: 2887.211 Thread 0x0000029014588a10 flushing nmethod 0x0000029000bb9810
Event: 2887.211 Thread 0x0000029014588a10 flushing nmethod 0x0000029000bbb990
Event: 2887.211 Thread 0x0000029014588a10 flushing nmethod 0x0000029000bbbe10
Event: 2887.211 Thread 0x0000029014588a10 flushing nmethod 0x0000029000bbc710
Event: 2887.211 Thread 0x0000029014588a10 flushing nmethod 0x0000029000bbcd90
Event: 2887.211 Thread 0x0000029014588a10 flushing nmethod 0x0000029000c77310
Event: 2887.211 Thread 0x0000029014588a10 flushing nmethod 0x0000029000c7bf10
Event: 2887.211 Thread 0x0000029014588a10 flushing nmethod 0x0000029000df7310
Event: 2887.211 Thread 0x0000029014588a10 flushing nmethod 0x0000029000e77d90
Event: 2887.211 Thread 0x0000029014588a10 flushing nmethod 0x0000029000e79910
Event: 2887.211 Thread 0x0000029014588a10 flushing nmethod 0x0000029000ea4d90
Event: 2887.211 Thread 0x0000029014588a10 flushing nmethod 0x0000029000f2a910
Event: 2887.211 Thread 0x0000029014588a10 flushing nmethod 0x0000029000f9a090
Event: 2887.211 Thread 0x0000029014588a10 flushing nmethod 0x0000029000f9a990
Event: 2887.211 Thread 0x0000029014588a10 flushing nmethod 0x0000029001052d10
Event: 2887.211 Thread 0x0000029014588a10 flushing nmethod 0x00000290010b4b10
Event: 2894.312 Thread 0x00000290145c57c0 Thread added: 0x00000290145c57c0
Event: 2897.189 Thread 0x00000290145c57c0 Thread exited: 0x00000290145c57c0


Dynamic libraries:
0x00007ff641030000 - 0x00007ff641040000 	C:\Program Files\Java\jdk-21\bin\java.exe
0x00007ff9702b0000 - 0x00007ff9704a8000 	C:\Windows\SYSTEM32\ntdll.dll
0x00007ff96e370000 - 0x00007ff96e432000 	C:\Windows\System32\KERNEL32.DLL
0x00007ff96dd20000 - 0x00007ff96e016000 	C:\Windows\System32\KERNELBASE.dll
0x00007ff96dc20000 - 0x00007ff96dd20000 	C:\Windows\System32\ucrtbase.dll
0x00007ff95cfb0000 - 0x00007ff95cfc9000 	C:\Program Files\Java\jdk-21\bin\jli.dll
0x00007ff969dc0000 - 0x00007ff969ddb000 	C:\Program Files\Java\jdk-21\bin\VCRUNTIME140.dll
0x00007ff96f3e0000 - 0x00007ff96f491000 	C:\Windows\System32\ADVAPI32.dll
0x00007ff96eeb0000 - 0x00007ff96ef4e000 	C:\Windows\System32\msvcrt.dll
0x00007ff96e2d0000 - 0x00007ff96e36f000 	C:\Windows\System32\sechost.dll
0x00007ff96ed80000 - 0x00007ff96eea3000 	C:\Windows\System32\RPCRT4.dll
0x00007ff96dab0000 - 0x00007ff96dad7000 	C:\Windows\System32\bcrypt.dll
0x00007ff96f580000 - 0x00007ff96f71d000 	C:\Windows\System32\USER32.dll
0x00007ff95aea0000 - 0x00007ff95b13a000 	C:\Windows\WinSxS\amd64_microsoft.windows.common-controls_6595b64144ccf1df_6.0.19041.5915_none_60b4b9d171f9c7c7\COMCTL32.dll
0x00007ff96e2a0000 - 0x00007ff96e2c2000 	C:\Windows\System32\win32u.dll
0x00007ff970240000 - 0x00007ff97026b000 	C:\Windows\System32\GDI32.dll
0x00007ff96e180000 - 0x00007ff96e299000 	C:\Windows\System32\gdi32full.dll
0x00007ff96d940000 - 0x00007ff96d9dd000 	C:\Windows\System32\msvcp_win.dll
0x00007ff95b1c0000 - 0x00007ff95b1ca000 	C:\Windows\SYSTEM32\VERSION.dll
0x00007ff96e440000 - 0x00007ff96e46f000 	C:\Windows\System32\IMM32.DLL
0x00007ff968bf0000 - 0x00007ff968bfc000 	C:\Program Files\Java\jdk-21\bin\vcruntime140_1.dll
0x00007ff955290000 - 0x00007ff95531e000 	C:\Program Files\Java\jdk-21\bin\msvcp140.dll
0x00007ff8ff0a0000 - 0x00007ff8ffdbd000 	C:\Program Files\Java\jdk-21\bin\server\jvm.dll
0x00007ff96fdb0000 - 0x00007ff96fe1b000 	C:\Windows\System32\WS2_32.dll
0x00007ff96ced0000 - 0x00007ff96cf1b000 	C:\Windows\SYSTEM32\POWRPROF.dll
0x00007ff95b190000 - 0x00007ff95b1b7000 	C:\Windows\SYSTEM32\WINMM.dll
0x00007ff96cd40000 - 0x00007ff96cd52000 	C:\Windows\SYSTEM32\UMPDC.dll
0x00007ff96b7c0000 - 0x00007ff96b7d2000 	C:\Windows\SYSTEM32\kernel.appcore.dll
0x00007ff966480000 - 0x00007ff96648a000 	C:\Program Files\Java\jdk-21\bin\jimage.dll
0x00007ff95b460000 - 0x00007ff95b661000 	C:\Windows\SYSTEM32\DBGHELP.DLL
0x00007ff9594d0000 - 0x00007ff959504000 	C:\Windows\SYSTEM32\dbgcore.DLL
0x00007ff96db90000 - 0x00007ff96dc12000 	C:\Windows\System32\bcryptPrimitives.dll
0x00007ff95cff0000 - 0x00007ff95cfff000 	C:\Program Files\Java\jdk-21\bin\instrument.dll
0x00007ff95cd70000 - 0x00007ff95cd8f000 	C:\Program Files\Java\jdk-21\bin\java.dll
0x00007ff96e490000 - 0x00007ff96ebfe000 	C:\Windows\System32\SHELL32.dll
0x00007ff96b9c0000 - 0x00007ff96c164000 	C:\Windows\SYSTEM32\windows.storage.dll
0x00007ff96fe20000 - 0x00007ff970173000 	C:\Windows\System32\combase.dll
0x00007ff96d370000 - 0x00007ff96d39b000 	C:\Windows\SYSTEM32\Wldp.dll
0x00007ff96ecb0000 - 0x00007ff96ed7d000 	C:\Windows\System32\OLEAUT32.dll
0x00007ff96f080000 - 0x00007ff96f12d000 	C:\Windows\System32\SHCORE.dll
0x00007ff96f720000 - 0x00007ff96f77b000 	C:\Windows\System32\shlwapi.dll
0x00007ff96d870000 - 0x00007ff96d894000 	C:\Windows\SYSTEM32\profapi.dll
0x00007ff952a30000 - 0x00007ff952b07000 	C:\Program Files\Java\jdk-21\bin\jsvml.dll
0x00007ff958f00000 - 0x00007ff958f18000 	C:\Program Files\Java\jdk-21\bin\zip.dll
0x00007ff95caf0000 - 0x00007ff95cb00000 	C:\Program Files\Java\jdk-21\bin\net.dll
0x00007ff9677e0000 - 0x00007ff9678ea000 	C:\Windows\SYSTEM32\WINHTTP.dll
0x00007ff96d0d0000 - 0x00007ff96d13a000 	C:\Windows\system32\mswsock.dll
0x00007ff959bd0000 - 0x00007ff959be6000 	C:\Program Files\Java\jdk-21\bin\nio.dll
0x00007ff95cae0000 - 0x00007ff95cae9000 	C:\Program Files\Java\jdk-21\bin\extnet.dll
0x00007ff958ef0000 - 0x00007ff958efa000 	C:\Program Files\Java\jdk-21\bin\management.dll
0x00007ff958ee0000 - 0x00007ff958eeb000 	C:\Program Files\Java\jdk-21\bin\management_ext.dll
0x00007ff96f220000 - 0x00007ff96f228000 	C:\Windows\System32\PSAPI.DLL
0x00007ff95cac0000 - 0x00007ff95cace000 	C:\Program Files\Java\jdk-21\bin\sunmscapi.dll
0x00007ff96e020000 - 0x00007ff96e17d000 	C:\Windows\System32\CRYPT32.dll
0x00007ff96d3e0000 - 0x00007ff96d407000 	C:\Windows\SYSTEM32\ncrypt.dll
0x00007ff96d3a0000 - 0x00007ff96d3db000 	C:\Windows\SYSTEM32\NTASN1.dll
0x00007ff96d2c0000 - 0x00007ff96d2d8000 	C:\Windows\SYSTEM32\CRYPTSP.dll
0x00007ff96c980000 - 0x00007ff96c9b8000 	C:\Windows\system32\rsaenh.dll
0x00007ff96d7f0000 - 0x00007ff96d81e000 	C:\Windows\SYSTEM32\USERENV.dll
0x00007ff96d2e0000 - 0x00007ff96d2ec000 	C:\Windows\SYSTEM32\CRYPTBASE.dll
0x00007ff96cd60000 - 0x00007ff96cd9b000 	C:\Windows\SYSTEM32\IPHLPAPI.DLL
0x00007ff96f8a0000 - 0x00007ff96f8a8000 	C:\Windows\System32\NSI.dll
0x00007ff96cda0000 - 0x00007ff96ce6a000 	C:\Windows\SYSTEM32\DNSAPI.dll
0x00007ff966970000 - 0x00007ff96697a000 	C:\Windows\System32\rasadhlp.dll
0x00007ff95db20000 - 0x00007ff95dba0000 	C:\Windows\System32\fwpuclnt.dll
0x00007ff921d80000 - 0x00007ff921d87000 	C:\Windows\system32\wshunix.dll

dbghelp: loaded successfully - version: 4.0.5 - missing functions: none
symbol engine: initialized successfully - sym options: 0x614 - pdb path: .;C:\Program Files\Java\jdk-21\bin;C:\Windows\SYSTEM32;C:\Windows\WinSxS\amd64_microsoft.windows.common-controls_6595b64144ccf1df_6.0.19041.5915_none_60b4b9d171f9c7c7;C:\Program Files\Java\jdk-21\bin\server

VM Arguments:
jvm_args: -javaagent:C:\Program Files\JetBrains\IntelliJ IDEA Community Edition 2025.2.4\lib\idea_rt.jar=52652 -Dfile.encoding=UTF-8 -Dsun.stdout.encoding=UTF-8 -Dsun.stderr.encoding=UTF-8 
java_command: com.techroom.roommanagement.RoomManagementSystemApplication
java_class_path (initial): D:\RMS\RoomManagementSystem\backend\target\classes;C:\Users\Administrator\.m2\repository\org\springframework\boot\spring-boot-starter-data-jpa\3.5.7\spring-boot-starter-data-jpa-3.5.7.jar;C:\Users\Administrator\.m2\repository\org\springframework\boot\spring-boot-starter\3.5.7\spring-boot-starter-3.5.7.jar;C:\Users\Administrator\.m2\repository\org\springframework\boot\spring-boot-starter-logging\3.5.7\spring-boot-starter-logging-3.5.7.jar;C:\Users\Administrator\.m2\repository\ch\qos\logback\logback-classic\1.5.20\logback-classic-1.5.20.jar;C:\Users\Administrator\.m2\repository\ch\qos\logback\logback-core\1.5.20\logback-core-1.5.20.jar;C:\Users\Administrator\.m2\repository\org\apache\logging\log4j\log4j-to-slf4j\2.24.3\log4j-to-slf4j-2.24.3.jar;C:\Users\Administrator\.m2\repository\org\apache\logging\log4j\log4j-api\2.24.3\log4j-api-2.24.3.jar;C:\Users\Administrator\.m2\repository\org\slf4j\jul-to-slf4j\2.0.17\jul-to-slf4j-2.0.17.jar;C:\Users\Administrator\.m2\repository\jakarta\annotation\jakarta.annotation-api\2.1.1\jakarta.annotation-api-2.1.1.jar;C:\Users\Administrator\.m2\repository\org\yaml\snakeyaml\2.4\snakeyaml-2.4.jar;C:\Users\Administrator\.m2\repository\org\springframework\boot\spring-boot-starter-jdbc\3.5.7\spring-boot-starter-jdbc-3.5.7.jar;C:\Users\Administrator\.m2\repository\com\zaxxer\HikariCP\6.3.3\HikariCP-6.3.3.jar;C:\Users\Administrator\.m2\repository\org\springframework\spring-jdbc\6.2.12\spring-jdbc-6.2.12.jar;C:\Users\Administrator\.m2\repository\org\hibernate\orm\hibernate-core\6.6.33.Final\hibernate-core-6.6.33.Final.jar;C:\Users\Administrator\.m2\repository\jakarta\persistence\jakarta.persistence-api\3.1.0\jakarta.persistence-api-3.1.0.jar;C:\Users\Administrator\.m2\repository\org\jboss\logging\jboss-logging\3.6.1.Final\jboss-logging-3.6.1.Final.jar;C:\Users\Administrator\.m2\repository\org\hibernate\common\hibernate-commons-annotations\7.0.3.Final\hibernate-commons-annotations-7.0.3.Final.jar;C:\Users\Administrator\.m2\repository\io\smallrye\jandex\3.2.0\jandex-3.2.0.jar;C:\Users\Administrator\.m2\repository\com\fasterxml\classmate\1.7.1\classmate-1.7.1.jar;C:\Users\Administrator\.m2\repository\net\bytebuddy\byte-buddy\1.17.8\byte-buddy-1.17.8.jar;C:\Users\Administrator\.m2\repository\org\glassfish\jaxb\jaxb-runtime\4.0.6\jaxb-runtime-4.0.6.jar;C:\Users\Administrator\.m2\repository\org\glassfish\jaxb\jaxb-core\4.0.6\jaxb-core-4.0.6.jar;C:\Users\Administrator\.m2\repository\org\eclipse\angus\angus-activation\2.0.3\angus-activation-2.0.3.jar;C:\Users\Administrator\.m2\repository\org\glassfish\jaxb\txw2\4.0.6\txw2-4.0.6.jar;C:\Users\Administrator\.m2\repository\com\sun\istack\istack-commons-runtime\4.1.2\istack-commons-runtime-4.1.2.jar;C:\Users\Administrator\.m2\repository\jakarta\inject\jakarta.inject-api\2.0.1\jakarta.inject-api-2.0.1.jar;C:\Users\Administrator\.m2\repository\org\antlr\antlr4-runtime\4.13.0\antlr4-runtime-4.13.0.jar;C:\Users\Administrator\.m2\repository\org\springframework\data\spring-data-jpa\3.5.5\spring-data-jpa-3.5.5.jar;C:\Users\Administrator\.m2\repository\org\springframework\data\spring-data-commons\3.5.5\spring-data-commons-3.5.5.jar;C:\Users\Administrator\.m2\repository\org\springframework\spring-orm\6.2.12\spring-orm-6.2.12.jar;C:\Users\Administrator\.m2\repository\org\springframework\spring-context\6.2.12\spring-context-6.2.12.jar;C:\Users\Administrator\.m2\repository\org\springframework\spring-tx\6.2.12\spring-tx-6.2.12.jar;C:\Users\Administrator\.m2\repository\org\springframework\spring-beans\6.2.12\spring-beans-6.2.12.jar;C:\Users\Administrator\.m2\repository\org\slf4j\slf4j-api\2.0.17\slf4j-api-2.0.17.jar;C:\Users\Administrator\.m2\repository\org\springframework\spring-aspects\6.2.12\spring-aspects-6.2.12.jar;C:\Users\Administrator\.m2\repository\org\aspectj\aspectjweaver\1.9.24\aspectjweaver-1.9.24.jar;C:\Users\Administrator\.m2\repository\org\springframework\boot\spring-boot-starter-web\3.5.7\spring-boot-starter-web-3.5.7.jar;C:\Users\Administrator\.m2\repository\org\springframework\boot\spring-boot-starter-json\3.5.7\spring-boot-starter-json-3.5.7.jar;C:\Users\Administrator\.m2\repository\com\fasterxml\jackson\datatype\jackson-datatype-jdk8\2.19.2\jackson-datatype-jdk8-2.19.2.jar;C:\Users\Administrator\.m2\repository\com\fasterxml\jackson\datatype\jackson-datatype-jsr310\2.19.2\jackson-datatype-jsr310-2.19.2.jar;C:\Users\Administrator\.m2\repository\com\fasterxml\jackson\module\jackson-module-parameter-names\2.19.2\jackson-module-parameter-names-2.19.2.jar;C:\Users\Administrator\.m2\repository\org\springframework\boot\spring-boot-starter-tomcat\3.5.7\spring-boot-starter-tomcat-3.5.7.jar;C:\Users\Administrator\.m2\repository\org\apache\tomcat\embed\tomcat-embed-core\10.1.48\tomcat-embed-core-10.1.48.jar;C:\Users\Administrator\.m2\repository\org\apache\tomcat\embed\tomcat-embed-websocket\10.1.48\tomcat-embed-websocket-10.1.48.jar;C:\Users\Administrator\.m2\repository\org\springframework\spring-web\6.2.12\spring-web-6.2.12.jar;C:\Users\Administrator\.m2\repository\io\micrometer\micrometer-observation\1.15.5\micrometer-observation-1.15.5.jar;C:\Users\Administrator\.m2\repository\io\micrometer\micrometer-commons\1.15.5\micrometer-commons-1.15.5.jar;C:\Users\Administrator\.m2\repository\org\springframework\spring-webmvc\6.2.12\spring-webmvc-6.2.12.jar;C:\Users\Administrator\.m2\repository\org\springframework\spring-expression\6.2.12\spring-expression-6.2.12.jar;C:\Users\Administrator\.m2\repository\org\springframework\boot\spring-boot-starter-validation\3.5.7\spring-boot-starter-validation-3.5.7.jar;C:\Users\Administrator\.m2\repository\org\apache\tomcat\embed\tomcat-embed-el\10.1.48\tomcat-embed-el-10.1.48.jar;C:\Users\Administrator\.m2\repository\org\hibernate\validator\hibernate-validator\8.0.3.Final\hibernate-validator-8.0.3.Final.jar;C:\Users\Administrator\.m2\repository\jakarta\validation\jakarta.validation-api\3.0.2\jakarta.validation-api-3.0.2.jar;C:\Users\Administrator\.m2\repository\org\springframework\boot\spring-boot-devtools\3.5.7\spring-boot-devtools-3.5.7.jar;C:\Users\Administrator\.m2\repository\org\springframework\boot\spring-boot\3.5.7\spring-boot-3.5.7.jar;C:\Users\Administrator\.m2\repository\org\springframework\boot\spring-boot-autoconfigure\3.5.7\spring-boot-autoconfigure-3.5.7.jar;C:\Users\Administrator\.m2\repository\com\mysql\mysql-connector-j\9.4.0\mysql-connector-j-9.4.0.jar;C:\Users\Administrator\.m2\repository\org\projectlombok\lombok\1.18.42\lombok-1.18.42.jar;C:\Users\Administrator\.m2\repository\jakarta\xml\bind\jakarta.xml.bind-api\4.0.4\jakarta.xml.bind-api-4.0.4.jar;C:\Users\Administrator\.m2\repository\jakarta\activation\jakarta.activation-api\2.1.4\jakarta.activation-api-2.1.4.jar;C:\Users\Administrator\.m2\repository\org\springframework\spring-core\6.2.12\spring-core-6.2.12.jar;C:\Users\Administrator\.m2\repository\org\springframework\spring-jcl\6.2.12\spring-jcl-6.2.12.jar;C:\Users\Administrator\.m2\repository\org\springframework\boot\spring-boot-starter-security\3.5.7\spring-boot-starter-security-3.5.7.jar;C:\Users\Administrator\.m2\repository\org\springframework\spring-aop\6.2.12\spring-aop-6.2.12.jar;C:\Users\Administrator\.m2\repository\org\springframework\security\spring-security-config\6.5.6\spring-security-config-6.5.6.jar;C:\Users\Administrator\.m2\repository\org\springframework\security\spring-security-core\6.5.6\spring-security-core-6.5.6.jar;C:\Users\Administrator\.m2\repository\org\springframework\security\spring-security-crypto\6.5.6\spring-security-crypto-6.5.6.jar;C:\Users\Administrator\.m2\repository\org\springframework\security\spring-security-web\6.5.6\spring-security-web-6.5.6.jar;C:\Users\Administrator\.m2\repository\io\jsonwebtoken\jjwt-api\0.11.5\jjwt-api-0.11.5.jar;C:\Users\Administrator\.m2\repository\io\jsonwebtoken\jjwt-impl\0.11.5\jjwt-impl-0.11.5.jar;C:\Users\Administrator\.m2\repository\io\jsonwebtoken\jjwt-jackson\0.11.5\jjwt-jackson-0.11.5.jar;C:\Users\Administrator\.m2\repository\com\fasterxml\jackson\core\jackson-databind\2.19.2\jackson-databind-2.19.2.jar;C:\Users\Administrator\.m2\repository\com\fasterxml\jackson\core\jackson-annotations\2.19.2\jackson-annotations-2.19.2.jar;C:\Users\Administrator\.m2\repository\com\fasterxml\jackson\core\jackson-core\2.19.2\jackson-core-2.19.2.jar;C:\Users\Administrator\.m2\repository\jakarta\transaction\jakarta.transaction-api\2.0.1\jakarta.transaction-api-2.0.1.jar
Launcher Type: SUN_STANDARD

[Global flags]
     intx CICompilerCount                          = 4                                         {product} {ergonomic}
     uint ConcGCThreads                            = 3                                         {product} {ergonomic}
     uint G1ConcRefinementThreads                  = 10                                        {product} {ergonomic}
   size_t G1HeapRegionSize                         = 1048576                                   {product} {ergonomic}
    uintx GCDrainStackTargetSize                   = 64                                        {product} {ergonomic}
   size_t InitialHeapSize                          = 132120576                                 {product} {ergonomic}
   size_t MarkStackSize                            = 4194304                                   {product} {ergonomic}
   size_t MaxHeapSize                              = 2101346304                                {product} {ergonomic}
   size_t MaxNewSize                               = 1260388352                                {product} {ergonomic}
   size_t MinHeapDeltaBytes                        = 1048576                                   {product} {ergonomic}
   size_t MinHeapSize                              = 8388608                                   {product} {ergonomic}
    uintx NonNMethodCodeHeapSize                   = 5839372                                {pd product} {ergonomic}
    uintx NonProfiledCodeHeapSize                  = 122909434                              {pd product} {ergonomic}
    uintx ProfiledCodeHeapSize                     = 122909434                              {pd product} {ergonomic}
    uintx ReservedCodeCacheSize                    = 251658240                              {pd product} {ergonomic}
     bool SegmentedCodeCache                       = true                                      {product} {ergonomic}
   size_t SoftMaxHeapSize                          = 2101346304                             {manageable} {ergonomic}
     bool UseCompressedOops                        = true                           {product lp64_product} {ergonomic}
     bool UseG1GC                                  = true                                      {product} {ergonomic}
     bool UseLargePagesIndividualAllocation        = false                                  {pd product} {ergonomic}

Logging:
Log output configuration:
 #0: stdout all=warning uptime,level,tags foldmultilines=false
 #1: stderr all=off uptime,level,tags foldmultilines=false

Environment Variables:
JAVA_HOME=C:\Program Files\Java\jdk-21
PATH=C:\Windows\system32;C:\Windows;C:\Windows\System32\Wbem;C:\Windows\System32\WindowsPowerShell\v1.0\;C:\Windows\System32\OpenSSH\;C:\Program Files (x86)\mingw-w64\i686-8.1.0-posix-dwarf-rt_v6-rev0\mingw32\bin;C:\Program Files\Microsoft SQL Server\Client SDK\ODBC\170\Tools\Binn\;C:\Program Files (x86)\Microsoft SQL Server\160\Tools\Binn\;C:\Program Files\Microsoft SQL Server\160\Tools\Binn\;C:\Program Files\Microsoft SQL Server\160\DTS\Binn\;C:\Program Files\MySQL\MySQL Server 5.7\bin;C:\Graphviz-12.2.1-win64\bin;C:\Program Files (x86)\Microsoft SQL Server\160\DTS\Binn\;C:\Program Files\Git\cmd;D:\flutter\flutter\bin;C:\Program Files\nodejs\;C:\Program Files\Java\jdk-21\bin;C:\apache-maven-3.9.11\bin;C:\Users\Administrator\AppData\Local\Microsoft\WindowsApps;C:\Users\Administrator\AppData\Local\Programs\Microsoft VS Code\bin;C:\Program Files\MySQL\MySQL Server 5.7\bin;C:\Users\Administrator\AppData\Roaming\npm;C:\Program Files\JetBrains\IntelliJ IDEA Community Edition 2025.2.4\bin
USERNAME=MSI
OS=Windows_NT
PROCESSOR_IDENTIFIER=Intel64 Family 6 Model 165 Stepping 2, GenuineIntel
TMP=C:\Users\ADMINI~1\AppData\Local\Temp
TEMP=C:\Users\ADMINI~1\AppData\Local\Temp




Periodic native trim disabled

---------------  S Y S T E M  ---------------

OS:
 Windows 10 , 64 bit Build 19041 (10.0.19041.5915)
OS uptime: 0 days 2:41 hours

CPU: total 12 (initial active 12) (6 cores per cpu, 2 threads per core) family 6 model 165 stepping 2 microcode 0xe2, cx8, cmov, fxsr, ht, mmx, 3dnowpref, sse, sse2, sse3, ssse3, sse4.1, sse4.2, popcnt, lzcnt, tsc, tscinvbit, avx, avx2, aes, erms, clmul, bmi1, bmi2, adx, fma, vzeroupper, clflush, clflushopt, rdtscp, f16c, pku
Processor Information for all 12 processors :
  Max Mhz: 2592, Current Mhz: 2592, Mhz Limit: 2592

Memory: 4k page, system-wide physical 8013M (588M free)
TotalPageFile size 12109M (AvailPageFile size 60M)
current process WorkingSet (physical memory assigned to process): 385M, peak: 506M
current process commit charge ("private bytes"): 490M, peak: 553M

vm_info: Java HotSpot(TM) 64-Bit Server VM (21.0.9+7-LTS-338) for windows-amd64 JRE (21.0.9+7-LTS-338), built on 2025-09-26T06:33:49Z by "mach5run" with MS VC++ 17.6 (VS2022)

END.
