#
# There is insufficient memory for the Java Runtime Environment to continue.
# Native memory allocation (malloc) failed to allocate 248816 bytes for Chunk::new
# Possible reasons:
#   The system is out of physical RAM or swap space
#   The process is running with CompressedOops enabled, and the Java Heap may be blocking the growth of the native heap
# Possible solutions:
#   Reduce memory load on the system
#   Increase physical memory or swap space
#   Check if swap backing store is full
#   Decrease Java heap size (-Xmx/-Xms)
#   Decrease number of Java threads
#   Decrease Java thread stack sizes (-Xss)
#   Set larger code cache with -XX:ReservedCodeCacheSize=
#   JVM is running with Unscaled Compressed Oops mode in which the Java heap is
#     placed in the first 4GB address space. The Java Heap base address is the
#     maximum limit for the native heap growth. Please use -XX:HeapBaseMinAddress
#     to set the Java Heap base and to place the Java Heap above 4GB virtual address.
# This output file may be truncated or incomplete.
#
#  Out of Memory Error (arena.cpp:168), pid=9764, tid=13980
#
# JRE version: Java(TM) SE Runtime Environment (21.0.9+7) (build 21.0.9+7-LTS-338)
# Java VM: Java HotSpot(TM) 64-Bit Server VM (21.0.9+7-LTS-338, mixed mode, sharing, tiered, compressed oops, compressed class ptrs, g1 gc, windows-amd64)
# No core dump will be written. Minidumps are not enabled by default on client versions of Windows
#

---------------  S U M M A R Y ------------

Command Line: -javaagent:C:\Program Files\JetBrains\IntelliJ IDEA Community Edition 2025.2.4\lib\idea_rt.jar=49764 -Dfile.encoding=UTF-8 -Dsun.stdout.encoding=UTF-8 -Dsun.stderr.encoding=UTF-8 com.techroom.roommanagement.RoomManagementSystemApplication

Host: Intel(R) Core(TM) i7-10750H CPU @ 2.60GHz, 12 cores, 7G,  Windows 10 , 64 bit Build 19041 (10.0.19041.5915)
Time: Fri Dec 19 21:48:20 2025 SE Asia Standard Time elapsed time: 118.913212 seconds (0d 0h 1m 58s)

---------------  T H R E A D  ---------------

Current thread (0x000001ec6a74d230):  JavaThread "C2 CompilerThread0" daemon [_thread_in_native, id=13980, stack(0x000000463d600000,0x000000463d700000) (1024K)]


Current CompileTask:
C2: 118913 10690       4       com.mysql.cj.util.StringInspector::indexOfNextChar (1426 bytes)

Stack: [0x000000463d600000,0x000000463d700000]
Native frames: (J=compiled Java code, j=interpreted, Vv=VM code, C=native code)
V  [jvm.dll+0x6cbf89]
V  [jvm.dll+0x858421]
V  [jvm.dll+0x85a94e]
V  [jvm.dll+0x85b023]
V  [jvm.dll+0x27ebc6]
V  [jvm.dll+0xc4f4d]
V  [jvm.dll+0xc5483]
V  [jvm.dll+0x2f1f8d]
V  [jvm.dll+0x5f6cea]
V  [jvm.dll+0x2506d2]
V  [jvm.dll+0x24903f]
V  [jvm.dll+0x246b14]
V  [jvm.dll+0x1c7a3e]
V  [jvm.dll+0x256329]
V  [jvm.dll+0x2548ba]
V  [jvm.dll+0x3efdee]
V  [jvm.dll+0x80265b]
V  [jvm.dll+0x6ca66d]
C  [ucrtbase.dll+0x21bb2]
C  [KERNEL32.DLL+0x17374]
C  [ntdll.dll+0x4cc91]


---------------  P R O C E S S  ---------------

Threads class SMR info:
_java_thread_list=0x000001ec700d5b40, length=31, elements={
0x000001ec6a73e4f0, 0x000001ec6a743220, 0x000001ec6a745070, 0x000001ec6a745ad0,
0x000001ec6a746530, 0x000001ec6a74c4a0, 0x000001ec6a74d230, 0x000001ec6a74dcd0,
0x000001ec6aa28b80, 0x000001ec6ac65e50, 0x000001ec6ac666d0, 0x000001ec731f9620,
0x000001ec710e3fa0, 0x000001ec710c04f0, 0x000001ec710be420, 0x000001ec710beab0,
0x000001ec730ccbc0, 0x000001ec730ce600, 0x000001ec730c7670, 0x000001ec730cec90,
0x000001ec730cbea0, 0x000001ec730c8390, 0x000001ec730c7d00, 0x000001ec730c8a20,
0x000001ec730cb180, 0x000001ec730ca460, 0x000001ec730cd250, 0x000001ec730cdf70,
0x000001ec730cc530, 0x000001ec730c90b0, 0x000001ec730caaf0
}

Java Threads: ( => current thread )
  0x000001ec6a73e4f0 JavaThread "Reference Handler"          daemon [_thread_blocked, id=8900, stack(0x000000463d000000,0x000000463d100000) (1024K)]
  0x000001ec6a743220 JavaThread "Finalizer"                  daemon [_thread_blocked, id=1484, stack(0x000000463d100000,0x000000463d200000) (1024K)]
  0x000001ec6a745070 JavaThread "Signal Dispatcher"          daemon [_thread_blocked, id=8036, stack(0x000000463d200000,0x000000463d300000) (1024K)]
  0x000001ec6a745ad0 JavaThread "Attach Listener"            daemon [_thread_blocked, id=15212, stack(0x000000463d300000,0x000000463d400000) (1024K)]
  0x000001ec6a746530 JavaThread "Service Thread"             daemon [_thread_blocked, id=12916, stack(0x000000463d400000,0x000000463d500000) (1024K)]
  0x000001ec6a74c4a0 JavaThread "Monitor Deflation Thread"   daemon [_thread_blocked, id=8244, stack(0x000000463d500000,0x000000463d600000) (1024K)]
=>0x000001ec6a74d230 JavaThread "C2 CompilerThread0"         daemon [_thread_in_native, id=13980, stack(0x000000463d600000,0x000000463d700000) (1024K)]
  0x000001ec6a74dcd0 JavaThread "C1 CompilerThread0"         daemon [_thread_blocked, id=3356, stack(0x000000463d700000,0x000000463d800000) (1024K)]
  0x000001ec6aa28b80 JavaThread "Common-Cleaner"             daemon [_thread_blocked, id=2832, stack(0x000000463d800000,0x000000463d900000) (1024K)]
  0x000001ec6ac65e50 JavaThread "Monitor Ctrl-Break"         daemon [_thread_in_native, id=6428, stack(0x000000463db00000,0x000000463dc00000) (1024K)]
  0x000001ec6ac666d0 JavaThread "Notification Thread"        daemon [_thread_blocked, id=5464, stack(0x000000463dc00000,0x000000463dd00000) (1024K)]
  0x000001ec731f9620 JavaThread "mysql-cj-abandoned-connection-cleanup" daemon [_thread_blocked, id=7256, stack(0x000000463e400000,0x000000463e500000) (1024K)]
  0x000001ec710e3fa0 JavaThread "HikariPool-1:housekeeper"   daemon [_thread_blocked, id=1944, stack(0x000000463ec00000,0x000000463ed00000) (1024K)]
  0x000001ec710c04f0 JavaThread "Catalina-utility-1"                [_thread_blocked, id=12528, stack(0x000000463ee00000,0x000000463ef00000) (1024K)]
  0x000001ec710be420 JavaThread "Catalina-utility-2"                [_thread_blocked, id=12944, stack(0x000000463ef00000,0x000000463f000000) (1024K)]
  0x000001ec710beab0 JavaThread "container-0"                       [_thread_blocked, id=10396, stack(0x000000463f000000,0x000000463f100000) (1024K)]
  0x000001ec730ccbc0 JavaThread "File Watcher"               daemon [_thread_blocked, id=12920, stack(0x000000463f100000,0x000000463f200000) (1024K)]
  0x000001ec730ce600 JavaThread "Live Reload Server"         daemon [_thread_in_native, id=2904, stack(0x000000463f300000,0x000000463f400000) (1024K)]
  0x000001ec730c7670 JavaThread "http-nio-8081-exec-1"       daemon [_thread_blocked, id=13488, stack(0x000000463f200000,0x000000463f300000) (1024K)]
  0x000001ec730cec90 JavaThread "http-nio-8081-exec-2"       daemon [_thread_blocked, id=10940, stack(0x000000463f400000,0x000000463f500000) (1024K)]
  0x000001ec730cbea0 JavaThread "http-nio-8081-exec-3"       daemon [_thread_blocked, id=14556, stack(0x000000463f500000,0x000000463f600000) (1024K)]
  0x000001ec730c8390 JavaThread "http-nio-8081-exec-4"       daemon [_thread_blocked, id=5740, stack(0x000000463f600000,0x000000463f700000) (1024K)]
  0x000001ec730c7d00 JavaThread "http-nio-8081-exec-5"       daemon [_thread_blocked, id=9036, stack(0x000000463f700000,0x000000463f800000) (1024K)]
  0x000001ec730c8a20 JavaThread "http-nio-8081-exec-6"       daemon [_thread_blocked, id=2984, stack(0x000000463f800000,0x000000463f900000) (1024K)]
  0x000001ec730cb180 JavaThread "http-nio-8081-exec-7"       daemon [_thread_blocked, id=14948, stack(0x000000463f900000,0x000000463fa00000) (1024K)]
  0x000001ec730ca460 JavaThread "http-nio-8081-exec-8"       daemon [_thread_blocked, id=2120, stack(0x000000463fa00000,0x000000463fb00000) (1024K)]
  0x000001ec730cd250 JavaThread "http-nio-8081-exec-9"       daemon [_thread_blocked, id=14668, stack(0x000000463fb00000,0x000000463fc00000) (1024K)]
  0x000001ec730cdf70 JavaThread "http-nio-8081-exec-10"      daemon [_thread_blocked, id=14116, stack(0x000000463fc00000,0x000000463fd00000) (1024K)]
  0x000001ec730cc530 JavaThread "http-nio-8081-Poller"       daemon [_thread_in_native, id=6436, stack(0x000000463fd00000,0x000000463fe00000) (1024K)]
  0x000001ec730c90b0 JavaThread "http-nio-8081-Acceptor"     daemon [_thread_in_native, id=14736, stack(0x000000463fe00000,0x000000463ff00000) (1024K)]
  0x000001ec730caaf0 JavaThread "DestroyJavaVM"                     [_thread_blocked, id=7944, stack(0x000000463c800000,0x000000463c900000) (1024K)]
Total: 31

Other Threads:
  0x000001ec6a720680 VMThread "VM Thread"                           [id=532, stack(0x000000463cf00000,0x000000463d000000) (1024K)]
  0x000001ec6a70ec10 WatcherThread "VM Periodic Task Thread"        [id=8640, stack(0x000000463ce00000,0x000000463cf00000) (1024K)]
  0x000001ec4d9ff3e0 WorkerThread "GC Thread#0"                     [id=6200, stack(0x000000463c900000,0x000000463ca00000) (1024K)]
  0x000001ec6f8627e0 WorkerThread "GC Thread#1"                     [id=11888, stack(0x000000463df00000,0x000000463e000000) (1024K)]
  0x000001ec6f7d8f90 WorkerThread "GC Thread#2"                     [id=8828, stack(0x000000463e000000,0x000000463e100000) (1024K)]
  0x000001ec6f86bb40 WorkerThread "GC Thread#3"                     [id=14608, stack(0x000000463e100000,0x000000463e200000) (1024K)]
  0x000001ec6f86cb00 WorkerThread "GC Thread#4"                     [id=10924, stack(0x000000463e200000,0x000000463e300000) (1024K)]
  0x000001ec6f86eec0 WorkerThread "GC Thread#5"                     [id=14708, stack(0x000000463e300000,0x000000463e400000) (1024K)]
  0x000001ec6ff17900 WorkerThread "GC Thread#6"                     [id=6476, stack(0x000000463e500000,0x000000463e600000) (1024K)]
  0x000001ec70255c20 WorkerThread "GC Thread#7"                     [id=10404, stack(0x000000463e600000,0x000000463e700000) (1024K)]
  0x000001ec6fb066e0 WorkerThread "GC Thread#8"                     [id=8736, stack(0x000000463e700000,0x000000463e800000) (1024K)]
  0x000001ec6fb06a90 WorkerThread "GC Thread#9"                     [id=6340, stack(0x000000463e800000,0x000000463e900000) (1024K)]
  0x000001ec4da10710 ConcurrentGCThread "G1 Main Marker"            [id=1228, stack(0x000000463ca00000,0x000000463cb00000) (1024K)]
  0x000001ec4da11120 WorkerThread "G1 Conc#0"                       [id=4040, stack(0x000000463cb00000,0x000000463cc00000) (1024K)]
  0x000001ec6fb60a70 WorkerThread "G1 Conc#1"                       [id=11476, stack(0x000000463ea00000,0x000000463eb00000) (1024K)]
  0x000001ec700df5a0 WorkerThread "G1 Conc#2"                       [id=8240, stack(0x000000463eb00000,0x000000463ec00000) (1024K)]
  0x000001ec6a5df700 ConcurrentGCThread "G1 Refine#0"               [id=6452, stack(0x000000463cc00000,0x000000463cd00000) (1024K)]
  0x000001ec6a5dff30 ConcurrentGCThread "G1 Service"                [id=1952, stack(0x000000463cd00000,0x000000463ce00000) (1024K)]
Total: 18

Threads with active compile tasks:
C2 CompilerThread0   118930 10690       4       com.mysql.cj.util.StringInspector::indexOfNextChar (1426 bytes)
Total: 1

VM state: not at safepoint (normal execution)

VM Mutex/Monitor currently owned by a thread: None

Heap address: 0x0000000082c00000, size: 2004 MB, Compressed Oops mode: 32-bit

CDS archive(s) mapped at: [0x000001ec00000000-0x000001ec00c90000-0x000001ec00c90000), size 13172736, SharedBaseAddress: 0x000001ec00000000, ArchiveRelocationMode: 1.
Compressed class space mapped at: 0x000001ec01000000-0x000001ec41000000, reserved size: 1073741824
Narrow klass base: 0x000001ec00000000, Narrow klass shift: 0, Narrow klass range: 0x100000000

GC Precious Log:
 CardTable entry size: 512
 Card Set container configuration: InlinePtr #cards 5 size 8 Array Of Cards #cards 12 size 40 Howl #buckets 4 coarsen threshold 1843 Howl Bitmap #cards 512 size 80 coarsen threshold 460 Card regions per heap region 1 cards per card region 2048
 CPUs: 12 total, 12 available
 Memory: 8013M
 Large Page Support: Disabled
 NUMA Support: Disabled
 Compressed Oops: Enabled (32-bit)
 Heap Region Size: 1M
 Heap Min Capacity: 8M
 Heap Initial Capacity: 126M
 Heap Max Capacity: 2004M
 Pre-touch: Disabled
 Parallel Workers: 10
 Concurrent Workers: 3
 Concurrent Refinement Workers: 10
 Periodic GC: Disabled

Heap:
 garbage-first heap   total 176128K, used 56821K [0x0000000082c00000, 0x0000000100000000)
  region size 1024K, 14 young (14336K), 13 survivors (13312K)
 Metaspace       used 86877K, committed 87744K, reserved 1179648K
  class space    used 11904K, committed 12288K, reserved 1048576K

Heap Regions: E=young(eden), S=young(survivor), O=old, HS=humongous(starts), HC=humongous(continues), CS=collection set, F=free, TAMS=top-at-mark-start, PB=parsable bottom
|   0|0x0000000082c00000, 0x0000000082d00000, 0x0000000082d00000|100%|HS|  |TAMS 0x0000000082c00000| PB 0x0000000082c00000| Complete 
|   1|0x0000000082d00000, 0x0000000082e00000, 0x0000000082e00000|100%|HS|  |TAMS 0x0000000082d00000| PB 0x0000000082d00000| Complete 
|   2|0x0000000082e00000, 0x0000000082f00000, 0x0000000082f00000|100%| O|  |TAMS 0x0000000082e00000| PB 0x0000000082e00000| Untracked 
|   3|0x0000000082f00000, 0x0000000083000000, 0x0000000083000000|100%| O|  |TAMS 0x0000000082f00000| PB 0x0000000082f00000| Untracked 
|   4|0x0000000083000000, 0x0000000083100000, 0x0000000083100000|100%| O|  |TAMS 0x0000000083000000| PB 0x0000000083000000| Untracked 
|   5|0x0000000083100000, 0x0000000083200000, 0x0000000083200000|100%| O|  |TAMS 0x0000000083100000| PB 0x0000000083100000| Untracked 
|   6|0x0000000083200000, 0x0000000083300000, 0x0000000083300000|100%| O|  |TAMS 0x0000000083200000| PB 0x0000000083200000| Untracked 
|   7|0x0000000083300000, 0x0000000083400000, 0x0000000083400000|100%| O|  |TAMS 0x0000000083300000| PB 0x0000000083300000| Untracked 
|   8|0x0000000083400000, 0x0000000083500000, 0x0000000083500000|100%| O|  |TAMS 0x0000000083400000| PB 0x0000000083400000| Untracked 
|   9|0x0000000083500000, 0x0000000083600000, 0x0000000083600000|100%| O|  |TAMS 0x0000000083500000| PB 0x0000000083500000| Untracked 
|  10|0x0000000083600000, 0x0000000083700000, 0x0000000083700000|100%| O|  |TAMS 0x0000000083600000| PB 0x0000000083600000| Untracked 
|  11|0x0000000083700000, 0x0000000083800000, 0x0000000083800000|100%| O|  |TAMS 0x0000000083700000| PB 0x0000000083700000| Untracked 
|  12|0x0000000083800000, 0x0000000083900000, 0x0000000083900000|100%| O|  |TAMS 0x0000000083800000| PB 0x0000000083800000| Untracked 
|  13|0x0000000083900000, 0x0000000083a00000, 0x0000000083a00000|100%| O|  |TAMS 0x0000000083900000| PB 0x0000000083900000| Untracked 
|  14|0x0000000083a00000, 0x0000000083b00000, 0x0000000083b00000|100%| O|  |TAMS 0x0000000083a00000| PB 0x0000000083a00000| Untracked 
|  15|0x0000000083b00000, 0x0000000083c00000, 0x0000000083c00000|100%| O|  |TAMS 0x0000000083b00000| PB 0x0000000083b00000| Untracked 
|  16|0x0000000083c00000, 0x0000000083d00000, 0x0000000083d00000|100%| O|  |TAMS 0x0000000083c00000| PB 0x0000000083c00000| Untracked 
|  17|0x0000000083d00000, 0x0000000083e00000, 0x0000000083e00000|100%| O|  |TAMS 0x0000000083d00000| PB 0x0000000083d00000| Untracked 
|  18|0x0000000083e00000, 0x0000000083f00000, 0x0000000083f00000|100%| O|  |TAMS 0x0000000083e00000| PB 0x0000000083e00000| Untracked 
|  19|0x0000000083f00000, 0x0000000084000000, 0x0000000084000000|100%| O|  |TAMS 0x0000000083f00000| PB 0x0000000083f00000| Untracked 
|  20|0x0000000084000000, 0x0000000084100000, 0x0000000084100000|100%| O|  |TAMS 0x0000000084000000| PB 0x0000000084000000| Untracked 
|  21|0x0000000084100000, 0x0000000084200000, 0x0000000084200000|100%| O|  |TAMS 0x0000000084100000| PB 0x0000000084100000| Untracked 
|  22|0x0000000084200000, 0x0000000084300000, 0x0000000084300000|100%| O|  |TAMS 0x0000000084200000| PB 0x0000000084200000| Untracked 
|  23|0x0000000084300000, 0x0000000084400000, 0x0000000084400000|100%| O|  |TAMS 0x0000000084300000| PB 0x0000000084300000| Untracked 
|  24|0x0000000084400000, 0x0000000084500000, 0x0000000084500000|100%| O|  |TAMS 0x0000000084400000| PB 0x0000000084400000| Untracked 
|  25|0x0000000084500000, 0x0000000084500000, 0x0000000084600000|  0%| F|  |TAMS 0x0000000084500000| PB 0x0000000084500000| Untracked 
|  26|0x0000000084600000, 0x0000000084700000, 0x0000000084700000|100%| O|  |TAMS 0x0000000084600000| PB 0x0000000084600000| Untracked 
|  27|0x0000000084700000, 0x0000000084800000, 0x0000000084800000|100%| O|  |TAMS 0x0000000084700000| PB 0x0000000084700000| Untracked 
|  28|0x0000000084800000, 0x0000000084900000, 0x0000000084900000|100%| O|  |TAMS 0x0000000084800000| PB 0x0000000084800000| Untracked 
|  29|0x0000000084900000, 0x0000000084a00000, 0x0000000084a00000|100%| O|  |TAMS 0x0000000084900000| PB 0x0000000084900000| Untracked 
|  30|0x0000000084a00000, 0x0000000084b00000, 0x0000000084b00000|100%| O|  |TAMS 0x0000000084a00000| PB 0x0000000084a00000| Untracked 
|  31|0x0000000084b00000, 0x0000000084c00000, 0x0000000084c00000|100%| O|  |TAMS 0x0000000084b00000| PB 0x0000000084b00000| Untracked 
|  32|0x0000000084c00000, 0x0000000084d00000, 0x0000000084d00000|100%| O|  |TAMS 0x0000000084c00000| PB 0x0000000084c00000| Untracked 
|  33|0x0000000084d00000, 0x0000000084e00000, 0x0000000084e00000|100%| O|  |TAMS 0x0000000084d00000| PB 0x0000000084d00000| Untracked 
|  34|0x0000000084e00000, 0x0000000084f00000, 0x0000000084f00000|100%| O|  |TAMS 0x0000000084e00000| PB 0x0000000084e00000| Untracked 
|  35|0x0000000084f00000, 0x0000000085000000, 0x0000000085000000|100%| O|  |TAMS 0x0000000084f00000| PB 0x0000000084f00000| Untracked 
|  36|0x0000000085000000, 0x0000000085100000, 0x0000000085100000|100%| O|  |TAMS 0x0000000085000000| PB 0x0000000085000000| Untracked 
|  37|0x0000000085100000, 0x0000000085100000, 0x0000000085200000|  0%| F|  |TAMS 0x0000000085100000| PB 0x0000000085100000| Untracked 
|  38|0x0000000085200000, 0x0000000085300000, 0x0000000085300000|100%| O|  |TAMS 0x0000000085200000| PB 0x0000000085200000| Untracked 
|  39|0x0000000085300000, 0x0000000085400000, 0x0000000085400000|100%| O|  |TAMS 0x0000000085300000| PB 0x0000000085300000| Untracked 
|  40|0x0000000085400000, 0x0000000085500000, 0x0000000085500000|100%| O|  |TAMS 0x0000000085400000| PB 0x0000000085400000| Untracked 
|  41|0x0000000085500000, 0x0000000085600000, 0x0000000085600000|100%| O|  |TAMS 0x0000000085500000| PB 0x0000000085500000| Untracked 
|  42|0x0000000085600000, 0x0000000085700000, 0x0000000085700000|100%| O|  |TAMS 0x0000000085600000| PB 0x0000000085600000| Untracked 
|  43|0x0000000085700000, 0x000000008573eca0, 0x0000000085800000| 24%| O|  |TAMS 0x0000000085700000| PB 0x0000000085700000| Untracked 
|  44|0x0000000085800000, 0x0000000085800000, 0x0000000085900000|  0%| F|  |TAMS 0x0000000085800000| PB 0x0000000085800000| Untracked 
|  45|0x0000000085900000, 0x0000000085900000, 0x0000000085a00000|  0%| F|  |TAMS 0x0000000085900000| PB 0x0000000085900000| Untracked 
|  46|0x0000000085a00000, 0x0000000085b00000, 0x0000000085b00000|100%| O|  |TAMS 0x0000000085a00000| PB 0x0000000085a00000| Untracked 
|  47|0x0000000085b00000, 0x0000000085b00000, 0x0000000085c00000|  0%| F|  |TAMS 0x0000000085b00000| PB 0x0000000085b00000| Untracked 
|  48|0x0000000085c00000, 0x0000000085c00000, 0x0000000085d00000|  0%| F|  |TAMS 0x0000000085c00000| PB 0x0000000085c00000| Untracked 
|  49|0x0000000085d00000, 0x0000000085d00000, 0x0000000085e00000|  0%| F|  |TAMS 0x0000000085d00000| PB 0x0000000085d00000| Untracked 
|  50|0x0000000085e00000, 0x0000000085e00000, 0x0000000085f00000|  0%| F|  |TAMS 0x0000000085e00000| PB 0x0000000085e00000| Untracked 
|  51|0x0000000085f00000, 0x0000000085f00000, 0x0000000086000000|  0%| F|  |TAMS 0x0000000085f00000| PB 0x0000000085f00000| Untracked 
|  52|0x0000000086000000, 0x0000000086100000, 0x0000000086100000|100%| O|  |TAMS 0x0000000086000000| PB 0x0000000086000000| Untracked 
|  53|0x0000000086100000, 0x0000000086100000, 0x0000000086200000|  0%| F|  |TAMS 0x0000000086100000| PB 0x0000000086100000| Untracked 
|  54|0x0000000086200000, 0x0000000086200000, 0x0000000086300000|  0%| F|  |TAMS 0x0000000086200000| PB 0x0000000086200000| Untracked 
|  55|0x0000000086300000, 0x0000000086300000, 0x0000000086400000|  0%| F|  |TAMS 0x0000000086300000| PB 0x0000000086300000| Untracked 
|  56|0x0000000086400000, 0x0000000086400000, 0x0000000086500000|  0%| F|  |TAMS 0x0000000086400000| PB 0x0000000086400000| Untracked 
|  57|0x0000000086500000, 0x0000000086500000, 0x0000000086600000|  0%| F|  |TAMS 0x0000000086500000| PB 0x0000000086500000| Untracked 
|  58|0x0000000086600000, 0x0000000086600000, 0x0000000086700000|  0%| F|  |TAMS 0x0000000086600000| PB 0x0000000086600000| Untracked 
|  59|0x0000000086700000, 0x0000000086700000, 0x0000000086800000|  0%| F|  |TAMS 0x0000000086700000| PB 0x0000000086700000| Untracked 
|  60|0x0000000086800000, 0x0000000086800000, 0x0000000086900000|  0%| F|  |TAMS 0x0000000086800000| PB 0x0000000086800000| Untracked 
|  61|0x0000000086900000, 0x0000000086900000, 0x0000000086a00000|  0%| F|  |TAMS 0x0000000086900000| PB 0x0000000086900000| Untracked 
|  62|0x0000000086a00000, 0x0000000086a00000, 0x0000000086b00000|  0%| F|  |TAMS 0x0000000086a00000| PB 0x0000000086a00000| Untracked 
|  63|0x0000000086b00000, 0x0000000086b3e7b0, 0x0000000086c00000| 24%| S|CS|TAMS 0x0000000086b00000| PB 0x0000000086b00000| Complete 
|  64|0x0000000086c00000, 0x0000000086d00000, 0x0000000086d00000|100%| S|CS|TAMS 0x0000000086c00000| PB 0x0000000086c00000| Complete 
|  65|0x0000000086d00000, 0x0000000086e00000, 0x0000000086e00000|100%| S|CS|TAMS 0x0000000086d00000| PB 0x0000000086d00000| Complete 
|  66|0x0000000086e00000, 0x0000000086f00000, 0x0000000086f00000|100%| S|CS|TAMS 0x0000000086e00000| PB 0x0000000086e00000| Complete 
|  67|0x0000000086f00000, 0x0000000087000000, 0x0000000087000000|100%| S|CS|TAMS 0x0000000086f00000| PB 0x0000000086f00000| Complete 
|  68|0x0000000087000000, 0x0000000087100000, 0x0000000087100000|100%| S|CS|TAMS 0x0000000087000000| PB 0x0000000087000000| Complete 
|  69|0x0000000087100000, 0x0000000087200000, 0x0000000087200000|100%| S|CS|TAMS 0x0000000087100000| PB 0x0000000087100000| Complete 
|  70|0x0000000087200000, 0x0000000087300000, 0x0000000087300000|100%| S|CS|TAMS 0x0000000087200000| PB 0x0000000087200000| Complete 
|  71|0x0000000087300000, 0x0000000087400000, 0x0000000087400000|100%| S|CS|TAMS 0x0000000087300000| PB 0x0000000087300000| Complete 
|  72|0x0000000087400000, 0x0000000087500000, 0x0000000087500000|100%| S|CS|TAMS 0x0000000087400000| PB 0x0000000087400000| Complete 
|  73|0x0000000087500000, 0x0000000087600000, 0x0000000087600000|100%| S|CS|TAMS 0x0000000087500000| PB 0x0000000087500000| Complete 
|  74|0x0000000087600000, 0x0000000087700000, 0x0000000087700000|100%| S|CS|TAMS 0x0000000087600000| PB 0x0000000087600000| Complete 
|  75|0x0000000087700000, 0x0000000087800000, 0x0000000087800000|100%| S|CS|TAMS 0x0000000087700000| PB 0x0000000087700000| Complete 
|  76|0x0000000087800000, 0x0000000087800000, 0x0000000087900000|  0%| F|  |TAMS 0x0000000087800000| PB 0x0000000087800000| Untracked 
|  77|0x0000000087900000, 0x0000000087900000, 0x0000000087a00000|  0%| F|  |TAMS 0x0000000087900000| PB 0x0000000087900000| Untracked 
|  78|0x0000000087a00000, 0x0000000087a00000, 0x0000000087b00000|  0%| F|  |TAMS 0x0000000087a00000| PB 0x0000000087a00000| Untracked 
|  79|0x0000000087b00000, 0x0000000087b00000, 0x0000000087c00000|  0%| F|  |TAMS 0x0000000087b00000| PB 0x0000000087b00000| Untracked 
|  80|0x0000000087c00000, 0x0000000087c00000, 0x0000000087d00000|  0%| F|  |TAMS 0x0000000087c00000| PB 0x0000000087c00000| Untracked 
|  81|0x0000000087d00000, 0x0000000087d00000, 0x0000000087e00000|  0%| F|  |TAMS 0x0000000087d00000| PB 0x0000000087d00000| Untracked 
|  82|0x0000000087e00000, 0x0000000087e00000, 0x0000000087f00000|  0%| F|  |TAMS 0x0000000087e00000| PB 0x0000000087e00000| Untracked 
|  83|0x0000000087f00000, 0x0000000087f00000, 0x0000000088000000|  0%| F|  |TAMS 0x0000000087f00000| PB 0x0000000087f00000| Untracked 
|  84|0x0000000088000000, 0x0000000088000000, 0x0000000088100000|  0%| F|  |TAMS 0x0000000088000000| PB 0x0000000088000000| Untracked 
|  85|0x0000000088100000, 0x0000000088100000, 0x0000000088200000|  0%| F|  |TAMS 0x0000000088100000| PB 0x0000000088100000| Untracked 
|  86|0x0000000088200000, 0x0000000088200000, 0x0000000088300000|  0%| F|  |TAMS 0x0000000088200000| PB 0x0000000088200000| Untracked 
|  87|0x0000000088300000, 0x0000000088300000, 0x0000000088400000|  0%| F|  |TAMS 0x0000000088300000| PB 0x0000000088300000| Untracked 
|  88|0x0000000088400000, 0x0000000088400000, 0x0000000088500000|  0%| F|  |TAMS 0x0000000088400000| PB 0x0000000088400000| Untracked 
|  89|0x0000000088500000, 0x0000000088500000, 0x0000000088600000|  0%| F|  |TAMS 0x0000000088500000| PB 0x0000000088500000| Untracked 
|  90|0x0000000088600000, 0x0000000088600000, 0x0000000088700000|  0%| F|  |TAMS 0x0000000088600000| PB 0x0000000088600000| Untracked 
|  91|0x0000000088700000, 0x0000000088700000, 0x0000000088800000|  0%| F|  |TAMS 0x0000000088700000| PB 0x0000000088700000| Untracked 
|  92|0x0000000088800000, 0x0000000088800000, 0x0000000088900000|  0%| F|  |TAMS 0x0000000088800000| PB 0x0000000088800000| Untracked 
|  93|0x0000000088900000, 0x0000000088900000, 0x0000000088a00000|  0%| F|  |TAMS 0x0000000088900000| PB 0x0000000088900000| Untracked 
|  94|0x0000000088a00000, 0x0000000088a00000, 0x0000000088b00000|  0%| F|  |TAMS 0x0000000088a00000| PB 0x0000000088a00000| Untracked 
|  95|0x0000000088b00000, 0x0000000088b00000, 0x0000000088c00000|  0%| F|  |TAMS 0x0000000088b00000| PB 0x0000000088b00000| Untracked 
|  96|0x0000000088c00000, 0x0000000088c00000, 0x0000000088d00000|  0%| F|  |TAMS 0x0000000088c00000| PB 0x0000000088c00000| Untracked 
|  97|0x0000000088d00000, 0x0000000088d00000, 0x0000000088e00000|  0%| F|  |TAMS 0x0000000088d00000| PB 0x0000000088d00000| Untracked 
|  98|0x0000000088e00000, 0x0000000088e00000, 0x0000000088f00000|  0%| F|  |TAMS 0x0000000088e00000| PB 0x0000000088e00000| Untracked 
|  99|0x0000000088f00000, 0x0000000088f00000, 0x0000000089000000|  0%| F|  |TAMS 0x0000000088f00000| PB 0x0000000088f00000| Untracked 
| 100|0x0000000089000000, 0x0000000089000000, 0x0000000089100000|  0%| F|  |TAMS 0x0000000089000000| PB 0x0000000089000000| Untracked 
| 101|0x0000000089100000, 0x0000000089100000, 0x0000000089200000|  0%| F|  |TAMS 0x0000000089100000| PB 0x0000000089100000| Untracked 
| 102|0x0000000089200000, 0x0000000089200000, 0x0000000089300000|  0%| F|  |TAMS 0x0000000089200000| PB 0x0000000089200000| Untracked 
| 103|0x0000000089300000, 0x0000000089300000, 0x0000000089400000|  0%| F|  |TAMS 0x0000000089300000| PB 0x0000000089300000| Untracked 
| 104|0x0000000089400000, 0x0000000089400000, 0x0000000089500000|  0%| F|  |TAMS 0x0000000089400000| PB 0x0000000089400000| Untracked 
| 105|0x0000000089500000, 0x0000000089500000, 0x0000000089600000|  0%| F|  |TAMS 0x0000000089500000| PB 0x0000000089500000| Untracked 
| 106|0x0000000089600000, 0x0000000089600000, 0x0000000089700000|  0%| F|  |TAMS 0x0000000089600000| PB 0x0000000089600000| Untracked 
| 107|0x0000000089700000, 0x0000000089700000, 0x0000000089800000|  0%| F|  |TAMS 0x0000000089700000| PB 0x0000000089700000| Untracked 
| 108|0x0000000089800000, 0x0000000089800000, 0x0000000089900000|  0%| F|  |TAMS 0x0000000089800000| PB 0x0000000089800000| Untracked 
| 109|0x0000000089900000, 0x0000000089900000, 0x0000000089a00000|  0%| F|  |TAMS 0x0000000089900000| PB 0x0000000089900000| Untracked 
| 110|0x0000000089a00000, 0x0000000089a00000, 0x0000000089b00000|  0%| F|  |TAMS 0x0000000089a00000| PB 0x0000000089a00000| Untracked 
| 111|0x0000000089b00000, 0x0000000089b00000, 0x0000000089c00000|  0%| F|  |TAMS 0x0000000089b00000| PB 0x0000000089b00000| Untracked 
| 112|0x0000000089c00000, 0x0000000089c00000, 0x0000000089d00000|  0%| F|  |TAMS 0x0000000089c00000| PB 0x0000000089c00000| Untracked 
| 113|0x0000000089d00000, 0x0000000089d00000, 0x0000000089e00000|  0%| F|  |TAMS 0x0000000089d00000| PB 0x0000000089d00000| Untracked 
| 114|0x0000000089e00000, 0x0000000089e00000, 0x0000000089f00000|  0%| F|  |TAMS 0x0000000089e00000| PB 0x0000000089e00000| Untracked 
| 115|0x0000000089f00000, 0x0000000089f00000, 0x000000008a000000|  0%| F|  |TAMS 0x0000000089f00000| PB 0x0000000089f00000| Untracked 
| 116|0x000000008a000000, 0x000000008a000000, 0x000000008a100000|  0%| F|  |TAMS 0x000000008a000000| PB 0x000000008a000000| Untracked 
| 117|0x000000008a100000, 0x000000008a100000, 0x000000008a200000|  0%| F|  |TAMS 0x000000008a100000| PB 0x000000008a100000| Untracked 
| 118|0x000000008a200000, 0x000000008a200000, 0x000000008a300000|  0%| F|  |TAMS 0x000000008a200000| PB 0x000000008a200000| Untracked 
| 119|0x000000008a300000, 0x000000008a300000, 0x000000008a400000|  0%| F|  |TAMS 0x000000008a300000| PB 0x000000008a300000| Untracked 
| 120|0x000000008a400000, 0x000000008a400000, 0x000000008a500000|  0%| F|  |TAMS 0x000000008a400000| PB 0x000000008a400000| Untracked 
| 121|0x000000008a500000, 0x000000008a500000, 0x000000008a600000|  0%| F|  |TAMS 0x000000008a500000| PB 0x000000008a500000| Untracked 
| 122|0x000000008a600000, 0x000000008a600000, 0x000000008a700000|  0%| F|  |TAMS 0x000000008a600000| PB 0x000000008a600000| Untracked 
| 123|0x000000008a700000, 0x000000008a700000, 0x000000008a800000|  0%| F|  |TAMS 0x000000008a700000| PB 0x000000008a700000| Untracked 
| 124|0x000000008a800000, 0x000000008a800000, 0x000000008a900000|  0%| F|  |TAMS 0x000000008a800000| PB 0x000000008a800000| Untracked 
| 125|0x000000008a900000, 0x000000008a900000, 0x000000008aa00000|  0%| F|  |TAMS 0x000000008a900000| PB 0x000000008a900000| Untracked 
| 126|0x000000008aa00000, 0x000000008aa00000, 0x000000008ab00000|  0%| F|  |TAMS 0x000000008aa00000| PB 0x000000008aa00000| Untracked 
| 127|0x000000008ab00000, 0x000000008ab00000, 0x000000008ac00000|  0%| F|  |TAMS 0x000000008ab00000| PB 0x000000008ab00000| Untracked 
| 128|0x000000008ac00000, 0x000000008ac00000, 0x000000008ad00000|  0%| F|  |TAMS 0x000000008ac00000| PB 0x000000008ac00000| Untracked 
| 129|0x000000008ad00000, 0x000000008ad00000, 0x000000008ae00000|  0%| F|  |TAMS 0x000000008ad00000| PB 0x000000008ad00000| Untracked 
| 130|0x000000008ae00000, 0x000000008ae00000, 0x000000008af00000|  0%| F|  |TAMS 0x000000008ae00000| PB 0x000000008ae00000| Untracked 
| 131|0x000000008af00000, 0x000000008af00000, 0x000000008b000000|  0%| F|  |TAMS 0x000000008af00000| PB 0x000000008af00000| Untracked 
| 132|0x000000008b000000, 0x000000008b000000, 0x000000008b100000|  0%| F|  |TAMS 0x000000008b000000| PB 0x000000008b000000| Untracked 
| 133|0x000000008b100000, 0x000000008b100000, 0x000000008b200000|  0%| F|  |TAMS 0x000000008b100000| PB 0x000000008b100000| Untracked 
| 134|0x000000008b200000, 0x000000008b200000, 0x000000008b300000|  0%| F|  |TAMS 0x000000008b200000| PB 0x000000008b200000| Untracked 
| 135|0x000000008b300000, 0x000000008b300000, 0x000000008b400000|  0%| F|  |TAMS 0x000000008b300000| PB 0x000000008b300000| Untracked 
| 136|0x000000008b400000, 0x000000008b400000, 0x000000008b500000|  0%| F|  |TAMS 0x000000008b400000| PB 0x000000008b400000| Untracked 
| 137|0x000000008b500000, 0x000000008b500000, 0x000000008b600000|  0%| F|  |TAMS 0x000000008b500000| PB 0x000000008b500000| Untracked 
| 138|0x000000008b600000, 0x000000008b600000, 0x000000008b700000|  0%| F|  |TAMS 0x000000008b600000| PB 0x000000008b600000| Untracked 
| 139|0x000000008b700000, 0x000000008b700000, 0x000000008b800000|  0%| F|  |TAMS 0x000000008b700000| PB 0x000000008b700000| Untracked 
| 140|0x000000008b800000, 0x000000008b800000, 0x000000008b900000|  0%| F|  |TAMS 0x000000008b800000| PB 0x000000008b800000| Untracked 
| 141|0x000000008b900000, 0x000000008b900000, 0x000000008ba00000|  0%| F|  |TAMS 0x000000008b900000| PB 0x000000008b900000| Untracked 
| 142|0x000000008ba00000, 0x000000008ba00000, 0x000000008bb00000|  0%| F|  |TAMS 0x000000008ba00000| PB 0x000000008ba00000| Untracked 
| 143|0x000000008bb00000, 0x000000008bb00000, 0x000000008bc00000|  0%| F|  |TAMS 0x000000008bb00000| PB 0x000000008bb00000| Untracked 
| 144|0x000000008bc00000, 0x000000008bc00000, 0x000000008bd00000|  0%| F|  |TAMS 0x000000008bc00000| PB 0x000000008bc00000| Untracked 
| 145|0x000000008bd00000, 0x000000008bd00000, 0x000000008be00000|  0%| F|  |TAMS 0x000000008bd00000| PB 0x000000008bd00000| Untracked 
| 146|0x000000008be00000, 0x000000008be00000, 0x000000008bf00000|  0%| F|  |TAMS 0x000000008be00000| PB 0x000000008be00000| Untracked 
| 147|0x000000008bf00000, 0x000000008bf00000, 0x000000008c000000|  0%| F|  |TAMS 0x000000008bf00000| PB 0x000000008bf00000| Untracked 
| 148|0x000000008c000000, 0x000000008c000000, 0x000000008c100000|  0%| F|  |TAMS 0x000000008c000000| PB 0x000000008c000000| Untracked 
| 149|0x000000008c100000, 0x000000008c100000, 0x000000008c200000|  0%| F|  |TAMS 0x000000008c100000| PB 0x000000008c100000| Untracked 
| 150|0x000000008c200000, 0x000000008c200000, 0x000000008c300000|  0%| F|  |TAMS 0x000000008c200000| PB 0x000000008c200000| Untracked 
| 151|0x000000008c300000, 0x000000008c300000, 0x000000008c400000|  0%| F|  |TAMS 0x000000008c300000| PB 0x000000008c300000| Untracked 
| 152|0x000000008c400000, 0x000000008c400000, 0x000000008c500000|  0%| F|  |TAMS 0x000000008c400000| PB 0x000000008c400000| Untracked 
| 153|0x000000008c500000, 0x000000008c500000, 0x000000008c600000|  0%| F|  |TAMS 0x000000008c500000| PB 0x000000008c500000| Untracked 
| 154|0x000000008c600000, 0x000000008c600000, 0x000000008c700000|  0%| F|  |TAMS 0x000000008c600000| PB 0x000000008c600000| Untracked 
| 155|0x000000008c700000, 0x000000008c700000, 0x000000008c800000|  0%| F|  |TAMS 0x000000008c700000| PB 0x000000008c700000| Untracked 
| 156|0x000000008c800000, 0x000000008c800000, 0x000000008c900000|  0%| F|  |TAMS 0x000000008c800000| PB 0x000000008c800000| Untracked 
| 157|0x000000008c900000, 0x000000008c900000, 0x000000008ca00000|  0%| F|  |TAMS 0x000000008c900000| PB 0x000000008c900000| Untracked 
| 158|0x000000008ca00000, 0x000000008ca00000, 0x000000008cb00000|  0%| F|  |TAMS 0x000000008ca00000| PB 0x000000008ca00000| Untracked 
| 159|0x000000008cb00000, 0x000000008cb00000, 0x000000008cc00000|  0%| F|  |TAMS 0x000000008cb00000| PB 0x000000008cb00000| Untracked 
| 160|0x000000008cc00000, 0x000000008cc00000, 0x000000008cd00000|  0%| F|  |TAMS 0x000000008cc00000| PB 0x000000008cc00000| Untracked 
| 161|0x000000008cd00000, 0x000000008cd00000, 0x000000008ce00000|  0%| F|  |TAMS 0x000000008cd00000| PB 0x000000008cd00000| Untracked 
| 162|0x000000008ce00000, 0x000000008ce00000, 0x000000008cf00000|  0%| F|  |TAMS 0x000000008ce00000| PB 0x000000008ce00000| Untracked 
| 163|0x000000008cf00000, 0x000000008cf00000, 0x000000008d000000|  0%| F|  |TAMS 0x000000008cf00000| PB 0x000000008cf00000| Untracked 
| 164|0x000000008d000000, 0x000000008d000000, 0x000000008d100000|  0%| F|  |TAMS 0x000000008d000000| PB 0x000000008d000000| Untracked 
| 165|0x000000008d100000, 0x000000008d100000, 0x000000008d200000|  0%| F|  |TAMS 0x000000008d100000| PB 0x000000008d100000| Untracked 
| 166|0x000000008d200000, 0x000000008d200000, 0x000000008d300000|  0%| F|  |TAMS 0x000000008d200000| PB 0x000000008d200000| Untracked 
| 167|0x000000008d300000, 0x000000008d300000, 0x000000008d400000|  0%| F|  |TAMS 0x000000008d300000| PB 0x000000008d300000| Untracked 
| 168|0x000000008d400000, 0x000000008d400000, 0x000000008d500000|  0%| F|  |TAMS 0x000000008d400000| PB 0x000000008d400000| Untracked 
| 169|0x000000008d500000, 0x000000008d500000, 0x000000008d600000|  0%| F|  |TAMS 0x000000008d500000| PB 0x000000008d500000| Untracked 
| 170|0x000000008d600000, 0x000000008d600000, 0x000000008d700000|  0%| F|  |TAMS 0x000000008d600000| PB 0x000000008d600000| Untracked 
| 171|0x000000008d700000, 0x000000008d7c10f8, 0x000000008d800000| 75%| E|  |TAMS 0x000000008d700000| PB 0x000000008d700000| Complete 

Card table byte_map: [0x000001ec65790000,0x000001ec65b80000] _byte_map_base: 0x000001ec6537a000

Marking Bits: (CMBitMap*) 0x000001ec4da00200
 Bits: [0x000001ec65b80000, 0x000001ec67ad0000)

Polling page: 0x000001ec4d170000

Metaspace:

Usage:
  Non-class:     73.22 MB used.
      Class:     11.63 MB used.
       Both:     84.84 MB used.

Virtual space:
  Non-class space:      128.00 MB reserved,      73.69 MB ( 58%) committed,  2 nodes.
      Class space:        1.00 GB reserved,      12.00 MB (  1%) committed,  1 nodes.
             Both:        1.12 GB reserved,      85.69 MB (  7%) committed. 

Chunk freelists:
   Non-Class:  6.12 MB
       Class:  3.92 MB
        Both:  10.04 MB

MaxMetaspaceSize: unlimited
CompressedClassSpaceSize: 1.00 GB
Initial GC threshold: 21.00 MB
Current GC threshold: 118.44 MB
CDS: on
 - commit_granule_bytes: 65536.
 - commit_granule_words: 8192.
 - virtual_space_node_default_size: 8388608.
 - enlarge_chunks_in_place: 1.
 - use_allocation_guard: 0.


Internal statistics:

num_allocs_failed_limit: 6.
num_arena_births: 1138.
num_arena_deaths: 0.
num_vsnodes_births: 3.
num_vsnodes_deaths: 0.
num_space_committed: 1371.
num_space_uncommitted: 0.
num_chunks_returned_to_freelist: 6.
num_chunks_taken_from_freelist: 4456.
num_chunk_merges: 3.
num_chunk_splits: 3171.
num_chunks_enlarged: 2425.
num_inconsistent_stats: 0.

CodeHeap 'non-profiled nmethods': size=120000Kb used=6523Kb max_used=6523Kb free=113476Kb
 bounds [0x000001ec5d920000, 0x000001ec5df80000, 0x000001ec64e50000]
CodeHeap 'profiled nmethods': size=120000Kb used=17974Kb max_used=17974Kb free=102025Kb
 bounds [0x000001ec55e50000, 0x000001ec56fe0000, 0x000001ec5d380000]
CodeHeap 'non-nmethods': size=5760Kb used=1727Kb max_used=1778Kb free=4032Kb
 bounds [0x000001ec5d380000, 0x000001ec5d5f0000, 0x000001ec5d920000]
 total_blobs=10180 nmethods=9432 adapters=651
 compilation: enabled
              stopped_count=0, restarted_count=0
 full_count=0

Compilation events (20 events):
Event: 118.909 Thread 0x000001ec6a74dcd0 nmethod 10704 0x000001ec56fc8290 code [0x000001ec56fc8460, 0x000001ec56fc8728]
Event: 118.909 Thread 0x000001ec6a74dcd0 10705       3       java.lang.Integer::toUnsignedString0 (76 bytes)
Event: 118.909 Thread 0x000001ec6a74dcd0 nmethod 10705 0x000001ec56fc8890 code [0x000001ec56fc8a80, 0x000001ec56fc8ef8]
Event: 118.909 Thread 0x000001ec6a74dcd0 10706       1       com.mysql.cj.protocol.InternalDate::getMonth (5 bytes)
Event: 118.909 Thread 0x000001ec6a74dcd0 nmethod 10706 0x000001ec5df7d710 code [0x000001ec5df7d8a0, 0x000001ec5df7d968]
Event: 118.909 Thread 0x000001ec6a74dcd0 10707       1       com.mysql.cj.protocol.InternalDate::getDay (5 bytes)
Event: 118.909 Thread 0x000001ec6a74dcd0 nmethod 10707 0x000001ec5df7da10 code [0x000001ec5df7dba0, 0x000001ec5df7dc68]
Event: 118.909 Thread 0x000001ec6a74dcd0 10712       3       org.hibernate.type.descriptor.jdbc.IntegerJdbcType$2::doExtract (21 bytes)
Event: 118.910 Thread 0x000001ec6a74dcd0 nmethod 10712 0x000001ec56fc9110 code [0x000001ec56fc9300, 0x000001ec56fc9838]
Event: 118.910 Thread 0x000001ec6a74dcd0 10713       3       org.hibernate.event.service.internal.EventListenerGroupImpl::fireEventOnEachListener (37 bytes)
Event: 118.910 Thread 0x000001ec6a74dcd0 nmethod 10713 0x000001ec56fc9a10 code [0x000001ec56fc9bc0, 0x000001ec56fc9eb8]
Event: 118.910 Thread 0x000001ec6a74dcd0 10708       1       com.mysql.cj.protocol.InternalTimestamp::getMinutes (5 bytes)
Event: 118.910 Thread 0x000001ec6a74dcd0 nmethod 10708 0x000001ec5df7dd10 code [0x000001ec5df7dea0, 0x000001ec5df7df68]
Event: 118.910 Thread 0x000001ec6a74dcd0 10709       1       com.mysql.cj.protocol.InternalTimestamp::getSeconds (5 bytes)
Event: 118.910 Thread 0x000001ec6a74dcd0 nmethod 10709 0x000001ec5df7e010 code [0x000001ec5df7e1a0, 0x000001ec5df7e268]
Event: 118.910 Thread 0x000001ec6a74dcd0 10710       1       com.mysql.cj.protocol.InternalTimestamp::getNanos (5 bytes)
Event: 118.910 Thread 0x000001ec6a74dcd0 nmethod 10710 0x000001ec5df7e310 code [0x000001ec5df7e4a0, 0x000001ec5df7e568]
Event: 118.910 Thread 0x000001ec6a74dcd0 10711       1       com.mysql.cj.protocol.InternalTimestamp::getHours (5 bytes)
Event: 118.910 Thread 0x000001ec6a74dcd0 nmethod 10711 0x000001ec5df7e610 code [0x000001ec5df7e7a0, 0x000001ec5df7e868]
Event: 118.911 Thread 0x000001ec6a74dcd0 10714       3       com.mysql.cj.util.StringInspector::resetEscaped (70 bytes)

GC Heap History (20 events):
Event: 4.972 GC heap before
{Heap before GC invocations=18 (full 0):
 garbage-first heap   total 66560K, used 58310K [0x0000000082c00000, 0x0000000100000000)
  region size 1024K, 24 young (24576K), 4 survivors (4096K)
 Metaspace       used 67876K, committed 68544K, reserved 1114112K
  class space    used 9203K, committed 9472K, reserved 1048576K
}
Event: 4.976 GC heap after
{Heap after GC invocations=19 (full 0):
 garbage-first heap   total 66560K, used 41194K [0x0000000082c00000, 0x0000000100000000)
  region size 1024K, 3 young (3072K), 3 survivors (3072K)
 Metaspace       used 67876K, committed 68544K, reserved 1114112K
  class space    used 9203K, committed 9472K, reserved 1048576K
}
Event: 5.127 GC heap before
{Heap before GC invocations=20 (full 0):
 garbage-first heap   total 76800K, used 56554K [0x0000000082c00000, 0x0000000100000000)
  region size 1024K, 19 young (19456K), 3 survivors (3072K)
 Metaspace       used 69491K, committed 70144K, reserved 1114112K
  class space    used 9580K, committed 9856K, reserved 1048576K
}
Event: 5.131 GC heap after
{Heap after GC invocations=21 (full 0):
 garbage-first heap   total 76800K, used 44927K [0x0000000082c00000, 0x0000000100000000)
  region size 1024K, 3 young (3072K), 3 survivors (3072K)
 Metaspace       used 69491K, committed 70144K, reserved 1114112K
  class space    used 9580K, committed 9856K, reserved 1048576K
}
Event: 5.154 GC heap before
{Heap before GC invocations=21 (full 0):
 garbage-first heap   total 76800K, used 65407K [0x0000000082c00000, 0x0000000100000000)
  region size 1024K, 23 young (23552K), 3 survivors (3072K)
 Metaspace       used 69501K, committed 70208K, reserved 1114112K
  class space    used 9580K, committed 9856K, reserved 1048576K
}
Event: 5.160 GC heap after
{Heap after GC invocations=22 (full 0):
 garbage-first heap   total 76800K, used 50526K [0x0000000082c00000, 0x0000000100000000)
  region size 1024K, 3 young (3072K), 3 survivors (3072K)
 Metaspace       used 69501K, committed 70208K, reserved 1114112K
  class space    used 9580K, committed 9856K, reserved 1048576K
}
Event: 5.176 GC heap before
{Heap before GC invocations=22 (full 0):
 garbage-first heap   total 76800K, used 65886K [0x0000000082c00000, 0x0000000100000000)
  region size 1024K, 18 young (18432K), 3 survivors (3072K)
 Metaspace       used 69508K, committed 70208K, reserved 1114112K
  class space    used 9580K, committed 9856K, reserved 1048576K
}
Event: 5.180 GC heap after
{Heap after GC invocations=23 (full 0):
 garbage-first heap   total 146432K, used 53732K [0x0000000082c00000, 0x0000000100000000)
  region size 1024K, 3 young (3072K), 3 survivors (3072K)
 Metaspace       used 69508K, committed 70208K, reserved 1114112K
  class space    used 9580K, committed 9856K, reserved 1048576K
}
Event: 5.326 GC heap before
{Heap before GC invocations=24 (full 0):
 garbage-first heap   total 146432K, used 114148K [0x0000000082c00000, 0x0000000100000000)
  region size 1024K, 64 young (65536K), 3 survivors (3072K)
 Metaspace       used 70944K, committed 71680K, reserved 1114112K
  class space    used 9804K, committed 10112K, reserved 1048576K
}
Event: 5.328 GC heap after
{Heap after GC invocations=25 (full 0):
 garbage-first heap   total 146432K, used 51074K [0x0000000082c00000, 0x0000000100000000)
  region size 1024K, 1 young (1024K), 1 survivors (1024K)
 Metaspace       used 70944K, committed 71680K, reserved 1114112K
  class space    used 9804K, committed 10112K, reserved 1048576K
}
Event: 5.514 GC heap before
{Heap before GC invocations=25 (full 0):
 garbage-first heap   total 146432K, used 129922K [0x0000000082c00000, 0x0000000100000000)
  region size 1024K, 78 young (79872K), 1 survivors (1024K)
 Metaspace       used 71749K, committed 72384K, reserved 1114112K
  class space    used 9902K, committed 10176K, reserved 1048576K
}
Event: 5.517 GC heap after
{Heap after GC invocations=26 (full 0):
 garbage-first heap   total 146432K, used 52307K [0x0000000082c00000, 0x0000000100000000)
  region size 1024K, 5 young (5120K), 5 survivors (5120K)
 Metaspace       used 71749K, committed 72384K, reserved 1114112K
  class space    used 9902K, committed 10176K, reserved 1048576K
}
Event: 5.645 GC heap before
{Heap before GC invocations=26 (full 0):
 garbage-first heap   total 146432K, used 129107K [0x0000000082c00000, 0x0000000100000000)
  region size 1024K, 80 young (81920K), 5 survivors (5120K)
 Metaspace       used 72055K, committed 72768K, reserved 1114112K
  class space    used 9939K, committed 10240K, reserved 1048576K
}
Event: 5.649 GC heap after
{Heap after GC invocations=27 (full 0):
 garbage-first heap   total 146432K, used 56633K [0x0000000082c00000, 0x0000000100000000)
  region size 1024K, 9 young (9216K), 9 survivors (9216K)
 Metaspace       used 72055K, committed 72768K, reserved 1114112K
  class space    used 9939K, committed 10240K, reserved 1048576K
}
Event: 5.844 GC heap before
{Heap before GC invocations=28 (full 0):
 garbage-first heap   total 146432K, used 126265K [0x0000000082c00000, 0x0000000100000000)
  region size 1024K, 79 young (80896K), 9 survivors (9216K)
 Metaspace       used 72985K, committed 73728K, reserved 1114112K
  class space    used 10082K, committed 10432K, reserved 1048576K
}
Event: 5.848 GC heap after
{Heap after GC invocations=29 (full 0):
 garbage-first heap   total 146432K, used 52741K [0x0000000082c00000, 0x0000000100000000)
  region size 1024K, 4 young (4096K), 4 survivors (4096K)
 Metaspace       used 72985K, committed 73728K, reserved 1114112K
  class space    used 10082K, committed 10432K, reserved 1048576K
}
Event: 6.304 GC heap before
{Heap before GC invocations=29 (full 0):
 garbage-first heap   total 146432K, used 132613K [0x0000000082c00000, 0x0000000100000000)
  region size 1024K, 82 young (83968K), 4 survivors (4096K)
 Metaspace       used 75668K, committed 76352K, reserved 1179648K
  class space    used 10368K, committed 10688K, reserved 1048576K
}
Event: 6.308 GC heap after
{Heap after GC invocations=30 (full 0):
 garbage-first heap   total 176128K, used 50978K [0x0000000082c00000, 0x0000000100000000)
  region size 1024K, 7 young (7168K), 7 survivors (7168K)
 Metaspace       used 75668K, committed 76352K, reserved 1179648K
  class space    used 10368K, committed 10688K, reserved 1048576K
}
Event: 118.885 GC heap before
{Heap before GC invocations=30 (full 0):
 garbage-first heap   total 176128K, used 149282K [0x0000000082c00000, 0x0000000100000000)
  region size 1024K, 103 young (105472K), 7 survivors (7168K)
 Metaspace       used 86833K, committed 87680K, reserved 1179648K
  class space    used 11903K, committed 12288K, reserved 1048576K
}
Event: 118.896 GC heap after
{Heap after GC invocations=31 (full 0):
 garbage-first heap   total 176128K, used 56821K [0x0000000082c00000, 0x0000000100000000)
  region size 1024K, 13 young (13312K), 13 survivors (13312K)
 Metaspace       used 86833K, committed 87680K, reserved 1179648K
  class space    used 11903K, committed 12288K, reserved 1048576K
}

Dll operation events (12 events):
Event: 0.009 Loaded shared library C:\Program Files\Java\jdk-21\bin\java.dll
Event: 0.039 Loaded shared library C:\Program Files\Java\jdk-21\bin\jsvml.dll
Event: 0.097 Loaded shared library C:\Program Files\Java\jdk-21\bin\zip.dll
Event: 0.102 Loaded shared library C:\Program Files\Java\jdk-21\bin\instrument.dll
Event: 0.106 Loaded shared library C:\Program Files\Java\jdk-21\bin\net.dll
Event: 0.107 Loaded shared library C:\Program Files\Java\jdk-21\bin\nio.dll
Event: 0.109 Loaded shared library C:\Program Files\Java\jdk-21\bin\zip.dll
Event: 0.180 Loaded shared library C:\Program Files\Java\jdk-21\bin\extnet.dll
Event: 0.205 Loaded shared library C:\Program Files\Java\jdk-21\bin\jimage.dll
Event: 0.414 Loaded shared library C:\Program Files\Java\jdk-21\bin\management.dll
Event: 0.417 Loaded shared library C:\Program Files\Java\jdk-21\bin\management_ext.dll
Event: 1.235 Loaded shared library C:\Program Files\Java\jdk-21\bin\sunmscapi.dll

Deoptimization events (20 events):
Event: 74.173 Thread 0x000001ec730cb180 Uncommon trap: reason=class_check action=maybe_recompile pc=0x000001ec5df46924 method=org.springframework.core.MethodParameter.getGenericParameterType()Ljava/lang/reflect/Type; @ 17 c2
Event: 74.173 Thread 0x000001ec730cb180 DEOPT PACKING pc=0x000001ec5df46924 sp=0x000000463f9fb7f0
Event: 74.173 Thread 0x000001ec730ca460 DEOPT UNPACKING pc=0x000001ec5d3d46a2 sp=0x000000463fafb6b8 mode 2
Event: 74.173 Thread 0x000001ec730cb180 DEOPT UNPACKING pc=0x000001ec5d3d46a2 sp=0x000000463f9fb7c0 mode 2
Event: 74.174 Thread 0x000001ec730ca460 Uncommon trap: trap_request=0xffffffde fr.pc=0x000001ec5df46924 relative=0x0000000000000a84
Event: 74.174 Thread 0x000001ec730ca460 Uncommon trap: reason=class_check action=maybe_recompile pc=0x000001ec5df46924 method=org.springframework.core.MethodParameter.getGenericParameterType()Ljava/lang/reflect/Type; @ 17 c2
Event: 74.174 Thread 0x000001ec730ca460 DEOPT PACKING pc=0x000001ec5df46924 sp=0x000000463fafb680
Event: 74.174 Thread 0x000001ec730ca460 DEOPT UNPACKING pc=0x000001ec5d3d46a2 sp=0x000000463fafb658 mode 2
Event: 74.175 Thread 0x000001ec730c8a20 DEOPT PACKING pc=0x000001ec56dd98d5 sp=0x000000463f8f79b0
Event: 74.175 Thread 0x000001ec730c8a20 DEOPT UNPACKING pc=0x000001ec5d3d4e42 sp=0x000000463f8f6e20 mode 0
Event: 74.284 Thread 0x000001ec730c8a20 Uncommon trap: trap_request=0xffffffde fr.pc=0x000001ec5df46924 relative=0x0000000000000a84
Event: 74.284 Thread 0x000001ec730c8a20 Uncommon trap: reason=class_check action=maybe_recompile pc=0x000001ec5df46924 method=org.springframework.core.MethodParameter.getGenericParameterType()Ljava/lang/reflect/Type; @ 17 c2
Event: 74.284 Thread 0x000001ec730c8a20 DEOPT PACKING pc=0x000001ec5df46924 sp=0x000000463f8fb530
Event: 74.284 Thread 0x000001ec730c8a20 DEOPT UNPACKING pc=0x000001ec5d3d46a2 sp=0x000000463f8fb500 mode 2
Event: 79.164 Thread 0x000001ec730cb180 Uncommon trap: trap_request=0xffffff45 fr.pc=0x000001ec5dcfd568 relative=0x00000000000013a8
Event: 79.164 Thread 0x000001ec730cb180 Uncommon trap: reason=unstable_if action=reinterpret pc=0x000001ec5dcfd568 method=com.mysql.cj.util.StringInspector.indexOfNextChar(Ljava/util/Set;)I @ 212 c2
Event: 79.164 Thread 0x000001ec730cb180 DEOPT PACKING pc=0x000001ec5dcfd568 sp=0x000000463f9f95e0
Event: 79.164 Thread 0x000001ec730cb180 DEOPT UNPACKING pc=0x000001ec5d3d46a2 sp=0x000000463f9f9558 mode 2
Event: 79.172 Thread 0x000001ec730cb180 DEOPT PACKING pc=0x000001ec56e1cdd4 sp=0x000000463f9fa7c0
Event: 79.172 Thread 0x000001ec730cb180 DEOPT UNPACKING pc=0x000001ec5d3d4e42 sp=0x000000463f9f9c60 mode 0

Classes loaded (20 events):
Event: 50.914 Loading class java/time/format/DateTimeFormatterBuilder$ReducedPrinterParser
Event: 50.914 Loading class java/time/format/DateTimeFormatterBuilder$ReducedPrinterParser done
Event: 50.944 Loading class java/util/stream/LongStream
Event: 50.945 Loading class java/util/stream/LongStream done
Event: 50.945 Loading class java/util/stream/DoubleStream
Event: 50.946 Loading class java/util/stream/DoubleStream done
Event: 50.976 Loading class org/w3c/dom/Node
Event: 50.977 Loading class org/w3c/dom/Node done
Event: 50.977 Loading class org/w3c/dom/Document
Event: 50.977 Loading class org/w3c/dom/Document done
Event: 51.027 Loading class java/math/BigDecimal$StringBuilderHelper
Event: 51.027 Loading class java/math/BigDecimal$StringBuilderHelper done
Event: 51.066 Loading class java/util/ArrayList$SubList$2
Event: 51.066 Loading class java/util/ArrayList$SubList$2 done
Event: 51.075 Loading class java/lang/Throwable$WrappedPrintStream
Event: 51.075 Loading class java/lang/Throwable$PrintStreamOrWriter
Event: 51.075 Loading class java/lang/Throwable$PrintStreamOrWriter done
Event: 51.075 Loading class java/lang/Throwable$WrappedPrintStream done
Event: 58.998 Loading class java/io/PushbackInputStream
Event: 58.999 Loading class java/io/PushbackInputStream done

Classes unloaded (0 events):
No events

Classes redefined (0 events):
No events

Internal exceptions (20 events):
Event: 50.715 Thread 0x000001ec730cbea0 Exception <a 'sun/nio/fs/WindowsException'{0x000000008a3adc78}> (0x000000008a3adc78) 
thrown [s\open\src\hotspot\share\prims\jni.cpp, line 520]
Event: 50.814 Thread 0x000001ec730cec90 Exception <a 'java/lang/NoSuchMethodError'{0x0000000089a89aa8}: 'void java.lang.invoke.DirectMethodHandle$Holder.invokeSpecialIFC(java.lang.Object, java.lang.Object, int, java.lang.Object, java.lang.Object, java.lang.Object, java.lang.Object)'> (0x0000000089a89aa8) 
thrown [s\open\src\hotspot\share\interpreter\linkResolver.cpp, line 773]
Event: 50.814 Thread 0x000001ec730cbea0 Exception <a 'java/lang/NoSuchMethodError'{0x0000000089bedb08}: 'void java.lang.invoke.DirectMethodHandle$Holder.invokeSpecialIFC(java.lang.Object, java.lang.Object, int, java.lang.Object, java.lang.Object, java.lang.Object, java.lang.Object)'> (0x0000000089bedb08) 
thrown [s\open\src\hotspot\share\interpreter\linkResolver.cpp, line 773]
Event: 50.814 Thread 0x000001ec730c7670 Exception <a 'java/lang/NoSuchMethodError'{0x0000000089a53268}: 'void java.lang.invoke.DirectMethodHandle$Holder.invokeSpecialIFC(java.lang.Object, java.lang.Object, int, java.lang.Object, java.lang.Object, java.lang.Object, java.lang.Object)'> (0x0000000089a53268) 
thrown [s\open\src\hotspot\share\interpreter\linkResolver.cpp, line 773]
Event: 50.859 Thread 0x000001ec730cec90 Exception <a 'java/lang/NoSuchMethodError'{0x00000000898cb270}: 'void java.lang.invoke.Invokers$Holder.invokeExact_MT(java.lang.Object, java.lang.Object, int, java.lang.Object)'> (0x00000000898cb270) 
thrown [s\open\src\hotspot\share\interpreter\linkResolver.cpp, line 773]
Event: 50.859 Thread 0x000001ec730cbea0 Exception <a 'java/lang/NoSuchMethodError'{0x000000008970eca8}: 'void java.lang.invoke.Invokers$Holder.invokeExact_MT(java.lang.Object, java.lang.Object, int, java.lang.Object)'> (0x000000008970eca8) 
thrown [s\open\src\hotspot\share\interpreter\linkResolver.cpp, line 773]
Event: 50.859 Thread 0x000001ec730c7670 Exception <a 'java/lang/NoSuchMethodError'{0x00000000899f5000}: 'void java.lang.invoke.Invokers$Holder.invokeExact_MT(java.lang.Object, java.lang.Object, int, java.lang.Object)'> (0x00000000899f5000) 
thrown [s\open\src\hotspot\share\interpreter\linkResolver.cpp, line 773]
Event: 50.906 Thread 0x000001ec730c7670 Exception <a 'java/lang/IncompatibleClassChangeError'{0x0000000089306378}: Found class java.lang.Object, but interface was expected> (0x0000000089306378) 
thrown [s\open\src\hotspot\share\interpreter\linkResolver.cpp, line 840]
Event: 50.906 Thread 0x000001ec730cbea0 Exception <a 'java/lang/IncompatibleClassChangeError'{0x0000000089490160}: Found class java.lang.Object, but interface was expected> (0x0000000089490160) 
thrown [s\open\src\hotspot\share\interpreter\linkResolver.cpp, line 840]
Event: 50.906 Thread 0x000001ec730cec90 Exception <a 'java/lang/IncompatibleClassChangeError'{0x0000000089418f30}: Found class java.lang.Object, but interface was expected> (0x0000000089418f30) 
thrown [s\open\src\hotspot\share\interpreter\linkResolver.cpp, line 840]
Event: 50.909 Thread 0x000001ec730c7670 Exception <a 'java/lang/IncompatibleClassChangeError'{0x0000000089315bd0}: Found class java.lang.Object, but interface was expected> (0x0000000089315bd0) 
thrown [s\open\src\hotspot\share\interpreter\linkResolver.cpp, line 840]
Event: 50.913 Thread 0x000001ec730cec90 Exception <a 'java/lang/IncompatibleClassChangeError'{0x0000000089449ea8}: Found class java.lang.Object, but interface was expected> (0x0000000089449ea8) 
thrown [s\open\src\hotspot\share\interpreter\linkResolver.cpp, line 840]
Event: 51.026 Thread 0x000001ec730cec90 Implicit null exception at 0x000001ec5dc8e8ac to 0x000001ec5dc8eee5
Event: 51.065 Thread 0x000001ec730cb180 Exception <a 'java/lang/NoSuchMethodError'{0x000000008b427a08}: 'java.lang.Object java.lang.invoke.DirectMethodHandle$Holder.invokeStatic(java.lang.Object, int, int)'> (0x000000008b427a08) 
thrown [s\open\src\hotspot\share\interpreter\linkResolver.cpp, line 773]
Event: 51.065 Thread 0x000001ec730cd250 Exception <a 'java/lang/NoSuchMethodError'{0x000000008b31f670}: 'java.lang.Object java.lang.invoke.DirectMethodHandle$Holder.invokeStatic(java.lang.Object, int, int)'> (0x000000008b31f670) 
thrown [s\open\src\hotspot\share\interpreter\linkResolver.cpp, line 773]
Event: 51.065 Thread 0x000001ec730c8390 Exception <a 'java/lang/NoSuchMethodError'{0x000000008b68a340}: 'java.lang.Object java.lang.invoke.DirectMethodHandle$Holder.invokeStatic(java.lang.Object, int, int)'> (0x000000008b68a340) 
thrown [s\open\src\hotspot\share\interpreter\linkResolver.cpp, line 773]
Event: 51.065 Thread 0x000001ec730c8a20 Exception <a 'java/lang/NoSuchMethodError'{0x000000008b589de0}: 'java.lang.Object java.lang.invoke.DirectMethodHandle$Holder.invokeStatic(java.lang.Object, int, int)'> (0x000000008b589de0) 
thrown [s\open\src\hotspot\share\interpreter\linkResolver.cpp, line 773]
Event: 51.065 Thread 0x000001ec730c7d00 Exception <a 'java/lang/NoSuchMethodError'{0x000000008b50a000}: 'java.lang.Object java.lang.invoke.DirectMethodHandle$Holder.invokeStatic(java.lang.Object, int, int)'> (0x000000008b50a000) 
thrown [s\open\src\hotspot\share\interpreter\linkResolver.cpp, line 773]
Event: 51.065 Thread 0x000001ec730ca460 Exception <a 'java/lang/NoSuchMethodError'{0x000000008b49f360}: 'java.lang.Object java.lang.invoke.DirectMethodHandle$Holder.invokeStatic(java.lang.Object, int, int)'> (0x000000008b49f360) 
thrown [s\open\src\hotspot\share\interpreter\linkResolver.cpp, line 773]
Event: 72.324 Thread 0x000001ec730c8390 Exception <a 'java/lang/NoSuchMethodError'{0x000000008864a9c0}: 'int java.lang.invoke.DirectMethodHandle$Holder.invokeStatic(java.lang.Object, java.lang.Object, int, int)'> (0x000000008864a9c0) 
thrown [s\open\src\hotspot\share\interpreter\linkResolver.cpp, line 773]

ZGC Phase Switch (0 events):
No events

VM Operations (20 events):
Event: 72.335 Executing VM operation: Cleanup
Event: 72.335 Executing VM operation: Cleanup done
Event: 73.345 Executing VM operation: Cleanup
Event: 73.345 Executing VM operation: Cleanup done
Event: 74.346 Executing VM operation: Cleanup
Event: 74.346 Executing VM operation: Cleanup done
Event: 79.172 Executing VM operation: HandshakeAllThreads (Deoptimize)
Event: 79.172 Executing VM operation: HandshakeAllThreads (Deoptimize) done
Event: 79.172 Executing VM operation: Cleanup
Event: 79.172 Executing VM operation: Cleanup done
Event: 85.230 Executing VM operation: Cleanup
Event: 85.230 Executing VM operation: Cleanup done
Event: 89.268 Executing VM operation: Cleanup
Event: 89.268 Executing VM operation: Cleanup done
Event: 90.282 Executing VM operation: Cleanup
Event: 90.282 Executing VM operation: Cleanup done
Event: 99.351 Executing VM operation: Cleanup
Event: 99.351 Executing VM operation: Cleanup done
Event: 118.885 Executing VM operation: G1CollectForAllocation (G1 Evacuation Pause)
Event: 118.896 Executing VM operation: G1CollectForAllocation (G1 Evacuation Pause) done

Events (20 events):
Event: 6.651 Thread 0x000001ec730cdf70 Thread added: 0x000001ec730cdf70
Event: 6.657 Thread 0x000001ec730cc530 Thread added: 0x000001ec730cc530
Event: 6.658 Thread 0x000001ec730c90b0 Thread added: 0x000001ec730c90b0
Event: 6.672 Thread 0x000001ec6f2cd020 Thread exited: 0x000001ec6f2cd020
Event: 6.673 Thread 0x000001ec6f5aed40 Thread exited: 0x000001ec6f5aed40
Event: 6.673 Thread 0x000001ec4b70d770 Thread exited: 0x000001ec4b70d770
Event: 6.673 Thread 0x000001ec730caaf0 Thread added: 0x000001ec730caaf0
Event: 7.239 Thread 0x000001ec72931630 Thread exited: 0x000001ec72931630
Event: 7.240 Thread 0x000001ec7292e680 Thread exited: 0x000001ec7292e680
Event: 8.233 Thread 0x000001ec710bdd90 Thread exited: 0x000001ec710bdd90
Event: 50.616 Thread 0x000001ec7292e680 Thread added: 0x000001ec7292e680
Event: 50.832 Thread 0x000001ec710bf140 Thread added: 0x000001ec710bf140
Event: 53.741 Thread 0x000001ec7292e680 Thread exited: 0x000001ec7292e680
Event: 55.845 Thread 0x000001ec710bf140 Thread exited: 0x000001ec710bf140
Event: 74.158 Thread 0x000001ec710bf140 Thread added: 0x000001ec710bf140
Event: 74.172 Thread 0x000001ec7292faf0 Thread added: 0x000001ec7292faf0
Event: 75.330 Thread 0x000001ec7292faf0 Thread exited: 0x000001ec7292faf0
Event: 79.163 Thread 0x000001ec710bf140 Thread exited: 0x000001ec710bf140
Event: 85.169 Thread 0x000001ec710bf140 Thread added: 0x000001ec710bf140
Event: 90.172 Thread 0x000001ec710bf140 Thread exited: 0x000001ec710bf140


Dynamic libraries:
0x00007ff6feb50000 - 0x00007ff6feb60000 	C:\Program Files\Java\jdk-21\bin\java.exe
0x00007ff81d2f0000 - 0x00007ff81d4e8000 	C:\Windows\SYSTEM32\ntdll.dll
0x00007ff81b480000 - 0x00007ff81b542000 	C:\Windows\System32\KERNEL32.DLL
0x00007ff81aa40000 - 0x00007ff81ad36000 	C:\Windows\System32\KERNELBASE.dll
0x00007ff81ade0000 - 0x00007ff81aee0000 	C:\Windows\System32\ucrtbase.dll
0x00007ff816c50000 - 0x00007ff816c6b000 	C:\Program Files\Java\jdk-21\bin\VCRUNTIME140.dll
0x00007ff816c70000 - 0x00007ff816c89000 	C:\Program Files\Java\jdk-21\bin\jli.dll
0x00007ff81cad0000 - 0x00007ff81cb81000 	C:\Windows\System32\ADVAPI32.dll
0x00007ff81d0b0000 - 0x00007ff81d14e000 	C:\Windows\System32\msvcrt.dll
0x00007ff81bf80000 - 0x00007ff81c01f000 	C:\Windows\System32\sechost.dll
0x00007ff81b720000 - 0x00007ff81b843000 	C:\Windows\System32\RPCRT4.dll
0x00007ff81b2e0000 - 0x00007ff81b307000 	C:\Windows\System32\bcrypt.dll
0x00007ff81bbb0000 - 0x00007ff81bd4d000 	C:\Windows\System32\USER32.dll
0x00007ff81a980000 - 0x00007ff81a9a2000 	C:\Windows\System32\win32u.dll
0x00007ff807f60000 - 0x00007ff8081fa000 	C:\Windows\WinSxS\amd64_microsoft.windows.common-controls_6595b64144ccf1df_6.0.19041.5915_none_60b4b9d171f9c7c7\COMCTL32.dll
0x00007ff81bf50000 - 0x00007ff81bf7b000 	C:\Windows\System32\GDI32.dll
0x00007ff81b1c0000 - 0x00007ff81b2d9000 	C:\Windows\System32\gdi32full.dll
0x00007ff81ad40000 - 0x00007ff81addd000 	C:\Windows\System32\msvcp_win.dll
0x00007ff808550000 - 0x00007ff80855a000 	C:\Windows\SYSTEM32\VERSION.dll
0x00007ff81b5d0000 - 0x00007ff81b5ff000 	C:\Windows\System32\IMM32.DLL
0x00007ff814300000 - 0x00007ff81430c000 	C:\Program Files\Java\jdk-21\bin\vcruntime140_1.dll
0x00007ff802720000 - 0x00007ff8027ae000 	C:\Program Files\Java\jdk-21\bin\msvcp140.dll
0x00007ffff1450000 - 0x00007ffff216d000 	C:\Program Files\Java\jdk-21\bin\server\jvm.dll
0x00007ff81bec0000 - 0x00007ff81bf2b000 	C:\Windows\System32\WS2_32.dll
0x00007ff819f10000 - 0x00007ff819f5b000 	C:\Windows\SYSTEM32\POWRPROF.dll
0x00007ff8084f0000 - 0x00007ff808517000 	C:\Windows\SYSTEM32\WINMM.dll
0x00007ff819d80000 - 0x00007ff819d92000 	C:\Windows\SYSTEM32\UMPDC.dll
0x00007ff818800000 - 0x00007ff818812000 	C:\Windows\SYSTEM32\kernel.appcore.dll
0x00007ff8142f0000 - 0x00007ff8142fa000 	C:\Program Files\Java\jdk-21\bin\jimage.dll
0x00007ff808720000 - 0x00007ff808921000 	C:\Windows\SYSTEM32\DBGHELP.DLL
0x00007ff805ec0000 - 0x00007ff805ef4000 	C:\Windows\SYSTEM32\dbgcore.DLL
0x00007ff81a9b0000 - 0x00007ff81aa32000 	C:\Windows\System32\bcryptPrimitives.dll
0x00007ff813960000 - 0x00007ff81396f000 	C:\Program Files\Java\jdk-21\bin\instrument.dll
0x00007ff8139e0000 - 0x00007ff8139ff000 	C:\Program Files\Java\jdk-21\bin\java.dll
0x00007ff81c0f0000 - 0x00007ff81c85e000 	C:\Windows\System32\SHELL32.dll
0x00007ff818a00000 - 0x00007ff8191a4000 	C:\Windows\SYSTEM32\windows.storage.dll
0x00007ff81b850000 - 0x00007ff81bba3000 	C:\Windows\System32\combase.dll
0x00007ff81a3b0000 - 0x00007ff81a3db000 	C:\Windows\SYSTEM32\Wldp.dll
0x00007ff81c020000 - 0x00007ff81c0ed000 	C:\Windows\System32\OLEAUT32.dll
0x00007ff81bd50000 - 0x00007ff81bdfd000 	C:\Windows\System32\SHCORE.dll
0x00007ff81be60000 - 0x00007ff81bebb000 	C:\Windows\System32\shlwapi.dll
0x00007ff81a8b0000 - 0x00007ff81a8d4000 	C:\Windows\SYSTEM32\profapi.dll
0x00007ffff2ab0000 - 0x00007ffff2b87000 	C:\Program Files\Java\jdk-21\bin\jsvml.dll
0x00007ff809e80000 - 0x00007ff809e98000 	C:\Program Files\Java\jdk-21\bin\zip.dll
0x00007ff813950000 - 0x00007ff813960000 	C:\Program Files\Java\jdk-21\bin\net.dll
0x00007ff8141d0000 - 0x00007ff8142da000 	C:\Windows\SYSTEM32\WINHTTP.dll
0x00007ff81a110000 - 0x00007ff81a17a000 	C:\Windows\system32\mswsock.dll
0x00007ff809fd0000 - 0x00007ff809fe6000 	C:\Program Files\Java\jdk-21\bin\nio.dll
0x00007ff812710000 - 0x00007ff812719000 	C:\Program Files\Java\jdk-21\bin\extnet.dll
0x00007ff809de0000 - 0x00007ff809dea000 	C:\Program Files\Java\jdk-21\bin\management.dll
0x00007ff809dd0000 - 0x00007ff809ddb000 	C:\Program Files\Java\jdk-21\bin\management_ext.dll
0x00007ff81d150000 - 0x00007ff81d158000 	C:\Windows\System32\PSAPI.DLL
0x00007ff811c50000 - 0x00007ff811c5e000 	C:\Program Files\Java\jdk-21\bin\sunmscapi.dll
0x00007ff81aee0000 - 0x00007ff81b03d000 	C:\Windows\System32\CRYPT32.dll
0x00007ff81a420000 - 0x00007ff81a447000 	C:\Windows\SYSTEM32\ncrypt.dll
0x00007ff81a3e0000 - 0x00007ff81a41b000 	C:\Windows\SYSTEM32\NTASN1.dll
0x00007ff81a300000 - 0x00007ff81a318000 	C:\Windows\SYSTEM32\CRYPTSP.dll
0x00007ff8199c0000 - 0x00007ff8199f8000 	C:\Windows\system32\rsaenh.dll
0x00007ff81a830000 - 0x00007ff81a85e000 	C:\Windows\SYSTEM32\USERENV.dll
0x00007ff81a320000 - 0x00007ff81a32c000 	C:\Windows\SYSTEM32\CRYPTBASE.dll
0x00007ff819da0000 - 0x00007ff819ddb000 	C:\Windows\SYSTEM32\IPHLPAPI.DLL
0x00007ff81bf30000 - 0x00007ff81bf38000 	C:\Windows\System32\NSI.dll
0x00007ff819de0000 - 0x00007ff819eaa000 	C:\Windows\SYSTEM32\DNSAPI.dll
0x00007ff813c40000 - 0x00007ff813c4a000 	C:\Windows\System32\rasadhlp.dll
0x00007ff80a9c0000 - 0x00007ff80aa40000 	C:\Windows\System32\fwpuclnt.dll
0x00007ff811d80000 - 0x00007ff811d87000 	C:\Windows\system32\wshunix.dll

dbghelp: loaded successfully - version: 4.0.5 - missing functions: none
symbol engine: initialized successfully - sym options: 0x614 - pdb path: .;C:\Program Files\Java\jdk-21\bin;C:\Windows\SYSTEM32;C:\Windows\WinSxS\amd64_microsoft.windows.common-controls_6595b64144ccf1df_6.0.19041.5915_none_60b4b9d171f9c7c7;C:\Program Files\Java\jdk-21\bin\server

VM Arguments:
jvm_args: -javaagent:C:\Program Files\JetBrains\IntelliJ IDEA Community Edition 2025.2.4\lib\idea_rt.jar=49764 -Dfile.encoding=UTF-8 -Dsun.stdout.encoding=UTF-8 -Dsun.stderr.encoding=UTF-8 
java_command: com.techroom.roommanagement.RoomManagementSystemApplication
java_class_path (initial): D:\RMS\RoomManagementSystem\backend\target\classes;C:\Users\Administrator\.m2\repository\org\springframework\boot\spring-boot-starter-data-jpa\3.5.7\spring-boot-starter-data-jpa-3.5.7.jar;C:\Users\Administrator\.m2\repository\org\springframework\boot\spring-boot-starter\3.5.7\spring-boot-starter-3.5.7.jar;C:\Users\Administrator\.m2\repository\org\springframework\boot\spring-boot-starter-logging\3.5.7\spring-boot-starter-logging-3.5.7.jar;C:\Users\Administrator\.m2\repository\ch\qos\logback\logback-classic\1.5.20\logback-classic-1.5.20.jar;C:\Users\Administrator\.m2\repository\ch\qos\logback\logback-core\1.5.20\logback-core-1.5.20.jar;C:\Users\Administrator\.m2\repository\org\apache\logging\log4j\log4j-to-slf4j\2.24.3\log4j-to-slf4j-2.24.3.jar;C:\Users\Administrator\.m2\repository\org\apache\logging\log4j\log4j-api\2.24.3\log4j-api-2.24.3.jar;C:\Users\Administrator\.m2\repository\org\slf4j\jul-to-slf4j\2.0.17\jul-to-slf4j-2.0.17.jar;C:\Users\Administrator\.m2\repository\jakarta\annotation\jakarta.annotation-api\2.1.1\jakarta.annotation-api-2.1.1.jar;C:\Users\Administrator\.m2\repository\org\yaml\snakeyaml\2.4\snakeyaml-2.4.jar;C:\Users\Administrator\.m2\repository\org\springframework\boot\spring-boot-starter-jdbc\3.5.7\spring-boot-starter-jdbc-3.5.7.jar;C:\Users\Administrator\.m2\repository\com\zaxxer\HikariCP\6.3.3\HikariCP-6.3.3.jar;C:\Users\Administrator\.m2\repository\org\springframework\spring-jdbc\6.2.12\spring-jdbc-6.2.12.jar;C:\Users\Administrator\.m2\repository\org\hibernate\orm\hibernate-core\6.6.33.Final\hibernate-core-6.6.33.Final.jar;C:\Users\Administrator\.m2\repository\jakarta\persistence\jakarta.persistence-api\3.1.0\jakarta.persistence-api-3.1.0.jar;C:\Users\Administrator\.m2\repository\org\jboss\logging\jboss-logging\3.6.1.Final\jboss-logging-3.6.1.Final.jar;C:\Users\Administrator\.m2\repository\org\hibernate\common\hibernate-commons-annotations\7.0.3.Final\hibernate-commons-annotations-7.0.3.Final.jar;C:\Users\Administrator\.m2\repository\io\smallrye\jandex\3.2.0\jandex-3.2.0.jar;C:\Users\Administrator\.m2\repository\com\fasterxml\classmate\1.7.1\classmate-1.7.1.jar;C:\Users\Administrator\.m2\repository\net\bytebuddy\byte-buddy\1.17.8\byte-buddy-1.17.8.jar;C:\Users\Administrator\.m2\repository\org\glassfish\jaxb\jaxb-runtime\4.0.6\jaxb-runtime-4.0.6.jar;C:\Users\Administrator\.m2\repository\org\glassfish\jaxb\jaxb-core\4.0.6\jaxb-core-4.0.6.jar;C:\Users\Administrator\.m2\repository\org\eclipse\angus\angus-activation\2.0.3\angus-activation-2.0.3.jar;C:\Users\Administrator\.m2\repository\org\glassfish\jaxb\txw2\4.0.6\txw2-4.0.6.jar;C:\Users\Administrator\.m2\repository\com\sun\istack\istack-commons-runtime\4.1.2\istack-commons-runtime-4.1.2.jar;C:\Users\Administrator\.m2\repository\jakarta\inject\jakarta.inject-api\2.0.1\jakarta.inject-api-2.0.1.jar;C:\Users\Administrator\.m2\repository\org\antlr\antlr4-runtime\4.13.0\antlr4-runtime-4.13.0.jar;C:\Users\Administrator\.m2\repository\org\springframework\data\spring-data-jpa\3.5.5\spring-data-jpa-3.5.5.jar;C:\Users\Administrator\.m2\repository\org\springframework\data\spring-data-commons\3.5.5\spring-data-commons-3.5.5.jar;C:\Users\Administrator\.m2\repository\org\springframework\spring-orm\6.2.12\spring-orm-6.2.12.jar;C:\Users\Administrator\.m2\repository\org\springframework\spring-context\6.2.12\spring-context-6.2.12.jar;C:\Users\Administrator\.m2\repository\org\springframework\spring-tx\6.2.12\spring-tx-6.2.12.jar;C:\Users\Administrator\.m2\repository\org\springframework\spring-beans\6.2.12\spring-beans-6.2.12.jar;C:\Users\Administrator\.m2\repository\org\slf4j\slf4j-api\2.0.17\slf4j-api-2.0.17.jar;C:\Users\Administrator\.m2\repository\org\springframework\spring-aspects\6.2.12\spring-aspects-6.2.12.jar;C:\Users\Administrator\.m2\repository\org\aspectj\aspectjweaver\1.9.24\aspectjweaver-1.9.24.jar;C:\Users\Administrator\.m2\repository\org\springframework\boot\spring-boot-starter-web\3.5.7\spring-boot-starter-web-3.5.7.jar;C:\Users\Administrator\.m2\repository\org\springframework\boot\spring-boot-starter-json\3.5.7\spring-boot-starter-json-3.5.7.jar;C:\Users\Administrator\.m2\repository\com\fasterxml\jackson\datatype\jackson-datatype-jdk8\2.19.2\jackson-datatype-jdk8-2.19.2.jar;C:\Users\Administrator\.m2\repository\com\fasterxml\jackson\datatype\jackson-datatype-jsr310\2.19.2\jackson-datatype-jsr310-2.19.2.jar;C:\Users\Administrator\.m2\repository\com\fasterxml\jackson\module\jackson-module-parameter-names\2.19.2\jackson-module-parameter-names-2.19.2.jar;C:\Users\Administrator\.m2\repository\org\springframework\boot\spring-boot-starter-tomcat\3.5.7\spring-boot-starter-tomcat-3.5.7.jar;C:\Users\Administrator\.m2\repository\org\apache\tomcat\embed\tomcat-embed-core\10.1.48\tomcat-embed-core-10.1.48.jar;C:\Users\Administrator\.m2\repository\org\apache\tomcat\embed\tomcat-embed-websocket\10.1.48\tomcat-embed-websocket-10.1.48.jar;C:\Users\Administrator\.m2\repository\org\springframework\spring-web\6.2.12\spring-web-6.2.12.jar;C:\Users\Administrator\.m2\repository\io\micrometer\micrometer-observation\1.15.5\micrometer-observation-1.15.5.jar;C:\Users\Administrator\.m2\repository\io\micrometer\micrometer-commons\1.15.5\micrometer-commons-1.15.5.jar;C:\Users\Administrator\.m2\repository\org\springframework\spring-webmvc\6.2.12\spring-webmvc-6.2.12.jar;C:\Users\Administrator\.m2\repository\org\springframework\spring-expression\6.2.12\spring-expression-6.2.12.jar;C:\Users\Administrator\.m2\repository\org\springframework\boot\spring-boot-starter-validation\3.5.7\spring-boot-starter-validation-3.5.7.jar;C:\Users\Administrator\.m2\repository\org\apache\tomcat\embed\tomcat-embed-el\10.1.48\tomcat-embed-el-10.1.48.jar;C:\Users\Administrator\.m2\repository\org\hibernate\validator\hibernate-validator\8.0.3.Final\hibernate-validator-8.0.3.Final.jar;C:\Users\Administrator\.m2\repository\jakarta\validation\jakarta.validation-api\3.0.2\jakarta.validation-api-3.0.2.jar;C:\Users\Administrator\.m2\repository\org\springframework\boot\spring-boot-devtools\3.5.7\spring-boot-devtools-3.5.7.jar;C:\Users\Administrator\.m2\repository\org\springframework\boot\spring-boot\3.5.7\spring-boot-3.5.7.jar;C:\Users\Administrator\.m2\repository\org\springframework\boot\spring-boot-autoconfigure\3.5.7\spring-boot-autoconfigure-3.5.7.jar;C:\Users\Administrator\.m2\repository\com\mysql\mysql-connector-j\9.4.0\mysql-connector-j-9.4.0.jar;C:\Users\Administrator\.m2\repository\org\projectlombok\lombok\1.18.42\lombok-1.18.42.jar;C:\Users\Administrator\.m2\repository\jakarta\xml\bind\jakarta.xml.bind-api\4.0.4\jakarta.xml.bind-api-4.0.4.jar;C:\Users\Administrator\.m2\repository\jakarta\activation\jakarta.activation-api\2.1.4\jakarta.activation-api-2.1.4.jar;C:\Users\Administrator\.m2\repository\org\springframework\spring-core\6.2.12\spring-core-6.2.12.jar;C:\Users\Administrator\.m2\repository\org\springframework\spring-jcl\6.2.12\spring-jcl-6.2.12.jar;C:\Users\Administrator\.m2\repository\org\springframework\boot\spring-boot-starter-security\3.5.7\spring-boot-starter-security-3.5.7.jar;C:\Users\Administrator\.m2\repository\org\springframework\spring-aop\6.2.12\spring-aop-6.2.12.jar;C:\Users\Administrator\.m2\repository\org\springframework\security\spring-security-config\6.5.6\spring-security-config-6.5.6.jar;C:\Users\Administrator\.m2\repository\org\springframework\security\spring-security-core\6.5.6\spring-security-core-6.5.6.jar;C:\Users\Administrator\.m2\repository\org\springframework\security\spring-security-crypto\6.5.6\spring-security-crypto-6.5.6.jar;C:\Users\Administrator\.m2\repository\org\springframework\security\spring-security-web\6.5.6\spring-security-web-6.5.6.jar;C:\Users\Administrator\.m2\repository\io\jsonwebtoken\jjwt-api\0.11.5\jjwt-api-0.11.5.jar;C:\Users\Administrator\.m2\repository\io\jsonwebtoken\jjwt-impl\0.11.5\jjwt-impl-0.11.5.jar;C:\Users\Administrator\.m2\repository\io\jsonwebtoken\jjwt-jackson\0.11.5\jjwt-jackson-0.11.5.jar;C:\Users\Administrator\.m2\repository\com\fasterxml\jackson\core\jackson-databind\2.19.2\jackson-databind-2.19.2.jar;C:\Users\Administrator\.m2\repository\com\fasterxml\jackson\core\jackson-annotations\2.19.2\jackson-annotations-2.19.2.jar;C:\Users\Administrator\.m2\repository\com\fasterxml\jackson\core\jackson-core\2.19.2\jackson-core-2.19.2.jar;C:\Users\Administrator\.m2\repository\jakarta\transaction\jakarta.transaction-api\2.0.1\jakarta.transaction-api-2.0.1.jar
Launcher Type: SUN_STANDARD

[Global flags]
     intx CICompilerCount                          = 4                                         {product} {ergonomic}
     uint ConcGCThreads                            = 3                                         {product} {ergonomic}
     uint G1ConcRefinementThreads                  = 10                                        {product} {ergonomic}
   size_t G1HeapRegionSize                         = 1048576                                   {product} {ergonomic}
    uintx GCDrainStackTargetSize                   = 64                                        {product} {ergonomic}
   size_t InitialHeapSize                          = 132120576                                 {product} {ergonomic}
   size_t MarkStackSize                            = 4194304                                   {product} {ergonomic}
   size_t MaxHeapSize                              = 2101346304                                {product} {ergonomic}
   size_t MaxNewSize                               = 1260388352                                {product} {ergonomic}
   size_t MinHeapDeltaBytes                        = 1048576                                   {product} {ergonomic}
   size_t MinHeapSize                              = 8388608                                   {product} {ergonomic}
    uintx NonNMethodCodeHeapSize                   = 5839372                                {pd product} {ergonomic}
    uintx NonProfiledCodeHeapSize                  = 122909434                              {pd product} {ergonomic}
    uintx ProfiledCodeHeapSize                     = 122909434                              {pd product} {ergonomic}
    uintx ReservedCodeCacheSize                    = 251658240                              {pd product} {ergonomic}
     bool SegmentedCodeCache                       = true                                      {product} {ergonomic}
   size_t SoftMaxHeapSize                          = 2101346304                             {manageable} {ergonomic}
     bool UseCompressedOops                        = true                           {product lp64_product} {ergonomic}
     bool UseG1GC                                  = true                                      {product} {ergonomic}
     bool UseLargePagesIndividualAllocation        = false                                  {pd product} {ergonomic}

Logging:
Log output configuration:
 #0: stdout all=warning uptime,level,tags foldmultilines=false
 #1: stderr all=off uptime,level,tags foldmultilines=false

Environment Variables:
JAVA_HOME=C:\Program Files\Java\jdk-21
PATH=C:\Windows\system32;C:\Windows;C:\Windows\System32\Wbem;C:\Windows\System32\WindowsPowerShell\v1.0\;C:\Windows\System32\OpenSSH\;C:\Program Files (x86)\mingw-w64\i686-8.1.0-posix-dwarf-rt_v6-rev0\mingw32\bin;C:\Program Files\Microsoft SQL Server\Client SDK\ODBC\170\Tools\Binn\;C:\Program Files (x86)\Microsoft SQL Server\160\Tools\Binn\;C:\Program Files\Microsoft SQL Server\160\Tools\Binn\;C:\Program Files\Microsoft SQL Server\160\DTS\Binn\;C:\Program Files\MySQL\MySQL Server 5.7\bin;C:\Graphviz-12.2.1-win64\bin;C:\Program Files (x86)\Microsoft SQL Server\160\DTS\Binn\;C:\Program Files\Git\cmd;D:\flutter\flutter\bin;C:\Program Files\nodejs\;C:\Program Files\Java\jdk-21\bin;C:\apache-maven-3.9.11\bin;C:\Users\Administrator\AppData\Local\Microsoft\WindowsApps;C:\Users\Administrator\AppData\Local\Programs\Microsoft VS Code\bin;C:\Program Files\MySQL\MySQL Server 5.7\bin;C:\Users\Administrator\AppData\Roaming\npm;C:\Program Files\JetBrains\IntelliJ IDEA Community Edition 2025.2.4\bin
USERNAME=MSI
OS=Windows_NT
PROCESSOR_IDENTIFIER=Intel64 Family 6 Model 165 Stepping 2, GenuineIntel
TMP=C:\Users\ADMINI~1\AppData\Local\Temp
TEMP=C:\Users\ADMINI~1\AppData\Local\Temp




Periodic native trim disabled

---------------  S Y S T E M  ---------------

OS:
 Windows 10 , 64 bit Build 19041 (10.0.19041.5915)
OS uptime: 0 days 5:58 hours

CPU: total 12 (initial active 12) (6 cores per cpu, 2 threads per core) family 6 model 165 stepping 2 microcode 0xe2, cx8, cmov, fxsr, ht, mmx, 3dnowpref, sse, sse2, sse3, ssse3, sse4.1, sse4.2, popcnt, lzcnt, tsc, tscinvbit, avx, avx2, aes, erms, clmul, bmi1, bmi2, adx, fma, vzeroupper, clflush, clflushopt, rdtscp, f16c, pku
Processor Information for all 12 processors :
  Max Mhz: 2592, Current Mhz: 2592, Mhz Limit: 2592

Memory: 4k page, system-wide physical 8013M (749M free)
TotalPageFile size 12109M (AvailPageFile size 2M)
current process WorkingSet (physical memory assigned to process): 384M, peak: 405M
current process commit charge ("private bytes"): 427M, peak: 450M

vm_info: Java HotSpot(TM) 64-Bit Server VM (21.0.9+7-LTS-338) for windows-amd64 JRE (21.0.9+7-LTS-338), built on 2025-09-26T06:33:49Z by "mach5run" with MS VC++ 17.6 (VS2022)

END.
