#
# There is insufficient memory for the Java Runtime Environment to continue.
# Native memory allocation (malloc) failed to allocate 10216 bytes for Chunk::new
# Possible reasons:
#   The system is out of physical RAM or swap space
#   The process is running with CompressedOops enabled, and the Java Heap may be blocking the growth of the native heap
# Possible solutions:
#   Reduce memory load on the system
#   Increase physical memory or swap space
#   Check if swap backing store is full
#   Decrease Java heap size (-Xmx/-Xms)
#   Decrease number of Java threads
#   Decrease Java thread stack sizes (-Xss)
#   Set larger code cache with -XX:ReservedCodeCacheSize=
#   JVM is running with Unscaled Compressed Oops mode in which the Java heap is
#     placed in the first 4GB address space. The Java Heap base address is the
#     maximum limit for the native heap growth. Please use -XX:HeapBaseMinAddress
#     to set the Java Heap base and to place the Java Heap above 4GB virtual address.
# This output file may be truncated or incomplete.
#
#  Out of Memory Error (arena.cpp:168), pid=4576, tid=3016
#
# JRE version: Java(TM) SE Runtime Environment (21.0.9+7) (build 21.0.9+7-LTS-338)
# Java VM: Java HotSpot(TM) 64-Bit Server VM (21.0.9+7-LTS-338, mixed mode, sharing, tiered, compressed oops, compressed class ptrs, g1 gc, windows-amd64)
# No core dump will be written. Minidumps are not enabled by default on client versions of Windows
#

---------------  S U M M A R Y ------------

Command Line: -javaagent:C:\Program Files\JetBrains\IntelliJ IDEA Community Edition 2025.2.4\lib\idea_rt.jar=52131 -Dfile.encoding=UTF-8 -Dsun.stdout.encoding=UTF-8 -Dsun.stderr.encoding=UTF-8 com.techroom.roommanagement.RoomManagementSystemApplication

Host: Intel(R) Core(TM) i7-10750H CPU @ 2.60GHz, 12 cores, 7G,  Windows 10 , 64 bit Build 19041 (10.0.19041.5915)
Time: Sun Dec 21 13:22:18 2025 SE Asia Standard Time elapsed time: 248.559204 seconds (0d 0h 4m 8s)

---------------  T H R E A D  ---------------

Current thread (0x00000275fbf59760):  JavaThread "C2 CompilerThread0" daemon [_thread_in_native, id=3016, stack(0x0000007b23f00000,0x0000007b24000000) (1024K)]


Current CompileTask:
C2: 248559 10545       4       java.nio.ByteBuffer::position (8 bytes)

Stack: [0x0000007b23f00000,0x0000007b24000000]
Native frames: (J=compiled Java code, j=interpreted, Vv=VM code, C=native code)
V  [jvm.dll+0x6cbf89]
V  [jvm.dll+0x858421]
V  [jvm.dll+0x85a94e]
V  [jvm.dll+0x85b023]
V  [jvm.dll+0x27ebc6]
V  [jvm.dll+0xc4f4d]
V  [jvm.dll+0xc4d65]
V  [jvm.dll+0x65543b]
V  [jvm.dll+0x247467]
V  [jvm.dll+0x246c1f]
V  [jvm.dll+0x1c7a3e]
V  [jvm.dll+0x256329]
V  [jvm.dll+0x2548ba]
V  [jvm.dll+0x3efdee]
V  [jvm.dll+0x80265b]
V  [jvm.dll+0x6ca66d]
C  [ucrtbase.dll+0x21bb2]
C  [KERNEL32.DLL+0x17374]
C  [ntdll.dll+0x4cc91]


---------------  P R O C E S S  ---------------

Threads class SMR info:
_java_thread_list=0x00000275c7145e50, length=31, elements={
0x00000275fbf22920, 0x00000275fbf27650, 0x00000275fbf29580, 0x00000275fbf29fe0,
0x00000275fbf32a50, 0x00000275fbf569c0, 0x00000275fbf59760, 0x00000275fbf5a200,
0x00000275c52df4f0, 0x00000275c545b120, 0x00000275c545b790, 0x00000275c9797620,
0x00000275c79809a0, 0x00000275c7f1c680, 0x00000275c7f1ede0, 0x00000275c7f1cd10,
0x00000275c7f1da30, 0x00000275c7f1e750, 0x00000275c7f1e0c0, 0x00000275c8a0a950,
0x00000275c8a0f810, 0x00000275c8a10bc0, 0x00000275c8a0bd00, 0x00000275c8a11f70,
0x00000275c8a0c390, 0x00000275c8a0fea0, 0x00000275c8a0d740, 0x00000275c8a0ddd0,
0x00000275c8a0d0b0, 0x00000275c8a118e0, 0x00000275c8a0f180
}

Java Threads: ( => current thread )
  0x00000275fbf22920 JavaThread "Reference Handler"          daemon [_thread_blocked, id=15192, stack(0x0000007b23900000,0x0000007b23a00000) (1024K)]
  0x00000275fbf27650 JavaThread "Finalizer"                  daemon [_thread_blocked, id=13884, stack(0x0000007b23a00000,0x0000007b23b00000) (1024K)]
  0x00000275fbf29580 JavaThread "Signal Dispatcher"          daemon [_thread_blocked, id=12072, stack(0x0000007b23b00000,0x0000007b23c00000) (1024K)]
  0x00000275fbf29fe0 JavaThread "Attach Listener"            daemon [_thread_blocked, id=8020, stack(0x0000007b23c00000,0x0000007b23d00000) (1024K)]
  0x00000275fbf32a50 JavaThread "Service Thread"             daemon [_thread_blocked, id=2412, stack(0x0000007b23d00000,0x0000007b23e00000) (1024K)]
  0x00000275fbf569c0 JavaThread "Monitor Deflation Thread"   daemon [_thread_blocked, id=14732, stack(0x0000007b23e00000,0x0000007b23f00000) (1024K)]
=>0x00000275fbf59760 JavaThread "C2 CompilerThread0"         daemon [_thread_in_native, id=3016, stack(0x0000007b23f00000,0x0000007b24000000) (1024K)]
  0x00000275fbf5a200 JavaThread "C1 CompilerThread0"         daemon [_thread_in_vm, id=8752, stack(0x0000007b24000000,0x0000007b24100000) (1024K)]
  0x00000275c52df4f0 JavaThread "Common-Cleaner"             daemon [_thread_blocked, id=9204, stack(0x0000007b24100000,0x0000007b24200000) (1024K)]
  0x00000275c545b120 JavaThread "Monitor Ctrl-Break"         daemon [_thread_in_native, id=7000, stack(0x0000007b24400000,0x0000007b24500000) (1024K)]
  0x00000275c545b790 JavaThread "Notification Thread"        daemon [_thread_blocked, id=9560, stack(0x0000007b24500000,0x0000007b24600000) (1024K)]
  0x00000275c9797620 JavaThread "mysql-cj-abandoned-connection-cleanup" daemon [_thread_blocked, id=8788, stack(0x0000007b24d00000,0x0000007b24e00000) (1024K)]
  0x00000275c79809a0 JavaThread "HikariPool-1:housekeeper"   daemon [_thread_blocked, id=5404, stack(0x0000007b25500000,0x0000007b25600000) (1024K)]
  0x00000275c7f1c680 JavaThread "Catalina-utility-1"                [_thread_blocked, id=9304, stack(0x0000007b25700000,0x0000007b25800000) (1024K)]
  0x00000275c7f1ede0 JavaThread "Catalina-utility-2"                [_thread_blocked, id=1700, stack(0x0000007b25800000,0x0000007b25900000) (1024K)]
  0x00000275c7f1cd10 JavaThread "container-0"                       [_thread_blocked, id=712, stack(0x0000007b25900000,0x0000007b25a00000) (1024K)]
  0x00000275c7f1da30 JavaThread "File Watcher"               daemon [_thread_blocked, id=8960, stack(0x0000007b25a00000,0x0000007b25b00000) (1024K)]
  0x00000275c7f1e750 JavaThread "Live Reload Server"         daemon [_thread_in_native, id=1424, stack(0x0000007b25c00000,0x0000007b25d00000) (1024K)]
  0x00000275c7f1e0c0 JavaThread "http-nio-8081-exec-1"       daemon [_thread_blocked, id=8972, stack(0x0000007b25b00000,0x0000007b25c00000) (1024K)]
  0x00000275c8a0a950 JavaThread "http-nio-8081-exec-2"       daemon [_thread_blocked, id=4452, stack(0x0000007b25d00000,0x0000007b25e00000) (1024K)]
  0x00000275c8a0f810 JavaThread "http-nio-8081-exec-3"       daemon [_thread_blocked, id=7388, stack(0x0000007b25e00000,0x0000007b25f00000) (1024K)]
  0x00000275c8a10bc0 JavaThread "http-nio-8081-exec-4"       daemon [_thread_blocked, id=14552, stack(0x0000007b25f00000,0x0000007b26000000) (1024K)]
  0x00000275c8a0bd00 JavaThread "http-nio-8081-exec-5"       daemon [_thread_blocked, id=5684, stack(0x0000007b26000000,0x0000007b26100000) (1024K)]
  0x00000275c8a11f70 JavaThread "http-nio-8081-exec-6"       daemon [_thread_blocked, id=5236, stack(0x0000007b26100000,0x0000007b26200000) (1024K)]
  0x00000275c8a0c390 JavaThread "http-nio-8081-exec-7"       daemon [_thread_blocked, id=8700, stack(0x0000007b26200000,0x0000007b26300000) (1024K)]
  0x00000275c8a0fea0 JavaThread "http-nio-8081-exec-8"       daemon [_thread_in_Java, id=8868, stack(0x0000007b26300000,0x0000007b26400000) (1024K)]
  0x00000275c8a0d740 JavaThread "http-nio-8081-exec-9"       daemon [_thread_blocked, id=5888, stack(0x0000007b26400000,0x0000007b26500000) (1024K)]
  0x00000275c8a0ddd0 JavaThread "http-nio-8081-exec-10"      daemon [_thread_blocked, id=11584, stack(0x0000007b26500000,0x0000007b26600000) (1024K)]
  0x00000275c8a0d0b0 JavaThread "http-nio-8081-Poller"       daemon [_thread_in_native, id=14636, stack(0x0000007b26600000,0x0000007b26700000) (1024K)]
  0x00000275c8a118e0 JavaThread "http-nio-8081-Acceptor"     daemon [_thread_in_native, id=9088, stack(0x0000007b26700000,0x0000007b26800000) (1024K)]
  0x00000275c8a0f180 JavaThread "DestroyJavaVM"                     [_thread_blocked, id=9720, stack(0x0000007b23100000,0x0000007b23200000) (1024K)]
Total: 31

Other Threads:
  0x00000275fbf08450 VMThread "VM Thread"                           [id=14620, stack(0x0000007b23800000,0x0000007b23900000) (1024K)]
  0x00000275fbef71c0 WatcherThread "VM Periodic Task Thread"        [id=9288, stack(0x0000007b23700000,0x0000007b23800000) (1024K)]
  0x00000275dd24da30 WorkerThread "GC Thread#0"                     [id=1688, stack(0x0000007b23200000,0x0000007b23300000) (1024K)]
  0x00000275c59c7600 WorkerThread "GC Thread#1"                     [id=11356, stack(0x0000007b24800000,0x0000007b24900000) (1024K)]
  0x00000275c5cdd110 WorkerThread "GC Thread#2"                     [id=10232, stack(0x0000007b24900000,0x0000007b24a00000) (1024K)]
  0x00000275c5cdd4c0 WorkerThread "GC Thread#3"                     [id=2672, stack(0x0000007b24a00000,0x0000007b24b00000) (1024K)]
  0x00000275c5a52360 WorkerThread "GC Thread#4"                     [id=11504, stack(0x0000007b24b00000,0x0000007b24c00000) (1024K)]
  0x00000275c5a52710 WorkerThread "GC Thread#5"                     [id=14660, stack(0x0000007b24c00000,0x0000007b24d00000) (1024K)]
  0x00000275c67a1c50 WorkerThread "GC Thread#6"                     [id=10992, stack(0x0000007b24e00000,0x0000007b24f00000) (1024K)]
  0x00000275c653cb40 WorkerThread "GC Thread#7"                     [id=6976, stack(0x0000007b24f00000,0x0000007b25000000) (1024K)]
  0x00000275c66e9de0 WorkerThread "GC Thread#8"                     [id=1196, stack(0x0000007b25000000,0x0000007b25100000) (1024K)]
  0x00000275c66e6190 WorkerThread "GC Thread#9"                     [id=6884, stack(0x0000007b25100000,0x0000007b25200000) (1024K)]
  0x00000275dd25fd00 ConcurrentGCThread "G1 Main Marker"            [id=13648, stack(0x0000007b23300000,0x0000007b23400000) (1024K)]
  0x00000275dd260620 WorkerThread "G1 Conc#0"                       [id=6488, stack(0x0000007b23400000,0x0000007b23500000) (1024K)]
  0x00000275c7ac7f80 WorkerThread "G1 Conc#1"                       [id=6708, stack(0x0000007b25300000,0x0000007b25400000) (1024K)]
  0x00000275c78ea0f0 WorkerThread "G1 Conc#2"                       [id=9728, stack(0x0000007b25400000,0x0000007b25500000) (1024K)]
  0x00000275fbdc89b0 ConcurrentGCThread "G1 Refine#0"               [id=9192, stack(0x0000007b23500000,0x0000007b23600000) (1024K)]
  0x00000275fbdc9340 ConcurrentGCThread "G1 Service"                [id=7256, stack(0x0000007b23600000,0x0000007b23700000) (1024K)]
Total: 18

Threads with active compile tasks:
C2 CompilerThread0   248577 10545       4       java.nio.ByteBuffer::position (8 bytes)
C1 CompilerThread0   248577 10617       3       com.mysql.cj.protocol.a.SimplePacketSender::send (75 bytes)
Total: 2

VM state: not at safepoint (normal execution)

VM Mutex/Monitor currently owned by a thread: None

Heap address: 0x0000000082c00000, size: 2004 MB, Compressed Oops mode: 32-bit

CDS archive(s) mapped at: [0x0000027580000000-0x0000027580c90000-0x0000027580c90000), size 13172736, SharedBaseAddress: 0x0000027580000000, ArchiveRelocationMode: 1.
Compressed class space mapped at: 0x0000027581000000-0x00000275c1000000, reserved size: 1073741824
Narrow klass base: 0x0000027580000000, Narrow klass shift: 0, Narrow klass range: 0x100000000

GC Precious Log:
 CardTable entry size: 512
 Card Set container configuration: InlinePtr #cards 5 size 8 Array Of Cards #cards 12 size 40 Howl #buckets 4 coarsen threshold 1843 Howl Bitmap #cards 512 size 80 coarsen threshold 460 Card regions per heap region 1 cards per card region 2048
 CPUs: 12 total, 12 available
 Memory: 8013M
 Large Page Support: Disabled
 NUMA Support: Disabled
 Compressed Oops: Enabled (32-bit)
 Heap Region Size: 1M
 Heap Min Capacity: 8M
 Heap Initial Capacity: 126M
 Heap Max Capacity: 2004M
 Pre-touch: Disabled
 Parallel Workers: 10
 Concurrent Workers: 3
 Concurrent Refinement Workers: 10
 Periodic GC: Disabled

Heap:
 garbage-first heap   total 225280K, used 103345K [0x0000000082c00000, 0x0000000100000000)
  region size 1024K, 49 young (50176K), 15 survivors (15360K)
 Metaspace       used 87188K, committed 88064K, reserved 1179648K
  class space    used 11970K, committed 12352K, reserved 1048576K

Heap Regions: E=young(eden), S=young(survivor), O=old, HS=humongous(starts), HC=humongous(continues), CS=collection set, F=free, TAMS=top-at-mark-start, PB=parsable bottom
|   0|0x0000000082c00000, 0x0000000082d00000, 0x0000000082d00000|100%|HS|  |TAMS 0x0000000082c00000| PB 0x0000000082c00000| Complete 
|   1|0x0000000082d00000, 0x0000000082e00000, 0x0000000082e00000|100%|HS|  |TAMS 0x0000000082d00000| PB 0x0000000082d00000| Complete 
|   2|0x0000000082e00000, 0x0000000082f00000, 0x0000000082f00000|100%| O|  |TAMS 0x0000000082e00000| PB 0x0000000082e00000| Untracked 
|   3|0x0000000082f00000, 0x0000000083000000, 0x0000000083000000|100%| O|  |TAMS 0x0000000082f00000| PB 0x0000000082f00000| Untracked 
|   4|0x0000000083000000, 0x0000000083100000, 0x0000000083100000|100%| O|  |TAMS 0x0000000083000000| PB 0x0000000083000000| Untracked 
|   5|0x0000000083100000, 0x0000000083200000, 0x0000000083200000|100%| O|  |TAMS 0x0000000083100000| PB 0x0000000083100000| Untracked 
|   6|0x0000000083200000, 0x0000000083300000, 0x0000000083300000|100%| O|  |TAMS 0x0000000083200000| PB 0x0000000083200000| Untracked 
|   7|0x0000000083300000, 0x0000000083400000, 0x0000000083400000|100%| O|  |TAMS 0x0000000083300000| PB 0x0000000083300000| Untracked 
|   8|0x0000000083400000, 0x0000000083500000, 0x0000000083500000|100%| O|  |TAMS 0x0000000083400000| PB 0x0000000083400000| Untracked 
|   9|0x0000000083500000, 0x0000000083600000, 0x0000000083600000|100%| O|  |TAMS 0x0000000083500000| PB 0x0000000083500000| Untracked 
|  10|0x0000000083600000, 0x0000000083700000, 0x0000000083700000|100%| O|  |TAMS 0x0000000083600000| PB 0x0000000083600000| Untracked 
|  11|0x0000000083700000, 0x0000000083800000, 0x0000000083800000|100%| O|  |TAMS 0x0000000083700000| PB 0x0000000083700000| Untracked 
|  12|0x0000000083800000, 0x0000000083900000, 0x0000000083900000|100%| O|  |TAMS 0x0000000083800000| PB 0x0000000083800000| Untracked 
|  13|0x0000000083900000, 0x0000000083a00000, 0x0000000083a00000|100%| O|  |TAMS 0x0000000083900000| PB 0x0000000083900000| Untracked 
|  14|0x0000000083a00000, 0x0000000083b00000, 0x0000000083b00000|100%| O|  |TAMS 0x0000000083a00000| PB 0x0000000083a00000| Untracked 
|  15|0x0000000083b00000, 0x0000000083c00000, 0x0000000083c00000|100%| O|  |TAMS 0x0000000083b00000| PB 0x0000000083b00000| Untracked 
|  16|0x0000000083c00000, 0x0000000083d00000, 0x0000000083d00000|100%| O|  |TAMS 0x0000000083c00000| PB 0x0000000083c00000| Untracked 
|  17|0x0000000083d00000, 0x0000000083e00000, 0x0000000083e00000|100%| O|  |TAMS 0x0000000083d00000| PB 0x0000000083d00000| Untracked 
|  18|0x0000000083e00000, 0x0000000083f00000, 0x0000000083f00000|100%| O|  |TAMS 0x0000000083e00000| PB 0x0000000083e00000| Untracked 
|  19|0x0000000083f00000, 0x0000000084000000, 0x0000000084000000|100%| O|  |TAMS 0x0000000083f00000| PB 0x0000000083f00000| Untracked 
|  20|0x0000000084000000, 0x0000000084100000, 0x0000000084100000|100%| O|  |TAMS 0x0000000084000000| PB 0x0000000084000000| Untracked 
|  21|0x0000000084100000, 0x0000000084200000, 0x0000000084200000|100%| O|  |TAMS 0x0000000084100000| PB 0x0000000084100000| Untracked 
|  22|0x0000000084200000, 0x0000000084300000, 0x0000000084300000|100%| O|  |TAMS 0x0000000084200000| PB 0x0000000084200000| Untracked 
|  23|0x0000000084300000, 0x0000000084400000, 0x0000000084400000|100%| O|  |TAMS 0x0000000084300000| PB 0x0000000084300000| Untracked 
|  24|0x0000000084400000, 0x0000000084500000, 0x0000000084500000|100%| O|  |TAMS 0x0000000084400000| PB 0x0000000084400000| Untracked 
|  25|0x0000000084500000, 0x0000000084600000, 0x0000000084600000|100%| O|  |TAMS 0x0000000084500000| PB 0x0000000084500000| Untracked 
|  26|0x0000000084600000, 0x0000000084700000, 0x0000000084700000|100%| O|  |TAMS 0x0000000084600000| PB 0x0000000084600000| Untracked 
|  27|0x0000000084700000, 0x0000000084800000, 0x0000000084800000|100%| O|  |TAMS 0x0000000084700000| PB 0x0000000084700000| Untracked 
|  28|0x0000000084800000, 0x0000000084800000, 0x0000000084900000|  0%| F|  |TAMS 0x0000000084800000| PB 0x0000000084800000| Untracked 
|  29|0x0000000084900000, 0x0000000084900000, 0x0000000084a00000|  0%| F|  |TAMS 0x0000000084900000| PB 0x0000000084900000| Untracked 
|  30|0x0000000084a00000, 0x0000000084b00000, 0x0000000084b00000|100%| O|  |TAMS 0x0000000084a00000| PB 0x0000000084a00000| Untracked 
|  31|0x0000000084b00000, 0x0000000084c00000, 0x0000000084c00000|100%| O|  |TAMS 0x0000000084b00000| PB 0x0000000084b00000| Untracked 
|  32|0x0000000084c00000, 0x0000000084d00000, 0x0000000084d00000|100%| O|  |TAMS 0x0000000084c00000| PB 0x0000000084c00000| Untracked 
|  33|0x0000000084d00000, 0x0000000084d00000, 0x0000000084e00000|  0%| F|  |TAMS 0x0000000084d00000| PB 0x0000000084d00000| Untracked 
|  34|0x0000000084e00000, 0x0000000084f00000, 0x0000000084f00000|100%| O|  |TAMS 0x0000000084e00000| PB 0x0000000084e00000| Untracked 
|  35|0x0000000084f00000, 0x0000000085000000, 0x0000000085000000|100%| O|  |TAMS 0x0000000084f00000| PB 0x0000000084f00000| Untracked 
|  36|0x0000000085000000, 0x0000000085100000, 0x0000000085100000|100%| O|  |TAMS 0x0000000085000000| PB 0x0000000085000000| Untracked 
|  37|0x0000000085100000, 0x0000000085200000, 0x0000000085200000|100%| O|  |TAMS 0x0000000085100000| PB 0x0000000085100000| Untracked 
|  38|0x0000000085200000, 0x0000000085300000, 0x0000000085300000|100%| O|  |TAMS 0x0000000085200000| PB 0x0000000085200000| Untracked 
|  39|0x0000000085300000, 0x0000000085400000, 0x0000000085400000|100%| O|  |TAMS 0x0000000085300000| PB 0x0000000085300000| Untracked 
|  40|0x0000000085400000, 0x0000000085500000, 0x0000000085500000|100%| O|  |TAMS 0x0000000085400000| PB 0x0000000085400000| Untracked 
|  41|0x0000000085500000, 0x0000000085600000, 0x0000000085600000|100%| O|  |TAMS 0x0000000085500000| PB 0x0000000085500000| Untracked 
|  42|0x0000000085600000, 0x0000000085700000, 0x0000000085700000|100%| O|  |TAMS 0x0000000085600000| PB 0x0000000085600000| Untracked 
|  43|0x0000000085700000, 0x0000000085800000, 0x0000000085800000|100%| O|  |TAMS 0x0000000085700000| PB 0x0000000085700000| Untracked 
|  44|0x0000000085800000, 0x0000000085900000, 0x0000000085900000|100%| O|  |TAMS 0x0000000085800000| PB 0x0000000085800000| Untracked 
|  45|0x0000000085900000, 0x0000000085a00000, 0x0000000085a00000|100%| O|  |TAMS 0x0000000085900000| PB 0x0000000085900000| Untracked 
|  46|0x0000000085a00000, 0x0000000085b00000, 0x0000000085b00000|100%| O|  |TAMS 0x0000000085a00000| PB 0x0000000085a00000| Untracked 
|  47|0x0000000085b00000, 0x0000000085c00000, 0x0000000085c00000|100%| O|  |TAMS 0x0000000085b00000| PB 0x0000000085b00000| Untracked 
|  48|0x0000000085c00000, 0x0000000085d00000, 0x0000000085d00000|100%| O|  |TAMS 0x0000000085c00000| PB 0x0000000085c00000| Untracked 
|  49|0x0000000085d00000, 0x0000000085e00000, 0x0000000085e00000|100%| O|  |TAMS 0x0000000085d00000| PB 0x0000000085d00000| Untracked 
|  50|0x0000000085e00000, 0x0000000085f00000, 0x0000000085f00000|100%| O|  |TAMS 0x0000000085e00000| PB 0x0000000085e00000| Untracked 
|  51|0x0000000085f00000, 0x0000000086000000, 0x0000000086000000|100%| O|Cm|TAMS 0x0000000085f00000| PB 0x0000000085f00000| Complete 
|  52|0x0000000086000000, 0x0000000086100000, 0x0000000086100000|100%| O|  |TAMS 0x0000000086000000| PB 0x0000000086000000| Untracked 
|  53|0x0000000086100000, 0x0000000086130df8, 0x0000000086200000| 19%| O|Cm|TAMS 0x0000000086100000| PB 0x0000000086100000| Complete 
|  54|0x0000000086200000, 0x0000000086200000, 0x0000000086300000|  0%| F|  |TAMS 0x0000000086200000| PB 0x0000000086200000| Untracked 
|  55|0x0000000086300000, 0x0000000086300000, 0x0000000086400000|  0%| F|  |TAMS 0x0000000086300000| PB 0x0000000086300000| Untracked 
|  56|0x0000000086400000, 0x0000000086400000, 0x0000000086500000|  0%| F|  |TAMS 0x0000000086400000| PB 0x0000000086400000| Untracked 
|  57|0x0000000086500000, 0x0000000086500000, 0x0000000086600000|  0%| F|  |TAMS 0x0000000086500000| PB 0x0000000086500000| Untracked 
|  58|0x0000000086600000, 0x0000000086600000, 0x0000000086700000|  0%| F|  |TAMS 0x0000000086600000| PB 0x0000000086600000| Untracked 
|  59|0x0000000086700000, 0x0000000086700000, 0x0000000086800000|  0%| F|  |TAMS 0x0000000086700000| PB 0x0000000086700000| Untracked 
|  60|0x0000000086800000, 0x0000000086800000, 0x0000000086900000|  0%| F|  |TAMS 0x0000000086800000| PB 0x0000000086800000| Untracked 
|  61|0x0000000086900000, 0x0000000086900000, 0x0000000086a00000|  0%| F|  |TAMS 0x0000000086900000| PB 0x0000000086900000| Untracked 
|  62|0x0000000086a00000, 0x0000000086a00000, 0x0000000086b00000|  0%| F|  |TAMS 0x0000000086a00000| PB 0x0000000086a00000| Untracked 
|  63|0x0000000086b00000, 0x0000000086b00000, 0x0000000086c00000|  0%| F|  |TAMS 0x0000000086b00000| PB 0x0000000086b00000| Untracked 
|  64|0x0000000086c00000, 0x0000000086c00000, 0x0000000086d00000|  0%| F|  |TAMS 0x0000000086c00000| PB 0x0000000086c00000| Untracked 
|  65|0x0000000086d00000, 0x0000000086d00000, 0x0000000086e00000|  0%| F|  |TAMS 0x0000000086d00000| PB 0x0000000086d00000| Untracked 
|  66|0x0000000086e00000, 0x0000000086e00000, 0x0000000086f00000|  0%| F|  |TAMS 0x0000000086e00000| PB 0x0000000086e00000| Untracked 
|  67|0x0000000086f00000, 0x0000000086f00000, 0x0000000087000000|  0%| F|  |TAMS 0x0000000086f00000| PB 0x0000000086f00000| Untracked 
|  68|0x0000000087000000, 0x0000000087000000, 0x0000000087100000|  0%| F|  |TAMS 0x0000000087000000| PB 0x0000000087000000| Untracked 
|  69|0x0000000087100000, 0x0000000087100000, 0x0000000087200000|  0%| F|  |TAMS 0x0000000087100000| PB 0x0000000087100000| Untracked 
|  70|0x0000000087200000, 0x00000000872bb830, 0x0000000087300000| 73%| S|CS|TAMS 0x0000000087200000| PB 0x0000000087200000| Complete 
|  71|0x0000000087300000, 0x0000000087400000, 0x0000000087400000|100%| S|CS|TAMS 0x0000000087300000| PB 0x0000000087300000| Complete 
|  72|0x0000000087400000, 0x0000000087500000, 0x0000000087500000|100%| S|CS|TAMS 0x0000000087400000| PB 0x0000000087400000| Complete 
|  73|0x0000000087500000, 0x0000000087600000, 0x0000000087600000|100%| S|CS|TAMS 0x0000000087500000| PB 0x0000000087500000| Complete 
|  74|0x0000000087600000, 0x0000000087700000, 0x0000000087700000|100%| S|CS|TAMS 0x0000000087600000| PB 0x0000000087600000| Complete 
|  75|0x0000000087700000, 0x0000000087800000, 0x0000000087800000|100%| S|CS|TAMS 0x0000000087700000| PB 0x0000000087700000| Complete 
|  76|0x0000000087800000, 0x0000000087900000, 0x0000000087900000|100%| S|CS|TAMS 0x0000000087800000| PB 0x0000000087800000| Complete 
|  77|0x0000000087900000, 0x0000000087a00000, 0x0000000087a00000|100%| S|CS|TAMS 0x0000000087900000| PB 0x0000000087900000| Complete 
|  78|0x0000000087a00000, 0x0000000087b00000, 0x0000000087b00000|100%| S|CS|TAMS 0x0000000087a00000| PB 0x0000000087a00000| Complete 
|  79|0x0000000087b00000, 0x0000000087c00000, 0x0000000087c00000|100%| S|CS|TAMS 0x0000000087b00000| PB 0x0000000087b00000| Complete 
|  80|0x0000000087c00000, 0x0000000087d00000, 0x0000000087d00000|100%| S|CS|TAMS 0x0000000087c00000| PB 0x0000000087c00000| Complete 
|  81|0x0000000087d00000, 0x0000000087e00000, 0x0000000087e00000|100%| S|CS|TAMS 0x0000000087d00000| PB 0x0000000087d00000| Complete 
|  82|0x0000000087e00000, 0x0000000087e00000, 0x0000000087f00000|  0%| F|  |TAMS 0x0000000087e00000| PB 0x0000000087e00000| Untracked 
|  83|0x0000000087f00000, 0x0000000087f00000, 0x0000000088000000|  0%| F|  |TAMS 0x0000000087f00000| PB 0x0000000087f00000| Untracked 
|  84|0x0000000088000000, 0x0000000088000000, 0x0000000088100000|  0%| F|  |TAMS 0x0000000088000000| PB 0x0000000088000000| Untracked 
|  85|0x0000000088100000, 0x0000000088100000, 0x0000000088200000|  0%| F|  |TAMS 0x0000000088100000| PB 0x0000000088100000| Untracked 
|  86|0x0000000088200000, 0x0000000088200000, 0x0000000088300000|  0%| F|  |TAMS 0x0000000088200000| PB 0x0000000088200000| Untracked 
|  87|0x0000000088300000, 0x0000000088300000, 0x0000000088400000|  0%| F|  |TAMS 0x0000000088300000| PB 0x0000000088300000| Untracked 
|  88|0x0000000088400000, 0x0000000088400000, 0x0000000088500000|  0%| F|  |TAMS 0x0000000088400000| PB 0x0000000088400000| Untracked 
|  89|0x0000000088500000, 0x0000000088600000, 0x0000000088600000|100%| S|CS|TAMS 0x0000000088500000| PB 0x0000000088500000| Complete 
|  90|0x0000000088600000, 0x0000000088700000, 0x0000000088700000|100%| S|CS|TAMS 0x0000000088600000| PB 0x0000000088600000| Complete 
|  91|0x0000000088700000, 0x0000000088800000, 0x0000000088800000|100%| S|CS|TAMS 0x0000000088700000| PB 0x0000000088700000| Complete 
|  92|0x0000000088800000, 0x0000000088800000, 0x0000000088900000|  0%| F|  |TAMS 0x0000000088800000| PB 0x0000000088800000| Untracked 
|  93|0x0000000088900000, 0x0000000088900000, 0x0000000088a00000|  0%| F|  |TAMS 0x0000000088900000| PB 0x0000000088900000| Untracked 
|  94|0x0000000088a00000, 0x0000000088a00000, 0x0000000088b00000|  0%| F|  |TAMS 0x0000000088a00000| PB 0x0000000088a00000| Untracked 
|  95|0x0000000088b00000, 0x0000000088b00000, 0x0000000088c00000|  0%| F|  |TAMS 0x0000000088b00000| PB 0x0000000088b00000| Untracked 
|  96|0x0000000088c00000, 0x0000000088c00000, 0x0000000088d00000|  0%| F|  |TAMS 0x0000000088c00000| PB 0x0000000088c00000| Untracked 
|  97|0x0000000088d00000, 0x0000000088d00000, 0x0000000088e00000|  0%| F|  |TAMS 0x0000000088d00000| PB 0x0000000088d00000| Untracked 
|  98|0x0000000088e00000, 0x0000000088e00000, 0x0000000088f00000|  0%| F|  |TAMS 0x0000000088e00000| PB 0x0000000088e00000| Untracked 
|  99|0x0000000088f00000, 0x0000000088f00000, 0x0000000089000000|  0%| F|  |TAMS 0x0000000088f00000| PB 0x0000000088f00000| Untracked 
| 100|0x0000000089000000, 0x0000000089000000, 0x0000000089100000|  0%| F|  |TAMS 0x0000000089000000| PB 0x0000000089000000| Untracked 
| 101|0x0000000089100000, 0x0000000089100000, 0x0000000089200000|  0%| F|  |TAMS 0x0000000089100000| PB 0x0000000089100000| Untracked 
| 102|0x0000000089200000, 0x0000000089200000, 0x0000000089300000|  0%| F|  |TAMS 0x0000000089200000| PB 0x0000000089200000| Untracked 
| 103|0x0000000089300000, 0x0000000089300000, 0x0000000089400000|  0%| F|  |TAMS 0x0000000089300000| PB 0x0000000089300000| Untracked 
| 104|0x0000000089400000, 0x0000000089400000, 0x0000000089500000|  0%| F|  |TAMS 0x0000000089400000| PB 0x0000000089400000| Untracked 
| 105|0x0000000089500000, 0x0000000089500000, 0x0000000089600000|  0%| F|  |TAMS 0x0000000089500000| PB 0x0000000089500000| Untracked 
| 106|0x0000000089600000, 0x0000000089600000, 0x0000000089700000|  0%| F|  |TAMS 0x0000000089600000| PB 0x0000000089600000| Untracked 
| 107|0x0000000089700000, 0x0000000089700000, 0x0000000089800000|  0%| F|  |TAMS 0x0000000089700000| PB 0x0000000089700000| Untracked 
| 108|0x0000000089800000, 0x0000000089800000, 0x0000000089900000|  0%| F|  |TAMS 0x0000000089800000| PB 0x0000000089800000| Untracked 
| 109|0x0000000089900000, 0x0000000089900000, 0x0000000089a00000|  0%| F|  |TAMS 0x0000000089900000| PB 0x0000000089900000| Untracked 
| 110|0x0000000089a00000, 0x0000000089a00000, 0x0000000089b00000|  0%| F|  |TAMS 0x0000000089a00000| PB 0x0000000089a00000| Untracked 
| 111|0x0000000089b00000, 0x0000000089b00000, 0x0000000089c00000|  0%| F|  |TAMS 0x0000000089b00000| PB 0x0000000089b00000| Untracked 
| 112|0x0000000089c00000, 0x0000000089c00000, 0x0000000089d00000|  0%| F|  |TAMS 0x0000000089c00000| PB 0x0000000089c00000| Untracked 
| 113|0x0000000089d00000, 0x0000000089d00000, 0x0000000089e00000|  0%| F|  |TAMS 0x0000000089d00000| PB 0x0000000089d00000| Untracked 
| 114|0x0000000089e00000, 0x0000000089e00000, 0x0000000089f00000|  0%| F|  |TAMS 0x0000000089e00000| PB 0x0000000089e00000| Untracked 
| 115|0x0000000089f00000, 0x0000000089f00000, 0x000000008a000000|  0%| F|  |TAMS 0x0000000089f00000| PB 0x0000000089f00000| Untracked 
| 116|0x000000008a000000, 0x000000008a000000, 0x000000008a100000|  0%| F|  |TAMS 0x000000008a000000| PB 0x000000008a000000| Untracked 
| 117|0x000000008a100000, 0x000000008a100000, 0x000000008a200000|  0%| F|  |TAMS 0x000000008a100000| PB 0x000000008a100000| Untracked 
| 118|0x000000008a200000, 0x000000008a200000, 0x000000008a300000|  0%| F|  |TAMS 0x000000008a200000| PB 0x000000008a200000| Untracked 
| 119|0x000000008a300000, 0x000000008a300000, 0x000000008a400000|  0%| F|  |TAMS 0x000000008a300000| PB 0x000000008a300000| Untracked 
| 120|0x000000008a400000, 0x000000008a400000, 0x000000008a500000|  0%| F|  |TAMS 0x000000008a400000| PB 0x000000008a400000| Untracked 
| 121|0x000000008a500000, 0x000000008a500000, 0x000000008a600000|  0%| F|  |TAMS 0x000000008a500000| PB 0x000000008a500000| Untracked 
| 122|0x000000008a600000, 0x000000008a600000, 0x000000008a700000|  0%| F|  |TAMS 0x000000008a600000| PB 0x000000008a600000| Untracked 
| 123|0x000000008a700000, 0x000000008a700000, 0x000000008a800000|  0%| F|  |TAMS 0x000000008a700000| PB 0x000000008a700000| Untracked 
| 124|0x000000008a800000, 0x000000008a800000, 0x000000008a900000|  0%| F|  |TAMS 0x000000008a800000| PB 0x000000008a800000| Untracked 
| 125|0x000000008a900000, 0x000000008a900000, 0x000000008aa00000|  0%| F|  |TAMS 0x000000008a900000| PB 0x000000008a900000| Untracked 
| 126|0x000000008aa00000, 0x000000008aa00000, 0x000000008ab00000|  0%| F|  |TAMS 0x000000008aa00000| PB 0x000000008aa00000| Untracked 
| 127|0x000000008ab00000, 0x000000008ab00000, 0x000000008ac00000|  0%| F|  |TAMS 0x000000008ab00000| PB 0x000000008ab00000| Untracked 
| 128|0x000000008ac00000, 0x000000008ac00000, 0x000000008ad00000|  0%| F|  |TAMS 0x000000008ac00000| PB 0x000000008ac00000| Untracked 
| 129|0x000000008ad00000, 0x000000008ad00000, 0x000000008ae00000|  0%| F|  |TAMS 0x000000008ad00000| PB 0x000000008ad00000| Untracked 
| 130|0x000000008ae00000, 0x000000008ae00000, 0x000000008af00000|  0%| F|  |TAMS 0x000000008ae00000| PB 0x000000008ae00000| Untracked 
| 131|0x000000008af00000, 0x000000008af00000, 0x000000008b000000|  0%| F|  |TAMS 0x000000008af00000| PB 0x000000008af00000| Untracked 
| 132|0x000000008b000000, 0x000000008b000000, 0x000000008b100000|  0%| F|  |TAMS 0x000000008b000000| PB 0x000000008b000000| Untracked 
| 133|0x000000008b100000, 0x000000008b100000, 0x000000008b200000|  0%| F|  |TAMS 0x000000008b100000| PB 0x000000008b100000| Untracked 
| 134|0x000000008b200000, 0x000000008b200000, 0x000000008b300000|  0%| F|  |TAMS 0x000000008b200000| PB 0x000000008b200000| Untracked 
| 135|0x000000008b300000, 0x000000008b300000, 0x000000008b400000|  0%| F|  |TAMS 0x000000008b300000| PB 0x000000008b300000| Untracked 
| 136|0x000000008b400000, 0x000000008b400000, 0x000000008b500000|  0%| F|  |TAMS 0x000000008b400000| PB 0x000000008b400000| Untracked 
| 137|0x000000008b500000, 0x000000008b500000, 0x000000008b600000|  0%| F|  |TAMS 0x000000008b500000| PB 0x000000008b500000| Untracked 
| 138|0x000000008b600000, 0x000000008b600000, 0x000000008b700000|  0%| F|  |TAMS 0x000000008b600000| PB 0x000000008b600000| Untracked 
| 139|0x000000008b700000, 0x000000008b700000, 0x000000008b800000|  0%| F|  |TAMS 0x000000008b700000| PB 0x000000008b700000| Untracked 
| 140|0x000000008b800000, 0x000000008b800000, 0x000000008b900000|  0%| F|  |TAMS 0x000000008b800000| PB 0x000000008b800000| Untracked 
| 141|0x000000008b900000, 0x000000008b900000, 0x000000008ba00000|  0%| F|  |TAMS 0x000000008b900000| PB 0x000000008b900000| Untracked 
| 142|0x000000008ba00000, 0x000000008ba00000, 0x000000008bb00000|  0%| F|  |TAMS 0x000000008ba00000| PB 0x000000008ba00000| Untracked 
| 143|0x000000008bb00000, 0x000000008bb00000, 0x000000008bc00000|  0%| F|  |TAMS 0x000000008bb00000| PB 0x000000008bb00000| Untracked 
| 144|0x000000008bc00000, 0x000000008bc00000, 0x000000008bd00000|  0%| F|  |TAMS 0x000000008bc00000| PB 0x000000008bc00000| Untracked 
| 145|0x000000008bd00000, 0x000000008bd00000, 0x000000008be00000|  0%| F|  |TAMS 0x000000008bd00000| PB 0x000000008bd00000| Untracked 
| 146|0x000000008be00000, 0x000000008be00000, 0x000000008bf00000|  0%| F|  |TAMS 0x000000008be00000| PB 0x000000008be00000| Untracked 
| 147|0x000000008bf00000, 0x000000008bf00000, 0x000000008c000000|  0%| F|  |TAMS 0x000000008bf00000| PB 0x000000008bf00000| Untracked 
| 148|0x000000008c000000, 0x000000008c000000, 0x000000008c100000|  0%| F|  |TAMS 0x000000008c000000| PB 0x000000008c000000| Untracked 
| 149|0x000000008c100000, 0x000000008c100000, 0x000000008c200000|  0%| F|  |TAMS 0x000000008c100000| PB 0x000000008c100000| Untracked 
| 150|0x000000008c200000, 0x000000008c200000, 0x000000008c300000|  0%| F|  |TAMS 0x000000008c200000| PB 0x000000008c200000| Untracked 
| 151|0x000000008c300000, 0x000000008c300000, 0x000000008c400000|  0%| F|  |TAMS 0x000000008c300000| PB 0x000000008c300000| Untracked 
| 152|0x000000008c400000, 0x000000008c400000, 0x000000008c500000|  0%| F|  |TAMS 0x000000008c400000| PB 0x000000008c400000| Untracked 
| 153|0x000000008c500000, 0x000000008c500000, 0x000000008c600000|  0%| F|  |TAMS 0x000000008c500000| PB 0x000000008c500000| Untracked 
| 154|0x000000008c600000, 0x000000008c600000, 0x000000008c700000|  0%| F|  |TAMS 0x000000008c600000| PB 0x000000008c600000| Untracked 
| 155|0x000000008c700000, 0x000000008c700000, 0x000000008c800000|  0%| F|  |TAMS 0x000000008c700000| PB 0x000000008c700000| Untracked 
| 156|0x000000008c800000, 0x000000008c800000, 0x000000008c900000|  0%| F|  |TAMS 0x000000008c800000| PB 0x000000008c800000| Untracked 
| 157|0x000000008c900000, 0x000000008c900000, 0x000000008ca00000|  0%| F|  |TAMS 0x000000008c900000| PB 0x000000008c900000| Untracked 
| 158|0x000000008ca00000, 0x000000008ca00000, 0x000000008cb00000|  0%| F|  |TAMS 0x000000008ca00000| PB 0x000000008ca00000| Untracked 
| 159|0x000000008cb00000, 0x000000008cb00000, 0x000000008cc00000|  0%| F|  |TAMS 0x000000008cb00000| PB 0x000000008cb00000| Untracked 
| 160|0x000000008cc00000, 0x000000008cc00000, 0x000000008cd00000|  0%| F|  |TAMS 0x000000008cc00000| PB 0x000000008cc00000| Untracked 
| 161|0x000000008cd00000, 0x000000008cd00000, 0x000000008ce00000|  0%| F|  |TAMS 0x000000008cd00000| PB 0x000000008cd00000| Untracked 
| 162|0x000000008ce00000, 0x000000008ce00000, 0x000000008cf00000|  0%| F|  |TAMS 0x000000008ce00000| PB 0x000000008ce00000| Untracked 
| 163|0x000000008cf00000, 0x000000008cf00000, 0x000000008d000000|  0%| F|  |TAMS 0x000000008cf00000| PB 0x000000008cf00000| Untracked 
| 164|0x000000008d000000, 0x000000008d000000, 0x000000008d100000|  0%| F|  |TAMS 0x000000008d000000| PB 0x000000008d000000| Untracked 
| 165|0x000000008d100000, 0x000000008d100000, 0x000000008d200000|  0%| F|  |TAMS 0x000000008d100000| PB 0x000000008d100000| Untracked 
| 166|0x000000008d200000, 0x000000008d200000, 0x000000008d300000|  0%| F|  |TAMS 0x000000008d200000| PB 0x000000008d200000| Untracked 
| 167|0x000000008d300000, 0x000000008d300000, 0x000000008d400000|  0%| F|  |TAMS 0x000000008d300000| PB 0x000000008d300000| Untracked 
| 168|0x000000008d400000, 0x000000008d400000, 0x000000008d500000|  0%| F|  |TAMS 0x000000008d400000| PB 0x000000008d400000| Untracked 
| 169|0x000000008d500000, 0x000000008d500000, 0x000000008d600000|  0%| F|  |TAMS 0x000000008d500000| PB 0x000000008d500000| Untracked 
| 170|0x000000008d600000, 0x000000008d600000, 0x000000008d700000|  0%| F|  |TAMS 0x000000008d600000| PB 0x000000008d600000| Untracked 
| 171|0x000000008d700000, 0x000000008d700000, 0x000000008d800000|  0%| F|  |TAMS 0x000000008d700000| PB 0x000000008d700000| Untracked 
| 172|0x000000008d800000, 0x000000008d800000, 0x000000008d900000|  0%| F|  |TAMS 0x000000008d800000| PB 0x000000008d800000| Untracked 
| 173|0x000000008d900000, 0x000000008d900000, 0x000000008da00000|  0%| F|  |TAMS 0x000000008d900000| PB 0x000000008d900000| Untracked 
| 174|0x000000008da00000, 0x000000008da00000, 0x000000008db00000|  0%| F|  |TAMS 0x000000008da00000| PB 0x000000008da00000| Untracked 
| 175|0x000000008db00000, 0x000000008db00000, 0x000000008dc00000|  0%| F|  |TAMS 0x000000008db00000| PB 0x000000008db00000| Untracked 
| 176|0x000000008dc00000, 0x000000008dc00000, 0x000000008dd00000|  0%| F|  |TAMS 0x000000008dc00000| PB 0x000000008dc00000| Untracked 
| 177|0x000000008dd00000, 0x000000008dd00000, 0x000000008de00000|  0%| F|  |TAMS 0x000000008dd00000| PB 0x000000008dd00000| Untracked 
| 178|0x000000008de00000, 0x000000008de00000, 0x000000008df00000|  0%| F|  |TAMS 0x000000008de00000| PB 0x000000008de00000| Untracked 
| 179|0x000000008df00000, 0x000000008df00000, 0x000000008e000000|  0%| F|  |TAMS 0x000000008df00000| PB 0x000000008df00000| Untracked 
| 180|0x000000008e000000, 0x000000008e000000, 0x000000008e100000|  0%| F|  |TAMS 0x000000008e000000| PB 0x000000008e000000| Untracked 
| 181|0x000000008e100000, 0x000000008e100000, 0x000000008e200000|  0%| F|  |TAMS 0x000000008e100000| PB 0x000000008e100000| Untracked 
| 182|0x000000008e200000, 0x000000008e200000, 0x000000008e300000|  0%| F|  |TAMS 0x000000008e200000| PB 0x000000008e200000| Untracked 
| 183|0x000000008e300000, 0x000000008e3d8da0, 0x000000008e400000| 84%| E|  |TAMS 0x000000008e300000| PB 0x000000008e300000| Complete 
| 184|0x000000008e400000, 0x000000008e500000, 0x000000008e500000|100%| E|CS|TAMS 0x000000008e400000| PB 0x000000008e400000| Complete 
| 185|0x000000008e500000, 0x000000008e600000, 0x000000008e600000|100%| E|CS|TAMS 0x000000008e500000| PB 0x000000008e500000| Complete 
| 186|0x000000008e600000, 0x000000008e700000, 0x000000008e700000|100%| E|CS|TAMS 0x000000008e600000| PB 0x000000008e600000| Complete 
| 187|0x000000008e700000, 0x000000008e800000, 0x000000008e800000|100%| E|CS|TAMS 0x000000008e700000| PB 0x000000008e700000| Complete 
| 188|0x000000008e800000, 0x000000008e900000, 0x000000008e900000|100%| E|CS|TAMS 0x000000008e800000| PB 0x000000008e800000| Complete 
| 189|0x000000008e900000, 0x000000008ea00000, 0x000000008ea00000|100%| E|CS|TAMS 0x000000008e900000| PB 0x000000008e900000| Complete 
| 190|0x000000008ea00000, 0x000000008eb00000, 0x000000008eb00000|100%| E|CS|TAMS 0x000000008ea00000| PB 0x000000008ea00000| Complete 
| 191|0x000000008eb00000, 0x000000008ec00000, 0x000000008ec00000|100%| E|CS|TAMS 0x000000008eb00000| PB 0x000000008eb00000| Complete 
| 192|0x000000008ec00000, 0x000000008ed00000, 0x000000008ed00000|100%| E|CS|TAMS 0x000000008ec00000| PB 0x000000008ec00000| Complete 
| 193|0x000000008ed00000, 0x000000008ee00000, 0x000000008ee00000|100%| E|CS|TAMS 0x000000008ed00000| PB 0x000000008ed00000| Complete 
| 194|0x000000008ee00000, 0x000000008ef00000, 0x000000008ef00000|100%| E|CS|TAMS 0x000000008ee00000| PB 0x000000008ee00000| Complete 
| 195|0x000000008ef00000, 0x000000008f000000, 0x000000008f000000|100%| E|CS|TAMS 0x000000008ef00000| PB 0x000000008ef00000| Complete 
| 196|0x000000008f000000, 0x000000008f100000, 0x000000008f100000|100%| E|CS|TAMS 0x000000008f000000| PB 0x000000008f000000| Complete 
| 197|0x000000008f100000, 0x000000008f200000, 0x000000008f200000|100%| E|CS|TAMS 0x000000008f100000| PB 0x000000008f100000| Complete 
| 198|0x000000008f200000, 0x000000008f300000, 0x000000008f300000|100%| E|CS|TAMS 0x000000008f200000| PB 0x000000008f200000| Complete 
| 199|0x000000008f300000, 0x000000008f400000, 0x000000008f400000|100%| E|CS|TAMS 0x000000008f300000| PB 0x000000008f300000| Complete 
| 200|0x000000008f400000, 0x000000008f500000, 0x000000008f500000|100%| E|CS|TAMS 0x000000008f400000| PB 0x000000008f400000| Complete 
| 201|0x000000008f500000, 0x000000008f600000, 0x000000008f600000|100%| E|CS|TAMS 0x000000008f500000| PB 0x000000008f500000| Complete 
| 202|0x000000008f600000, 0x000000008f700000, 0x000000008f700000|100%| E|CS|TAMS 0x000000008f600000| PB 0x000000008f600000| Complete 
| 203|0x000000008f700000, 0x000000008f800000, 0x000000008f800000|100%| E|CS|TAMS 0x000000008f700000| PB 0x000000008f700000| Complete 
| 204|0x000000008f800000, 0x000000008f900000, 0x000000008f900000|100%| E|CS|TAMS 0x000000008f800000| PB 0x000000008f800000| Complete 
| 205|0x000000008f900000, 0x000000008fa00000, 0x000000008fa00000|100%| E|CS|TAMS 0x000000008f900000| PB 0x000000008f900000| Complete 
| 206|0x000000008fa00000, 0x000000008fb00000, 0x000000008fb00000|100%| E|CS|TAMS 0x000000008fa00000| PB 0x000000008fa00000| Complete 
| 207|0x000000008fb00000, 0x000000008fc00000, 0x000000008fc00000|100%| E|CS|TAMS 0x000000008fb00000| PB 0x000000008fb00000| Complete 
| 208|0x000000008fc00000, 0x000000008fd00000, 0x000000008fd00000|100%| E|CS|TAMS 0x000000008fc00000| PB 0x000000008fc00000| Complete 
| 209|0x000000008fd00000, 0x000000008fe00000, 0x000000008fe00000|100%| E|CS|TAMS 0x000000008fd00000| PB 0x000000008fd00000| Complete 
| 210|0x000000008fe00000, 0x000000008ff00000, 0x000000008ff00000|100%| E|CS|TAMS 0x000000008fe00000| PB 0x000000008fe00000| Complete 
| 211|0x000000008ff00000, 0x0000000090000000, 0x0000000090000000|100%| E|CS|TAMS 0x000000008ff00000| PB 0x000000008ff00000| Complete 
| 220|0x0000000090800000, 0x0000000090900000, 0x0000000090900000|100%| E|CS|TAMS 0x0000000090800000| PB 0x0000000090800000| Complete 
| 221|0x0000000090900000, 0x0000000090a00000, 0x0000000090a00000|100%| E|CS|TAMS 0x0000000090900000| PB 0x0000000090900000| Complete 
| 222|0x0000000090a00000, 0x0000000090b00000, 0x0000000090b00000|100%| E|CS|TAMS 0x0000000090a00000| PB 0x0000000090a00000| Complete 
|1999|0x00000000ffb00000, 0x00000000ffc00000, 0x00000000ffc00000|100%| E|CS|TAMS 0x00000000ffb00000| PB 0x00000000ffb00000| Complete 
|2000|0x00000000ffc00000, 0x00000000ffd00000, 0x00000000ffd00000|100%| E|CS|TAMS 0x00000000ffc00000| PB 0x00000000ffc00000| Complete 
|2001|0x00000000ffd00000, 0x00000000ffe00000, 0x00000000ffe00000|100%| O|  |TAMS 0x00000000ffd00000| PB 0x00000000ffd00000| Untracked 
|2002|0x00000000ffe00000, 0x00000000fff00000, 0x00000000fff00000|100%| O|  |TAMS 0x00000000ffe00000| PB 0x00000000ffe00000| Untracked 
|2003|0x00000000fff00000, 0x0000000100000000, 0x0000000100000000|100%| O|  |TAMS 0x00000000fff00000| PB 0x00000000fff00000| Untracked 

Card table byte_map: [0x00000275f6f00000,0x00000275f72f0000] _byte_map_base: 0x00000275f6aea000

Marking Bits: (CMBitMap*) 0x00000275dd24f770
 Bits: [0x00000275f72f0000, 0x00000275f9240000)

Polling page: 0x00000275dcf00000

Metaspace:

Usage:
  Non-class:     73.46 MB used.
      Class:     11.69 MB used.
       Both:     85.15 MB used.

Virtual space:
  Non-class space:      128.00 MB reserved,      73.94 MB ( 58%) committed,  2 nodes.
      Class space:        1.00 GB reserved,      12.06 MB (  1%) committed,  1 nodes.
             Both:        1.12 GB reserved,      86.00 MB (  7%) committed. 

Chunk freelists:
   Non-Class:  5.73 MB
       Class:  3.84 MB
        Both:  9.58 MB

MaxMetaspaceSize: unlimited
CompressedClassSpaceSize: 1.00 GB
Initial GC threshold: 21.00 MB
Current GC threshold: 121.06 MB
CDS: on
 - commit_granule_bytes: 65536.
 - commit_granule_words: 8192.
 - virtual_space_node_default_size: 8388608.
 - enlarge_chunks_in_place: 1.
 - use_allocation_guard: 0.


Internal statistics:

num_allocs_failed_limit: 9.
num_arena_births: 1192.
num_arena_deaths: 0.
num_vsnodes_births: 3.
num_vsnodes_deaths: 0.
num_space_committed: 1376.
num_space_uncommitted: 0.
num_chunks_returned_to_freelist: 9.
num_chunks_taken_from_freelist: 4516.
num_chunk_merges: 6.
num_chunk_splits: 3221.
num_chunks_enlarged: 2462.
num_inconsistent_stats: 0.

CodeHeap 'non-profiled nmethods': size=120000Kb used=6812Kb max_used=6812Kb free=113187Kb
 bounds [0x00000275ee960000, 0x00000275ef010000, 0x00000275f5e90000]
CodeHeap 'profiled nmethods': size=120000Kb used=18038Kb max_used=18038Kb free=101962Kb
 bounds [0x00000275e6e90000, 0x00000275e8030000, 0x00000275ee3c0000]
CodeHeap 'non-nmethods': size=5760Kb used=1732Kb max_used=1808Kb free=4027Kb
 bounds [0x00000275ee3c0000, 0x00000275ee630000, 0x00000275ee960000]
 total_blobs=10090 nmethods=9339 adapters=654
 compilation: enabled
              stopped_count=0, restarted_count=0
 full_count=0

Compilation events (20 events):
Event: 241.926 Thread 0x00000275fbf5a200 10532   !   3       java.net.Socket::getImpl (115 bytes)
Event: 241.927 Thread 0x00000275fbf5a200 nmethod 10532 0x00000275e7ffd110 code [0x00000275e7ffd400, 0x00000275e7ffe4a8]
Event: 248.553 Thread 0x00000275fbf5a200 10533       1       org.apache.coyote.ErrorState::isIoAllowed (5 bytes)
Event: 248.553 Thread 0x00000275fbf5a200 nmethod 10533 0x00000275ef000c90 code [0x00000275ef000e20, 0x00000275ef000ef0]
Event: 248.553 Thread 0x00000275fbf5a200 10534       1       org.apache.tomcat.util.descriptor.web.FilterMap::getMatchAllUrlPatterns (5 bytes)
Event: 248.553 Thread 0x00000275fbf5a200 nmethod 10534 0x00000275ef000f90 code [0x00000275ef001120, 0x00000275ef0011f0]
Event: 248.553 Thread 0x00000275fbf5a200 10536       1       org.apache.tomcat.util.descriptor.web.FilterMap::getMatchAllServletNames (5 bytes)
Event: 248.553 Thread 0x00000275fbf5a200 nmethod 10536 0x00000275ef001290 code [0x00000275ef001420, 0x00000275ef0014f0]
Event: 248.553 Thread 0x00000275fbf5a200 10535       1       org.apache.tomcat.util.descriptor.web.FilterMap::getFilterName (5 bytes)
Event: 248.553 Thread 0x00000275fbf5a200 nmethod 10535 0x00000275ef001590 code [0x00000275ef001720, 0x00000275ef0017e8]
Event: 248.554 Thread 0x00000275fbf5a200 10537       3       org.springframework.http.server.DefaultPathContainer::createFromUrlPath (204 bytes)
Event: 248.556 Thread 0x00000275fbf59760 10545       4       java.nio.ByteBuffer::position (8 bytes)
Event: 248.556 Thread 0x00000275fbf5a200 nmethod 10537 0x00000275e7ffec90 code [0x00000275e7fff180, 0x00000275e8001a38]
Event: 248.556 Thread 0x00000275fbf5a200 10543       3       java.net.URLConnection::<init> (62 bytes)
Event: 248.556 Thread 0x00000275fbf5a200 nmethod 10543 0x00000275e8002a90 code [0x00000275e8002c80, 0x00000275e80031e8]
Event: 248.556 Thread 0x00000275fbf5a200 10544       3       java.net.URLConnection::getDefaultUseCaches (27 bytes)
Event: 248.557 Thread 0x00000275fbf5a200 nmethod 10544 0x00000275e8003390 code [0x00000275e8003560, 0x00000275e80038c8]
Event: 248.557 Thread 0x00000275fbf5a200 10540       3       org.springframework.security.web.firewall.StrictHttpFirewall$StrictFirewalledRequest::validateAllowedHeaderName (31 bytes)
Event: 248.557 Thread 0x00000275fbf5a200 nmethod 10540 0x00000275e8003a10 code [0x00000275e8003c00, 0x00000275e8003f70]
Event: 248.557 Thread 0x00000275fbf5a200 10539       3       org.springframework.http.server.PathContainer::parsePath (8 bytes)

GC Heap History (20 events):
Event: 5.211 GC heap before
{Heap before GC invocations=14 (full 0):
 garbage-first heap   total 69632K, used 60490K [0x0000000082c00000, 0x0000000100000000)
  region size 1024K, 32 young (32768K), 4 survivors (4096K)
 Metaspace       used 67057K, committed 67776K, reserved 1114112K
  class space    used 9095K, committed 9408K, reserved 1048576K
}
Event: 5.218 GC heap after
{Heap after GC invocations=15 (full 0):
 garbage-first heap   total 71680K, used 37805K [0x0000000082c00000, 0x0000000100000000)
  region size 1024K, 4 young (4096K), 4 survivors (4096K)
 Metaspace       used 67057K, committed 67776K, reserved 1114112K
  class space    used 9095K, committed 9408K, reserved 1048576K
}
Event: 5.328 GC heap before
{Heap before GC invocations=15 (full 0):
 garbage-first heap   total 71680K, used 61357K [0x0000000082c00000, 0x0000000100000000)
  region size 1024K, 27 young (27648K), 4 survivors (4096K)
 Metaspace       used 67782K, committed 68480K, reserved 1114112K
  class space    used 9153K, committed 9472K, reserved 1048576K
}
Event: 5.332 GC heap after
{Heap after GC invocations=16 (full 0):
 garbage-first heap   total 86016K, used 40899K [0x0000000082c00000, 0x0000000100000000)
  region size 1024K, 3 young (3072K), 3 survivors (3072K)
 Metaspace       used 67782K, committed 68480K, reserved 1114112K
  class space    used 9153K, committed 9472K, reserved 1048576K
}
Event: 5.468 GC heap before
{Heap before GC invocations=17 (full 0):
 garbage-first heap   total 86016K, used 69571K [0x0000000082c00000, 0x0000000100000000)
  region size 1024K, 32 young (32768K), 3 survivors (3072K)
 Metaspace       used 68788K, committed 69504K, reserved 1114112K
  class space    used 9473K, committed 9792K, reserved 1048576K
}
Event: 5.471 GC heap after
{Heap after GC invocations=18 (full 0):
 garbage-first heap   total 86016K, used 41768K [0x0000000082c00000, 0x0000000100000000)
  region size 1024K, 1 young (1024K), 1 survivors (1024K)
 Metaspace       used 68788K, committed 69504K, reserved 1114112K
  class space    used 9473K, committed 9792K, reserved 1048576K
}
Event: 5.503 GC heap before
{Heap before GC invocations=18 (full 0):
 garbage-first heap   total 86016K, used 73512K [0x0000000082c00000, 0x0000000100000000)
  region size 1024K, 32 young (32768K), 1 survivors (1024K)
 Metaspace       used 68792K, committed 69504K, reserved 1114112K
  class space    used 9473K, committed 9792K, reserved 1048576K
}
Event: 5.509 GC heap after
{Heap after GC invocations=19 (full 0):
 garbage-first heap   total 86016K, used 49913K [0x0000000082c00000, 0x0000000100000000)
  region size 1024K, 4 young (4096K), 4 survivors (4096K)
 Metaspace       used 68792K, committed 69504K, reserved 1114112K
  class space    used 9473K, committed 9792K, reserved 1048576K
}
Event: 5.537 GC heap before
{Heap before GC invocations=19 (full 0):
 garbage-first heap   total 86016K, used 72441K [0x0000000082c00000, 0x0000000100000000)
  region size 1024K, 26 young (26624K), 4 survivors (4096K)
 Metaspace       used 68792K, committed 69504K, reserved 1114112K
  class space    used 9473K, committed 9792K, reserved 1048576K
}
Event: 5.543 GC heap after
{Heap after GC invocations=20 (full 0):
 garbage-first heap   total 86016K, used 57344K [0x0000000082c00000, 0x0000000100000000)
  region size 1024K, 4 young (4096K), 4 survivors (4096K)
 Metaspace       used 68792K, committed 69504K, reserved 1114112K
  class space    used 9473K, committed 9792K, reserved 1048576K
}
Event: 5.580 GC heap before
{Heap before GC invocations=20 (full 0):
 garbage-first heap   total 112640K, used 72704K [0x0000000082c00000, 0x0000000100000000)
  region size 1024K, 20 young (20480K), 4 survivors (4096K)
 Metaspace       used 68796K, committed 69504K, reserved 1114112K
  class space    used 9473K, committed 9792K, reserved 1048576K
}
Event: 5.584 GC heap after
{Heap after GC invocations=21 (full 0):
 garbage-first heap   total 112640K, used 58020K [0x0000000082c00000, 0x0000000100000000)
  region size 1024K, 1 young (1024K), 1 survivors (1024K)
 Metaspace       used 68796K, committed 69504K, reserved 1114112K
  class space    used 9473K, committed 9792K, reserved 1048576K
}
Event: 5.753 GC heap before
{Heap before GC invocations=22 (full 0):
 garbage-first heap   total 112640K, used 89764K [0x0000000082c00000, 0x0000000100000000)
  region size 1024K, 33 young (33792K), 1 survivors (1024K)
 Metaspace       used 71040K, committed 71744K, reserved 1114112K
  class space    used 9803K, committed 10112K, reserved 1048576K
}
Event: 5.759 GC heap after
{Heap after GC invocations=23 (full 0):
 garbage-first heap   total 233472K, used 58482K [0x0000000082c00000, 0x0000000100000000)
  region size 1024K, 2 young (2048K), 2 survivors (2048K)
 Metaspace       used 71040K, committed 71744K, reserved 1114112K
  class space    used 9803K, committed 10112K, reserved 1048576K
}
Event: 6.116 GC heap before
{Heap before GC invocations=23 (full 0):
 garbage-first heap   total 233472K, used 170098K [0x0000000082c00000, 0x0000000100000000)
  region size 1024K, 111 young (113664K), 2 survivors (2048K)
 Metaspace       used 72116K, committed 72832K, reserved 1114112K
  class space    used 9944K, committed 10240K, reserved 1048576K
}
Event: 6.120 GC heap after
{Heap after GC invocations=24 (full 0):
 garbage-first heap   total 233472K, used 58869K [0x0000000082c00000, 0x0000000100000000)
  region size 1024K, 5 young (5120K), 5 survivors (5120K)
 Metaspace       used 72116K, committed 72832K, reserved 1114112K
  class space    used 9944K, committed 10240K, reserved 1048576K
}
Event: 6.455 GC heap before
{Heap before GC invocations=24 (full 0):
 garbage-first heap   total 233472K, used 193013K [0x0000000082c00000, 0x0000000100000000)
  region size 1024K, 136 young (139264K), 5 survivors (5120K)
 Metaspace       used 73499K, committed 74240K, reserved 1114112K
  class space    used 10105K, committed 10432K, reserved 1048576K
}
Event: 6.459 GC heap after
{Heap after GC invocations=25 (full 0):
 garbage-first heap   total 233472K, used 61581K [0x0000000082c00000, 0x0000000100000000)
  region size 1024K, 7 young (7168K), 7 survivors (7168K)
 Metaspace       used 73499K, committed 74240K, reserved 1114112K
  class space    used 10105K, committed 10432K, reserved 1048576K
}
Event: 66.164 GC heap before
{Heap before GC invocations=26 (full 0):
 garbage-first heap   total 225280K, used 189581K [0x0000000082c00000, 0x0000000100000000)
  region size 1024K, 132 young (135168K), 7 survivors (7168K)
 Metaspace       used 86931K, committed 87808K, reserved 1179648K
  class space    used 11954K, committed 12352K, reserved 1048576K
}
Event: 66.189 GC heap after
{Heap after GC invocations=27 (full 0):
 garbage-first heap   total 225280K, used 69553K [0x0000000082c00000, 0x0000000100000000)
  region size 1024K, 15 young (15360K), 15 survivors (15360K)
 Metaspace       used 86931K, committed 87808K, reserved 1179648K
  class space    used 11954K, committed 12352K, reserved 1048576K
}

Dll operation events (12 events):
Event: 0.009 Loaded shared library C:\Program Files\Java\jdk-21\bin\java.dll
Event: 0.046 Loaded shared library C:\Program Files\Java\jdk-21\bin\jsvml.dll
Event: 0.111 Loaded shared library C:\Program Files\Java\jdk-21\bin\zip.dll
Event: 0.115 Loaded shared library C:\Program Files\Java\jdk-21\bin\instrument.dll
Event: 0.119 Loaded shared library C:\Program Files\Java\jdk-21\bin\net.dll
Event: 0.119 Loaded shared library C:\Program Files\Java\jdk-21\bin\nio.dll
Event: 0.121 Loaded shared library C:\Program Files\Java\jdk-21\bin\zip.dll
Event: 0.194 Loaded shared library C:\Program Files\Java\jdk-21\bin\extnet.dll
Event: 0.217 Loaded shared library C:\Program Files\Java\jdk-21\bin\jimage.dll
Event: 0.432 Loaded shared library C:\Program Files\Java\jdk-21\bin\management.dll
Event: 0.435 Loaded shared library C:\Program Files\Java\jdk-21\bin\management_ext.dll
Event: 1.352 Loaded shared library C:\Program Files\Java\jdk-21\bin\sunmscapi.dll

Deoptimization events (20 events):
Event: 40.388 Thread 0x00000275c8a0fea0 DEOPT PACKING pc=0x00000275eefc24c4 sp=0x0000007b263fb150
Event: 40.388 Thread 0x00000275c8a0fea0 DEOPT UNPACKING pc=0x00000275ee4146a2 sp=0x0000007b263fb120 mode 2
Event: 40.408 Thread 0x00000275c8a0c390 Uncommon trap: trap_request=0xffffffde fr.pc=0x00000275eefc24c4 relative=0x0000000000000aa4
Event: 40.408 Thread 0x00000275c8a0c390 Uncommon trap: reason=class_check action=maybe_recompile pc=0x00000275eefc24c4 method=org.springframework.core.MethodParameter.getGenericParameterType()Ljava/lang/reflect/Type; @ 17 c2
Event: 40.408 Thread 0x00000275c8a0c390 DEOPT PACKING pc=0x00000275eefc24c4 sp=0x0000007b262fb130
Event: 40.408 Thread 0x00000275c8a0c390 DEOPT UNPACKING pc=0x00000275ee4146a2 sp=0x0000007b262fb100 mode 2
Event: 59.071 Thread 0x00000275c8a0d740 Uncommon trap: trap_request=0xffffffde fr.pc=0x00000275eefc24c4 relative=0x0000000000000aa4
Event: 59.071 Thread 0x00000275c8a0d740 Uncommon trap: reason=class_check action=maybe_recompile pc=0x00000275eefc24c4 method=org.springframework.core.MethodParameter.getGenericParameterType()Ljava/lang/reflect/Type; @ 17 c2
Event: 59.071 Thread 0x00000275c8a0d740 DEOPT PACKING pc=0x00000275eefc24c4 sp=0x0000007b264fb560
Event: 59.071 Thread 0x00000275c8a0d740 DEOPT UNPACKING pc=0x00000275ee4146a2 sp=0x0000007b264fb538 mode 2
Event: 69.602 Thread 0x00000275c8a0a950 Uncommon trap: trap_request=0xffffff45 fr.pc=0x00000275eefdab54 relative=0x0000000000001594
Event: 69.602 Thread 0x00000275c8a0a950 Uncommon trap: reason=unstable_if action=reinterpret pc=0x00000275eefdab54 method=com.mysql.cj.util.StringInspector.indexOfNextChar(Ljava/util/Set;)I @ 212 c2
Event: 69.602 Thread 0x00000275c8a0a950 DEOPT PACKING pc=0x00000275eefdab54 sp=0x0000007b25df9600
Event: 69.602 Thread 0x00000275c8a0a950 DEOPT UNPACKING pc=0x00000275ee4146a2 sp=0x0000007b25df9578 mode 2
Event: 69.603 Thread 0x00000275c8a0a950 Uncommon trap: trap_request=0xffffffde fr.pc=0x00000275eefc24c4 relative=0x0000000000000aa4
Event: 69.603 Thread 0x00000275c8a0a950 Uncommon trap: reason=class_check action=maybe_recompile pc=0x00000275eefc24c4 method=org.springframework.core.MethodParameter.getGenericParameterType()Ljava/lang/reflect/Type; @ 17 c2
Event: 69.603 Thread 0x00000275c8a0a950 DEOPT PACKING pc=0x00000275eefc24c4 sp=0x0000007b25dfb680
Event: 69.603 Thread 0x00000275c8a0a950 DEOPT UNPACKING pc=0x00000275ee4146a2 sp=0x0000007b25dfb650 mode 2
Event: 189.337 Thread 0x00000275c7f1da30 DEOPT PACKING pc=0x00000275e7dd3c6f sp=0x0000007b25afecb0
Event: 189.337 Thread 0x00000275c7f1da30 DEOPT UNPACKING pc=0x00000275ee414e42 sp=0x0000007b25afe138 mode 0

Classes loaded (20 events):
Event: 25.769 Loading class java/time/format/DateTimeFormatterBuilder$ReducedPrinterParser
Event: 25.769 Loading class java/time/format/DateTimeFormatterBuilder$ReducedPrinterParser done
Event: 25.798 Loading class java/util/stream/LongStream
Event: 25.799 Loading class java/util/stream/LongStream done
Event: 25.799 Loading class java/util/stream/DoubleStream
Event: 25.800 Loading class java/util/stream/DoubleStream done
Event: 25.831 Loading class org/w3c/dom/Node
Event: 25.832 Loading class org/w3c/dom/Node done
Event: 25.832 Loading class org/w3c/dom/Document
Event: 25.832 Loading class org/w3c/dom/Document done
Event: 25.883 Loading class java/math/BigDecimal$StringBuilderHelper
Event: 25.884 Loading class java/math/BigDecimal$StringBuilderHelper done
Event: 25.927 Loading class java/util/ArrayList$SubList$2
Event: 25.927 Loading class java/util/ArrayList$SubList$2 done
Event: 25.937 Loading class java/lang/Throwable$WrappedPrintStream
Event: 25.938 Loading class java/lang/Throwable$PrintStreamOrWriter
Event: 25.939 Loading class java/lang/Throwable$PrintStreamOrWriter done
Event: 25.939 Loading class java/lang/Throwable$WrappedPrintStream done
Event: 40.221 Loading class java/io/PushbackInputStream
Event: 40.223 Loading class java/io/PushbackInputStream done

Classes unloaded (0 events):
No events

Classes redefined (0 events):
No events

Internal exceptions (20 events):
Event: 25.683 Thread 0x00000275c8a0a950 Exception <a 'java/lang/NoSuchMethodError'{0x000000008a6f39f8}: 'void java.lang.invoke.DirectMethodHandle$Holder.invokeSpecialIFC(java.lang.Object, java.lang.Object, int, java.lang.Object, java.lang.Object, java.lang.Object, java.lang.Object)'> (0x000000008a6f39f8) 
thrown [s\open\src\hotspot\share\interpreter\linkResolver.cpp, line 773]
Event: 25.683 Thread 0x00000275c7f1e0c0 Exception <a 'java/lang/NoSuchMethodError'{0x000000008a49e588}: 'void java.lang.invoke.DirectMethodHandle$Holder.invokeSpecialIFC(java.lang.Object, java.lang.Object, int, java.lang.Object, java.lang.Object, java.lang.Object, java.lang.Object)'> (0x000000008a49e588) 
thrown [s\open\src\hotspot\share\interpreter\linkResolver.cpp, line 773]
Event: 25.718 Thread 0x00000275c7f1e0c0 Exception <a 'java/lang/NoSuchMethodError'{0x000000008a275e78}: 'void java.lang.invoke.Invokers$Holder.invokeExact_MT(java.lang.Object, java.lang.Object, int, java.lang.Object)'> (0x000000008a275e78) 
thrown [s\open\src\hotspot\share\interpreter\linkResolver.cpp, line 773]
Event: 25.718 Thread 0x00000275c8a0f810 Exception <a 'java/lang/NoSuchMethodError'{0x000000008a2a85e0}: 'void java.lang.invoke.Invokers$Holder.invokeExact_MT(java.lang.Object, java.lang.Object, int, java.lang.Object)'> (0x000000008a2a85e0) 
thrown [s\open\src\hotspot\share\interpreter\linkResolver.cpp, line 773]
Event: 25.718 Thread 0x00000275c8a0a950 Exception <a 'java/lang/NoSuchMethodError'{0x000000008a143a40}: 'void java.lang.invoke.Invokers$Holder.invokeExact_MT(java.lang.Object, java.lang.Object, int, java.lang.Object)'> (0x000000008a143a40) 
thrown [s\open\src\hotspot\share\interpreter\linkResolver.cpp, line 773]
Event: 25.761 Thread 0x00000275c8a0a950 Exception <a 'java/lang/IncompatibleClassChangeError'{0x0000000089d07550}: Found class java.lang.Object, but interface was expected> (0x0000000089d07550) 
thrown [s\open\src\hotspot\share\interpreter\linkResolver.cpp, line 840]
Event: 25.761 Thread 0x00000275c8a0f810 Exception <a 'java/lang/IncompatibleClassChangeError'{0x0000000089e1a628}: Found class java.lang.Object, but interface was expected> (0x0000000089e1a628) 
thrown [s\open\src\hotspot\share\interpreter\linkResolver.cpp, line 840]
Event: 25.761 Thread 0x00000275c7f1e0c0 Exception <a 'java/lang/IncompatibleClassChangeError'{0x0000000089e8ffc0}: Found class java.lang.Object, but interface was expected> (0x0000000089e8ffc0) 
thrown [s\open\src\hotspot\share\interpreter\linkResolver.cpp, line 840]
Event: 25.764 Thread 0x00000275c7f1e0c0 Exception <a 'java/lang/IncompatibleClassChangeError'{0x0000000089e9f598}: Found class java.lang.Object, but interface was expected> (0x0000000089e9f598) 
thrown [s\open\src\hotspot\share\interpreter\linkResolver.cpp, line 840]
Event: 25.767 Thread 0x00000275c8a0f810 Exception <a 'java/lang/IncompatibleClassChangeError'{0x0000000089e5e860}: Found class java.lang.Object, but interface was expected> (0x0000000089e5e860) 
thrown [s\open\src\hotspot\share\interpreter\linkResolver.cpp, line 840]
Event: 25.880 Thread 0x00000275c8a0f810 Implicit null exception at 0x00000275eecb482c to 0x00000275eecb4e59
Event: 25.926 Thread 0x00000275c8a10bc0 Exception <a 'java/lang/NoSuchMethodError'{0x000000008bc12540}: 'java.lang.Object java.lang.invoke.DirectMethodHandle$Holder.invokeStatic(java.lang.Object, int, int)'> (0x000000008bc12540) 
thrown [s\open\src\hotspot\share\interpreter\linkResolver.cpp, line 773]
Event: 25.927 Thread 0x00000275c8a0fea0 Exception <a 'java/lang/NoSuchMethodError'{0x000000008ba1f3d8}: 'java.lang.Object java.lang.invoke.DirectMethodHandle$Holder.invokeStatic(java.lang.Object, int, int)'> (0x000000008ba1f3d8) 
thrown [s\open\src\hotspot\share\interpreter\linkResolver.cpp, line 773]
Event: 25.927 Thread 0x00000275c8a0bd00 Exception <a 'java/lang/NoSuchMethodError'{0x000000008bc8c7c0}: 'java.lang.Object java.lang.invoke.DirectMethodHandle$Holder.invokeStatic(java.lang.Object, int, int)'> (0x000000008bc8c7c0) 
thrown [s\open\src\hotspot\share\interpreter\linkResolver.cpp, line 773]
Event: 25.927 Thread 0x00000275c8a11f70 Exception <a 'java/lang/NoSuchMethodError'{0x000000008bb0c5f8}: 'java.lang.Object java.lang.invoke.DirectMethodHandle$Holder.invokeStatic(java.lang.Object, int, int)'> (0x000000008bb0c5f8) 
thrown [s\open\src\hotspot\share\interpreter\linkResolver.cpp, line 773]
Event: 25.927 Thread 0x00000275c8a0c390 Exception <a 'java/lang/NoSuchMethodError'{0x000000008bba1550}: 'java.lang.Object java.lang.invoke.DirectMethodHandle$Holder.invokeStatic(java.lang.Object, int, int)'> (0x000000008bba1550) 
thrown [s\open\src\hotspot\share\interpreter\linkResolver.cpp, line 773]
Event: 25.927 Thread 0x00000275c8a0d740 Exception <a 'java/lang/NoSuchMethodError'{0x000000008ba9f3a0}: 'java.lang.Object java.lang.invoke.DirectMethodHandle$Holder.invokeStatic(java.lang.Object, int, int)'> (0x000000008ba9f3a0) 
thrown [s\open\src\hotspot\share\interpreter\linkResolver.cpp, line 773]
Event: 40.336 Thread 0x00000275c8a0fea0 Exception <a 'java/lang/NoSuchMethodError'{0x000000008909f808}: 'java.lang.Object java.lang.invoke.DirectMethodHandle$Holder.invokeInterface(java.lang.Object, java.lang.Object, java.lang.Object, java.lang.Object, java.lang.Object)'> (0x000000008909f808) 
thrown [s\open\src\hotspot\share\interpreter\linkResolver.cpp, line 773]
Event: 40.357 Thread 0x00000275c8a0fea0 Exception <a 'java/lang/NoSuchMethodError'{0x0000000088fb3c00}: 'int java.lang.invoke.DirectMethodHandle$Holder.invokeStatic(java.lang.Object, java.lang.Object, int, int)'> (0x0000000088fb3c00) 
thrown [s\open\src\hotspot\share\interpreter\linkResolver.cpp, line 773]
Event: 69.595 Thread 0x00000275c8a0a950 Exception <a 'java/lang/NoSuchMethodError'{0x0000000090aac050}: 'int java.lang.invoke.DirectMethodHandle$Holder.invokeStatic(java.lang.Object, java.lang.Object, int, java.lang.Object)'> (0x0000000090aac050) 
thrown [s\open\src\hotspot\share\interpreter\linkResolver.cpp, line 773]

ZGC Phase Switch (0 events):
No events

VM Operations (20 events):
Event: 59.548 Executing VM operation: Cleanup
Event: 59.548 Executing VM operation: Cleanup done
Event: 60.050 Executing VM operation: HandshakeAllThreads (HandshakeForDeflation)
Event: 60.050 Executing VM operation: HandshakeAllThreads (HandshakeForDeflation) done
Event: 60.050 Executing VM operation: RendezvousGCThreads
Event: 60.050 Executing VM operation: RendezvousGCThreads done
Event: 66.164 Executing VM operation: G1CollectForAllocation (G1 Evacuation Pause)
Event: 66.189 Executing VM operation: G1CollectForAllocation (G1 Evacuation Pause) done
Event: 67.197 Executing VM operation: Cleanup
Event: 67.197 Executing VM operation: Cleanup done
Event: 70.213 Executing VM operation: Cleanup
Event: 70.213 Executing VM operation: Cleanup done
Event: 187.228 Executing VM operation: Cleanup
Event: 187.228 Executing VM operation: Cleanup done
Event: 196.303 Executing VM operation: Cleanup
Event: 196.303 Executing VM operation: Cleanup done
Event: 197.315 Executing VM operation: Cleanup
Event: 197.315 Executing VM operation: Cleanup done
Event: 213.436 Executing VM operation: Cleanup
Event: 213.436 Executing VM operation: Cleanup done

Events (20 events):
Event: 7.257 Thread 0x00000275c8a11f70 Thread added: 0x00000275c8a11f70
Event: 7.257 Thread 0x00000275c8a0c390 Thread added: 0x00000275c8a0c390
Event: 7.257 Thread 0x00000275c8a0fea0 Thread added: 0x00000275c8a0fea0
Event: 7.257 Thread 0x00000275c8a0d740 Thread added: 0x00000275c8a0d740
Event: 7.257 Thread 0x00000275c8a0ddd0 Thread added: 0x00000275c8a0ddd0
Event: 7.263 Thread 0x00000275c8a0d0b0 Thread added: 0x00000275c8a0d0b0
Event: 7.264 Thread 0x00000275c8a118e0 Thread added: 0x00000275c8a118e0
Event: 7.277 Thread 0x00000275c5994ac0 Thread exited: 0x00000275c5994ac0
Event: 7.280 Thread 0x00000275c5b997d0 Thread exited: 0x00000275c5b997d0
Event: 7.280 Thread 0x00000275dd1f7410 Thread exited: 0x00000275dd1f7410
Event: 7.280 Thread 0x00000275c8a0f180 Thread added: 0x00000275c8a0f180
Event: 7.842 Thread 0x00000275c9c545a0 Thread exited: 0x00000275c9c545a0
Event: 7.844 Thread 0x00000275c5374b80 Thread exited: 0x00000275c5374b80
Event: 8.502 Thread 0x00000275c5305190 Thread exited: 0x00000275c5305190
Event: 25.497 Thread 0x00000275c9c52390 Thread added: 0x00000275c9c52390
Event: 25.697 Thread 0x00000275c8a10530 Thread added: 0x00000275c8a10530
Event: 27.301 Thread 0x00000275c9c52390 Thread exited: 0x00000275c9c52390
Event: 29.631 Thread 0x00000275c9c54c70 Thread added: 0x00000275c9c54c70
Event: 30.708 Thread 0x00000275c8a10530 Thread exited: 0x00000275c8a10530
Event: 32.275 Thread 0x00000275c9c54c70 Thread exited: 0x00000275c9c54c70


Dynamic libraries:
0x00007ff641030000 - 0x00007ff641040000 	C:\Program Files\Java\jdk-21\bin\java.exe
0x00007ff9702b0000 - 0x00007ff9704a8000 	C:\Windows\SYSTEM32\ntdll.dll
0x00007ff96e370000 - 0x00007ff96e432000 	C:\Windows\System32\KERNEL32.DLL
0x00007ff96dd20000 - 0x00007ff96e016000 	C:\Windows\System32\KERNELBASE.dll
0x00007ff96dc20000 - 0x00007ff96dd20000 	C:\Windows\System32\ucrtbase.dll
0x00007ff958e00000 - 0x00007ff958e19000 	C:\Program Files\Java\jdk-21\bin\jli.dll
0x00007ff969dc0000 - 0x00007ff969ddb000 	C:\Program Files\Java\jdk-21\bin\VCRUNTIME140.dll
0x00007ff96f3e0000 - 0x00007ff96f491000 	C:\Windows\System32\ADVAPI32.dll
0x00007ff96eeb0000 - 0x00007ff96ef4e000 	C:\Windows\System32\msvcrt.dll
0x00007ff96e2d0000 - 0x00007ff96e36f000 	C:\Windows\System32\sechost.dll
0x00007ff96ed80000 - 0x00007ff96eea3000 	C:\Windows\System32\RPCRT4.dll
0x00007ff96dab0000 - 0x00007ff96dad7000 	C:\Windows\System32\bcrypt.dll
0x00007ff96f580000 - 0x00007ff96f71d000 	C:\Windows\System32\USER32.dll
0x00007ff96e2a0000 - 0x00007ff96e2c2000 	C:\Windows\System32\win32u.dll
0x00007ff970240000 - 0x00007ff97026b000 	C:\Windows\System32\GDI32.dll
0x00007ff95aea0000 - 0x00007ff95b13a000 	C:\Windows\WinSxS\amd64_microsoft.windows.common-controls_6595b64144ccf1df_6.0.19041.5915_none_60b4b9d171f9c7c7\COMCTL32.dll
0x00007ff96e180000 - 0x00007ff96e299000 	C:\Windows\System32\gdi32full.dll
0x00007ff96d940000 - 0x00007ff96d9dd000 	C:\Windows\System32\msvcp_win.dll
0x00007ff95b1c0000 - 0x00007ff95b1ca000 	C:\Windows\SYSTEM32\VERSION.dll
0x00007ff96e440000 - 0x00007ff96e46f000 	C:\Windows\System32\IMM32.DLL
0x00007ff966480000 - 0x00007ff96648c000 	C:\Program Files\Java\jdk-21\bin\vcruntime140_1.dll
0x00007ff952d40000 - 0x00007ff952dce000 	C:\Program Files\Java\jdk-21\bin\msvcp140.dll
0x00007ff8ff0a0000 - 0x00007ff8ffdbd000 	C:\Program Files\Java\jdk-21\bin\server\jvm.dll
0x00007ff96fdb0000 - 0x00007ff96fe1b000 	C:\Windows\System32\WS2_32.dll
0x00007ff96ced0000 - 0x00007ff96cf1b000 	C:\Windows\SYSTEM32\POWRPROF.dll
0x00007ff95b190000 - 0x00007ff95b1b7000 	C:\Windows\SYSTEM32\WINMM.dll
0x00007ff96cd40000 - 0x00007ff96cd52000 	C:\Windows\SYSTEM32\UMPDC.dll
0x00007ff96b7c0000 - 0x00007ff96b7d2000 	C:\Windows\SYSTEM32\kernel.appcore.dll
0x00007ff95b1d0000 - 0x00007ff95b1da000 	C:\Program Files\Java\jdk-21\bin\jimage.dll
0x00007ff95b460000 - 0x00007ff95b661000 	C:\Windows\SYSTEM32\DBGHELP.DLL
0x00007ff9594d0000 - 0x00007ff959504000 	C:\Windows\SYSTEM32\dbgcore.DLL
0x00007ff96db90000 - 0x00007ff96dc12000 	C:\Windows\System32\bcryptPrimitives.dll
0x00007ff958e90000 - 0x00007ff958e9f000 	C:\Program Files\Java\jdk-21\bin\instrument.dll
0x00007ff958de0000 - 0x00007ff958dff000 	C:\Program Files\Java\jdk-21\bin\java.dll
0x00007ff96e490000 - 0x00007ff96ebfe000 	C:\Windows\System32\SHELL32.dll
0x00007ff96b9c0000 - 0x00007ff96c164000 	C:\Windows\SYSTEM32\windows.storage.dll
0x00007ff96fe20000 - 0x00007ff970173000 	C:\Windows\System32\combase.dll
0x00007ff96d370000 - 0x00007ff96d39b000 	C:\Windows\SYSTEM32\Wldp.dll
0x00007ff96ecb0000 - 0x00007ff96ed7d000 	C:\Windows\System32\OLEAUT32.dll
0x00007ff96f080000 - 0x00007ff96f12d000 	C:\Windows\System32\SHCORE.dll
0x00007ff96f720000 - 0x00007ff96f77b000 	C:\Windows\System32\shlwapi.dll
0x00007ff96d870000 - 0x00007ff96d894000 	C:\Windows\SYSTEM32\profapi.dll
0x00007ff952a30000 - 0x00007ff952b07000 	C:\Program Files\Java\jdk-21\bin\jsvml.dll
0x00007ff957670000 - 0x00007ff957688000 	C:\Program Files\Java\jdk-21\bin\zip.dll
0x00007ff958dd0000 - 0x00007ff958de0000 	C:\Program Files\Java\jdk-21\bin\net.dll
0x00007ff9677e0000 - 0x00007ff9678ea000 	C:\Windows\SYSTEM32\WINHTTP.dll
0x00007ff96d0d0000 - 0x00007ff96d13a000 	C:\Windows\system32\mswsock.dll
0x00007ff9582e0000 - 0x00007ff9582f6000 	C:\Program Files\Java\jdk-21\bin\nio.dll
0x00007ff957bf0000 - 0x00007ff957bf9000 	C:\Program Files\Java\jdk-21\bin\extnet.dll
0x00007ff9556a0000 - 0x00007ff9556aa000 	C:\Program Files\Java\jdk-21\bin\management.dll
0x00007ff955180000 - 0x00007ff95518b000 	C:\Program Files\Java\jdk-21\bin\management_ext.dll
0x00007ff96f220000 - 0x00007ff96f228000 	C:\Windows\System32\PSAPI.DLL
0x00007ff957660000 - 0x00007ff95766e000 	C:\Program Files\Java\jdk-21\bin\sunmscapi.dll
0x00007ff96e020000 - 0x00007ff96e17d000 	C:\Windows\System32\CRYPT32.dll
0x00007ff96d3e0000 - 0x00007ff96d407000 	C:\Windows\SYSTEM32\ncrypt.dll
0x00007ff96d3a0000 - 0x00007ff96d3db000 	C:\Windows\SYSTEM32\NTASN1.dll
0x00007ff96d2c0000 - 0x00007ff96d2d8000 	C:\Windows\SYSTEM32\CRYPTSP.dll
0x00007ff96c980000 - 0x00007ff96c9b8000 	C:\Windows\system32\rsaenh.dll
0x00007ff96d7f0000 - 0x00007ff96d81e000 	C:\Windows\SYSTEM32\USERENV.dll
0x00007ff96d2e0000 - 0x00007ff96d2ec000 	C:\Windows\SYSTEM32\CRYPTBASE.dll
0x00007ff96cd60000 - 0x00007ff96cd9b000 	C:\Windows\SYSTEM32\IPHLPAPI.DLL
0x00007ff96f8a0000 - 0x00007ff96f8a8000 	C:\Windows\System32\NSI.dll
0x00007ff96cda0000 - 0x00007ff96ce6a000 	C:\Windows\SYSTEM32\DNSAPI.dll
0x00007ff966970000 - 0x00007ff96697a000 	C:\Windows\System32\rasadhlp.dll
0x00007ff95db20000 - 0x00007ff95dba0000 	C:\Windows\System32\fwpuclnt.dll
0x00007ff921d80000 - 0x00007ff921d87000 	C:\Windows\system32\wshunix.dll

dbghelp: loaded successfully - version: 4.0.5 - missing functions: none
symbol engine: initialized successfully - sym options: 0x614 - pdb path: .;C:\Program Files\Java\jdk-21\bin;C:\Windows\SYSTEM32;C:\Windows\WinSxS\amd64_microsoft.windows.common-controls_6595b64144ccf1df_6.0.19041.5915_none_60b4b9d171f9c7c7;C:\Program Files\Java\jdk-21\bin\server

VM Arguments:
jvm_args: -javaagent:C:\Program Files\JetBrains\IntelliJ IDEA Community Edition 2025.2.4\lib\idea_rt.jar=52131 -Dfile.encoding=UTF-8 -Dsun.stdout.encoding=UTF-8 -Dsun.stderr.encoding=UTF-8 
java_command: com.techroom.roommanagement.RoomManagementSystemApplication
java_class_path (initial): D:\RMS\RoomManagementSystem\backend\target\classes;C:\Users\Administrator\.m2\repository\org\springframework\boot\spring-boot-starter-data-jpa\3.5.7\spring-boot-starter-data-jpa-3.5.7.jar;C:\Users\Administrator\.m2\repository\org\springframework\boot\spring-boot-starter\3.5.7\spring-boot-starter-3.5.7.jar;C:\Users\Administrator\.m2\repository\org\springframework\boot\spring-boot-starter-logging\3.5.7\spring-boot-starter-logging-3.5.7.jar;C:\Users\Administrator\.m2\repository\ch\qos\logback\logback-classic\1.5.20\logback-classic-1.5.20.jar;C:\Users\Administrator\.m2\repository\ch\qos\logback\logback-core\1.5.20\logback-core-1.5.20.jar;C:\Users\Administrator\.m2\repository\org\apache\logging\log4j\log4j-to-slf4j\2.24.3\log4j-to-slf4j-2.24.3.jar;C:\Users\Administrator\.m2\repository\org\apache\logging\log4j\log4j-api\2.24.3\log4j-api-2.24.3.jar;C:\Users\Administrator\.m2\repository\org\slf4j\jul-to-slf4j\2.0.17\jul-to-slf4j-2.0.17.jar;C:\Users\Administrator\.m2\repository\jakarta\annotation\jakarta.annotation-api\2.1.1\jakarta.annotation-api-2.1.1.jar;C:\Users\Administrator\.m2\repository\org\yaml\snakeyaml\2.4\snakeyaml-2.4.jar;C:\Users\Administrator\.m2\repository\org\springframework\boot\spring-boot-starter-jdbc\3.5.7\spring-boot-starter-jdbc-3.5.7.jar;C:\Users\Administrator\.m2\repository\com\zaxxer\HikariCP\6.3.3\HikariCP-6.3.3.jar;C:\Users\Administrator\.m2\repository\org\springframework\spring-jdbc\6.2.12\spring-jdbc-6.2.12.jar;C:\Users\Administrator\.m2\repository\org\hibernate\orm\hibernate-core\6.6.33.Final\hibernate-core-6.6.33.Final.jar;C:\Users\Administrator\.m2\repository\jakarta\persistence\jakarta.persistence-api\3.1.0\jakarta.persistence-api-3.1.0.jar;C:\Users\Administrator\.m2\repository\org\jboss\logging\jboss-logging\3.6.1.Final\jboss-logging-3.6.1.Final.jar;C:\Users\Administrator\.m2\repository\org\hibernate\common\hibernate-commons-annotations\7.0.3.Final\hibernate-commons-annotations-7.0.3.Final.jar;C:\Users\Administrator\.m2\repository\io\smallrye\jandex\3.2.0\jandex-3.2.0.jar;C:\Users\Administrator\.m2\repository\com\fasterxml\classmate\1.7.1\classmate-1.7.1.jar;C:\Users\Administrator\.m2\repository\net\bytebuddy\byte-buddy\1.17.8\byte-buddy-1.17.8.jar;C:\Users\Administrator\.m2\repository\org\glassfish\jaxb\jaxb-runtime\4.0.6\jaxb-runtime-4.0.6.jar;C:\Users\Administrator\.m2\repository\org\glassfish\jaxb\jaxb-core\4.0.6\jaxb-core-4.0.6.jar;C:\Users\Administrator\.m2\repository\org\eclipse\angus\angus-activation\2.0.3\angus-activation-2.0.3.jar;C:\Users\Administrator\.m2\repository\org\glassfish\jaxb\txw2\4.0.6\txw2-4.0.6.jar;C:\Users\Administrator\.m2\repository\com\sun\istack\istack-commons-runtime\4.1.2\istack-commons-runtime-4.1.2.jar;C:\Users\Administrator\.m2\repository\jakarta\inject\jakarta.inject-api\2.0.1\jakarta.inject-api-2.0.1.jar;C:\Users\Administrator\.m2\repository\org\antlr\antlr4-runtime\4.13.0\antlr4-runtime-4.13.0.jar;C:\Users\Administrator\.m2\repository\org\springframework\data\spring-data-jpa\3.5.5\spring-data-jpa-3.5.5.jar;C:\Users\Administrator\.m2\repository\org\springframework\data\spring-data-commons\3.5.5\spring-data-commons-3.5.5.jar;C:\Users\Administrator\.m2\repository\org\springframework\spring-orm\6.2.12\spring-orm-6.2.12.jar;C:\Users\Administrator\.m2\repository\org\springframework\spring-context\6.2.12\spring-context-6.2.12.jar;C:\Users\Administrator\.m2\repository\org\springframework\spring-tx\6.2.12\spring-tx-6.2.12.jar;C:\Users\Administrator\.m2\repository\org\springframework\spring-beans\6.2.12\spring-beans-6.2.12.jar;C:\Users\Administrator\.m2\repository\org\slf4j\slf4j-api\2.0.17\slf4j-api-2.0.17.jar;C:\Users\Administrator\.m2\repository\org\springframework\spring-aspects\6.2.12\spring-aspects-6.2.12.jar;C:\Users\Administrator\.m2\repository\org\aspectj\aspectjweaver\1.9.24\aspectjweaver-1.9.24.jar;C:\Users\Administrator\.m2\repository\org\springframework\boot\spring-boot-starter-web\3.5.7\spring-boot-starter-web-3.5.7.jar;C:\Users\Administrator\.m2\repository\org\springframework\boot\spring-boot-starter-json\3.5.7\spring-boot-starter-json-3.5.7.jar;C:\Users\Administrator\.m2\repository\com\fasterxml\jackson\datatype\jackson-datatype-jdk8\2.19.2\jackson-datatype-jdk8-2.19.2.jar;C:\Users\Administrator\.m2\repository\com\fasterxml\jackson\datatype\jackson-datatype-jsr310\2.19.2\jackson-datatype-jsr310-2.19.2.jar;C:\Users\Administrator\.m2\repository\com\fasterxml\jackson\module\jackson-module-parameter-names\2.19.2\jackson-module-parameter-names-2.19.2.jar;C:\Users\Administrator\.m2\repository\org\springframework\boot\spring-boot-starter-tomcat\3.5.7\spring-boot-starter-tomcat-3.5.7.jar;C:\Users\Administrator\.m2\repository\org\apache\tomcat\embed\tomcat-embed-core\10.1.48\tomcat-embed-core-10.1.48.jar;C:\Users\Administrator\.m2\repository\org\apache\tomcat\embed\tomcat-embed-websocket\10.1.48\tomcat-embed-websocket-10.1.48.jar;C:\Users\Administrator\.m2\repository\org\springframework\spring-web\6.2.12\spring-web-6.2.12.jar;C:\Users\Administrator\.m2\repository\io\micrometer\micrometer-observation\1.15.5\micrometer-observation-1.15.5.jar;C:\Users\Administrator\.m2\repository\io\micrometer\micrometer-commons\1.15.5\micrometer-commons-1.15.5.jar;C:\Users\Administrator\.m2\repository\org\springframework\spring-webmvc\6.2.12\spring-webmvc-6.2.12.jar;C:\Users\Administrator\.m2\repository\org\springframework\spring-expression\6.2.12\spring-expression-6.2.12.jar;C:\Users\Administrator\.m2\repository\org\springframework\boot\spring-boot-starter-validation\3.5.7\spring-boot-starter-validation-3.5.7.jar;C:\Users\Administrator\.m2\repository\org\apache\tomcat\embed\tomcat-embed-el\10.1.48\tomcat-embed-el-10.1.48.jar;C:\Users\Administrator\.m2\repository\org\hibernate\validator\hibernate-validator\8.0.3.Final\hibernate-validator-8.0.3.Final.jar;C:\Users\Administrator\.m2\repository\jakarta\validation\jakarta.validation-api\3.0.2\jakarta.validation-api-3.0.2.jar;C:\Users\Administrator\.m2\repository\org\springframework\boot\spring-boot-devtools\3.5.7\spring-boot-devtools-3.5.7.jar;C:\Users\Administrator\.m2\repository\org\springframework\boot\spring-boot\3.5.7\spring-boot-3.5.7.jar;C:\Users\Administrator\.m2\repository\org\springframework\boot\spring-boot-autoconfigure\3.5.7\spring-boot-autoconfigure-3.5.7.jar;C:\Users\Administrator\.m2\repository\com\mysql\mysql-connector-j\9.4.0\mysql-connector-j-9.4.0.jar;C:\Users\Administrator\.m2\repository\org\projectlombok\lombok\1.18.42\lombok-1.18.42.jar;C:\Users\Administrator\.m2\repository\jakarta\xml\bind\jakarta.xml.bind-api\4.0.4\jakarta.xml.bind-api-4.0.4.jar;C:\Users\Administrator\.m2\repository\jakarta\activation\jakarta.activation-api\2.1.4\jakarta.activation-api-2.1.4.jar;C:\Users\Administrator\.m2\repository\org\springframework\spring-core\6.2.12\spring-core-6.2.12.jar;C:\Users\Administrator\.m2\repository\org\springframework\spring-jcl\6.2.12\spring-jcl-6.2.12.jar;C:\Users\Administrator\.m2\repository\org\springframework\boot\spring-boot-starter-security\3.5.7\spring-boot-starter-security-3.5.7.jar;C:\Users\Administrator\.m2\repository\org\springframework\spring-aop\6.2.12\spring-aop-6.2.12.jar;C:\Users\Administrator\.m2\repository\org\springframework\security\spring-security-config\6.5.6\spring-security-config-6.5.6.jar;C:\Users\Administrator\.m2\repository\org\springframework\security\spring-security-core\6.5.6\spring-security-core-6.5.6.jar;C:\Users\Administrator\.m2\repository\org\springframework\security\spring-security-crypto\6.5.6\spring-security-crypto-6.5.6.jar;C:\Users\Administrator\.m2\repository\org\springframework\security\spring-security-web\6.5.6\spring-security-web-6.5.6.jar;C:\Users\Administrator\.m2\repository\io\jsonwebtoken\jjwt-api\0.11.5\jjwt-api-0.11.5.jar;C:\Users\Administrator\.m2\repository\io\jsonwebtoken\jjwt-impl\0.11.5\jjwt-impl-0.11.5.jar;C:\Users\Administrator\.m2\repository\io\jsonwebtoken\jjwt-jackson\0.11.5\jjwt-jackson-0.11.5.jar;C:\Users\Administrator\.m2\repository\com\fasterxml\jackson\core\jackson-databind\2.19.2\jackson-databind-2.19.2.jar;C:\Users\Administrator\.m2\repository\com\fasterxml\jackson\core\jackson-annotations\2.19.2\jackson-annotations-2.19.2.jar;C:\Users\Administrator\.m2\repository\com\fasterxml\jackson\core\jackson-core\2.19.2\jackson-core-2.19.2.jar;C:\Users\Administrator\.m2\repository\jakarta\transaction\jakarta.transaction-api\2.0.1\jakarta.transaction-api-2.0.1.jar
Launcher Type: SUN_STANDARD

[Global flags]
     intx CICompilerCount                          = 4                                         {product} {ergonomic}
     uint ConcGCThreads                            = 3                                         {product} {ergonomic}
     uint G1ConcRefinementThreads                  = 10                                        {product} {ergonomic}
   size_t G1HeapRegionSize                         = 1048576                                   {product} {ergonomic}
    uintx GCDrainStackTargetSize                   = 64                                        {product} {ergonomic}
   size_t InitialHeapSize                          = 132120576                                 {product} {ergonomic}
   size_t MarkStackSize                            = 4194304                                   {product} {ergonomic}
   size_t MaxHeapSize                              = 2101346304                                {product} {ergonomic}
   size_t MaxNewSize                               = 1260388352                                {product} {ergonomic}
   size_t MinHeapDeltaBytes                        = 1048576                                   {product} {ergonomic}
   size_t MinHeapSize                              = 8388608                                   {product} {ergonomic}
    uintx NonNMethodCodeHeapSize                   = 5839372                                {pd product} {ergonomic}
    uintx NonProfiledCodeHeapSize                  = 122909434                              {pd product} {ergonomic}
    uintx ProfiledCodeHeapSize                     = 122909434                              {pd product} {ergonomic}
    uintx ReservedCodeCacheSize                    = 251658240                              {pd product} {ergonomic}
     bool SegmentedCodeCache                       = true                                      {product} {ergonomic}
   size_t SoftMaxHeapSize                          = 2101346304                             {manageable} {ergonomic}
     bool UseCompressedOops                        = true                           {product lp64_product} {ergonomic}
     bool UseG1GC                                  = true                                      {product} {ergonomic}
     bool UseLargePagesIndividualAllocation        = false                                  {pd product} {ergonomic}

Logging:
Log output configuration:
 #0: stdout all=warning uptime,level,tags foldmultilines=false
 #1: stderr all=off uptime,level,tags foldmultilines=false

Environment Variables:
JAVA_HOME=C:\Program Files\Java\jdk-21
PATH=C:\Windows\system32;C:\Windows;C:\Windows\System32\Wbem;C:\Windows\System32\WindowsPowerShell\v1.0\;C:\Windows\System32\OpenSSH\;C:\Program Files (x86)\mingw-w64\i686-8.1.0-posix-dwarf-rt_v6-rev0\mingw32\bin;C:\Program Files\Microsoft SQL Server\Client SDK\ODBC\170\Tools\Binn\;C:\Program Files (x86)\Microsoft SQL Server\160\Tools\Binn\;C:\Program Files\Microsoft SQL Server\160\Tools\Binn\;C:\Program Files\Microsoft SQL Server\160\DTS\Binn\;C:\Program Files\MySQL\MySQL Server 5.7\bin;C:\Graphviz-12.2.1-win64\bin;C:\Program Files (x86)\Microsoft SQL Server\160\DTS\Binn\;C:\Program Files\Git\cmd;D:\flutter\flutter\bin;C:\Program Files\nodejs\;C:\Program Files\Java\jdk-21\bin;C:\apache-maven-3.9.11\bin;C:\Users\Administrator\AppData\Local\Microsoft\WindowsApps;C:\Users\Administrator\AppData\Local\Programs\Microsoft VS Code\bin;C:\Program Files\MySQL\MySQL Server 5.7\bin;C:\Users\Administrator\AppData\Roaming\npm;C:\Program Files\JetBrains\IntelliJ IDEA Community Edition 2025.2.4\bin
USERNAME=MSI
OS=Windows_NT
PROCESSOR_IDENTIFIER=Intel64 Family 6 Model 165 Stepping 2, GenuineIntel
TMP=C:\Users\ADMINI~1\AppData\Local\Temp
TEMP=C:\Users\ADMINI~1\AppData\Local\Temp




Periodic native trim disabled

---------------  S Y S T E M  ---------------

OS:
 Windows 10 , 64 bit Build 19041 (10.0.19041.5915)
OS uptime: 0 days 1:35 hours

CPU: total 12 (initial active 12) (6 cores per cpu, 2 threads per core) family 6 model 165 stepping 2 microcode 0xe2, cx8, cmov, fxsr, ht, mmx, 3dnowpref, sse, sse2, sse3, ssse3, sse4.1, sse4.2, popcnt, lzcnt, tsc, tscinvbit, avx, avx2, aes, erms, clmul, bmi1, bmi2, adx, fma, vzeroupper, clflush, clflushopt, rdtscp, f16c, pku
Processor Information for all 12 processors :
  Max Mhz: 2592, Current Mhz: 2592, Mhz Limit: 2592

Memory: 4k page, system-wide physical 8013M (452M free)
TotalPageFile size 12109M (AvailPageFile size 20M)
current process WorkingSet (physical memory assigned to process): 436M, peak: 458M
current process commit charge ("private bytes"): 478M, peak: 504M

vm_info: Java HotSpot(TM) 64-Bit Server VM (21.0.9+7-LTS-338) for windows-amd64 JRE (21.0.9+7-LTS-338), built on 2025-09-26T06:33:49Z by "mach5run" with MS VC++ 17.6 (VS2022)

END.
