#
# There is insufficient memory for the Java Runtime Environment to continue.
# Native memory allocation (mmap) failed to map 14680064 bytes for G1 virtual space
# Possible reasons:
#   The system is out of physical RAM or swap space
#   The process is running with CompressedOops enabled, and the Java Heap may be blocking the growth of the native heap
# Possible solutions:
#   Reduce memory load on the system
#   Increase physical memory or swap space
#   Check if swap backing store is full
#   Decrease Java heap size (-Xmx/-Xms)
#   Decrease number of Java threads
#   Decrease Java thread stack sizes (-Xss)
#   Set larger code cache with -XX:ReservedCodeCacheSize=
#   JVM is running with Unscaled Compressed Oops mode in which the Java heap is
#     placed in the first 4GB address space. The Java Heap base address is the
#     maximum limit for the native heap growth. Please use -XX:HeapBaseMinAddress
#     to set the Java Heap base and to place the Java Heap above 4GB virtual address.
# This output file may be truncated or incomplete.
#
#  Out of Memory Error (os_windows.cpp:3603), pid=9224, tid=1744
#
# JRE version: Java(TM) SE Runtime Environment (21.0.9+7) (build 21.0.9+7-LTS-338)
# Java VM: Java HotSpot(TM) 64-Bit Server VM (21.0.9+7-LTS-338, mixed mode, sharing, tiered, compressed oops, compressed class ptrs, g1 gc, windows-amd64)
# No core dump will be written. Minidumps are not enabled by default on client versions of Windows
#

---------------  S U M M A R Y ------------

Command Line: -javaagent:C:\Program Files\JetBrains\IntelliJ IDEA Community Edition 2025.2.4\lib\idea_rt.jar=57425 -Dfile.encoding=UTF-8 -Dsun.stdout.encoding=UTF-8 -Dsun.stderr.encoding=UTF-8 com.techroom.roommanagement.RoomManagementSystemApplication

Host: Intel(R) Core(TM) i7-10750H CPU @ 2.60GHz, 12 cores, 7G,  Windows 10 , 64 bit Build 19041 (10.0.19041.5915)
Time: Fri Dec 19 15:42:25 2025 SE Asia Standard Time elapsed time: 4.101282 seconds (0d 0h 0m 4s)

---------------  T H R E A D  ---------------

Current thread (0x000001549ff02960):  VMThread "VM Thread"          [id=1744, stack(0x0000000144400000,0x0000000144500000) (1024K)]

Stack: [0x0000000144400000,0x0000000144500000]
Native frames: (J=compiled Java code, j=interpreted, Vv=VM code, C=native code)
V  [jvm.dll+0x6cbf89]
V  [jvm.dll+0x858421]
V  [jvm.dll+0x85a94e]
V  [jvm.dll+0x85b023]
V  [jvm.dll+0x27ebc6]
V  [jvm.dll+0x6c8705]
V  [jvm.dll+0x6bd26a]
V  [jvm.dll+0x354a0a]
V  [jvm.dll+0x35c686]
V  [jvm.dll+0x3af79e]
V  [jvm.dll+0x3afa48]
V  [jvm.dll+0x328d1c]
V  [jvm.dll+0x328da7]
V  [jvm.dll+0x36d6cc]
V  [jvm.dll+0x36bf1e]
V  [jvm.dll+0x3284e1]
V  [jvm.dll+0x36b63a]
V  [jvm.dll+0x860df0]
V  [jvm.dll+0x862174]
V  [jvm.dll+0x8626b0]
V  [jvm.dll+0x862953]
V  [jvm.dll+0x80265b]
V  [jvm.dll+0x6ca66d]
C  [ucrtbase.dll+0x21bb2]
C  [KERNEL32.DLL+0x17374]
C  [ntdll.dll+0x4cc91]

VM_Operation (0x00000001453f8db0): G1CollectForAllocation, mode: safepoint, requested by thread 0x00000154e59701f0


---------------  P R O C E S S  ---------------

Threads class SMR info:
_java_thread_list=0x00000154e53e1ec0, length=19, elements={
0x0000015481206a40, 0x000001549ff246a0, 0x000001549ff25770, 0x000001549ff2c200,
0x000001549ff2ec70, 0x000001549ff2fa30, 0x000001549ff30490, 0x000001549ff34a80,
0x000001549ff376e0, 0x00000154e52b12b0, 0x00000154e5317d00, 0x00000154e53183b0,
0x00000154e56364b0, 0x00000154e52baa90, 0x00000154e59d3dc0, 0x00000154e59701f0,
0x00000154e7c1d8b0, 0x00000154e64efca0, 0x00000154e64f16e0
}

Java Threads: ( => current thread )
  0x0000015481206a40 JavaThread "main"                              [_thread_blocked, id=2600, stack(0x0000000143d00000,0x0000000143e00000) (1024K)]
  0x000001549ff246a0 JavaThread "Reference Handler"          daemon [_thread_blocked, id=14688, stack(0x0000000144500000,0x0000000144600000) (1024K)]
  0x000001549ff25770 JavaThread "Finalizer"                  daemon [_thread_blocked, id=8560, stack(0x0000000144600000,0x0000000144700000) (1024K)]
  0x000001549ff2c200 JavaThread "Signal Dispatcher"          daemon [_thread_blocked, id=12216, stack(0x0000000144700000,0x0000000144800000) (1024K)]
  0x000001549ff2ec70 JavaThread "Attach Listener"            daemon [_thread_blocked, id=3436, stack(0x0000000144800000,0x0000000144900000) (1024K)]
  0x000001549ff2fa30 JavaThread "Service Thread"             daemon [_thread_blocked, id=5344, stack(0x0000000144900000,0x0000000144a00000) (1024K)]
  0x000001549ff30490 JavaThread "Monitor Deflation Thread"   daemon [_thread_blocked, id=6836, stack(0x0000000144a00000,0x0000000144b00000) (1024K)]
  0x000001549ff34a80 JavaThread "C2 CompilerThread0"         daemon [_thread_blocked, id=7724, stack(0x0000000144b00000,0x0000000144c00000) (1024K)]
  0x000001549ff376e0 JavaThread "C1 CompilerThread0"         daemon [_thread_blocked, id=5760, stack(0x0000000144c00000,0x0000000144d00000) (1024K)]
  0x00000154e52b12b0 JavaThread "Common-Cleaner"             daemon [_thread_blocked, id=1332, stack(0x0000000144d00000,0x0000000144e00000) (1024K)]
  0x00000154e5317d00 JavaThread "C2 CompilerThread1"         daemon [_thread_blocked, id=9548, stack(0x0000000144e00000,0x0000000144f00000) (1024K)]
  0x00000154e53183b0 JavaThread "C2 CompilerThread2"         daemon [_thread_blocked, id=11932, stack(0x0000000144f00000,0x0000000145000000) (1024K)]
  0x00000154e56364b0 JavaThread "Monitor Ctrl-Break"         daemon [_thread_in_native, id=10784, stack(0x0000000145000000,0x0000000145100000) (1024K)]
  0x00000154e52baa90 JavaThread "Notification Thread"        daemon [_thread_blocked, id=13860, stack(0x0000000145100000,0x0000000145200000) (1024K)]
  0x00000154e59d3dc0 JavaThread "Thread-0"                          [_thread_blocked, id=8484, stack(0x0000000145200000,0x0000000145300000) (1024K)]
  0x00000154e59701f0 JavaThread "restartedMain"                     [_thread_blocked, id=13180, stack(0x0000000145300000,0x0000000145400000) (1024K)]
  0x00000154e7c1d8b0 JavaThread "mysql-cj-abandoned-connection-cleanup" daemon [_thread_blocked, id=12732, stack(0x0000000145900000,0x0000000145a00000) (1024K)]
  0x00000154e64efca0 JavaThread "HikariPool-1:housekeeper"   daemon [_thread_blocked, id=15048, stack(0x0000000146100000,0x0000000146200000) (1024K)]
  0x00000154e64f16e0 JavaThread "HikariPool-1:connection-adder" daemon [_thread_blocked, id=6444, stack(0x0000000146200000,0x0000000146300000) (1024K)]
Total: 19

Other Threads:
=>0x000001549ff02960 VMThread "VM Thread"                           [id=1744, stack(0x0000000144400000,0x0000000144500000) (1024K)]
  0x000001549fef2be0 WatcherThread "VM Periodic Task Thread"        [id=4532, stack(0x0000000144300000,0x0000000144400000) (1024K)]
  0x000001548125e860 WorkerThread "GC Thread#0"                     [id=14504, stack(0x0000000143e00000,0x0000000143f00000) (1024K)]
  0x000001549ff02d10 WorkerThread "GC Thread#1"                     [id=8240, stack(0x0000000145400000,0x0000000145500000) (1024K)]
  0x000001549ff04330 WorkerThread "GC Thread#2"                     [id=14016, stack(0x0000000145500000,0x0000000145600000) (1024K)]
  0x000001549ff030c0 WorkerThread "GC Thread#3"                     [id=1124, stack(0x0000000145600000,0x0000000145700000) (1024K)]
  0x000001549ff03470 WorkerThread "GC Thread#4"                     [id=14004, stack(0x0000000145700000,0x0000000145800000) (1024K)]
  0x000001549ff03820 WorkerThread "GC Thread#5"                     [id=14208, stack(0x0000000145800000,0x0000000145900000) (1024K)]
  0x000001549ff03f80 WorkerThread "GC Thread#6"                     [id=7084, stack(0x0000000145a00000,0x0000000145b00000) (1024K)]
  0x00000154e5e2aa80 WorkerThread "GC Thread#7"                     [id=2612, stack(0x0000000145b00000,0x0000000145c00000) (1024K)]
  0x00000154e5e2a320 WorkerThread "GC Thread#8"                     [id=12608, stack(0x0000000145c00000,0x0000000145d00000) (1024K)]
  0x00000154e5e2b1e0 WorkerThread "GC Thread#9"                     [id=9616, stack(0x0000000145d00000,0x0000000145e00000) (1024K)]
  0x000001548126f480 ConcurrentGCThread "G1 Main Marker"            [id=12192, stack(0x0000000143f00000,0x0000000144000000) (1024K)]
  0x0000015481270730 WorkerThread "G1 Conc#0"                       [id=6900, stack(0x0000000144000000,0x0000000144100000) (1024K)]
  0x00000154e5e290b0 WorkerThread "G1 Conc#1"                       [id=14108, stack(0x0000000145f00000,0x0000000146000000) (1024K)]
  0x00000154e5e2bcf0 WorkerThread "G1 Conc#2"                       [id=5148, stack(0x0000000146000000,0x0000000146100000) (1024K)]
  0x000001549fdc3580 ConcurrentGCThread "G1 Refine#0"               [id=15144, stack(0x0000000144100000,0x0000000144200000) (1024K)]
  0x000001549fdc3fa0 ConcurrentGCThread "G1 Service"                [id=14124, stack(0x0000000144200000,0x0000000144300000) (1024K)]
Total: 18

Threads with active compile tasks:
C2 CompilerThread0     4117 6441       4       net.bytebuddy.description.method.MethodDescription$TypeSubstituting::getReturnType (22 bytes)
C1 CompilerThread0     4117 6452       3       net.bytebuddy.dynamic.scaffold.MethodRegistry$Default$Prepared$Entry::resolveBridgeTypes (28 bytes)
C2 CompilerThread1     4118 6408       4       java.lang.reflect.Method::isCallerSensitive (38 bytes)
C2 CompilerThread2     4118 6448       4       net.bytebuddy.matcher.EqualityMatcher::matches (9 bytes)
Total: 4

VM state: at safepoint (normal execution)

VM Mutex/Monitor currently owned by a thread:  ([mutex/lock_event])
[0x00007fffa01f0df0] Threads_lock - owner thread: 0x000001549ff02960
[0x00007fffa01f0ef0] Heap_lock - owner thread: 0x00000154e59701f0

Heap address: 0x0000000082c00000, size: 2004 MB, Compressed Oops mode: 32-bit

CDS archive(s) mapped at: [0x00000154a0000000-0x00000154a0c90000-0x00000154a0c90000), size 13172736, SharedBaseAddress: 0x00000154a0000000, ArchiveRelocationMode: 1.
Compressed class space mapped at: 0x00000154a1000000-0x00000154e1000000, reserved size: 1073741824
Narrow klass base: 0x00000154a0000000, Narrow klass shift: 0, Narrow klass range: 0x100000000

GC Precious Log:
 CardTable entry size: 512
 Card Set container configuration: InlinePtr #cards 5 size 8 Array Of Cards #cards 12 size 40 Howl #buckets 4 coarsen threshold 1843 Howl Bitmap #cards 512 size 80 coarsen threshold 460 Card regions per heap region 1 cards per card region 2048
 CPUs: 12 total, 12 available
 Memory: 8013M
 Large Page Support: Disabled
 NUMA Support: Disabled
 Compressed Oops: Enabled (32-bit)
 Heap Region Size: 1M
 Heap Min Capacity: 8M
 Heap Initial Capacity: 126M
 Heap Max Capacity: 2004M
 Pre-touch: Disabled
 Parallel Workers: 10
 Concurrent Workers: 3
 Concurrent Refinement Workers: 10
 Periodic GC: Disabled

Heap:
 garbage-first heap   total 69632K, used 28989K [0x0000000082c00000, 0x0000000100000000)
  region size 1024K, 4 young (4096K), 4 survivors (4096K)
 Metaspace       used 57789K, committed 58368K, reserved 1114112K
  class space    used 7674K, committed 7936K, reserved 1048576K

Heap Regions: E=young(eden), S=young(survivor), O=old, HS=humongous(starts), HC=humongous(continues), CS=collection set, F=free, TAMS=top-at-mark-start, PB=parsable bottom
|   0|0x0000000082c00000, 0x0000000082d00000, 0x0000000082d00000|100%|HS|  |TAMS 0x0000000082c00000| PB 0x0000000082c00000| Complete 
|   1|0x0000000082d00000, 0x0000000082e00000, 0x0000000082e00000|100%|HS|  |TAMS 0x0000000082d00000| PB 0x0000000082d00000| Complete 
|   2|0x0000000082e00000, 0x0000000082f00000, 0x0000000082f00000|100%| O|  |TAMS 0x0000000082e00000| PB 0x0000000082e00000| Untracked 
|   3|0x0000000082f00000, 0x0000000083000000, 0x0000000083000000|100%| O|  |TAMS 0x0000000082f00000| PB 0x0000000082f00000| Untracked 
|   4|0x0000000083000000, 0x0000000083100000, 0x0000000083100000|100%| O|  |TAMS 0x0000000083000000| PB 0x0000000083000000| Untracked 
|   5|0x0000000083100000, 0x0000000083200000, 0x0000000083200000|100%| O|  |TAMS 0x0000000083100000| PB 0x0000000083100000| Untracked 
|   6|0x0000000083200000, 0x0000000083300000, 0x0000000083300000|100%| O|  |TAMS 0x0000000083200000| PB 0x0000000083200000| Untracked 
|   7|0x0000000083300000, 0x0000000083400000, 0x0000000083400000|100%| O|  |TAMS 0x0000000083300000| PB 0x0000000083300000| Untracked 
|   8|0x0000000083400000, 0x0000000083500000, 0x0000000083500000|100%| O|  |TAMS 0x0000000083400000| PB 0x0000000083400000| Untracked 
|   9|0x0000000083500000, 0x0000000083600000, 0x0000000083600000|100%| O|  |TAMS 0x0000000083500000| PB 0x0000000083500000| Untracked 
|  10|0x0000000083600000, 0x0000000083700000, 0x0000000083700000|100%| O|  |TAMS 0x0000000083600000| PB 0x0000000083600000| Untracked 
|  11|0x0000000083700000, 0x0000000083800000, 0x0000000083800000|100%| O|  |TAMS 0x0000000083700000| PB 0x0000000083700000| Untracked 
|  12|0x0000000083800000, 0x0000000083900000, 0x0000000083900000|100%| O|  |TAMS 0x0000000083800000| PB 0x0000000083800000| Untracked 
|  13|0x0000000083900000, 0x0000000083a00000, 0x0000000083a00000|100%| O|  |TAMS 0x0000000083900000| PB 0x0000000083900000| Untracked 
|  14|0x0000000083a00000, 0x0000000083b00000, 0x0000000083b00000|100%| O|  |TAMS 0x0000000083a00000| PB 0x0000000083a00000| Untracked 
|  15|0x0000000083b00000, 0x0000000083b00000, 0x0000000083c00000|  0%| F|  |TAMS 0x0000000083b00000| PB 0x0000000083b00000| Untracked 
|  16|0x0000000083c00000, 0x0000000083d00000, 0x0000000083d00000|100%| O|  |TAMS 0x0000000083c00000| PB 0x0000000083c00000| Untracked 
|  17|0x0000000083d00000, 0x0000000083e00000, 0x0000000083e00000|100%| O|  |TAMS 0x0000000083d00000| PB 0x0000000083d00000| Untracked 
|  18|0x0000000083e00000, 0x0000000083f00000, 0x0000000083f00000|100%| O|  |TAMS 0x0000000083e00000| PB 0x0000000083e00000| Untracked 
|  19|0x0000000083f00000, 0x0000000084000000, 0x0000000084000000|100%| O|  |TAMS 0x0000000083f00000| PB 0x0000000083f00000| Untracked 
|  20|0x0000000084000000, 0x0000000084100000, 0x0000000084100000|100%| O|  |TAMS 0x0000000084000000| PB 0x0000000084000000| Untracked 
|  21|0x0000000084100000, 0x0000000084200000, 0x0000000084200000|100%| O|  |TAMS 0x0000000084100000| PB 0x0000000084100000| Untracked 
|  22|0x0000000084200000, 0x00000000842e2b30, 0x0000000084300000| 88%| O|  |TAMS 0x0000000084200000| PB 0x0000000084200000| Untracked 
|  23|0x0000000084300000, 0x0000000084300000, 0x0000000084400000|  0%| F|  |TAMS 0x0000000084300000| PB 0x0000000084300000| Untracked 
|  24|0x0000000084400000, 0x0000000084400000, 0x0000000084500000|  0%| F|  |TAMS 0x0000000084400000| PB 0x0000000084400000| Untracked 
|  25|0x0000000084500000, 0x0000000084500000, 0x0000000084600000|  0%| F|  |TAMS 0x0000000084500000| PB 0x0000000084500000| Untracked 
|  26|0x0000000084600000, 0x0000000084600000, 0x0000000084700000|  0%| F|  |TAMS 0x0000000084600000| PB 0x0000000084600000| Untracked 
|  27|0x0000000084700000, 0x0000000084700000, 0x0000000084800000|  0%| F|  |TAMS 0x0000000084700000| PB 0x0000000084700000| Untracked 
|  28|0x0000000084800000, 0x000000008486cc28, 0x0000000084900000| 42%| S|CS|TAMS 0x0000000084800000| PB 0x0000000084800000| Complete 
|  29|0x0000000084900000, 0x0000000084a00000, 0x0000000084a00000|100%| S|CS|TAMS 0x0000000084900000| PB 0x0000000084900000| Complete 
|  30|0x0000000084a00000, 0x0000000084b00000, 0x0000000084b00000|100%| S|CS|TAMS 0x0000000084a00000| PB 0x0000000084a00000| Complete 
|  31|0x0000000084b00000, 0x0000000084b00000, 0x0000000084c00000|  0%| F|  |TAMS 0x0000000084b00000| PB 0x0000000084b00000| Untracked 
|  32|0x0000000084c00000, 0x0000000084c00000, 0x0000000084d00000|  0%| F|  |TAMS 0x0000000084c00000| PB 0x0000000084c00000| Untracked 
|  33|0x0000000084d00000, 0x0000000084d00000, 0x0000000084e00000|  0%| F|  |TAMS 0x0000000084d00000| PB 0x0000000084d00000| Untracked 
|  34|0x0000000084e00000, 0x0000000084f00000, 0x0000000084f00000|100%| S|CS|TAMS 0x0000000084e00000| PB 0x0000000084e00000| Complete 
|  35|0x0000000084f00000, 0x0000000084f00000, 0x0000000085000000|  0%| F|  |TAMS 0x0000000084f00000| PB 0x0000000084f00000| Untracked 
|  36|0x0000000085000000, 0x0000000085000000, 0x0000000085100000|  0%| F|  |TAMS 0x0000000085000000| PB 0x0000000085000000| Untracked 
|  37|0x0000000085100000, 0x0000000085100000, 0x0000000085200000|  0%| F|  |TAMS 0x0000000085100000| PB 0x0000000085100000| Untracked 
|  38|0x0000000085200000, 0x0000000085200000, 0x0000000085300000|  0%| F|  |TAMS 0x0000000085200000| PB 0x0000000085200000| Untracked 
|  39|0x0000000085300000, 0x0000000085300000, 0x0000000085400000|  0%| F|  |TAMS 0x0000000085300000| PB 0x0000000085300000| Untracked 
|  40|0x0000000085400000, 0x0000000085400000, 0x0000000085500000|  0%| F|  |TAMS 0x0000000085400000| PB 0x0000000085400000| Untracked 
|  41|0x0000000085500000, 0x0000000085500000, 0x0000000085600000|  0%| F|  |TAMS 0x0000000085500000| PB 0x0000000085500000| Untracked 
|  42|0x0000000085600000, 0x0000000085600000, 0x0000000085700000|  0%| F|  |TAMS 0x0000000085600000| PB 0x0000000085600000| Untracked 
|  43|0x0000000085700000, 0x0000000085700000, 0x0000000085800000|  0%| F|  |TAMS 0x0000000085700000| PB 0x0000000085700000| Untracked 
|  44|0x0000000085800000, 0x0000000085800000, 0x0000000085900000|  0%| F|  |TAMS 0x0000000085800000| PB 0x0000000085800000| Untracked 
|  45|0x0000000085900000, 0x0000000085900000, 0x0000000085a00000|  0%| F|  |TAMS 0x0000000085900000| PB 0x0000000085900000| Untracked 
|  46|0x0000000085a00000, 0x0000000085a00000, 0x0000000085b00000|  0%| F|  |TAMS 0x0000000085a00000| PB 0x0000000085a00000| Untracked 
|  47|0x0000000085b00000, 0x0000000085b00000, 0x0000000085c00000|  0%| F|  |TAMS 0x0000000085b00000| PB 0x0000000085b00000| Untracked 
|  48|0x0000000085c00000, 0x0000000085c00000, 0x0000000085d00000|  0%| F|  |TAMS 0x0000000085c00000| PB 0x0000000085c00000| Untracked 
|  49|0x0000000085d00000, 0x0000000085d00000, 0x0000000085e00000|  0%| F|  |TAMS 0x0000000085d00000| PB 0x0000000085d00000| Untracked 
|  50|0x0000000085e00000, 0x0000000085e00000, 0x0000000085f00000|  0%| F|  |TAMS 0x0000000085e00000| PB 0x0000000085e00000| Untracked 
|  51|0x0000000085f00000, 0x0000000085f00000, 0x0000000086000000|  0%| F|  |TAMS 0x0000000085f00000| PB 0x0000000085f00000| Untracked 
|  52|0x0000000086000000, 0x0000000086000000, 0x0000000086100000|  0%| F|  |TAMS 0x0000000086000000| PB 0x0000000086000000| Untracked 
|  53|0x0000000086100000, 0x0000000086100000, 0x0000000086200000|  0%| F|  |TAMS 0x0000000086100000| PB 0x0000000086100000| Untracked 
|  54|0x0000000086200000, 0x0000000086200000, 0x0000000086300000|  0%| F|  |TAMS 0x0000000086200000| PB 0x0000000086200000| Untracked 
|  55|0x0000000086300000, 0x0000000086300000, 0x0000000086400000|  0%| F|  |TAMS 0x0000000086300000| PB 0x0000000086300000| Untracked 
|  79|0x0000000087b00000, 0x0000000087b00000, 0x0000000087c00000|  0%| F|  |TAMS 0x0000000087b00000| PB 0x0000000087b00000| Untracked 
|  80|0x0000000087c00000, 0x0000000087c00000, 0x0000000087d00000|  0%| F|  |TAMS 0x0000000087c00000| PB 0x0000000087c00000| Untracked 
|  81|0x0000000087d00000, 0x0000000087d00000, 0x0000000087e00000|  0%| F|  |TAMS 0x0000000087d00000| PB 0x0000000087d00000| Untracked 
|  82|0x0000000087e00000, 0x0000000087e00000, 0x0000000087f00000|  0%| F|  |TAMS 0x0000000087e00000| PB 0x0000000087e00000| Untracked 
|  83|0x0000000087f00000, 0x0000000087f00000, 0x0000000088000000|  0%| F|  |TAMS 0x0000000087f00000| PB 0x0000000087f00000| Untracked 
|  84|0x0000000088000000, 0x0000000088000000, 0x0000000088100000|  0%| F|  |TAMS 0x0000000088000000| PB 0x0000000088000000| Untracked 
|  85|0x0000000088100000, 0x0000000088100000, 0x0000000088200000|  0%| F|  |TAMS 0x0000000088100000| PB 0x0000000088100000| Untracked 
| 124|0x000000008a800000, 0x000000008a800000, 0x000000008a900000|  0%| F|  |TAMS 0x000000008a800000| PB 0x000000008a800000| Untracked 
| 125|0x000000008a900000, 0x000000008a900000, 0x000000008aa00000|  0%| F|  |TAMS 0x000000008a900000| PB 0x000000008a900000| Untracked 
|2001|0x00000000ffd00000, 0x00000000ffe00000, 0x00000000ffe00000|100%| O|  |TAMS 0x00000000ffd00000| PB 0x00000000ffd00000| Untracked 
|2002|0x00000000ffe00000, 0x00000000fff00000, 0x00000000fff00000|100%| O|  |TAMS 0x00000000ffe00000| PB 0x00000000ffe00000| Untracked 
|2003|0x00000000fff00000, 0x0000000100000000, 0x0000000100000000|100%| O|  |TAMS 0x00000000fff00000| PB 0x00000000fff00000| Untracked 

Card table byte_map: [0x000001549af00000,0x000001549b2f0000] _byte_map_base: 0x000001549aaea000

Marking Bits: (CMBitMap*) 0x000001548125ef70
 Bits: [0x000001549b2f0000, 0x000001549d240000)

Polling page: 0x00000154812d0000

Metaspace:

Usage:
  Non-class:     48.94 MB used.
      Class:      7.49 MB used.
       Both:     56.44 MB used.

Virtual space:
  Non-class space:       64.00 MB reserved,      49.25 MB ( 77%) committed,  1 nodes.
      Class space:        1.00 GB reserved,       7.75 MB ( <1%) committed,  1 nodes.
             Both:        1.06 GB reserved,      57.00 MB (  5%) committed. 

Chunk freelists:
   Non-Class:  13.96 MB
       Class:  8.26 MB
        Both:  22.22 MB

MaxMetaspaceSize: unlimited
CompressedClassSpaceSize: 1.00 GB
Initial GC threshold: 21.00 MB
Current GC threshold: 59.06 MB
CDS: on
 - commit_granule_bytes: 65536.
 - commit_granule_words: 8192.
 - virtual_space_node_default_size: 8388608.
 - enlarge_chunks_in_place: 1.
 - use_allocation_guard: 0.


Internal statistics:

num_allocs_failed_limit: 6.
num_arena_births: 814.
num_arena_deaths: 0.
num_vsnodes_births: 2.
num_vsnodes_deaths: 0.
num_space_committed: 912.
num_space_uncommitted: 0.
num_chunks_returned_to_freelist: 6.
num_chunks_taken_from_freelist: 2914.
num_chunk_merges: 3.
num_chunk_splits: 2101.
num_chunks_enlarged: 1618.
num_inconsistent_stats: 0.

CodeHeap 'non-profiled nmethods': size=120000Kb used=4084Kb max_used=4084Kb free=115915Kb
 bounds [0x0000015492950000, 0x0000015492d50000, 0x0000015499e80000]
CodeHeap 'profiled nmethods': size=120000Kb used=11882Kb max_used=11882Kb free=108118Kb
 bounds [0x000001548ae80000, 0x000001548ba20000, 0x00000154923b0000]
CodeHeap 'non-nmethods': size=5760Kb used=1618Kb max_used=1639Kb free=4142Kb
 bounds [0x00000154923b0000, 0x0000015492620000, 0x0000015492950000]
 total_blobs=6737 nmethods=6076 adapters=561
 compilation: enabled
              stopped_count=0, restarted_count=0
 full_count=0

Compilation events (20 events):
Event: 4.094 Thread 0x000001549ff34a80 nmethod 6439 0x0000015492d4bb90 code [0x0000015492d4bd20, 0x0000015492d4bdd0]
Event: 4.094 Thread 0x000001549ff376e0 nmethod 6440 0x000001548ba18790 code [0x000001548ba18980, 0x000001548ba18e78]
Event: 4.095 Thread 0x000001549ff34a80 6441       4       net.bytebuddy.description.method.MethodDescription$TypeSubstituting::getReturnType (22 bytes)
Event: 4.095 Thread 0x000001549ff376e0 6442       3       net.bytebuddy.dynamic.scaffold.MethodGraph$Compiler$Default$Key$Store::<init> (10 bytes)
Event: 4.095 Thread 0x000001549ff376e0 nmethod 6442 0x000001548ba19090 code [0x000001548ba19240, 0x000001548ba193f8]
Event: 4.095 Thread 0x000001549ff376e0 6444       3       net.bytebuddy.dynamic.scaffold.MethodGraph$Compiler$Default$Key$Store$Entry$Resolved$Node::getSort (17 bytes)
Event: 4.095 Thread 0x000001549ff376e0 nmethod 6444 0x000001548ba19490 code [0x000001548ba19640, 0x000001548ba197d0]
Event: 4.095 Thread 0x000001549ff376e0 6445       3       net.bytebuddy.description.ModifierReviewable$AbstractBase::isFinal (7 bytes)
Event: 4.095 Thread 0x000001549ff376e0 nmethod 6445 0x000001548ba19890 code [0x000001548ba19a40, 0x000001548ba19cc8]
Event: 4.095 Thread 0x000001549ff376e0 6446       3       net.bytebuddy.dynamic.Transformer$NoOp::transform (2 bytes)
Event: 4.095 Thread 0x000001549ff376e0 nmethod 6446 0x000001548ba19d90 code [0x000001548ba19f20, 0x000001548ba1a030]
Event: 4.095 Thread 0x000001549ff376e0 6447       3       net.bytebuddy.dynamic.scaffold.MethodRegistry$Default$Entry::asPreparedEntry (34 bytes)
Event: 4.095 Thread 0x000001549ff376e0 nmethod 6447 0x000001548ba1a110 code [0x000001548ba1a2e0, 0x000001548ba1a670]
Event: 4.095 Thread 0x000001549ff376e0 6450       3       net.bytebuddy.implementation.bytecode.assign.primitive.VoidAwareAssigner::hashCode (19 bytes)
Event: 4.096 Thread 0x000001549ff376e0 nmethod 6450 0x000001548ba1a810 code [0x000001548ba1a9e0, 0x000001548ba1acc0]
Event: 4.096 Thread 0x000001549ff376e0 6451       3       net.bytebuddy.implementation.bytecode.assign.primitive.PrimitiveTypeAwareAssigner::hashCode (19 bytes)
Event: 4.096 Thread 0x000001549ff376e0 nmethod 6451 0x000001548ba1ae10 code [0x000001548ba1afe0, 0x000001548ba1b2c0]
Event: 4.096 Thread 0x000001549ff376e0 6452       3       net.bytebuddy.dynamic.scaffold.MethodRegistry$Default$Prepared$Entry::resolveBridgeTypes (28 bytes)
Event: 4.096 Thread 0x00000154e53183b0 nmethod 6398 0x0000015492d4be90 code [0x0000015492d4c0a0, 0x0000015492d4ce08]
Event: 4.096 Thread 0x00000154e53183b0 6448       4       net.bytebuddy.matcher.EqualityMatcher::matches (9 bytes)

GC Heap History (17 events):
Event: 0.480 GC heap before
{Heap before GC invocations=0 (full 0):
 garbage-first heap   total 129024K, used 24576K [0x0000000082c00000, 0x0000000100000000)
  region size 1024K, 23 young (23552K), 0 survivors (0K)
 Metaspace       used 5336K, committed 5568K, reserved 1114112K
  class space    used 605K, committed 704K, reserved 1048576K
}
Event: 0.483 GC heap after
{Heap after GC invocations=1 (full 0):
 garbage-first heap   total 129024K, used 7992K [0x0000000082c00000, 0x0000000100000000)
  region size 1024K, 3 young (3072K), 3 survivors (3072K)
 Metaspace       used 5336K, committed 5568K, reserved 1114112K
  class space    used 605K, committed 704K, reserved 1048576K
}
Event: 0.909 GC heap before
{Heap before GC invocations=1 (full 0):
 garbage-first heap   total 129024K, used 38712K [0x0000000082c00000, 0x0000000100000000)
  region size 1024K, 33 young (33792K), 3 survivors (3072K)
 Metaspace       used 13408K, committed 13760K, reserved 1114112K
  class space    used 1795K, committed 1920K, reserved 1048576K
}
Event: 0.913 GC heap after
{Heap after GC invocations=2 (full 0):
 garbage-first heap   total 129024K, used 10529K [0x0000000082c00000, 0x0000000100000000)
  region size 1024K, 3 young (3072K), 3 survivors (3072K)
 Metaspace       used 13408K, committed 13760K, reserved 1114112K
  class space    used 1795K, committed 1920K, reserved 1048576K
}
Event: 1.266 GC heap before
{Heap before GC invocations=2 (full 0):
 garbage-first heap   total 129024K, used 46369K [0x0000000082c00000, 0x0000000100000000)
  region size 1024K, 40 young (40960K), 3 survivors (3072K)
 Metaspace       used 21190K, committed 21504K, reserved 1114112K
  class space    used 2655K, committed 2816K, reserved 1048576K
}
Event: 1.271 GC heap after
{Heap after GC invocations=3 (full 0):
 garbage-first heap   total 129024K, used 14491K [0x0000000082c00000, 0x0000000100000000)
  region size 1024K, 7 young (7168K), 7 survivors (7168K)
 Metaspace       used 21190K, committed 21504K, reserved 1114112K
  class space    used 2655K, committed 2816K, reserved 1048576K
}
Event: 1.898 GC heap before
{Heap before GC invocations=4 (full 0):
 garbage-first heap   total 58368K, used 57499K [0x0000000082c00000, 0x0000000100000000)
  region size 1024K, 49 young (50176K), 7 survivors (7168K)
 Metaspace       used 26336K, committed 26816K, reserved 1114112K
  class space    used 3311K, committed 3520K, reserved 1048576K
}
Event: 1.905 GC heap after
{Heap after GC invocations=5 (full 0):
 garbage-first heap   total 69632K, used 18143K [0x0000000082c00000, 0x0000000100000000)
  region size 1024K, 8 young (8192K), 8 survivors (8192K)
 Metaspace       used 26336K, committed 26816K, reserved 1114112K
  class space    used 3311K, committed 3520K, reserved 1048576K
}
Event: 2.425 GC heap before
{Heap before GC invocations=5 (full 0):
 garbage-first heap   total 69632K, used 50911K [0x0000000082c00000, 0x0000000100000000)
  region size 1024K, 40 young (40960K), 8 survivors (8192K)
 Metaspace       used 31530K, committed 32064K, reserved 1114112K
  class space    used 4065K, committed 4288K, reserved 1048576K
}
Event: 2.431 GC heap after
{Heap after GC invocations=6 (full 0):
 garbage-first heap   total 69632K, used 21283K [0x0000000082c00000, 0x0000000100000000)
  region size 1024K, 4 young (4096K), 4 survivors (4096K)
 Metaspace       used 31530K, committed 32064K, reserved 1114112K
  class space    used 4065K, committed 4288K, reserved 1048576K
}
Event: 2.738 GC heap before
{Heap before GC invocations=6 (full 0):
 garbage-first heap   total 69632K, used 40739K [0x0000000082c00000, 0x0000000100000000)
  region size 1024K, 24 young (24576K), 4 survivors (4096K)
 Metaspace       used 35590K, committed 36096K, reserved 1114112K
  class space    used 4485K, committed 4736K, reserved 1048576K
}
Event: 2.743 GC heap after
{Heap after GC invocations=7 (full 0):
 garbage-first heap   total 69632K, used 23500K [0x0000000082c00000, 0x0000000100000000)
  region size 1024K, 3 young (3072K), 3 survivors (3072K)
 Metaspace       used 35590K, committed 36096K, reserved 1114112K
  class space    used 4485K, committed 4736K, reserved 1048576K
}
Event: 3.266 GC heap before
{Heap before GC invocations=8 (full 0):
 garbage-first heap   total 69632K, used 56268K [0x0000000082c00000, 0x0000000100000000)
  region size 1024K, 35 young (35840K), 3 survivors (3072K)
 Metaspace       used 43674K, committed 44224K, reserved 1114112K
  class space    used 5671K, committed 5952K, reserved 1048576K
}
Event: 3.269 GC heap after
{Heap after GC invocations=9 (full 0):
 garbage-first heap   total 69632K, used 26145K [0x0000000082c00000, 0x0000000100000000)
  region size 1024K, 5 young (5120K), 5 survivors (5120K)
 Metaspace       used 43674K, committed 44224K, reserved 1114112K
  class space    used 5671K, committed 5952K, reserved 1048576K
}
Event: 3.713 GC heap before
{Heap before GC invocations=9 (full 0):
 garbage-first heap   total 69632K, used 57889K [0x0000000082c00000, 0x0000000100000000)
  region size 1024K, 36 young (36864K), 5 survivors (5120K)
 Metaspace       used 50681K, committed 51264K, reserved 1114112K
  class space    used 6583K, committed 6848K, reserved 1048576K
}
Event: 3.718 GC heap after
{Heap after GC invocations=10 (full 0):
 garbage-first heap   total 69632K, used 28192K [0x0000000082c00000, 0x0000000100000000)
  region size 1024K, 3 young (3072K), 3 survivors (3072K)
 Metaspace       used 50681K, committed 51264K, reserved 1114112K
  class space    used 6583K, committed 6848K, reserved 1048576K
}
Event: 4.096 GC heap before
{Heap before GC invocations=10 (full 0):
 garbage-first heap   total 69632K, used 58912K [0x0000000082c00000, 0x0000000100000000)
  region size 1024K, 33 young (33792K), 3 survivors (3072K)
 Metaspace       used 57789K, committed 58368K, reserved 1114112K
  class space    used 7674K, committed 7936K, reserved 1048576K
}

Dll operation events (12 events):
Event: 0.008 Loaded shared library C:\Program Files\Java\jdk-21\bin\java.dll
Event: 0.044 Loaded shared library C:\Program Files\Java\jdk-21\bin\jsvml.dll
Event: 0.100 Loaded shared library C:\Program Files\Java\jdk-21\bin\zip.dll
Event: 0.103 Loaded shared library C:\Program Files\Java\jdk-21\bin\instrument.dll
Event: 0.106 Loaded shared library C:\Program Files\Java\jdk-21\bin\net.dll
Event: 0.107 Loaded shared library C:\Program Files\Java\jdk-21\bin\nio.dll
Event: 0.108 Loaded shared library C:\Program Files\Java\jdk-21\bin\zip.dll
Event: 0.174 Loaded shared library C:\Program Files\Java\jdk-21\bin\extnet.dll
Event: 0.197 Loaded shared library C:\Program Files\Java\jdk-21\bin\jimage.dll
Event: 0.385 Loaded shared library C:\Program Files\Java\jdk-21\bin\management.dll
Event: 0.388 Loaded shared library C:\Program Files\Java\jdk-21\bin\management_ext.dll
Event: 1.260 Loaded shared library C:\Program Files\Java\jdk-21\bin\sunmscapi.dll

Deoptimization events (20 events):
Event: 3.730 Thread 0x00000154e59701f0 Uncommon trap: trap_request=0xffffff45 fr.pc=0x00000154929d0f08 relative=0x0000000000000068
Event: 3.730 Thread 0x00000154e59701f0 Uncommon trap: reason=unstable_if action=reinterpret pc=0x00000154929d0f08 method=java.lang.StringConcatHelper.stringOf(Ljava/lang/Object;)Ljava/lang/String; @ 1 c2
Event: 3.730 Thread 0x00000154e59701f0 DEOPT PACKING pc=0x00000154929d0f08 sp=0x00000001453fa690
Event: 3.730 Thread 0x00000154e59701f0 DEOPT UNPACKING pc=0x00000154924046a2 sp=0x00000001453fa620 mode 2
Event: 3.917 Thread 0x00000154e59701f0 Uncommon trap: trap_request=0xffffff45 fr.pc=0x0000015492a0820c relative=0x000000000000086c
Event: 3.917 Thread 0x00000154e59701f0 Uncommon trap: reason=unstable_if action=reinterpret pc=0x0000015492a0820c method=jdk.internal.org.objectweb.asm.SymbolTable.put(Ljdk/internal/org/objectweb/asm/SymbolTable$Entry;)Ljdk/internal/org/objectweb/asm/SymbolTable$Entry; @ 13 c2
Event: 3.917 Thread 0x00000154e59701f0 DEOPT PACKING pc=0x0000015492a0820c sp=0x00000001453f7fe0
Event: 3.917 Thread 0x00000154e59701f0 DEOPT UNPACKING pc=0x00000154924046a2 sp=0x00000001453f7f00 mode 2
Event: 3.946 Thread 0x00000154e59701f0 Uncommon trap: trap_request=0xffffff45 fr.pc=0x0000015492af0210 relative=0x0000000000000070
Event: 3.946 Thread 0x00000154e59701f0 Uncommon trap: reason=unstable_if action=reinterpret pc=0x0000015492af0210 method=java.lang.Class.getComponentType()Ljava/lang/Class; @ 4 c2
Event: 3.946 Thread 0x00000154e59701f0 DEOPT PACKING pc=0x0000015492af0210 sp=0x00000001453f9450
Event: 3.946 Thread 0x00000154e59701f0 DEOPT UNPACKING pc=0x00000154924046a2 sp=0x00000001453f93e0 mode 2
Event: 3.947 Thread 0x00000154e59701f0 Uncommon trap: trap_request=0xffffff45 fr.pc=0x0000015492aebe88 relative=0x0000000000000788
Event: 3.947 Thread 0x00000154e59701f0 Uncommon trap: reason=unstable_if action=reinterpret pc=0x0000015492aebe88 method=java.util.HashMap$HashIterator.<init>(Ljava/util/HashMap;)V @ 45 c2
Event: 3.947 Thread 0x00000154e59701f0 DEOPT PACKING pc=0x0000015492aebe88 sp=0x00000001453f9530
Event: 3.947 Thread 0x00000154e59701f0 DEOPT UNPACKING pc=0x00000154924046a2 sp=0x00000001453f93c0 mode 2
Event: 3.972 Thread 0x00000154e59701f0 Uncommon trap: trap_request=0xffffff45 fr.pc=0x0000015492b43c50 relative=0x0000000000000eb0
Event: 3.972 Thread 0x00000154e59701f0 Uncommon trap: reason=unstable_if action=reinterpret pc=0x0000015492b43c50 method=jdk.internal.org.objectweb.asm.Frame.getAbstractTypeFromDescriptor(Ljdk/internal/org/objectweb/asm/SymbolTable;Ljava/lang/String;I)I @ 189 c2
Event: 3.972 Thread 0x00000154e59701f0 DEOPT PACKING pc=0x0000015492b43c50 sp=0x00000001453f82b0
Event: 3.972 Thread 0x00000154e59701f0 DEOPT UNPACKING pc=0x00000154924046a2 sp=0x00000001453f8280 mode 2

Classes loaded (20 events):
Event: 3.641 Loading class java/util/concurrent/CompletableFuture
Event: 3.642 Loading class java/util/concurrent/CompletableFuture done
Event: 3.642 Loading class java/util/concurrent/CompletableFuture$AltResult
Event: 3.642 Loading class java/util/concurrent/CompletableFuture$AltResult done
Event: 3.642 Loading class java/util/concurrent/CompletableFuture$Completion
Event: 3.642 Loading class java/util/concurrent/CompletableFuture$AsynchronousCompletionTask
Event: 3.642 Loading class java/util/concurrent/CompletableFuture$AsynchronousCompletionTask done
Event: 3.642 Loading class java/util/concurrent/CompletableFuture$Completion done
Event: 3.738 Loading class java/util/concurrent/CancellationException
Event: 3.738 Loading class java/util/concurrent/CancellationException done
Event: 3.901 Loading class java/util/ArrayList$ListItr
Event: 3.901 Loading class java/util/ArrayList$ListItr done
Event: 3.945 Loading class java/util/AbstractList$SubList
Event: 3.945 Loading class java/util/AbstractList$SubList done
Event: 3.970 Loading class java/lang/foreign/ValueLayout
Event: 3.970 Loading class java/lang/foreign/MemoryLayout
Event: 3.971 Loading class java/lang/foreign/MemoryLayout done
Event: 3.971 Loading class java/lang/foreign/ValueLayout done
Event: 4.058 Loading class java/time/Clock$TickClock
Event: 4.059 Loading class java/time/Clock$TickClock done

Classes unloaded (0 events):
No events

Classes redefined (0 events):
No events

Internal exceptions (20 events):
Event: 2.438 Thread 0x00000154e59701f0 Exception <a 'java/lang/NoSuchMethodError'{0x000000008a927410}: 'java.lang.Object java.lang.invoke.DirectMethodHandle$Holder.invokeStaticInit(java.lang.Object, java.lang.Object, int, int, int, int)'> (0x000000008a927410) 
thrown [s\open\src\hotspot\share\interpreter\linkResolver.cpp, line 773]
Event: 2.525 Thread 0x00000154e59701f0 Exception <a 'java/lang/NoSuchMethodError'{0x0000000087c5fa60}: 'int java.lang.invoke.DirectMethodHandle$Holder.invokeVirtual(java.lang.Object, java.lang.Object, java.lang.Object, java.lang.Object)'> (0x0000000087c5fa60) 
thrown [s\open\src\hotspot\share\interpreter\linkResolver.cpp, line 773]
Event: 2.525 Thread 0x00000154e59701f0 Exception <a 'java/lang/NoSuchMethodError'{0x0000000087c632f0}: 'int java.lang.invoke.DelegatingMethodHandle$Holder.reinvoke_L(java.lang.Object, java.lang.Object, java.lang.Object, java.lang.Object)'> (0x0000000087c632f0) 
thrown [s\open\src\hotspot\share\interpreter\linkResolver.cpp, line 773]
Event: 2.546 Thread 0x00000154e59701f0 Exception <a 'java/io/FileNotFoundException'{0x0000000087b60830}> (0x0000000087b60830) 
thrown [s\open\src\hotspot\share\prims\jni.cpp, line 520]
Event: 2.579 Thread 0x00000154e59701f0 Exception <a 'java/lang/NoSuchMethodError'{0x0000000086281388}: 'int java.lang.invoke.DirectMethodHandle$Holder.invokeInterface(java.lang.Object, java.lang.Object, java.lang.Object, java.lang.Object)'> (0x0000000086281388) 
thrown [s\open\src\hotspot\share\interpreter\linkResolver.cpp, line 773]
Event: 2.597 Thread 0x00000154e59701f0 Exception <a 'java/lang/NoSuchMethodError'{0x00000000861c8e88}: 'void java.lang.invoke.Invokers$Holder.invokeExact_MT(java.lang.Object, java.lang.Object, java.lang.Object, java.lang.Object)'> (0x00000000861c8e88) 
thrown [s\open\src\hotspot\share\interpreter\linkResolver.cpp, line 773]
Event: 2.598 Thread 0x00000154e59701f0 Exception <a 'java/lang/NoSuchMethodError'{0x00000000861cf1e8}: 'long java.lang.invoke.DelegatingMethodHandle$Holder.reinvoke_L(java.lang.Object, java.lang.Object)'> (0x00000000861cf1e8) 
thrown [s\open\src\hotspot\share\interpreter\linkResolver.cpp, line 773]
Event: 2.598 Thread 0x00000154e59701f0 Exception <a 'java/lang/NoSuchMethodError'{0x00000000861d9190}: 'void java.lang.invoke.DelegatingMethodHandle$Holder.reinvoke_L(java.lang.Object, java.lang.Object, long)'> (0x00000000861d9190) 
thrown [s\open\src\hotspot\share\interpreter\linkResolver.cpp, line 773]
Event: 2.655 Thread 0x00000154e59701f0 Implicit null exception at 0x0000015492acdab6 to 0x0000015492ace0e0
Event: 2.743 Thread 0x00000154e59701f0 Implicit null exception at 0x0000015492b083c0 to 0x0000015492b0864c
Event: 2.846 Thread 0x00000154e59701f0 Exception <a 'java/lang/NoSuchMethodError'{0x0000000087fec0e0}: 'java.lang.Object java.lang.invoke.DirectMethodHandle$Holder.invokeStaticInit(java.lang.Object, java.lang.Object, java.lang.Object, java.lang.Object)'> (0x0000000087fec0e0) 
thrown [s\open\src\hotspot\share\interpreter\linkResolver.cpp, line 773]
Event: 2.858 Thread 0x00000154e59701f0 Exception <a 'java/lang/NoSuchMethodError'{0x0000000087d10458}: 'java.lang.Object java.lang.invoke.DirectMethodHandle$Holder.newInvokeSpecial(java.lang.Object, java.lang.Object, java.lang.Object, java.lang.Object, java.lang.Object, java.lang.Object, java.lang.Object, java.lang.Object, java.lang.Object, java.lang.Object, java.lang.Object, java.lang.Object)'> (0x0000000087d10458) 
thrown [s\open\src\hotspot\share\interpreter\linkResolver.cpp, line 773]
Event: 2.859 Thread 0x00000154e59701f0 Exception <a 'java/lang/NoSuchMethodError'{0x0000000087d159d8}: 'java.lang.Object java.lang.invoke.DirectMethodHandle$Holder.invokeSpecial(java.lang.Object, java.lang.Object, java.lang.Object, java.lang.Object, java.lang.Object, java.lang.Object, java.lang.Object, java.lang.Object, java.lang.Object, java.lang.Object, java.lang.Object, java.lang.Object, java.lang.Object)'> (0x0000000087d159d8) 
thrown [s\open\src\hotspot\share\interpreter\linkResolver.cpp, line 773]
Event: 2.918 Thread 0x00000154e59701f0 Exception <a 'java/lang/NoSuchMethodError'{0x000000008624a0b0}: 'void java.lang.invoke.DelegatingMethodHandle$Holder.reinvoke_L(java.lang.Object, java.lang.Object, java.lang.Object, java.lang.Object, int, java.lang.Object, java.lang.Object, java.lang.Object)'> (0x000000008624a0b0) 
thrown [s\open\src\hotspot\share\interpreter\linkResolver.cpp, line 773]
Event: 3.303 Thread 0x00000154e59701f0 Exception <a 'java/lang/NoSuchMethodError'{0x0000000088148018}: 'int java.lang.invoke.DirectMethodHandle$Holder.invokeStatic(java.lang.Object)'> (0x0000000088148018) 
thrown [s\open\src\hotspot\share\interpreter\linkResolver.cpp, line 773]
Event: 3.359 Thread 0x00000154e59701f0 Exception <a 'java/lang/NoSuchMethodError'{0x0000000087e3bd18}: 'int java.lang.invoke.Invokers$Holder.invokeExact_MT(java.lang.Object, java.lang.Object)'> (0x0000000087e3bd18) 
thrown [s\open\src\hotspot\share\interpreter\linkResolver.cpp, line 773]
Event: 3.730 Thread 0x00000154e59701f0 Implicit null exception at 0x00000154929d0ec0 to 0x00000154929d0ef8
Event: 3.743 Thread 0x00000154e59701f0 Exception <a 'java/lang/IncompatibleClassChangeError'{0x000000008a8d31f8}: Found class java.lang.Object, but interface was expected> (0x000000008a8d31f8) 
thrown [s\open\src\hotspot\share\interpreter\linkResolver.cpp, line 840]
Event: 3.753 Thread 0x00000154e59701f0 Exception <a 'java/lang/NoSuchMethodError'{0x000000008817e2b8}: 'java.lang.Object java.lang.invoke.DirectMethodHandle$Holder.invokeStatic(java.lang.Object, java.lang.Object, int, java.lang.Object)'> (0x000000008817e2b8) 
thrown [s\open\src\hotspot\share\interpreter\linkResolver.cpp, line 773]
Event: 3.754 Thread 0x00000154e59701f0 Exception <a 'java/lang/NoSuchMethodError'{0x00000000881822d0}: 'java.lang.Object java.lang.invoke.DirectMethodHandle$Holder.invokeStaticInit(java.lang.Object, java.lang.Object, int, java.lang.Object)'> (0x00000000881822d0) 
thrown [s\open\src\hotspot\share\interpreter\linkResolver.cpp, line 773]

ZGC Phase Switch (0 events):
No events

VM Operations (20 events):
Event: 2.959 Executing VM operation: HandshakeAllThreads (Deoptimize) done
Event: 3.266 Executing VM operation: G1CollectForAllocation (G1 Evacuation Pause)
Event: 3.269 Executing VM operation: G1CollectForAllocation (G1 Evacuation Pause) done
Event: 3.440 Executing VM operation: HandshakeAllThreads (Deoptimize)
Event: 3.440 Executing VM operation: HandshakeAllThreads (Deoptimize) done
Event: 3.606 Executing VM operation: ICBufferFull
Event: 3.606 Executing VM operation: ICBufferFull done
Event: 3.713 Executing VM operation: G1CollectForAllocation (G1 Evacuation Pause)
Event: 3.718 Executing VM operation: G1CollectForAllocation (G1 Evacuation Pause) done
Event: 3.900 Executing VM operation: HandshakeAllThreads (Deoptimize)
Event: 3.900 Executing VM operation: HandshakeAllThreads (Deoptimize) done
Event: 3.902 Executing VM operation: HandshakeAllThreads (Deoptimize)
Event: 3.902 Executing VM operation: HandshakeAllThreads (Deoptimize) done
Event: 3.914 Executing VM operation: HandshakeAllThreads (Deoptimize)
Event: 3.914 Executing VM operation: HandshakeAllThreads (Deoptimize) done
Event: 4.016 Executing VM operation: ICBufferFull
Event: 4.016 Executing VM operation: ICBufferFull done
Event: 4.054 Executing VM operation: ICBufferFull
Event: 4.054 Executing VM operation: ICBufferFull done
Event: 4.096 Executing VM operation: G1CollectForAllocation (G1 Evacuation Pause)

Events (20 events):
Event: 2.760 Thread 0x000001549ff02960 flushing nmethod 0x000001548af7b110
Event: 2.760 Thread 0x000001549ff02960 flushing nmethod 0x000001548af7b910
Event: 2.760 Thread 0x000001549ff02960 flushing nmethod 0x000001548af9b390
Event: 2.760 Thread 0x000001549ff02960 flushing nmethod 0x000001548af9ce10
Event: 2.760 Thread 0x000001549ff02960 flushing nmethod 0x000001548b00ab90
Event: 2.760 Thread 0x000001549ff02960 flushing nmethod 0x000001548b012c90
Event: 2.760 Thread 0x000001549ff02960 flushing nmethod 0x000001548b013790
Event: 2.760 Thread 0x000001549ff02960 flushing nmethod 0x000001548b05a210
Event: 2.760 Thread 0x000001549ff02960 flushing nmethod 0x000001548b05d790
Event: 2.760 Thread 0x000001549ff02960 flushing nmethod 0x000001548b09ad90
Event: 2.760 Thread 0x000001549ff02960 flushing nmethod 0x000001548b09e590
Event: 2.760 Thread 0x000001549ff02960 flushing nmethod 0x000001548b0dfd10
Event: 2.760 Thread 0x000001549ff02960 flushing nmethod 0x000001548b0e0e10
Event: 2.760 Thread 0x000001549ff02960 flushing nmethod 0x000001548b14d910
Event: 2.760 Thread 0x000001549ff02960 flushing nmethod 0x000001548b181210
Event: 2.760 Thread 0x000001549ff02960 flushing nmethod 0x000001548b1bfb90
Event: 2.760 Thread 0x000001549ff02960 flushing nmethod 0x000001548b206a90
Event: 2.760 Thread 0x000001549ff02960 flushing nmethod 0x000001548b39b310
Event: 2.840 Thread 0x00000154e64efca0 Thread added: 0x00000154e64efca0
Event: 2.954 Thread 0x00000154e64f16e0 Thread added: 0x00000154e64f16e0


Dynamic libraries:
0x00007ff655350000 - 0x00007ff655360000 	C:\Program Files\Java\jdk-21\bin\java.exe
0x00007ff80ef70000 - 0x00007ff80f168000 	C:\Windows\SYSTEM32\ntdll.dll
0x00007ff80d2f0000 - 0x00007ff80d3b2000 	C:\Windows\System32\KERNEL32.DLL
0x00007ff80c960000 - 0x00007ff80cc56000 	C:\Windows\System32\KERNELBASE.dll
0x00007ff80c740000 - 0x00007ff80c840000 	C:\Windows\System32\ucrtbase.dll
0x00007ff807f80000 - 0x00007ff807f99000 	C:\Program Files\Java\jdk-21\bin\jli.dll
0x00007ff807ea0000 - 0x00007ff807ebb000 	C:\Program Files\Java\jdk-21\bin\VCRUNTIME140.dll
0x00007ff80ec40000 - 0x00007ff80ecf1000 	C:\Windows\System32\ADVAPI32.dll
0x00007ff80eb20000 - 0x00007ff80ebbe000 	C:\Windows\System32\msvcrt.dll
0x00007ff80ee90000 - 0x00007ff80ef2f000 	C:\Windows\System32\sechost.dll
0x00007ff80d3c0000 - 0x00007ff80d4e3000 	C:\Windows\System32\RPCRT4.dll
0x00007ff80cf60000 - 0x00007ff80cf87000 	C:\Windows\System32\bcrypt.dll
0x00007ff80cf90000 - 0x00007ff80d12d000 	C:\Windows\System32\USER32.dll
0x00007ff80cc60000 - 0x00007ff80cc82000 	C:\Windows\System32\win32u.dll
0x00007ffff96f0000 - 0x00007ffff998a000 	C:\Windows\WinSxS\amd64_microsoft.windows.common-controls_6595b64144ccf1df_6.0.19041.5915_none_60b4b9d171f9c7c7\COMCTL32.dll
0x00007ff80e380000 - 0x00007ff80e3ab000 	C:\Windows\System32\GDI32.dll
0x00007ff80c840000 - 0x00007ff80c959000 	C:\Windows\System32\gdi32full.dll
0x00007ff80cce0000 - 0x00007ff80cd7d000 	C:\Windows\System32\msvcp_win.dll
0x00007ffffa3b0000 - 0x00007ffffa3ba000 	C:\Windows\SYSTEM32\VERSION.dll
0x00007ff80d4f0000 - 0x00007ff80d51f000 	C:\Windows\System32\IMM32.DLL
0x00007ff808a20000 - 0x00007ff808a2c000 	C:\Program Files\Java\jdk-21\bin\vcruntime140_1.dll
0x00007fffe9600000 - 0x00007fffe968e000 	C:\Program Files\Java\jdk-21\bin\msvcp140.dll
0x00007fff9f5b0000 - 0x00007fffa02cd000 	C:\Program Files\Java\jdk-21\bin\server\jvm.dll
0x00007ff80d760000 - 0x00007ff80d7cb000 	C:\Windows\System32\WS2_32.dll
0x00007ff80bb90000 - 0x00007ff80bbdb000 	C:\Windows\SYSTEM32\POWRPROF.dll
0x00007ffff9bf0000 - 0x00007ffff9c17000 	C:\Windows\SYSTEM32\WINMM.dll
0x00007ff80ba00000 - 0x00007ff80ba12000 	C:\Windows\SYSTEM32\UMPDC.dll
0x00007ff80a480000 - 0x00007ff80a492000 	C:\Windows\SYSTEM32\kernel.appcore.dll
0x00007ff805640000 - 0x00007ff80564a000 	C:\Program Files\Java\jdk-21\bin\jimage.dll
0x00007ffffa150000 - 0x00007ffffa351000 	C:\Windows\SYSTEM32\DBGHELP.DLL
0x00007ffff7940000 - 0x00007ffff7974000 	C:\Windows\SYSTEM32\dbgcore.DLL
0x00007ff80c600000 - 0x00007ff80c682000 	C:\Windows\System32\bcryptPrimitives.dll
0x00007ff8053a0000 - 0x00007ff8053af000 	C:\Program Files\Java\jdk-21\bin\instrument.dll
0x00007ffffb4a0000 - 0x00007ffffb4bf000 	C:\Program Files\Java\jdk-21\bin\java.dll
0x00007ff80e3b0000 - 0x00007ff80eb1e000 	C:\Windows\System32\SHELL32.dll
0x00007ff80a680000 - 0x00007ff80ae24000 	C:\Windows\SYSTEM32\windows.storage.dll
0x00007ff80dfc0000 - 0x00007ff80e313000 	C:\Windows\System32\combase.dll
0x00007ff80c030000 - 0x00007ff80c05b000 	C:\Windows\SYSTEM32\Wldp.dll
0x00007ff80d130000 - 0x00007ff80d1fd000 	C:\Windows\System32\OLEAUT32.dll
0x00007ff80d6b0000 - 0x00007ff80d75d000 	C:\Windows\System32\SHCORE.dll
0x00007ff80e320000 - 0x00007ff80e37b000 	C:\Windows\System32\shlwapi.dll
0x00007ff80c530000 - 0x00007ff80c554000 	C:\Windows\SYSTEM32\profapi.dll
0x00007fffe7690000 - 0x00007fffe7767000 	C:\Program Files\Java\jdk-21\bin\jsvml.dll
0x00007ffff44b0000 - 0x00007ffff44c8000 	C:\Program Files\Java\jdk-21\bin\zip.dll
0x00007ffffb490000 - 0x00007ffffb4a0000 	C:\Program Files\Java\jdk-21\bin\net.dll
0x00007ff805b20000 - 0x00007ff805c2a000 	C:\Windows\SYSTEM32\WINHTTP.dll
0x00007ff80bd90000 - 0x00007ff80bdfa000 	C:\Windows\system32\mswsock.dll
0x00007ffffb470000 - 0x00007ffffb486000 	C:\Program Files\Java\jdk-21\bin\nio.dll
0x00007ffffb450000 - 0x00007ffffb459000 	C:\Program Files\Java\jdk-21\bin\extnet.dll
0x00007ffff44a0000 - 0x00007ffff44aa000 	C:\Program Files\Java\jdk-21\bin\management.dll
0x00007ffff4490000 - 0x00007ffff449b000 	C:\Program Files\Java\jdk-21\bin\management_ext.dll
0x00007ff80d200000 - 0x00007ff80d208000 	C:\Windows\System32\PSAPI.DLL
0x00007ffff5550000 - 0x00007ffff555e000 	C:\Program Files\Java\jdk-21\bin\sunmscapi.dll
0x00007ff80ce00000 - 0x00007ff80cf5d000 	C:\Windows\System32\CRYPT32.dll
0x00007ff80c0a0000 - 0x00007ff80c0c7000 	C:\Windows\SYSTEM32\ncrypt.dll
0x00007ff80c060000 - 0x00007ff80c09b000 	C:\Windows\SYSTEM32\NTASN1.dll
0x00007ff80bf90000 - 0x00007ff80bfa8000 	C:\Windows\SYSTEM32\CRYPTSP.dll
0x00007ff80b640000 - 0x00007ff80b678000 	C:\Windows\system32\rsaenh.dll
0x00007ff80c4b0000 - 0x00007ff80c4de000 	C:\Windows\SYSTEM32\USERENV.dll
0x00007ff80bf80000 - 0x00007ff80bf8c000 	C:\Windows\SYSTEM32\CRYPTBASE.dll
0x00007ff80ba20000 - 0x00007ff80ba5b000 	C:\Windows\SYSTEM32\IPHLPAPI.DLL
0x00007ff80ed00000 - 0x00007ff80ed08000 	C:\Windows\System32\NSI.dll
0x00007ff80ba60000 - 0x00007ff80bb2a000 	C:\Windows\SYSTEM32\DNSAPI.dll
0x00007ff805980000 - 0x00007ff80598a000 	C:\Windows\System32\rasadhlp.dll
0x00007ffffc180000 - 0x00007ffffc200000 	C:\Windows\System32\fwpuclnt.dll

dbghelp: loaded successfully - version: 4.0.5 - missing functions: none
symbol engine: initialized successfully - sym options: 0x614 - pdb path: .;C:\Program Files\Java\jdk-21\bin;C:\Windows\SYSTEM32;C:\Windows\WinSxS\amd64_microsoft.windows.common-controls_6595b64144ccf1df_6.0.19041.5915_none_60b4b9d171f9c7c7;C:\Program Files\Java\jdk-21\bin\server

VM Arguments:
jvm_args: -javaagent:C:\Program Files\JetBrains\IntelliJ IDEA Community Edition 2025.2.4\lib\idea_rt.jar=57425 -Dfile.encoding=UTF-8 -Dsun.stdout.encoding=UTF-8 -Dsun.stderr.encoding=UTF-8 
java_command: com.techroom.roommanagement.RoomManagementSystemApplication
java_class_path (initial): D:\RMS\RoomManagementSystem\backend\target\classes;C:\Users\Administrator\.m2\repository\org\springframework\boot\spring-boot-starter-data-jpa\3.5.7\spring-boot-starter-data-jpa-3.5.7.jar;C:\Users\Administrator\.m2\repository\org\springframework\boot\spring-boot-starter\3.5.7\spring-boot-starter-3.5.7.jar;C:\Users\Administrator\.m2\repository\org\springframework\boot\spring-boot-starter-logging\3.5.7\spring-boot-starter-logging-3.5.7.jar;C:\Users\Administrator\.m2\repository\ch\qos\logback\logback-classic\1.5.20\logback-classic-1.5.20.jar;C:\Users\Administrator\.m2\repository\ch\qos\logback\logback-core\1.5.20\logback-core-1.5.20.jar;C:\Users\Administrator\.m2\repository\org\apache\logging\log4j\log4j-to-slf4j\2.24.3\log4j-to-slf4j-2.24.3.jar;C:\Users\Administrator\.m2\repository\org\apache\logging\log4j\log4j-api\2.24.3\log4j-api-2.24.3.jar;C:\Users\Administrator\.m2\repository\org\slf4j\jul-to-slf4j\2.0.17\jul-to-slf4j-2.0.17.jar;C:\Users\Administrator\.m2\repository\jakarta\annotation\jakarta.annotation-api\2.1.1\jakarta.annotation-api-2.1.1.jar;C:\Users\Administrator\.m2\repository\org\yaml\snakeyaml\2.4\snakeyaml-2.4.jar;C:\Users\Administrator\.m2\repository\org\springframework\boot\spring-boot-starter-jdbc\3.5.7\spring-boot-starter-jdbc-3.5.7.jar;C:\Users\Administrator\.m2\repository\com\zaxxer\HikariCP\6.3.3\HikariCP-6.3.3.jar;C:\Users\Administrator\.m2\repository\org\springframework\spring-jdbc\6.2.12\spring-jdbc-6.2.12.jar;C:\Users\Administrator\.m2\repository\org\hibernate\orm\hibernate-core\6.6.33.Final\hibernate-core-6.6.33.Final.jar;C:\Users\Administrator\.m2\repository\jakarta\persistence\jakarta.persistence-api\3.1.0\jakarta.persistence-api-3.1.0.jar;C:\Users\Administrator\.m2\repository\org\jboss\logging\jboss-logging\3.6.1.Final\jboss-logging-3.6.1.Final.jar;C:\Users\Administrator\.m2\repository\org\hibernate\common\hibernate-commons-annotations\7.0.3.Final\hibernate-commons-annotations-7.0.3.Final.jar;C:\Users\Administrator\.m2\repository\io\smallrye\jandex\3.2.0\jandex-3.2.0.jar;C:\Users\Administrator\.m2\repository\com\fasterxml\classmate\1.7.1\classmate-1.7.1.jar;C:\Users\Administrator\.m2\repository\net\bytebuddy\byte-buddy\1.17.8\byte-buddy-1.17.8.jar;C:\Users\Administrator\.m2\repository\org\glassfish\jaxb\jaxb-runtime\4.0.6\jaxb-runtime-4.0.6.jar;C:\Users\Administrator\.m2\repository\org\glassfish\jaxb\jaxb-core\4.0.6\jaxb-core-4.0.6.jar;C:\Users\Administrator\.m2\repository\org\eclipse\angus\angus-activation\2.0.3\angus-activation-2.0.3.jar;C:\Users\Administrator\.m2\repository\org\glassfish\jaxb\txw2\4.0.6\txw2-4.0.6.jar;C:\Users\Administrator\.m2\repository\com\sun\istack\istack-commons-runtime\4.1.2\istack-commons-runtime-4.1.2.jar;C:\Users\Administrator\.m2\repository\jakarta\inject\jakarta.inject-api\2.0.1\jakarta.inject-api-2.0.1.jar;C:\Users\Administrator\.m2\repository\org\antlr\antlr4-runtime\4.13.0\antlr4-runtime-4.13.0.jar;C:\Users\Administrator\.m2\repository\org\springframework\data\spring-data-jpa\3.5.5\spring-data-jpa-3.5.5.jar;C:\Users\Administrator\.m2\repository\org\springframework\data\spring-data-commons\3.5.5\spring-data-commons-3.5.5.jar;C:\Users\Administrator\.m2\repository\org\springframework\spring-orm\6.2.12\spring-orm-6.2.12.jar;C:\Users\Administrator\.m2\repository\org\springframework\spring-context\6.2.12\spring-context-6.2.12.jar;C:\Users\Administrator\.m2\repository\org\springframework\spring-tx\6.2.12\spring-tx-6.2.12.jar;C:\Users\Administrator\.m2\repository\org\springframework\spring-beans\6.2.12\spring-beans-6.2.12.jar;C:\Users\Administrator\.m2\repository\org\slf4j\slf4j-api\2.0.17\slf4j-api-2.0.17.jar;C:\Users\Administrator\.m2\repository\org\springframework\spring-aspects\6.2.12\spring-aspects-6.2.12.jar;C:\Users\Administrator\.m2\repository\org\aspectj\aspectjweaver\1.9.24\aspectjweaver-1.9.24.jar;C:\Users\Administrator\.m2\repository\org\springframework\boot\spring-boot-starter-web\3.5.7\spring-boot-starter-web-3.5.7.jar;C:\Users\Administrator\.m2\repository\org\springframework\boot\spring-boot-starter-json\3.5.7\spring-boot-starter-json-3.5.7.jar;C:\Users\Administrator\.m2\repository\com\fasterxml\jackson\datatype\jackson-datatype-jdk8\2.19.2\jackson-datatype-jdk8-2.19.2.jar;C:\Users\Administrator\.m2\repository\com\fasterxml\jackson\datatype\jackson-datatype-jsr310\2.19.2\jackson-datatype-jsr310-2.19.2.jar;C:\Users\Administrator\.m2\repository\com\fasterxml\jackson\module\jackson-module-parameter-names\2.19.2\jackson-module-parameter-names-2.19.2.jar;C:\Users\Administrator\.m2\repository\org\springframework\boot\spring-boot-starter-tomcat\3.5.7\spring-boot-starter-tomcat-3.5.7.jar;C:\Users\Administrator\.m2\repository\org\apache\tomcat\embed\tomcat-embed-core\10.1.48\tomcat-embed-core-10.1.48.jar;C:\Users\Administrator\.m2\repository\org\apache\tomcat\embed\tomcat-embed-websocket\10.1.48\tomcat-embed-websocket-10.1.48.jar;C:\Users\Administrator\.m2\repository\org\springframework\spring-web\6.2.12\spring-web-6.2.12.jar;C:\Users\Administrator\.m2\repository\io\micrometer\micrometer-observation\1.15.5\micrometer-observation-1.15.5.jar;C:\Users\Administrator\.m2\repository\io\micrometer\micrometer-commons\1.15.5\micrometer-commons-1.15.5.jar;C:\Users\Administrator\.m2\repository\org\springframework\spring-webmvc\6.2.12\spring-webmvc-6.2.12.jar;C:\Users\Administrator\.m2\repository\org\springframework\spring-expression\6.2.12\spring-expression-6.2.12.jar;C:\Users\Administrator\.m2\repository\org\springframework\boot\spring-boot-starter-validation\3.5.7\spring-boot-starter-validation-3.5.7.jar;C:\Users\Administrator\.m2\repository\org\apache\tomcat\embed\tomcat-embed-el\10.1.48\tomcat-embed-el-10.1.48.jar;C:\Users\Administrator\.m2\repository\org\hibernate\validator\hibernate-validator\8.0.3.Final\hibernate-validator-8.0.3.Final.jar;C:\Users\Administrator\.m2\repository\jakarta\validation\jakarta.validation-api\3.0.2\jakarta.validation-api-3.0.2.jar;C:\Users\Administrator\.m2\repository\org\springframework\boot\spring-boot-devtools\3.5.7\spring-boot-devtools-3.5.7.jar;C:\Users\Administrator\.m2\repository\org\springframework\boot\spring-boot\3.5.7\spring-boot-3.5.7.jar;C:\Users\Administrator\.m2\repository\org\springframework\boot\spring-boot-autoconfigure\3.5.7\spring-boot-autoconfigure-3.5.7.jar;C:\Users\Administrator\.m2\repository\com\mysql\mysql-connector-j\9.4.0\mysql-connector-j-9.4.0.jar;C:\Users\Administrator\.m2\repository\org\projectlombok\lombok\1.18.42\lombok-1.18.42.jar;C:\Users\Administrator\.m2\repository\jakarta\xml\bind\jakarta.xml.bind-api\4.0.4\jakarta.xml.bind-api-4.0.4.jar;C:\Users\Administrator\.m2\repository\jakarta\activation\jakarta.activation-api\2.1.4\jakarta.activation-api-2.1.4.jar;C:\Users\Administrator\.m2\repository\org\springframework\spring-core\6.2.12\spring-core-6.2.12.jar;C:\Users\Administrator\.m2\repository\org\springframework\spring-jcl\6.2.12\spring-jcl-6.2.12.jar;C:\Users\Administrator\.m2\repository\org\springframework\boot\spring-boot-starter-security\3.5.7\spring-boot-starter-security-3.5.7.jar;C:\Users\Administrator\.m2\repository\org\springframework\spring-aop\6.2.12\spring-aop-6.2.12.jar;C:\Users\Administrator\.m2\repository\org\springframework\security\spring-security-config\6.5.6\spring-security-config-6.5.6.jar;C:\Users\Administrator\.m2\repository\org\springframework\security\spring-security-core\6.5.6\spring-security-core-6.5.6.jar;C:\Users\Administrator\.m2\repository\org\springframework\security\spring-security-crypto\6.5.6\spring-security-crypto-6.5.6.jar;C:\Users\Administrator\.m2\repository\org\springframework\security\spring-security-web\6.5.6\spring-security-web-6.5.6.jar;C:\Users\Administrator\.m2\repository\io\jsonwebtoken\jjwt-api\0.11.5\jjwt-api-0.11.5.jar;C:\Users\Administrator\.m2\repository\io\jsonwebtoken\jjwt-impl\0.11.5\jjwt-impl-0.11.5.jar;C:\Users\Administrator\.m2\repository\io\jsonwebtoken\jjwt-jackson\0.11.5\jjwt-jackson-0.11.5.jar;C:\Users\Administrator\.m2\repository\com\fasterxml\jackson\core\jackson-databind\2.19.2\jackson-databind-2.19.2.jar;C:\Users\Administrator\.m2\repository\com\fasterxml\jackson\core\jackson-annotations\2.19.2\jackson-annotations-2.19.2.jar;C:\Users\Administrator\.m2\repository\com\fasterxml\jackson\core\jackson-core\2.19.2\jackson-core-2.19.2.jar;C:\Users\Administrator\.m2\repository\jakarta\transaction\jakarta.transaction-api\2.0.1\jakarta.transaction-api-2.0.1.jar
Launcher Type: SUN_STANDARD

[Global flags]
     intx CICompilerCount                          = 4                                         {product} {ergonomic}
     uint ConcGCThreads                            = 3                                         {product} {ergonomic}
     uint G1ConcRefinementThreads                  = 10                                        {product} {ergonomic}
   size_t G1HeapRegionSize                         = 1048576                                   {product} {ergonomic}
    uintx GCDrainStackTargetSize                   = 64                                        {product} {ergonomic}
   size_t InitialHeapSize                          = 132120576                                 {product} {ergonomic}
   size_t MarkStackSize                            = 4194304                                   {product} {ergonomic}
   size_t MaxHeapSize                              = 2101346304                                {product} {ergonomic}
   size_t MaxNewSize                               = 1260388352                                {product} {ergonomic}
   size_t MinHeapDeltaBytes                        = 1048576                                   {product} {ergonomic}
   size_t MinHeapSize                              = 8388608                                   {product} {ergonomic}
    uintx NonNMethodCodeHeapSize                   = 5839372                                {pd product} {ergonomic}
    uintx NonProfiledCodeHeapSize                  = 122909434                              {pd product} {ergonomic}
    uintx ProfiledCodeHeapSize                     = 122909434                              {pd product} {ergonomic}
    uintx ReservedCodeCacheSize                    = 251658240                              {pd product} {ergonomic}
     bool SegmentedCodeCache                       = true                                      {product} {ergonomic}
   size_t SoftMaxHeapSize                          = 2101346304                             {manageable} {ergonomic}
     bool UseCompressedOops                        = true                           {product lp64_product} {ergonomic}
     bool UseG1GC                                  = true                                      {product} {ergonomic}
     bool UseLargePagesIndividualAllocation        = false                                  {pd product} {ergonomic}

Logging:
Log output configuration:
 #0: stdout all=warning uptime,level,tags foldmultilines=false
 #1: stderr all=off uptime,level,tags foldmultilines=false

Environment Variables:
JAVA_HOME=C:\Program Files\Java\jdk-21
PATH=C:\Windows\system32;C:\Windows;C:\Windows\System32\Wbem;C:\Windows\System32\WindowsPowerShell\v1.0\;C:\Windows\System32\OpenSSH\;C:\Program Files (x86)\mingw-w64\i686-8.1.0-posix-dwarf-rt_v6-rev0\mingw32\bin;C:\Program Files\Microsoft SQL Server\Client SDK\ODBC\170\Tools\Binn\;C:\Program Files (x86)\Microsoft SQL Server\160\Tools\Binn\;C:\Program Files\Microsoft SQL Server\160\Tools\Binn\;C:\Program Files\Microsoft SQL Server\160\DTS\Binn\;C:\Program Files\MySQL\MySQL Server 5.7\bin;C:\Graphviz-12.2.1-win64\bin;C:\Program Files (x86)\Microsoft SQL Server\160\DTS\Binn\;C:\Program Files\Git\cmd;D:\flutter\flutter\bin;C:\Program Files\nodejs\;C:\Program Files\Java\jdk-21\bin;C:\apache-maven-3.9.11\bin;C:\Users\Administrator\AppData\Local\Microsoft\WindowsApps;C:\Users\Administrator\AppData\Local\Programs\Microsoft VS Code\bin;C:\Program Files\MySQL\MySQL Server 5.7\bin;C:\Users\Administrator\AppData\Roaming\npm;C:\Program Files\JetBrains\IntelliJ IDEA Community Edition 2025.2.4\bin
USERNAME=MSI
OS=Windows_NT
PROCESSOR_IDENTIFIER=Intel64 Family 6 Model 165 Stepping 2, GenuineIntel
TMP=C:\Users\ADMINI~1\AppData\Local\Temp
TEMP=C:\Users\ADMINI~1\AppData\Local\Temp




Periodic native trim disabled

---------------  S Y S T E M  ---------------

OS:
 Windows 10 , 64 bit Build 19041 (10.0.19041.5915)
OS uptime: 0 days 4:12 hours

CPU: total 12 (initial active 12) (6 cores per cpu, 2 threads per core) family 6 model 165 stepping 2 microcode 0xe2, cx8, cmov, fxsr, ht, mmx, 3dnowpref, sse, sse2, sse3, ssse3, sse4.1, sse4.2, popcnt, lzcnt, tsc, tscinvbit, avx, avx2, aes, erms, clmul, bmi1, bmi2, adx, fma, vzeroupper, clflush, clflushopt, rdtscp, f16c, pku
Processor Information for all 12 processors :
  Max Mhz: 2592, Current Mhz: 2592, Mhz Limit: 2592

Memory: 4k page, system-wide physical 8013M (744M free)
TotalPageFile size 12109M (AvailPageFile size 13M)
current process WorkingSet (physical memory assigned to process): 258M, peak: 258M
current process commit charge ("private bytes"): 299M, peak: 313M

vm_info: Java HotSpot(TM) 64-Bit Server VM (21.0.9+7-LTS-338) for windows-amd64 JRE (21.0.9+7-LTS-338), built on 2025-09-26T06:33:49Z by "mach5run" with MS VC++ 17.6 (VS2022)

END.
